                   {
                       "EventID":  12,
                       "TimeCreated":  "2026-06-07T22:07:29.9076786-04:00",
                       "Computer":  "DESKTOP-KCP6DQD",
                       "Channel":  "Microsoft-Windows-Sysmon/Operational",
                       "RecordId":  32285,
                       "ProviderName":  "Microsoft-Windows-Sysmon",
                       "RuleName":  "Deteccion_Persistencia_Registro",
                       "UtcTime":  "2026-06-08 02:07:29.894",
                       "ProcessGuid":  "{f9ed62ee-23e0-6a26-0f0f-000000009c00}",
                       "ProcessId":  "2900",
                       "Image":  "C:\\Program Files\\Microsoft OneDrive\\26.084.0504.0007\\FileCoAuth.exe",
                       "User":  "DESKTOP-KCP6DQD\\nueva",
                       "EventType":  "CreateKey",
                       "TargetObject":  "HKLM\\System\\CurrentControlSet\\Services\\Tcpip\\Parameters"
                   },
                   {
                       "EventID":  12,
                       "TimeCreated":  "2026-06-07T22:07:29.9075517-04:00",
                       "Computer":  "DESKTOP-KCP6DQD",
                       "Channel":  "Microsoft-Windows-Sysmon/Operational",
                       "RecordId":  32284,
                       "ProviderName":  "Microsoft-Windows-Sysmon",
                       "RuleName":  "Deteccion_Persistencia_Registro",
                       "UtcTime":  "2026-06-08 02:07:29.894",
                       "ProcessGuid":  "{f9ed62ee-23e0-6a26-0f0f-000000009c00}",
                       "ProcessId":  "2900",
                       "Image":  "C:\\Program Files\\Microsoft OneDrive\\26.084.0504.0007\\FileCoAuth.exe",
                       "User":  "DESKTOP-KCP6DQD\\nueva",
                       "EventType":  "CreateKey",
                       "TargetObject":  "HKLM\\System\\CurrentControlSet\\Services\\Tcpip\\Parameters"
                   },
                   {
                       "EventID":  12,
                       "TimeCreated":  "2026-06-07T22:07:29.9075243-04:00",
                       "Computer":  "DESKTOP-KCP6DQD",
                       "Channel":  "Microsoft-Windows-Sysmon/Operational",
                       "RecordId":  32283,
                       "ProviderName":  "Microsoft-Windows-Sysmon",
                       "RuleName":  "Deteccion_Persistencia_Registro",
                       "UtcTime":  "2026-06-08 02:07:29.894",
                       "ProcessGuid":  "{f9ed62ee-23e0-6a26-0f0f-000000009c00}",
                       "ProcessId":  "2900",
                       "Image":  "C:\\Program Files\\Microsoft OneDrive\\26.084.0504.0007\\FileCoAuth.exe",
                       "User":  "DESKTOP-KCP6DQD\\nueva",
                       "EventType":  "CreateKey",
                       "TargetObject":  "HKLM\\System\\CurrentControlSet\\Services\\Tcpip\\Parameters"
                   },
                   {
                       "EventID":  12,
                       "TimeCreated":  "2026-06-07T22:07:29.9073591-04:00",
                       "Computer":  "DESKTOP-KCP6DQD",
                       "Channel":  "Microsoft-Windows-Sysmon/Operational",
                       "RecordId":  32282,
                       "ProviderName":  "Microsoft-Windows-Sysmon",
                       "RuleName":  "Deteccion_Persistencia_Registro",
                       "UtcTime":  "2026-06-08 02:07:29.894",
                       "ProcessGuid":  "{f9ed62ee-23e0-6a26-0f0f-000000009c00}",
                       "ProcessId":  "2900",
                       "Image":  "C:\\Program Files\\Microsoft OneDrive\\26.084.0504.0007\\FileCoAuth.exe",
                       "User":  "DESKTOP-KCP6DQD\\nueva",
                       "EventType":  "CreateKey",
                       "TargetObject":  "HKLM\\System\\CurrentControlSet\\Services\\Tcpip\\Parameters"
                   },
                   {
                       "EventID":  12,
                       "TimeCreated":  "2026-06-07T22:07:29.9072475-04:00",
                       "Computer":  "DESKTOP-KCP6DQD",
                       "Channel":  "Microsoft-Windows-Sysmon/Operational",
                       "RecordId":  32281,
                       "ProviderName":  "Microsoft-Windows-Sysmon",
                       "RuleName":  "Deteccion_Persistencia_Registro",
                       "UtcTime":  "2026-06-08 02:07:29.894",
                       "ProcessGuid":  "{f9ed62ee-23e0-6a26-0f0f-000000009c00}",
                       "ProcessId":  "2900",
                       "Image":  "C:\\Program Files\\Microsoft OneDrive\\26.084.0504.0007\\FileCoAuth.exe",
                       "User":  "DESKTOP-KCP6DQD\\nueva",
                       "EventType":  "CreateKey",
                       "TargetObject":  "HKLM\\System\\CurrentControlSet\\Services\\Tcpip\\Parameters"
                   },
                   {
                       "EventID":  12,
                       "TimeCreated":  "2026-06-07T22:07:29.9072060-04:00",
                       "Computer":  "DESKTOP-KCP6DQD",
                       "Channel":  "Microsoft-Windows-Sysmon/Operational",
                       "RecordId":  32280,
                       "ProviderName":  "Microsoft-Windows-Sysmon",
                       "RuleName":  "Deteccion_Persistencia_Registro",
                       "UtcTime":  "2026-06-08 02:07:29.894",
                       "ProcessGuid":  "{f9ed62ee-23e0-6a26-0f0f-000000009c00}",
                       "ProcessId":  "2900",
                       "Image":  "C:\\Program Files\\Microsoft OneDrive\\26.084.0504.0007\\FileCoAuth.exe",
                       "User":  "DESKTOP-KCP6DQD\\nueva",
                       "EventType":  "CreateKey",
                       "TargetObject":  "HKLM\\System\\CurrentControlSet\\Services\\Tcpip\\Parameters"
                   },
                   {
                       "EventID":  13,
                       "TimeCreated":  "2026-06-07T22:07:28.6534658-04:00",
                       "Computer":  "DESKTOP-KCP6DQD",
                       "Channel":  "Microsoft-Windows-Sysmon/Operational",
                       "RecordId":  32279,
                       "ProviderName":  "Microsoft-Windows-Sysmon",
                       "RuleName":  "Deteccion_Persistencia_Registro",
                       "UtcTime":  "2026-06-08 02:07:28.648",
                       "ProcessGuid":  "{f9ed62ee-f03e-6a25-0f00-000000009c00}",
                       "ProcessId":  "1420",
                       "Image":  "C:\\WINDOWS\\system32\\svchost.exe",
                       "User":  "NT AUTHORITY\\SYSTEM",
                       "EventType":  "SetValue",
                       "TargetObject":  "HKLM\\System\\CurrentControlSet\\Services\\bam\\State\\UserSettings\\S-1-5-21-158180708-2764993437-2666828097-1001\\\\Device\\HarddiskVolume4\\Windows\\System32\\dllhost.exe",
                       "Details":  "Binary Data"
                   },
                   {
                       "EventID":  13,
                       "TimeCreated":  "2026-06-07T22:07:27.0857537-04:00",
                       "Computer":  "DESKTOP-KCP6DQD",
                       "Channel":  "Microsoft-Windows-Sysmon/Operational",
                       "RecordId":  32278,
                       "ProviderName":  "Microsoft-Windows-Sysmon",
                       "RuleName":  "Deteccion_Persistencia_Registro",
                       "UtcTime":  "2026-06-08 02:07:27.082",
                       "ProcessGuid":  "{f9ed62ee-23d1-6a26-070f-000000009c00}",
                       "ProcessId":  "18408",
                       "Image":  "C:\\Program Files\\WindowsApps\\Microsoft.ScreenSketch_11.2602.49.0_x64__8wekyb3d8bbwe\\SnippingTool\\SnippingTool.exe",
                       "User":  "DESKTOP-KCP6DQD\\nueva",
                       "EventType":  "SetValue",
                       "TargetObject":  "HKLM\\System\\CurrentControlSet\\Services\\bam\\State\\UserSettings\\S-1-5-21-158180708-2764993437-2666828097-1001\\Microsoft.ScreenSketch_8wekyb3d8bbwe",
                       "Details":  "Binary Data"
                   },
                   {
                       "EventID":  12,
                       "TimeCreated":  "2026-06-07T22:07:24.2322937-04:00",
                       "Computer":  "DESKTOP-KCP6DQD",
                       "Channel":  "Microsoft-Windows-Sysmon/Operational",
                       "RecordId":  32277,
                       "ProviderName":  "Microsoft-Windows-Sysmon",
                       "RuleName":  "Deteccion_Persistencia_Registro",
                       "UtcTime":  "2026-06-08 02:07:24.227",
                       "ProcessGuid":  "{f9ed62ee-f03f-6a25-2f00-000000009c00}",
                       "ProcessId":  "2780",
                       "Image":  "C:\\WINDOWS\\system32\\svchost.exe",
                       "User":  "NT AUTHORITY\\Servicio de red",
                       "EventType":  "CreateKey",
                       "TargetObject":  "HKLM\\System\\CurrentControlSet\\Services\\Tcpip\\Parameters"
                   },
                   {
                       "EventID":  12,
                       "TimeCreated":  "2026-06-07T22:07:22.6630008-04:00",
                       "Computer":  "DESKTOP-KCP6DQD",
                       "Channel":  "Microsoft-Windows-Sysmon/Operational",
                       "RecordId":  32276,
                       "ProviderName":  "Microsoft-Windows-Sysmon",
                       "RuleName":  "Deteccion_Persistencia_Registro",
                       "UtcTime":  "2026-06-08 02:07:22.662",
                       "ProcessGuid":  "{f9ed62ee-f06c-6a25-4401-000000009c00}",
                       "ProcessId":  "11680",
                       "Image":  "C:\\WINDOWS\\system32\\sihost.exe",
                       "User":  "DESKTOP-KCP6DQD\\nueva",
                       "EventType":  "CreateKey",
                       "TargetObject":  "HKLM\\SOFTWARE\\WOW6432Node\\Microsoft\\Windows\\CurrentVersion\\Run"
                   },
                   {
                       "EventID":  13,
                       "TimeCreated":  "2026-06-07T22:07:16.7977437-04:00",
                       "Computer":  "DESKTOP-KCP6DQD",
                       "Channel":  "Microsoft-Windows-Sysmon/Operational",
                       "RecordId":  32275,
                       "ProviderName":  "Microsoft-Windows-Sysmon",
                       "RuleName":  "Deteccion_Persistencia_Registro",
                       "UtcTime":  "2026-06-08 02:07:16.794",
                       "ProcessGuid":  "{f9ed62ee-23b6-6a26-f60e-000000009c00}",
                       "ProcessId":  "21228",
                       "Image":  "C:\\Program Files\\Google\\Chrome\\Application\\chrome.exe",
                       "User":  "DESKTOP-KCP6DQD\\nueva",
                       "EventType":  "SetValue",
                       "TargetObject":  "HKLM\\System\\CurrentControlSet\\Services\\bam\\State\\UserSettings\\S-1-5-21-158180708-2764993437-2666828097-1001\\\\Device\\HarddiskVolume4\\Program Files\\Google\\Chrome\\Application\\chrome.exe",
                       "Details":  "Binary Data"
                   },
                   {
                       "EventID":  13,
                       "TimeCreated":  "2026-06-07T22:07:14.2944052-04:00",
                       "Computer":  "DESKTOP-KCP6DQD",
                       "Channel":  "Microsoft-Windows-Sysmon/Operational",
                       "RecordId":  32274,
                       "ProviderName":  "Microsoft-Windows-Sysmon",
                       "RuleName":  "Deteccion_Persistencia_Registro",
                       "UtcTime":  "2026-06-08 02:07:14.281",
                       "ProcessGuid":  "{f9ed62ee-f036-6a25-eb03-000000000000}",
                       "ProcessId":  "4",
                       "Image":  "System",
                       "User":  "NT AUTHORITY\\SYSTEM",
                       "EventType":  "SetValue",
                       "TargetObject":  "HKLM\\System\\CurrentControlSet\\Services\\bam\\State\\UserSettings\\S-1-5-21-158180708-2764993437-2666828097-1001\\SequenceNumber",
                       "Details":  "DWORD (0x000000de)"
                   },
                   {
                       "EventID":  13,
                       "TimeCreated":  "2026-06-07T22:07:14.2943833-04:00",
                       "Computer":  "DESKTOP-KCP6DQD",
                       "Channel":  "Microsoft-Windows-Sysmon/Operational",
                       "RecordId":  32273,
                       "ProviderName":  "Microsoft-Windows-Sysmon",
                       "RuleName":  "Deteccion_Persistencia_Registro",
                       "UtcTime":  "2026-06-08 02:07:14.281",
                       "ProcessGuid":  "{f9ed62ee-f036-6a25-eb03-000000000000}",
                       "ProcessId":  "4",
                       "Image":  "System",
                       "User":  "NT AUTHORITY\\SYSTEM",
                       "EventType":  "SetValue",
                       "TargetObject":  "HKLM\\System\\CurrentControlSet\\Services\\bam\\State\\UserSettings\\S-1-5-21-158180708-2764993437-2666828097-1001\\Microsoft.ScreenSketch_8wekyb3d8bbwe",
                       "Details":  "Binary Data"
                   },
                   {
                       "EventID":  12,
                       "TimeCreated":  "2026-06-07T22:07:14.2942703-04:00",
                       "Computer":  "DESKTOP-KCP6DQD",
                       "Channel":  "Microsoft-Windows-Sysmon/Operational",
                       "RecordId":  32272,
                       "ProviderName":  "Microsoft-Windows-Sysmon",
                       "RuleName":  "Deteccion_Persistencia_Registro",
                       "UtcTime":  "2026-06-08 02:07:14.281",
                       "ProcessGuid":  "{f9ed62ee-f036-6a25-eb03-000000000000}",
                       "ProcessId":  "4",
                       "Image":  "System",
                       "User":  "NT AUTHORITY\\SYSTEM",
                       "EventType":  "CreateKey",
                       "TargetObject":  "HKLM\\System\\CurrentControlSet\\Services\\bam\\State\\UserSettings\\S-1-5-21-158180708-2764993437-2666828097-1001"
                   },
                   {
                       "EventID":  13,
                       "TimeCreated":  "2026-06-07T22:07:14.2721584-04:00",
                       "Computer":  "DESKTOP-KCP6DQD",
                       "Channel":  "Microsoft-Windows-Sysmon/Operational",
                       "RecordId":  32271,
                       "ProviderName":  "Microsoft-Windows-Sysmon",
                       "RuleName":  "Deteccion_Persistencia_Registro",
                       "UtcTime":  "2026-06-08 02:07:14.266",
                       "ProcessGuid":  "{f9ed62ee-23d1-6a26-090f-000000009c00}",
                       "ProcessId":  "14640",
                       "Image":  "C:\\WINDOWS\\system32\\conhost.exe",
                       "User":  "DESKTOP-KCP6DQD\\nueva",
                       "EventType":  "SetValue",
                       "TargetObject":  "HKLM\\System\\CurrentControlSet\\Services\\bam\\State\\UserSettings\\S-1-5-21-158180708-2764993437-2666828097-1001\\\\Device\\HarddiskVolume4\\Windows\\System32\\conhost.exe",
                       "Details":  "Binary Data"
                   },
                   {
                       "EventID":  13,
                       "TimeCreated":  "2026-06-07T22:07:14.2664784-04:00",
                       "Computer":  "DESKTOP-KCP6DQD",
                       "Channel":  "Microsoft-Windows-Sysmon/Operational",
                       "RecordId":  32270,
                       "ProviderName":  "Microsoft-Windows-Sysmon",
                       "RuleName":  "Deteccion_Persistencia_Registro",
                       "UtcTime":  "2026-06-08 02:07:14.266",
                       "ProcessGuid":  "{f9ed62ee-23d1-6a26-080f-000000009c00}",
                       "ProcessId":  "9268",
                       "Image":  "C:\\WINDOWS\\System32\\WindowsPowerShell\\v1.0\\powershell.exe",
                       "User":  "DESKTOP-KCP6DQD\\nueva",
                       "EventType":  "SetValue",
                       "TargetObject":  "HKLM\\System\\CurrentControlSet\\Services\\bam\\State\\UserSettings\\S-1-5-21-158180708-2764993437-2666828097-1001\\\\Device\\HarddiskVolume4\\Windows\\System32\\WindowsPowerShell\\v1.0\\powershell.exe",
                       "Details":  "Binary Data"
                   },
                   {
                       "EventID":  5,
                       "TimeCreated":  "2026-06-07T22:07:14.2661411-04:00",
                       "Computer":  "DESKTOP-KCP6DQD",
                       "Channel":  "Microsoft-Windows-Sysmon/Operational",
                       "RecordId":  32269,
                       "ProviderName":  "Microsoft-Windows-Sysmon",
                       "RuleName":  "Deteccion_Cierre_Procesos",
                       "UtcTime":  "2026-06-08 02:07:14.250",
                       "ProcessGuid":  "{f9ed62ee-23d1-6a26-080f-000000009c00}",
                       "ProcessId":  "9268",
                       "Image":  "C:\\Windows\\System32\\WindowsPowerShell\\v1.0\\powershell.exe",
                       "User":  "DESKTOP-KCP6DQD\\nueva"
                   },
                   {
                       "EventID":  12,
                       "TimeCreated":  "2026-06-07T22:07:14.2565747-04:00",
                       "Computer":  "DESKTOP-KCP6DQD",
                       "Channel":  "Microsoft-Windows-Sysmon/Operational",
                       "RecordId":  32268,
                       "ProviderName":  "Microsoft-Windows-Sysmon",
                       "RuleName":  "Deteccion_Persistencia_Registro",
                       "UtcTime":  "2026-06-08 02:07:14.250",
                       "ProcessGuid":  "{f9ed62ee-23d1-6a26-080f-000000009c00}",
                       "ProcessId":  "9268",
                       "Image":  "C:\\WINDOWS\\System32\\WindowsPowerShell\\v1.0\\powershell.exe",
                       "User":  "DESKTOP-KCP6DQD\\nueva",
                       "EventType":  "CreateKey",
                       "TargetObject":  "HKLM\\System\\CurrentControlSet\\Services\\Tcpip\\Parameters"
                   },
                   {
                       "EventID":  12,
                       "TimeCreated":  "2026-06-07T22:07:14.2565046-04:00",
                       "Computer":  "DESKTOP-KCP6DQD",
                       "Channel":  "Microsoft-Windows-Sysmon/Operational",
                       "RecordId":  32267,
                       "ProviderName":  "Microsoft-Windows-Sysmon",
                       "RuleName":  "Deteccion_Persistencia_Registro",
                       "UtcTime":  "2026-06-08 02:07:14.250",
                       "ProcessGuid":  "{f9ed62ee-23d1-6a26-080f-000000009c00}",
                       "ProcessId":  "9268",
                       "Image":  "C:\\WINDOWS\\System32\\WindowsPowerShell\\v1.0\\powershell.exe",
                       "User":  "DESKTOP-KCP6DQD\\nueva",
                       "EventType":  "CreateKey",
                       "TargetObject":  "HKLM\\System\\CurrentControlSet\\Services\\Tcpip\\Parameters"
                   },
                   {
                       "EventID":  12,
                       "TimeCreated":  "2026-06-07T22:07:14.2527755-04:00",
                       "Computer":  "DESKTOP-KCP6DQD",
                       "Channel":  "Microsoft-Windows-Sysmon/Operational",
                       "RecordId":  32266,
                       "ProviderName":  "Microsoft-Windows-Sysmon",
                       "RuleName":  "Deteccion_Persistencia_Registro",
                       "UtcTime":  "2026-06-08 02:07:14.250",
                       "ProcessGuid":  "{f9ed62ee-23d1-6a26-080f-000000009c00}",
                       "ProcessId":  "9268",
                       "Image":  "C:\\WINDOWS\\System32\\WindowsPowerShell\\v1.0\\powershell.exe",
                       "User":  "DESKTOP-KCP6DQD\\nueva",
                       "EventType":  "CreateKey",
                       "TargetObject":  "HKLM\\System\\CurrentControlSet\\Services\\Tcpip\\Parameters"
                   },
                   {
                       "EventID":  12,
                       "TimeCreated":  "2026-06-07T22:07:14.2526093-04:00",
                       "Computer":  "DESKTOP-KCP6DQD",
                       "Channel":  "Microsoft-Windows-Sysmon/Operational",
                       "RecordId":  32265,
                       "ProviderName":  "Microsoft-Windows-Sysmon",
                       "RuleName":  "Deteccion_Persistencia_Registro",
                       "UtcTime":  "2026-06-08 02:07:14.250",
                       "ProcessGuid":  "{f9ed62ee-23d1-6a26-080f-000000009c00}",
                       "ProcessId":  "9268",
                       "Image":  "C:\\WINDOWS\\System32\\WindowsPowerShell\\v1.0\\powershell.exe",
                       "User":  "DESKTOP-KCP6DQD\\nueva",
                       "EventType":  "CreateKey",
                       "TargetObject":  "HKLM\\System\\CurrentControlSet\\Services\\Tcpip\\Parameters"
                   },
                   {
                       "EventID":  12,
                       "TimeCreated":  "2026-06-07T22:07:14.2525751-04:00",
                       "Computer":  "DESKTOP-KCP6DQD",
                       "Channel":  "Microsoft-Windows-Sysmon/Operational",
                       "RecordId":  32264,
                       "ProviderName":  "Microsoft-Windows-Sysmon",
                       "RuleName":  "Deteccion_Persistencia_Registro",
                       "UtcTime":  "2026-06-08 02:07:14.250",
                       "ProcessGuid":  "{f9ed62ee-23d1-6a26-080f-000000009c00}",
                       "ProcessId":  "9268",
                       "Image":  "C:\\WINDOWS\\System32\\WindowsPowerShell\\v1.0\\powershell.exe",
                       "User":  "DESKTOP-KCP6DQD\\nueva",
                       "EventType":  "CreateKey",
                       "TargetObject":  "HKLM\\System\\CurrentControlSet\\Services\\Tcpip\\Parameters"
                   },
                   {
                       "EventID":  13,
                       "TimeCreated":  "2026-06-07T22:07:14.2507779-04:00",
                       "Computer":  "DESKTOP-KCP6DQD",
                       "Channel":  "Microsoft-Windows-Sysmon/Operational",
                       "RecordId":  32263,
                       "ProviderName":  "Microsoft-Windows-Sysmon",
                       "RuleName":  "Deteccion_Persistencia_Registro",
                       "UtcTime":  "2026-06-08 02:07:14.250",
                       "ProcessGuid":  "{f9ed62ee-23d2-6a26-0a0f-000000009c00}",
                       "ProcessId":  "21964",
                       "Image":  "C:\\WINDOWS\\system32\\svchost.exe",
                       "User":  "DESKTOP-KCP6DQD\\nueva",
                       "EventType":  "SetValue",
                       "TargetObject":  "HKLM\\System\\CurrentControlSet\\Services\\bam\\State\\UserSettings\\S-1-5-21-158180708-2764993437-2666828097-1001\\\\Device\\HarddiskVolume4\\Windows\\System32\\svchost.exe",
                       "Details":  "Binary Data"
                   },
                   {
                       "EventID":  12,
                       "TimeCreated":  "2026-06-07T22:07:14.2466400-04:00",
                       "Computer":  "DESKTOP-KCP6DQD",
                       "Channel":  "Microsoft-Windows-Sysmon/Operational",
                       "RecordId":  32262,
                       "ProviderName":  "Microsoft-Windows-Sysmon",
                       "RuleName":  "Deteccion_Persistencia_Registro",
                       "UtcTime":  "2026-06-08 02:07:14.236",
                       "ProcessGuid":  "{f9ed62ee-23d1-6a26-080f-000000009c00}",
                       "ProcessId":  "9268",
                       "Image":  "C:\\WINDOWS\\System32\\WindowsPowerShell\\v1.0\\powershell.exe",
                       "User":  "DESKTOP-KCP6DQD\\nueva",
                       "EventType":  "CreateKey",
                       "TargetObject":  "HKLM\\System\\CurrentControlSet\\Services\\Tcpip\\Parameters"
                   },
                   {
                       "EventID":  12,
                       "TimeCreated":  "2026-06-07T22:07:14.2461335-04:00",
                       "Computer":  "DESKTOP-KCP6DQD",
                       "Channel":  "Microsoft-Windows-Sysmon/Operational",
                       "RecordId":  32261,
                       "ProviderName":  "Microsoft-Windows-Sysmon",
                       "RuleName":  "Deteccion_Persistencia_Registro",
                       "UtcTime":  "2026-06-08 02:07:14.236",
                       "ProcessGuid":  "{f9ed62ee-23d1-6a26-080f-000000009c00}",
                       "ProcessId":  "9268",
                       "Image":  "C:\\WINDOWS\\System32\\WindowsPowerShell\\v1.0\\powershell.exe",
                       "User":  "DESKTOP-KCP6DQD\\nueva",
                       "EventType":  "CreateKey",
                       "TargetObject":  "HKLM\\System\\CurrentControlSet\\Services\\Tcpip\\Parameters"
                   },
                   {
                       "EventID":  13,
                       "TimeCreated":  "2026-06-07T22:07:14.1469048-04:00",
                       "Computer":  "DESKTOP-KCP6DQD",
                       "Channel":  "Microsoft-Windows-Sysmon/Operational",
                       "RecordId":  32260,
                       "ProviderName":  "Microsoft-Windows-Sysmon",
                       "RuleName":  "Deteccion_Persistencia_Registro",
                       "UtcTime":  "2026-06-08 02:07:14.141",
                       "ProcessGuid":  "{f9ed62ee-f036-6a25-eb03-000000000000}",
                       "ProcessId":  "4",
                       "Image":  "System",
                       "User":  "NT AUTHORITY\\SYSTEM",
                       "EventType":  "SetValue",
                       "TargetObject":  "HKLM\\System\\CurrentControlSet\\Services\\bam\\State\\UserSettings\\S-1-5-21-158180708-2764993437-2666828097-1001\\SequenceNumber",
                       "Details":  "DWORD (0x000000dd)"
                   },
                   {
                       "EventID":  13,
                       "TimeCreated":  "2026-06-07T22:07:14.1468693-04:00",
                       "Computer":  "DESKTOP-KCP6DQD",
                       "Channel":  "Microsoft-Windows-Sysmon/Operational",
                       "RecordId":  32259,
                       "ProviderName":  "Microsoft-Windows-Sysmon",
                       "RuleName":  "Deteccion_Persistencia_Registro",
                       "UtcTime":  "2026-06-08 02:07:14.141",
                       "ProcessGuid":  "{f9ed62ee-f036-6a25-eb03-000000000000}",
                       "ProcessId":  "4",
                       "Image":  "System",
                       "User":  "NT AUTHORITY\\SYSTEM",
                       "EventType":  "SetValue",
                       "TargetObject":  "HKLM\\System\\CurrentControlSet\\Services\\bam\\State\\UserSettings\\S-1-5-21-158180708-2764993437-2666828097-1001\\\\Device\\HarddiskVolume4\\Windows\\System32\\svchost.exe",
                       "Details":  "Binary Data"
                   },
                   {
                       "EventID":  12,
                       "TimeCreated":  "2026-06-07T22:07:14.1467896-04:00",
                       "Computer":  "DESKTOP-KCP6DQD",
                       "Channel":  "Microsoft-Windows-Sysmon/Operational",
                       "RecordId":  32258,
                       "ProviderName":  "Microsoft-Windows-Sysmon",
                       "RuleName":  "Deteccion_Persistencia_Registro",
                       "UtcTime":  "2026-06-08 02:07:14.141",
                       "ProcessGuid":  "{f9ed62ee-f036-6a25-eb03-000000000000}",
                       "ProcessId":  "4",
                       "Image":  "System",
                       "User":  "NT AUTHORITY\\SYSTEM",
                       "EventType":  "CreateKey",
                       "TargetObject":  "HKLM\\System\\CurrentControlSet\\Services\\bam\\State\\UserSettings\\S-1-5-21-158180708-2764993437-2666828097-1001"
                   },
                   {
                       "EventID":  13,
                       "TimeCreated":  "2026-06-07T22:07:14.1026497-04:00",
                       "Computer":  "DESKTOP-KCP6DQD",
                       "Channel":  "Microsoft-Windows-Sysmon/Operational",
                       "RecordId":  32257,
                       "ProviderName":  "Microsoft-Windows-Sysmon",
                       "RuleName":  "Deteccion_Persistencia_Registro",
                       "UtcTime":  "2026-06-08 02:07:14.097",
                       "ProcessGuid":  "{f9ed62ee-f03d-6a25-0c00-000000009c00}",
                       "ProcessId":  "1252",
                       "Image":  "C:\\WINDOWS\\system32\\services.exe",
                       "User":  "NT AUTHORITY\\SYSTEM",
                       "EventType":  "SetValue",
                       "TargetObject":  "HKLM\\System\\CurrentControlSet\\Services\\bam\\State\\UserSettings\\S-1-5-21-158180708-2764993437-2666828097-1001\\\\Device\\HarddiskVolume4\\Windows\\System32\\svchost.exe",
                       "Details":  "Binary Data"
                   },
                   {
                       "EventID":  13,
                       "TimeCreated":  "2026-06-07T22:07:13.9151813-04:00",
                       "Computer":  "DESKTOP-KCP6DQD",
                       "Channel":  "Microsoft-Windows-Sysmon/Operational",
                       "RecordId":  32256,
                       "ProviderName":  "Microsoft-Windows-Sysmon",
                       "RuleName":  "Deteccion_Persistencia_Registro",
                       "UtcTime":  "2026-06-08 02:07:13.914",
                       "ProcessGuid":  "{f9ed62ee-f036-6a25-eb03-000000000000}",
                       "ProcessId":  "4",
                       "Image":  "System",
                       "User":  "NT AUTHORITY\\SYSTEM",
                       "EventType":  "SetValue",
                       "TargetObject":  "HKLM\\System\\CurrentControlSet\\Services\\bam\\State\\UserSettings\\S-1-5-21-158180708-2764993437-2666828097-1001\\SequenceNumber",
                       "Details":  "DWORD (0x000000dc)"
                   },
                   {
                       "EventID":  13,
                       "TimeCreated":  "2026-06-07T22:07:13.9151164-04:00",
                       "Computer":  "DESKTOP-KCP6DQD",
                       "Channel":  "Microsoft-Windows-Sysmon/Operational",
                       "RecordId":  32255,
                       "ProviderName":  "Microsoft-Windows-Sysmon",
                       "RuleName":  "Deteccion_Persistencia_Registro",
                       "UtcTime":  "2026-06-08 02:07:13.914",
                       "ProcessGuid":  "{f9ed62ee-f036-6a25-eb03-000000000000}",
                       "ProcessId":  "4",
                       "Image":  "System",
                       "User":  "NT AUTHORITY\\SYSTEM",
                       "EventType":  "SetValue",
                       "TargetObject":  "HKLM\\System\\CurrentControlSet\\Services\\bam\\State\\UserSettings\\S-1-5-21-158180708-2764993437-2666828097-1001\\\\Device\\HarddiskVolume4\\Windows\\System32\\WindowsPowerShell\\v1.0\\powershell.exe",
                       "Details":  "Binary Data"
                   },
                   {
                       "EventID":  12,
                       "TimeCreated":  "2026-06-07T22:07:13.9150543-04:00",
                       "Computer":  "DESKTOP-KCP6DQD",
                       "Channel":  "Microsoft-Windows-Sysmon/Operational",
                       "RecordId":  32254,
                       "ProviderName":  "Microsoft-Windows-Sysmon",
                       "RuleName":  "Deteccion_Persistencia_Registro",
                       "UtcTime":  "2026-06-08 02:07:13.914",
                       "ProcessGuid":  "{f9ed62ee-f036-6a25-eb03-000000000000}",
                       "ProcessId":  "4",
                       "Image":  "System",
                       "User":  "NT AUTHORITY\\SYSTEM",
                       "EventType":  "CreateKey",
                       "TargetObject":  "HKLM\\System\\CurrentControlSet\\Services\\bam\\State\\UserSettings\\S-1-5-21-158180708-2764993437-2666828097-1001"
                   },
                   {
                       "EventID":  13,
                       "TimeCreated":  "2026-06-07T22:07:13.9149243-04:00",
                       "Computer":  "DESKTOP-KCP6DQD",
                       "Channel":  "Microsoft-Windows-Sysmon/Operational",
                       "RecordId":  32253,
                       "ProviderName":  "Microsoft-Windows-Sysmon",
                       "RuleName":  "Deteccion_Persistencia_Registro",
                       "UtcTime":  "2026-06-08 02:07:13.914",
                       "ProcessGuid":  "{f9ed62ee-f036-6a25-eb03-000000000000}",
                       "ProcessId":  "4",
                       "Image":  "System",
                       "User":  "NT AUTHORITY\\SYSTEM",
                       "EventType":  "SetValue",
                       "TargetObject":  "HKLM\\System\\CurrentControlSet\\Services\\bam\\State\\UserSettings\\S-1-5-21-158180708-2764993437-2666828097-1001\\SequenceNumber",
                       "Details":  "DWORD (0x000000db)"
                   },
                   {
                       "EventID":  13,
                       "TimeCreated":  "2026-06-07T22:07:13.9148852-04:00",
                       "Computer":  "DESKTOP-KCP6DQD",
                       "Channel":  "Microsoft-Windows-Sysmon/Operational",
                       "RecordId":  32252,
                       "ProviderName":  "Microsoft-Windows-Sysmon",
                       "RuleName":  "Deteccion_Persistencia_Registro",
                       "UtcTime":  "2026-06-08 02:07:13.914",
                       "ProcessGuid":  "{f9ed62ee-f036-6a25-eb03-000000000000}",
                       "ProcessId":  "4",
                       "Image":  "System",
                       "User":  "NT AUTHORITY\\SYSTEM",
                       "EventType":  "SetValue",
                       "TargetObject":  "HKLM\\System\\CurrentControlSet\\Services\\bam\\State\\UserSettings\\S-1-5-21-158180708-2764993437-2666828097-1001\\\\Device\\HarddiskVolume4\\Windows\\System32\\conhost.exe",
                       "Details":  "Binary Data"
                   },
                   {
                       "EventID":  12,
                       "TimeCreated":  "2026-06-07T22:07:13.9148004-04:00",
                       "Computer":  "DESKTOP-KCP6DQD",
                       "Channel":  "Microsoft-Windows-Sysmon/Operational",
                       "RecordId":  32251,
                       "ProviderName":  "Microsoft-Windows-Sysmon",
                       "RuleName":  "Deteccion_Persistencia_Registro",
                       "UtcTime":  "2026-06-08 02:07:13.914",
                       "ProcessGuid":  "{f9ed62ee-f036-6a25-eb03-000000000000}",
                       "ProcessId":  "4",
                       "Image":  "System",
                       "User":  "NT AUTHORITY\\SYSTEM",
                       "EventType":  "CreateKey",
                       "TargetObject":  "HKLM\\System\\CurrentControlSet\\Services\\bam\\State\\UserSettings\\S-1-5-21-158180708-2764993437-2666828097-1001"
                   },
                   {
                       "EventID":  13,
                       "TimeCreated":  "2026-06-07T22:07:13.8693606-04:00",
                       "Computer":  "DESKTOP-KCP6DQD",
                       "Channel":  "Microsoft-Windows-Sysmon/Operational",
                       "RecordId":  32250,
                       "ProviderName":  "Microsoft-Windows-Sysmon",
                       "RuleName":  "Deteccion_Persistencia_Registro",
                       "UtcTime":  "2026-06-08 02:07:13.867",
                       "ProcessGuid":  "{f9ed62ee-23d1-6a26-080f-000000009c00}",
                       "ProcessId":  "9268",
                       "Image":  "C:\\WINDOWS\\System32\\WindowsPowerShell\\v1.0\\powershell.exe",
                       "User":  "DESKTOP-KCP6DQD\\nueva",
                       "EventType":  "SetValue",
                       "TargetObject":  "HKLM\\System\\CurrentControlSet\\Services\\bam\\State\\UserSettings\\S-1-5-21-158180708-2764993437-2666828097-1001\\\\Device\\HarddiskVolume4\\Windows\\System32\\conhost.exe",
                       "Details":  "Binary Data"
                   },
                   {
                       "EventID":  1,
                       "TimeCreated":  "2026-06-07T22:07:13.8646050-04:00",
                       "Computer":  "DESKTOP-KCP6DQD",
                       "Channel":  "Microsoft-Windows-Sysmon/Operational",
                       "RecordId":  32249,
                       "ProviderName":  "Microsoft-Windows-Sysmon",
                       "RuleName":  "Deteccion_Procesos_Alertas",
                       "UtcTime":  "2026-06-08 02:07:13.862",
                       "ProcessGuid":  "{f9ed62ee-23d1-6a26-080f-000000009c00}",
                       "ProcessId":  "9268",
                       "Image":  "C:\\Windows\\System32\\WindowsPowerShell\\v1.0\\powershell.exe",
                       "CommandLine":  "\"C:\\WINDOWS\\System32\\WindowsPowerShell\\v1.0\\powershell.exe\" -Command \"Write-Host \u0027Instancia 4\u0027\" ",
                       "CurrentDirectory":  "C:\\Asignacion-Sysmon\\",
                       "User":  "DESKTOP-KCP6DQD\\nueva",
                       "LogonGuid":  "{f9ed62ee-f06b-6a25-7fe7-100000000000}",
                       "LogonId":  "0x10e77f",
                       "TerminalSessionId":  "1",
                       "IntegrityLevel":  "High",
                       "Hashes":  "MD5=A97E6573B97B44C96122BFA543A82EA1,SHA256=0FF6F2C94BC7E2833A5F7E16DE1622E5DBA70396F31C7D5F56381870317E8C46",
                       "ParentProcessGuid":  "{f9ed62ee-1684-6a26-960c-000000009c00}",
                       "ParentProcessId":  "21032",
                       "ParentImage":  "C:\\Windows\\System32\\WindowsPowerShell\\v1.0\\powershell.exe",
                       "ParentCommandLine":  "\"C:\\Windows\\System32\\WindowsPowerShell\\v1.0\\powershell.exe\" ",
                       "ParentUser":  "DESKTOP-KCP6DQD\\nueva"
                   },
                   {
                       "EventID":  13,
                       "TimeCreated":  "2026-06-07T22:07:13.8637639-04:00",
                       "Computer":  "DESKTOP-KCP6DQD",
                       "Channel":  "Microsoft-Windows-Sysmon/Operational",
                       "RecordId":  32248,
                       "ProviderName":  "Microsoft-Windows-Sysmon",
                       "RuleName":  "Deteccion_Persistencia_Registro",
                       "UtcTime":  "2026-06-08 02:07:13.854",
                       "ProcessGuid":  "{f9ed62ee-1684-6a26-960c-000000009c00}",
                       "ProcessId":  "21032",
                       "Image":  "C:\\Windows\\System32\\WindowsPowerShell\\v1.0\\powershell.exe",
                       "User":  "DESKTOP-KCP6DQD\\nueva",
                       "EventType":  "SetValue",
                       "TargetObject":  "HKLM\\System\\CurrentControlSet\\Services\\bam\\State\\UserSettings\\S-1-5-21-158180708-2764993437-2666828097-1001\\\\Device\\HarddiskVolume4\\Windows\\System32\\WindowsPowerShell\\v1.0\\powershell.exe",
                       "Details":  "Binary Data"
                   },
                   {
                       "EventID":  13,
                       "TimeCreated":  "2026-06-07T22:07:13.8491714-04:00",
                       "Computer":  "DESKTOP-KCP6DQD",
                       "Channel":  "Microsoft-Windows-Sysmon/Operational",
                       "RecordId":  32247,
                       "ProviderName":  "Microsoft-Windows-Sysmon",
                       "RuleName":  "Deteccion_Persistencia_Registro",
                       "UtcTime":  "2026-06-08 02:07:13.843",
                       "ProcessGuid":  "{f9ed62ee-f06e-6a25-5901-000000009c00}",
                       "ProcessId":  "12544",
                       "Image":  "C:\\WINDOWS\\system32\\svchost.exe",
                       "User":  "NT AUTHORITY\\SYSTEM",
                       "EventType":  "SetValue",
                       "TargetObject":  "HKLM\\System\\CurrentControlSet\\Services\\bam\\State\\UserSettings\\S-1-5-21-158180708-2764993437-2666828097-1001\\Microsoft.ScreenSketch_8wekyb3d8bbwe",
                       "Details":  "Binary Data"
                   },
                   {
                       "EventID":  13,
                       "TimeCreated":  "2026-06-07T22:07:13.7391156-04:00",
                       "Computer":  "DESKTOP-KCP6DQD",
                       "Channel":  "Microsoft-Windows-Sysmon/Operational",
                       "RecordId":  32246,
                       "ProviderName":  "Microsoft-Windows-Sysmon",
                       "RuleName":  "Deteccion_Persistencia_Registro",
                       "UtcTime":  "2026-06-08 02:07:13.728",
                       "ProcessGuid":  "{f9ed62ee-23d1-6a26-060f-000000009c00}",
                       "ProcessId":  "21016",
                       "Image":  "C:\\WINDOWS\\system32\\conhost.exe",
                       "User":  "DESKTOP-KCP6DQD\\nueva",
                       "EventType":  "SetValue",
                       "TargetObject":  "HKLM\\System\\CurrentControlSet\\Services\\bam\\State\\UserSettings\\S-1-5-21-158180708-2764993437-2666828097-1001\\\\Device\\HarddiskVolume4\\Windows\\System32\\conhost.exe",
                       "Details":  "Binary Data"
                   },
                   {
                       "EventID":  13,
                       "TimeCreated":  "2026-06-07T22:07:13.7326567-04:00",
                       "Computer":  "DESKTOP-KCP6DQD",
                       "Channel":  "Microsoft-Windows-Sysmon/Operational",
                       "RecordId":  32245,
                       "ProviderName":  "Microsoft-Windows-Sysmon",
                       "RuleName":  "Deteccion_Persistencia_Registro",
                       "UtcTime":  "2026-06-08 02:07:13.728",
                       "ProcessGuid":  "{f9ed62ee-23d1-6a26-050f-000000009c00}",
                       "ProcessId":  "21208",
                       "Image":  "C:\\WINDOWS\\System32\\WindowsPowerShell\\v1.0\\powershell.exe",
                       "User":  "DESKTOP-KCP6DQD\\nueva",
                       "EventType":  "SetValue",
                       "TargetObject":  "HKLM\\System\\CurrentControlSet\\Services\\bam\\State\\UserSettings\\S-1-5-21-158180708-2764993437-2666828097-1001\\\\Device\\HarddiskVolume4\\Windows\\System32\\WindowsPowerShell\\v1.0\\powershell.exe",
                       "Details":  "Binary Data"
                   },
                   {
                       "EventID":  5,
                       "TimeCreated":  "2026-06-07T22:07:13.7324974-04:00",
                       "Computer":  "DESKTOP-KCP6DQD",
                       "Channel":  "Microsoft-Windows-Sysmon/Operational",
                       "RecordId":  32244,
                       "ProviderName":  "Microsoft-Windows-Sysmon",
                       "RuleName":  "Deteccion_Cierre_Procesos",
                       "UtcTime":  "2026-06-08 02:07:13.728",
                       "ProcessGuid":  "{f9ed62ee-23d1-6a26-050f-000000009c00}",
                       "ProcessId":  "21208",
                       "Image":  "C:\\Windows\\System32\\WindowsPowerShell\\v1.0\\powershell.exe",
                       "User":  "DESKTOP-KCP6DQD\\nueva"
                   },
                   {
                       "EventID":  12,
                       "TimeCreated":  "2026-06-07T22:07:13.7230593-04:00",
                       "Computer":  "DESKTOP-KCP6DQD",
                       "Channel":  "Microsoft-Windows-Sysmon/Operational",
                       "RecordId":  32243,
                       "ProviderName":  "Microsoft-Windows-Sysmon",
                       "RuleName":  "Deteccion_Persistencia_Registro",
                       "UtcTime":  "2026-06-08 02:07:13.712",
                       "ProcessGuid":  "{f9ed62ee-23d1-6a26-050f-000000009c00}",
                       "ProcessId":  "21208",
                       "Image":  "C:\\WINDOWS\\System32\\WindowsPowerShell\\v1.0\\powershell.exe",
                       "User":  "DESKTOP-KCP6DQD\\nueva",
                       "EventType":  "CreateKey",
                       "TargetObject":  "HKLM\\System\\CurrentControlSet\\Services\\Tcpip\\Parameters"
                   },
                   {
                       "EventID":  12,
                       "TimeCreated":  "2026-06-07T22:07:13.7230254-04:00",
                       "Computer":  "DESKTOP-KCP6DQD",
                       "Channel":  "Microsoft-Windows-Sysmon/Operational",
                       "RecordId":  32242,
                       "ProviderName":  "Microsoft-Windows-Sysmon",
                       "RuleName":  "Deteccion_Persistencia_Registro",
                       "UtcTime":  "2026-06-08 02:07:13.712",
                       "ProcessGuid":  "{f9ed62ee-23d1-6a26-050f-000000009c00}",
                       "ProcessId":  "21208",
                       "Image":  "C:\\WINDOWS\\System32\\WindowsPowerShell\\v1.0\\powershell.exe",
                       "User":  "DESKTOP-KCP6DQD\\nueva",
                       "EventType":  "CreateKey",
                       "TargetObject":  "HKLM\\System\\CurrentControlSet\\Services\\Tcpip\\Parameters"
                   },
                   {
                       "EventID":  12,
                       "TimeCreated":  "2026-06-07T22:07:13.7197261-04:00",
                       "Computer":  "DESKTOP-KCP6DQD",
                       "Channel":  "Microsoft-Windows-Sysmon/Operational",
                       "RecordId":  32241,
                       "ProviderName":  "Microsoft-Windows-Sysmon",
                       "RuleName":  "Deteccion_Persistencia_Registro",
                       "UtcTime":  "2026-06-08 02:07:13.712",
                       "ProcessGuid":  "{f9ed62ee-23d1-6a26-050f-000000009c00}",
                       "ProcessId":  "21208",
                       "Image":  "C:\\WINDOWS\\System32\\WindowsPowerShell\\v1.0\\powershell.exe",
                       "User":  "DESKTOP-KCP6DQD\\nueva",
                       "EventType":  "CreateKey",
                       "TargetObject":  "HKLM\\System\\CurrentControlSet\\Services\\Tcpip\\Parameters"
                   },
                   {
                       "EventID":  12,
                       "TimeCreated":  "2026-06-07T22:07:13.7195986-04:00",
                       "Computer":  "DESKTOP-KCP6DQD",
                       "Channel":  "Microsoft-Windows-Sysmon/Operational",
                       "RecordId":  32240,
                       "ProviderName":  "Microsoft-Windows-Sysmon",
                       "RuleName":  "Deteccion_Persistencia_Registro",
                       "UtcTime":  "2026-06-08 02:07:13.712",
                       "ProcessGuid":  "{f9ed62ee-23d1-6a26-050f-000000009c00}",
                       "ProcessId":  "21208",
                       "Image":  "C:\\WINDOWS\\System32\\WindowsPowerShell\\v1.0\\powershell.exe",
                       "User":  "DESKTOP-KCP6DQD\\nueva",
                       "EventType":  "CreateKey",
                       "TargetObject":  "HKLM\\System\\CurrentControlSet\\Services\\Tcpip\\Parameters"
                   },
                   {
                       "EventID":  12,
                       "TimeCreated":  "2026-06-07T22:07:13.7195037-04:00",
                       "Computer":  "DESKTOP-KCP6DQD",
                       "Channel":  "Microsoft-Windows-Sysmon/Operational",
                       "RecordId":  32239,
                       "ProviderName":  "Microsoft-Windows-Sysmon",
                       "RuleName":  "Deteccion_Persistencia_Registro",
                       "UtcTime":  "2026-06-08 02:07:13.712",
                       "ProcessGuid":  "{f9ed62ee-23d1-6a26-050f-000000009c00}",
                       "ProcessId":  "21208",
                       "Image":  "C:\\WINDOWS\\System32\\WindowsPowerShell\\v1.0\\powershell.exe",
                       "User":  "DESKTOP-KCP6DQD\\nueva",
                       "EventType":  "CreateKey",
                       "TargetObject":  "HKLM\\System\\CurrentControlSet\\Services\\Tcpip\\Parameters"
                   },
                   {
                       "EventID":  12,
                       "TimeCreated":  "2026-06-07T22:07:13.7143828-04:00",
                       "Computer":  "DESKTOP-KCP6DQD",
                       "Channel":  "Microsoft-Windows-Sysmon/Operational",
                       "RecordId":  32238,
                       "ProviderName":  "Microsoft-Windows-Sysmon",
                       "RuleName":  "Deteccion_Persistencia_Registro",
                       "UtcTime":  "2026-06-08 02:07:13.712",
                       "ProcessGuid":  "{f9ed62ee-23d1-6a26-050f-000000009c00}",
                       "ProcessId":  "21208",
                       "Image":  "C:\\WINDOWS\\System32\\WindowsPowerShell\\v1.0\\powershell.exe",
                       "User":  "DESKTOP-KCP6DQD\\nueva",
                       "EventType":  "CreateKey",
                       "TargetObject":  "HKLM\\System\\CurrentControlSet\\Services\\Tcpip\\Parameters"
                   },
