                   {
                       "EventID":  13,
                       "TimeCreated":  "2026-06-07T22:01:32.6619709-04:00",
                       "Computer":  "DESKTOP-KCP6DQD",
                       "Channel":  "Microsoft-Windows-Sysmon/Operational",
                       "RecordId":  31861,
                       "ProviderName":  "Microsoft-Windows-Sysmon",
                       "RuleName":  "Deteccion_Persistencia_Registro",
                       "UtcTime":  "2026-06-08 02:01:32.660",
                       "ProcessGuid":  "{f9ed62ee-2278-6a26-b50e-000000009c00}",
                       "ProcessId":  "20708",
                       "Image":  "C:\\Users\\nueva\\AppData\\Local\\Programs\\Antigravity IDE\\Antigravity IDE.exe",
                       "User":  "DESKTOP-KCP6DQD\\nueva",
                       "EventType":  "SetValue",
                       "TargetObject":  "HKLM\\System\\CurrentControlSet\\Services\\bam\\State\\UserSettings\\S-1-5-21-158180708-2764993437-2666828097-1001\\\\Device\\HarddiskVolume4\\Users\\nueva\\AppData\\Local\\Programs\\Antigravity IDE\\Antigravity IDE.exe",
                       "Details":  "Binary Data"
                   },
                   {
                       "EventID":  12,
                       "TimeCreated":  "2026-06-07T22:01:32.4233591-04:00",
                       "Computer":  "DESKTOP-KCP6DQD",
                       "Channel":  "Microsoft-Windows-Sysmon/Operational",
                       "RecordId":  31860,
                       "ProviderName":  "Microsoft-Windows-Sysmon",
                       "RuleName":  "Deteccion_Persistencia_Registro",
                       "UtcTime":  "2026-06-08 02:01:32.423",
                       "ProcessGuid":  "{f9ed62ee-f06c-6a25-4401-000000009c00}",
                       "ProcessId":  "11680",
                       "Image":  "C:\\WINDOWS\\system32\\sihost.exe",
                       "User":  "DESKTOP-KCP6DQD\\nueva",
                       "EventType":  "CreateKey",
                       "TargetObject":  "HKLM\\SOFTWARE\\WOW6432Node\\Microsoft\\Windows\\CurrentVersion\\Run"
                   },
                   {
                       "EventID":  13,
                       "TimeCreated":  "2026-06-07T22:01:32.3973450-04:00",
                       "Computer":  "DESKTOP-KCP6DQD",
                       "Channel":  "Microsoft-Windows-Sysmon/Operational",
                       "RecordId":  31859,
                       "ProviderName":  "Microsoft-Windows-Sysmon",
                       "RuleName":  "Deteccion_Persistencia_Registro",
                       "UtcTime":  "2026-06-08 02:01:32.396",
                       "ProcessGuid":  "{f9ed62ee-f0b0-6a25-e701-000000009c00}",
                       "ProcessId":  "18792",
                       "Image":  "C:\\Program Files\\Google\\Chrome\\Application\\chrome.exe",
                       "User":  "DESKTOP-KCP6DQD\\nueva",
                       "EventType":  "SetValue",
                       "TargetObject":  "HKLM\\System\\CurrentControlSet\\Services\\bam\\State\\UserSettings\\S-1-5-21-158180708-2764993437-2666828097-1001\\\\Device\\HarddiskVolume4\\Program Files\\Google\\Chrome\\Application\\chrome.exe",
                       "Details":  "Binary Data"
                   },
                   {
                       "EventID":  13,
                       "TimeCreated":  "2026-06-07T22:01:30.7365443-04:00",
                       "Computer":  "DESKTOP-KCP6DQD",
                       "Channel":  "Microsoft-Windows-Sysmon/Operational",
                       "RecordId":  31858,
                       "ProviderName":  "Microsoft-Windows-Sysmon",
                       "RuleName":  "Deteccion_Persistencia_Registro",
                       "UtcTime":  "2026-06-08 02:01:30.736",
                       "ProcessGuid":  "{f9ed62ee-227a-6a26-b70e-000000009c00}",
                       "ProcessId":  "3936",
                       "Image":  "C:\\WINDOWS\\system32\\conhost.exe",
                       "User":  "DESKTOP-KCP6DQD\\nueva",
                       "EventType":  "SetValue",
                       "TargetObject":  "HKLM\\System\\CurrentControlSet\\Services\\bam\\State\\UserSettings\\S-1-5-21-158180708-2764993437-2666828097-1001\\\\Device\\HarddiskVolume4\\Windows\\System32\\conhost.exe",
                       "Details":  "Binary Data"
                   },
                   {
                       "EventID":  13,
                       "TimeCreated":  "2026-06-07T22:01:30.6683490-04:00",
                       "Computer":  "DESKTOP-KCP6DQD",
                       "Channel":  "Microsoft-Windows-Sysmon/Operational",
                       "RecordId":  31857,
                       "ProviderName":  "Microsoft-Windows-Sysmon",
                       "RuleName":  "Deteccion_Persistencia_Registro",
                       "UtcTime":  "2026-06-08 02:01:30.667",
                       "ProcessGuid":  "{f9ed62ee-227a-6a26-b60e-000000009c00}",
                       "ProcessId":  "15968",
                       "Image":  "C:\\Program Files\\Git\\cmd\\git.exe",
                       "User":  "DESKTOP-KCP6DQD\\nueva",
                       "EventType":  "SetValue",
                       "TargetObject":  "HKLM\\System\\CurrentControlSet\\Services\\bam\\State\\UserSettings\\S-1-5-21-158180708-2764993437-2666828097-1001\\\\Device\\HarddiskVolume4\\Windows\\System32\\conhost.exe",
                       "Details":  "Binary Data"
                   },
                   {
                       "EventID":  13,
                       "TimeCreated":  "2026-06-07T22:01:28.8423725-04:00",
                       "Computer":  "DESKTOP-KCP6DQD",
                       "Channel":  "Microsoft-Windows-Sysmon/Operational",
                       "RecordId":  31856,
                       "ProviderName":  "Microsoft-Windows-Sysmon",
                       "RuleName":  "Deteccion_Persistencia_Registro",
                       "UtcTime":  "2026-06-08 02:01:28.842",
                       "ProcessGuid":  "{f9ed62ee-1f99-6a26-ea0d-000000009c00}",
                       "ProcessId":  "4480",
                       "Image":  "C:\\Users\\nueva\\AppData\\Local\\Programs\\Antigravity IDE\\Antigravity IDE.exe",
                       "User":  "DESKTOP-KCP6DQD\\nueva",
                       "EventType":  "SetValue",
                       "TargetObject":  "HKLM\\System\\CurrentControlSet\\Services\\bam\\State\\UserSettings\\S-1-5-21-158180708-2764993437-2666828097-1001\\\\Device\\HarddiskVolume4\\Users\\nueva\\AppData\\Local\\Programs\\Antigravity IDE\\Antigravity IDE.exe",
                       "Details":  "Binary Data"
                   },
                   {
                       "EventID":  12,
                       "TimeCreated":  "2026-06-07T22:01:22.4149800-04:00",
                       "Computer":  "DESKTOP-KCP6DQD",
                       "Channel":  "Microsoft-Windows-Sysmon/Operational",
                       "RecordId":  31855,
                       "ProviderName":  "Microsoft-Windows-Sysmon",
                       "RuleName":  "Deteccion_Persistencia_Registro",
                       "UtcTime":  "2026-06-08 02:01:22.414",
                       "ProcessGuid":  "{f9ed62ee-f06c-6a25-4401-000000009c00}",
                       "ProcessId":  "11680",
                       "Image":  "C:\\WINDOWS\\system32\\sihost.exe",
                       "User":  "DESKTOP-KCP6DQD\\nueva",
                       "EventType":  "CreateKey",
                       "TargetObject":  "HKLM\\SOFTWARE\\WOW6432Node\\Microsoft\\Windows\\CurrentVersion\\Run"
                   },
                   {
                       "EventID":  13,
                       "TimeCreated":  "2026-06-07T22:01:18.6032270-04:00",
                       "Computer":  "DESKTOP-KCP6DQD",
                       "Channel":  "Microsoft-Windows-Sysmon/Operational",
                       "RecordId":  31854,
                       "ProviderName":  "Microsoft-Windows-Sysmon",
                       "RuleName":  "Deteccion_Persistencia_Registro",
                       "UtcTime":  "2026-06-08 02:01:18.601",
                       "ProcessGuid":  "{f9ed62ee-2250-6a26-9e0e-000000009c00}",
                       "ProcessId":  "9760",
                       "Image":  "C:\\Program Files\\Google\\Chrome\\Application\\chrome.exe",
                       "User":  "DESKTOP-KCP6DQD\\nueva",
                       "EventType":  "SetValue",
                       "TargetObject":  "HKLM\\System\\CurrentControlSet\\Services\\bam\\State\\UserSettings\\S-1-5-21-158180708-2764993437-2666828097-1001\\\\Device\\HarddiskVolume4\\Program Files\\Google\\Chrome\\Application\\chrome.exe",
                       "Details":  "Binary Data"
                   },
                   {
                       "EventID":  12,
                       "TimeCreated":  "2026-06-07T22:01:15.9412653-04:00",
                       "Computer":  "DESKTOP-KCP6DQD",
                       "Channel":  "Microsoft-Windows-Sysmon/Operational",
                       "RecordId":  31853,
                       "ProviderName":  "Microsoft-Windows-Sysmon",
                       "RuleName":  "Deteccion_Persistencia_Registro",
                       "UtcTime":  "2026-06-08 02:01:15.940",
                       "ProcessGuid":  "{f9ed62ee-f03f-6a25-2f00-000000009c00}",
                       "ProcessId":  "2780",
                       "Image":  "C:\\WINDOWS\\system32\\svchost.exe",
                       "User":  "NT AUTHORITY\\Servicio de red",
                       "EventType":  "CreateKey",
                       "TargetObject":  "HKLM\\System\\CurrentControlSet\\Services\\Tcpip\\Parameters"
                   },
                   {
                       "EventID":  13,
                       "TimeCreated":  "2026-06-07T22:01:14.3266354-04:00",
                       "Computer":  "DESKTOP-KCP6DQD",
                       "Channel":  "Microsoft-Windows-Sysmon/Operational",
                       "RecordId":  31852,
                       "ProviderName":  "Microsoft-Windows-Sysmon",
                       "RuleName":  "Deteccion_Persistencia_Registro",
                       "UtcTime":  "2026-06-08 02:01:14.326",
                       "ProcessGuid":  "{f9ed62ee-226a-6a26-ac0e-000000009c00}",
                       "ProcessId":  "12888",
                       "Image":  "C:\\WINDOWS\\system32\\conhost.exe",
                       "User":  "DESKTOP-KCP6DQD\\nueva",
                       "EventType":  "SetValue",
                       "TargetObject":  "HKLM\\System\\CurrentControlSet\\Services\\bam\\State\\UserSettings\\S-1-5-21-158180708-2764993437-2666828097-1001\\\\Device\\HarddiskVolume4\\Windows\\System32\\conhost.exe",
                       "Details":  "Binary Data"
                   },
                   {
                       "EventID":  13,
                       "TimeCreated":  "2026-06-07T22:01:14.2599378-04:00",
                       "Computer":  "DESKTOP-KCP6DQD",
                       "Channel":  "Microsoft-Windows-Sysmon/Operational",
                       "RecordId":  31851,
                       "ProviderName":  "Microsoft-Windows-Sysmon",
                       "RuleName":  "Deteccion_Persistencia_Registro",
                       "UtcTime":  "2026-06-08 02:01:14.259",
                       "ProcessGuid":  "{f9ed62ee-226a-6a26-ab0e-000000009c00}",
                       "ProcessId":  "2952",
                       "Image":  "C:\\Program Files\\Git\\cmd\\git.exe",
                       "User":  "DESKTOP-KCP6DQD\\nueva",
                       "EventType":  "SetValue",
                       "TargetObject":  "HKLM\\System\\CurrentControlSet\\Services\\bam\\State\\UserSettings\\S-1-5-21-158180708-2764993437-2666828097-1001\\\\Device\\HarddiskVolume4\\Windows\\System32\\conhost.exe",
                       "Details":  "Binary Data"
                   },
                   {
                       "EventID":  13,
                       "TimeCreated":  "2026-06-07T22:01:14.2343949-04:00",
                       "Computer":  "DESKTOP-KCP6DQD",
                       "Channel":  "Microsoft-Windows-Sysmon/Operational",
                       "RecordId":  31850,
                       "ProviderName":  "Microsoft-Windows-Sysmon",
                       "RuleName":  "Deteccion_Persistencia_Registro",
                       "UtcTime":  "2026-06-08 02:01:14.233",
                       "ProcessGuid":  "{f9ed62ee-2264-6a26-aa0e-000000009c00}",
                       "ProcessId":  "2440",
                       "Image":  "C:\\Users\\nueva\\AppData\\Local\\Programs\\Antigravity IDE\\Antigravity IDE.exe",
                       "User":  "DESKTOP-KCP6DQD\\nueva",
                       "EventType":  "SetValue",
                       "TargetObject":  "HKLM\\System\\CurrentControlSet\\Services\\bam\\State\\UserSettings\\S-1-5-21-158180708-2764993437-2666828097-1001\\\\Device\\HarddiskVolume4\\Users\\nueva\\AppData\\Local\\Programs\\Antigravity IDE\\Antigravity IDE.exe",
                       "Details":  "Binary Data"
                   },
                   {
                       "EventID":  12,
                       "TimeCreated":  "2026-06-07T22:01:12.4107036-04:00",
                       "Computer":  "DESKTOP-KCP6DQD",
                       "Channel":  "Microsoft-Windows-Sysmon/Operational",
                       "RecordId":  31849,
                       "ProviderName":  "Microsoft-Windows-Sysmon",
                       "RuleName":  "Deteccion_Persistencia_Registro",
                       "UtcTime":  "2026-06-08 02:01:12.410",
                       "ProcessGuid":  "{f9ed62ee-f06c-6a25-4401-000000009c00}",
                       "ProcessId":  "11680",
                       "Image":  "C:\\WINDOWS\\system32\\sihost.exe",
                       "User":  "DESKTOP-KCP6DQD\\nueva",
                       "EventType":  "CreateKey",
                       "TargetObject":  "HKLM\\SOFTWARE\\WOW6432Node\\Microsoft\\Windows\\CurrentVersion\\Run"
                   },
                   {
                       "EventID":  13,
                       "TimeCreated":  "2026-06-07T22:01:10.4140656-04:00",
                       "Computer":  "DESKTOP-KCP6DQD",
                       "Channel":  "Microsoft-Windows-Sysmon/Operational",
                       "RecordId":  31848,
                       "ProviderName":  "Microsoft-Windows-Sysmon",
                       "RuleName":  "Deteccion_Persistencia_Registro",
                       "UtcTime":  "2026-06-08 02:01:10.407",
                       "ProcessGuid":  "{f9ed62ee-2248-6a26-9d0e-000000009c00}",
                       "ProcessId":  "4700",
                       "Image":  "C:\\Program Files (x86)\\Microsoft\\EdgeWebView\\Application\\148.0.3967.96\\msedgewebview2.exe",
                       "User":  "DESKTOP-KCP6DQD\\nueva",
                       "EventType":  "SetValue",
                       "TargetObject":  "HKLM\\System\\CurrentControlSet\\Services\\bam\\State\\UserSettings\\S-1-5-21-158180708-2764993437-2666828097-1001\\5319275A.WhatsAppDesktop_cv1g1gvanyjgm",
                       "Details":  "Binary Data"
                   },
                   {
                       "EventID":  13,
                       "TimeCreated":  "2026-06-07T22:01:08.6867337-04:00",
                       "Computer":  "DESKTOP-KCP6DQD",
                       "Channel":  "Microsoft-Windows-Sysmon/Operational",
                       "RecordId":  31847,
                       "ProviderName":  "Microsoft-Windows-Sysmon",
                       "RuleName":  "Deteccion_Persistencia_Registro",
                       "UtcTime":  "2026-06-08 02:01:08.686",
                       "ProcessGuid":  "{f9ed62ee-1f99-6a26-ea0d-000000009c00}",
                       "ProcessId":  "4480",
                       "Image":  "C:\\Users\\nueva\\AppData\\Local\\Programs\\Antigravity IDE\\Antigravity IDE.exe",
                       "User":  "DESKTOP-KCP6DQD\\nueva",
                       "EventType":  "SetValue",
                       "TargetObject":  "HKLM\\System\\CurrentControlSet\\Services\\bam\\State\\UserSettings\\S-1-5-21-158180708-2764993437-2666828097-1001\\\\Device\\HarddiskVolume4\\Users\\nueva\\AppData\\Local\\Programs\\Antigravity IDE\\Antigravity IDE.exe",
                       "Details":  "Binary Data"
                   },
                   {
                       "EventID":  12,
                       "TimeCreated":  "2026-06-07T22:01:02.4079074-04:00",
                       "Computer":  "DESKTOP-KCP6DQD",
                       "Channel":  "Microsoft-Windows-Sysmon/Operational",
                       "RecordId":  31846,
                       "ProviderName":  "Microsoft-Windows-Sysmon",
                       "RuleName":  "Deteccion_Persistencia_Registro",
                       "UtcTime":  "2026-06-08 02:01:02.407",
                       "ProcessGuid":  "{f9ed62ee-f06c-6a25-4401-000000009c00}",
                       "ProcessId":  "11680",
                       "Image":  "C:\\WINDOWS\\system32\\sihost.exe",
                       "User":  "DESKTOP-KCP6DQD\\nueva",
                       "EventType":  "CreateKey",
                       "TargetObject":  "HKLM\\SOFTWARE\\WOW6432Node\\Microsoft\\Windows\\CurrentVersion\\Run"
                   },
                   {
                       "EventID":  13,
                       "TimeCreated":  "2026-06-07T22:01:01.7642735-04:00",
                       "Computer":  "DESKTOP-KCP6DQD",
                       "Channel":  "Microsoft-Windows-Sysmon/Operational",
                       "RecordId":  31845,
                       "ProviderName":  "Microsoft-Windows-Sysmon",
                       "RuleName":  "Deteccion_Persistencia_Registro",
                       "UtcTime":  "2026-06-08 02:01:01.762",
                       "ProcessGuid":  "{f9ed62ee-225d-6a26-a90e-000000009c00}",
                       "ProcessId":  "17620",
                       "Image":  "C:\\WINDOWS\\SystemApps\\MicrosoftWindows.Client.CBS_cw5n1h2txyewy\\SoftLandingTask\\SoftLandingTask.exe",
                       "User":  "DESKTOP-KCP6DQD\\nueva",
                       "EventType":  "SetValue",
                       "TargetObject":  "HKLM\\System\\CurrentControlSet\\Services\\bam\\State\\UserSettings\\S-1-5-21-158180708-2764993437-2666828097-1001\\MicrosoftWindows.Client.CBS_cw5n1h2txyewy",
                       "Details":  "Binary Data"
                   },
                   {
                       "EventID":  13,
                       "TimeCreated":  "2026-06-07T22:01:01.6681814-04:00",
                       "Computer":  "DESKTOP-KCP6DQD",
                       "Channel":  "Microsoft-Windows-Sysmon/Operational",
                       "RecordId":  31844,
                       "ProviderName":  "Microsoft-Windows-Sysmon",
                       "RuleName":  "Deteccion_Persistencia_Registro",
                       "UtcTime":  "2026-06-08 02:01:01.658",
                       "ProcessGuid":  "{f9ed62ee-f03e-6a25-0f00-000000009c00}",
                       "ProcessId":  "1420",
                       "Image":  "C:\\WINDOWS\\system32\\svchost.exe",
                       "User":  "NT AUTHORITY\\SYSTEM",
                       "EventType":  "SetValue",
                       "TargetObject":  "HKLM\\System\\CurrentControlSet\\Services\\bam\\State\\UserSettings\\S-1-5-21-158180708-2764993437-2666828097-1001\\MicrosoftWindows.Client.CBS_cw5n1h2txyewy",
                       "Details":  "Binary Data"
                   },
                   {
                       "EventID":  13,
                       "TimeCreated":  "2026-06-07T22:01:00.9807582-04:00",
                       "Computer":  "DESKTOP-KCP6DQD",
                       "Channel":  "Microsoft-Windows-Sysmon/Operational",
                       "RecordId":  31843,
                       "ProviderName":  "Microsoft-Windows-Sysmon",
                       "RuleName":  "Deteccion_Persistencia_Registro",
                       "UtcTime":  "2026-06-08 02:01:00.980",
                       "ProcessGuid":  "{f9ed62ee-225c-6a26-a60e-000000009c00}",
                       "ProcessId":  "19704",
                       "Image":  "C:\\WINDOWS\\system32\\conhost.exe",
                       "User":  "DESKTOP-KCP6DQD\\nueva",
                       "EventType":  "SetValue",
                       "TargetObject":  "HKLM\\System\\CurrentControlSet\\Services\\bam\\State\\UserSettings\\S-1-5-21-158180708-2764993437-2666828097-1001\\\\Device\\HarddiskVolume4\\Windows\\System32\\conhost.exe",
                       "Details":  "Binary Data"
                   },
                   {
                       "EventID":  13,
                       "TimeCreated":  "2026-06-07T22:01:00.8982331-04:00",
                       "Computer":  "DESKTOP-KCP6DQD",
                       "Channel":  "Microsoft-Windows-Sysmon/Operational",
                       "RecordId":  31842,
                       "ProviderName":  "Microsoft-Windows-Sysmon",
                       "RuleName":  "Deteccion_Persistencia_Registro",
                       "UtcTime":  "2026-06-08 02:01:00.897",
                       "ProcessGuid":  "{f9ed62ee-225c-6a26-a50e-000000009c00}",
                       "ProcessId":  "21876",
                       "Image":  "C:\\Program Files\\Git\\cmd\\git.exe",
                       "User":  "DESKTOP-KCP6DQD\\nueva",
                       "EventType":  "SetValue",
                       "TargetObject":  "HKLM\\System\\CurrentControlSet\\Services\\bam\\State\\UserSettings\\S-1-5-21-158180708-2764993437-2666828097-1001\\\\Device\\HarddiskVolume4\\Windows\\System32\\conhost.exe",
                       "Details":  "Binary Data"
                   },
                   {
                       "EventID":  13,
                       "TimeCreated":  "2026-06-07T22:01:00.8749075-04:00",
                       "Computer":  "DESKTOP-KCP6DQD",
                       "Channel":  "Microsoft-Windows-Sysmon/Operational",
                       "RecordId":  31841,
                       "ProviderName":  "Microsoft-Windows-Sysmon",
                       "RuleName":  "Deteccion_Persistencia_Registro",
                       "UtcTime":  "2026-06-08 02:01:00.874",
                       "ProcessGuid":  "{f9ed62ee-225b-6a26-a40e-000000009c00}",
                       "ProcessId":  "6704",
                       "Image":  "C:\\Users\\nueva\\AppData\\Local\\Programs\\Antigravity IDE\\Antigravity IDE.exe",
                       "User":  "DESKTOP-KCP6DQD\\nueva",
                       "EventType":  "SetValue",
                       "TargetObject":  "HKLM\\System\\CurrentControlSet\\Services\\bam\\State\\UserSettings\\S-1-5-21-158180708-2764993437-2666828097-1001\\\\Device\\HarddiskVolume4\\Users\\nueva\\AppData\\Local\\Programs\\Antigravity IDE\\Antigravity IDE.exe",
                       "Details":  "Binary Data"
                   },
                   {
                       "EventID":  13,
                       "TimeCreated":  "2026-06-07T22:00:59.6930946-04:00",
                       "Computer":  "DESKTOP-KCP6DQD",
                       "Channel":  "Microsoft-Windows-Sysmon/Operational",
                       "RecordId":  31840,
                       "ProviderName":  "Microsoft-Windows-Sysmon",
                       "RuleName":  "Deteccion_Persistencia_Registro",
                       "UtcTime":  "2026-06-08 02:00:59.691",
                       "ProcessGuid":  "{f9ed62ee-1f99-6a26-ea0d-000000009c00}",
                       "ProcessId":  "4480",
                       "Image":  "C:\\Users\\nueva\\AppData\\Local\\Programs\\Antigravity IDE\\Antigravity IDE.exe",
                       "User":  "DESKTOP-KCP6DQD\\nueva",
                       "EventType":  "SetValue",
                       "TargetObject":  "HKLM\\System\\CurrentControlSet\\Services\\bam\\State\\UserSettings\\S-1-5-21-158180708-2764993437-2666828097-1001\\\\Device\\HarddiskVolume4\\Users\\nueva\\AppData\\Local\\Programs\\Antigravity IDE\\Antigravity IDE.exe",
                       "Details":  "Binary Data"
                   },
                   {
                       "EventID":  12,
                       "TimeCreated":  "2026-06-07T22:00:55.9296223-04:00",
                       "Computer":  "DESKTOP-KCP6DQD",
                       "Channel":  "Microsoft-Windows-Sysmon/Operational",
                       "RecordId":  31839,
                       "ProviderName":  "Microsoft-Windows-Sysmon",
                       "RuleName":  "Deteccion_Persistencia_Registro",
                       "UtcTime":  "2026-06-08 02:00:55.915",
                       "ProcessGuid":  "{f9ed62ee-f03f-6a25-2f00-000000009c00}",
                       "ProcessId":  "2780",
                       "Image":  "C:\\WINDOWS\\system32\\svchost.exe",
                       "User":  "NT AUTHORITY\\Servicio de red",
                       "EventType":  "CreateKey",
                       "TargetObject":  "HKLM\\System\\CurrentControlSet\\Services\\Tcpip\\Parameters"
                   },
                   {
                       "EventID":  12,
                       "TimeCreated":  "2026-06-07T22:00:52.4024655-04:00",
                       "Computer":  "DESKTOP-KCP6DQD",
                       "Channel":  "Microsoft-Windows-Sysmon/Operational",
                       "RecordId":  31838,
                       "ProviderName":  "Microsoft-Windows-Sysmon",
                       "RuleName":  "Deteccion_Persistencia_Registro",
                       "UtcTime":  "2026-06-08 02:00:52.402",
                       "ProcessGuid":  "{f9ed62ee-f06c-6a25-4401-000000009c00}",
                       "ProcessId":  "11680",
                       "Image":  "C:\\WINDOWS\\system32\\sihost.exe",
                       "User":  "DESKTOP-KCP6DQD\\nueva",
                       "EventType":  "CreateKey",
                       "TargetObject":  "HKLM\\SOFTWARE\\WOW6432Node\\Microsoft\\Windows\\CurrentVersion\\Run"
                   },
                   {
                       "EventID":  13,
                       "TimeCreated":  "2026-06-07T22:00:52.3896554-04:00",
                       "Computer":  "DESKTOP-KCP6DQD",
                       "Channel":  "Microsoft-Windows-Sysmon/Operational",
                       "RecordId":  31837,
                       "ProviderName":  "Microsoft-Windows-Sysmon",
                       "RuleName":  "Deteccion_Persistencia_Registro",
                       "UtcTime":  "2026-06-08 02:00:52.389",
                       "ProcessGuid":  "{f9ed62ee-2254-6a26-a10e-000000009c00}",
                       "ProcessId":  "4536",
                       "Image":  "C:\\WINDOWS\\system32\\conhost.exe",
                       "User":  "DESKTOP-KCP6DQD\\nueva",
                       "EventType":  "SetValue",
                       "TargetObject":  "HKLM\\System\\CurrentControlSet\\Services\\bam\\State\\UserSettings\\S-1-5-21-158180708-2764993437-2666828097-1001\\\\Device\\HarddiskVolume4\\Windows\\System32\\conhost.exe",
                       "Details":  "Binary Data"
                   },
                   {
                       "EventID":  13,
                       "TimeCreated":  "2026-06-07T22:00:52.3021407-04:00",
                       "Computer":  "DESKTOP-KCP6DQD",
                       "Channel":  "Microsoft-Windows-Sysmon/Operational",
                       "RecordId":  31836,
                       "ProviderName":  "Microsoft-Windows-Sysmon",
                       "RuleName":  "Deteccion_Persistencia_Registro",
                       "UtcTime":  "2026-06-08 02:00:52.301",
                       "ProcessGuid":  "{f9ed62ee-2254-6a26-a00e-000000009c00}",
                       "ProcessId":  "4212",
                       "Image":  "C:\\Program Files\\Git\\cmd\\git.exe",
                       "User":  "DESKTOP-KCP6DQD\\nueva",
                       "EventType":  "SetValue",
                       "TargetObject":  "HKLM\\System\\CurrentControlSet\\Services\\bam\\State\\UserSettings\\S-1-5-21-158180708-2764993437-2666828097-1001\\\\Device\\HarddiskVolume4\\Windows\\System32\\conhost.exe",
                       "Details":  "Binary Data"
                   },
                   {
                       "EventID":  13,
                       "TimeCreated":  "2026-06-07T22:00:50.6957059-04:00",
                       "Computer":  "DESKTOP-KCP6DQD",
                       "Channel":  "Microsoft-Windows-Sysmon/Operational",
                       "RecordId":  31835,
                       "ProviderName":  "Microsoft-Windows-Sysmon",
                       "RuleName":  "Deteccion_Persistencia_Registro",
                       "UtcTime":  "2026-06-08 02:00:50.695",
                       "ProcessGuid":  "{f9ed62ee-1f99-6a26-ea0d-000000009c00}",
                       "ProcessId":  "4480",
                       "Image":  "C:\\Users\\nueva\\AppData\\Local\\Programs\\Antigravity IDE\\Antigravity IDE.exe",
                       "User":  "DESKTOP-KCP6DQD\\nueva",
                       "EventType":  "SetValue",
                       "TargetObject":  "HKLM\\System\\CurrentControlSet\\Services\\bam\\State\\UserSettings\\S-1-5-21-158180708-2764993437-2666828097-1001\\\\Device\\HarddiskVolume4\\Users\\nueva\\AppData\\Local\\Programs\\Antigravity IDE\\Antigravity IDE.exe",
                       "Details":  "Binary Data"
                   },
                   {
                       "EventID":  13,
                       "TimeCreated":  "2026-06-07T22:00:48.3024232-04:00",
                       "Computer":  "DESKTOP-KCP6DQD",
                       "Channel":  "Microsoft-Windows-Sysmon/Operational",
                       "RecordId":  31834,
                       "ProviderName":  "Microsoft-Windows-Sysmon",
                       "RuleName":  "Deteccion_Persistencia_Registro",
                       "UtcTime":  "2026-06-08 02:00:48.299",
                       "ProcessGuid":  "{f9ed62ee-f0b0-6a25-e701-000000009c00}",
                       "ProcessId":  "18792",
                       "Image":  "C:\\Program Files\\Google\\Chrome\\Application\\chrome.exe",
                       "User":  "DESKTOP-KCP6DQD\\nueva",
                       "EventType":  "SetValue",
                       "TargetObject":  "HKLM\\System\\CurrentControlSet\\Services\\bam\\State\\UserSettings\\S-1-5-21-158180708-2764993437-2666828097-1001\\\\Device\\HarddiskVolume4\\Program Files\\Google\\Chrome\\Application\\chrome.exe",
                       "Details":  "Binary Data"
                   },
                   {
                       "EventID":  12,
                       "TimeCreated":  "2026-06-07T22:00:42.3868832-04:00",
                       "Computer":  "DESKTOP-KCP6DQD",
                       "Channel":  "Microsoft-Windows-Sysmon/Operational",
                       "RecordId":  31833,
                       "ProviderName":  "Microsoft-Windows-Sysmon",
                       "RuleName":  "Deteccion_Persistencia_Registro",
                       "UtcTime":  "2026-06-08 02:00:42.386",
                       "ProcessGuid":  "{f9ed62ee-f06c-6a25-4401-000000009c00}",
                       "ProcessId":  "11680",
                       "Image":  "C:\\WINDOWS\\system32\\sihost.exe",
                       "User":  "DESKTOP-KCP6DQD\\nueva",
                       "EventType":  "CreateKey",
                       "TargetObject":  "HKLM\\SOFTWARE\\WOW6432Node\\Microsoft\\Windows\\CurrentVersion\\Run"
                   },
                   {
                       "EventID":  13,
                       "TimeCreated":  "2026-06-07T22:00:40.2488215-04:00",
                       "Computer":  "DESKTOP-KCP6DQD",
                       "Channel":  "Microsoft-Windows-Sysmon/Operational",
                       "RecordId":  31832,
                       "ProviderName":  "Microsoft-Windows-Sysmon",
                       "RuleName":  "Deteccion_Persistencia_Registro",
                       "UtcTime":  "2026-06-08 02:00:40.248",
                       "ProcessGuid":  "{f9ed62ee-f0a3-6a25-bf01-000000009c00}",
                       "ProcessId":  "17144",
                       "Image":  "C:\\Program Files (x86)\\Microsoft\\EdgeWebView\\Application\\148.0.3967.96\\msedgewebview2.exe",
                       "User":  "DESKTOP-KCP6DQD\\nueva",
                       "EventType":  "SetValue",
                       "TargetObject":  "HKLM\\System\\CurrentControlSet\\Services\\bam\\State\\UserSettings\\S-1-5-21-158180708-2764993437-2666828097-1001\\5319275A.WhatsAppDesktop_cv1g1gvanyjgm",
                       "Details":  "Binary Data"
                   },
                   {
                       "EventID":  12,
                       "TimeCreated":  "2026-06-07T22:00:35.9249336-04:00",
                       "Computer":  "DESKTOP-KCP6DQD",
                       "Channel":  "Microsoft-Windows-Sysmon/Operational",
                       "RecordId":  31831,
                       "ProviderName":  "Microsoft-Windows-Sysmon",
                       "RuleName":  "Deteccion_Persistencia_Registro",
                       "UtcTime":  "2026-06-08 02:00:35.923",
                       "ProcessGuid":  "{f9ed62ee-f03f-6a25-2f00-000000009c00}",
                       "ProcessId":  "2780",
                       "Image":  "C:\\WINDOWS\\system32\\svchost.exe",
                       "User":  "NT AUTHORITY\\Servicio de red",
                       "EventType":  "CreateKey",
                       "TargetObject":  "HKLM\\System\\CurrentControlSet\\Services\\Tcpip\\Parameters"
                   },
                   {
                       "EventID":  13,
                       "TimeCreated":  "2026-06-07T22:00:32.3786482-04:00",
                       "Computer":  "DESKTOP-KCP6DQD",
                       "Channel":  "Microsoft-Windows-Sysmon/Operational",
                       "RecordId":  31830,
                       "ProviderName":  "Microsoft-Windows-Sysmon",
                       "RuleName":  "Deteccion_Persistencia_Registro",
                       "UtcTime":  "2026-06-08 02:00:32.375",
                       "ProcessGuid":  "{f9ed62ee-20ba-6a26-750e-000000009c00}",
                       "ProcessId":  "13836",
                       "Image":  "C:\\Program Files\\Google\\Chrome\\Application\\chrome.exe",
                       "User":  "DESKTOP-KCP6DQD\\nueva",
                       "EventType":  "SetValue",
                       "TargetObject":  "HKLM\\System\\CurrentControlSet\\Services\\bam\\State\\UserSettings\\S-1-5-21-158180708-2764993437-2666828097-1001\\\\Device\\HarddiskVolume4\\Program Files\\Google\\Chrome\\Application\\chrome.exe",
                       "Details":  "Binary Data"
                   },
                   {
                       "EventID":  12,
                       "TimeCreated":  "2026-06-07T22:00:32.3748014-04:00",
                       "Computer":  "DESKTOP-KCP6DQD",
                       "Channel":  "Microsoft-Windows-Sysmon/Operational",
                       "RecordId":  31829,
                       "ProviderName":  "Microsoft-Windows-Sysmon",
                       "RuleName":  "Deteccion_Persistencia_Registro",
                       "UtcTime":  "2026-06-08 02:00:32.374",
                       "ProcessGuid":  "{f9ed62ee-f06c-6a25-4401-000000009c00}",
                       "ProcessId":  "11680",
                       "Image":  "C:\\WINDOWS\\system32\\sihost.exe",
                       "User":  "DESKTOP-KCP6DQD\\nueva",
                       "EventType":  "CreateKey",
                       "TargetObject":  "HKLM\\SOFTWARE\\WOW6432Node\\Microsoft\\Windows\\CurrentVersion\\Run"
                   },
                   {
                       "EventID":  12,
                       "TimeCreated":  "2026-06-07T22:00:22.3716216-04:00",
                       "Computer":  "DESKTOP-KCP6DQD",
                       "Channel":  "Microsoft-Windows-Sysmon/Operational",
                       "RecordId":  31828,
                       "ProviderName":  "Microsoft-Windows-Sysmon",
                       "RuleName":  "Deteccion_Persistencia_Registro",
                       "UtcTime":  "2026-06-08 02:00:22.371",
                       "ProcessGuid":  "{f9ed62ee-f06c-6a25-4401-000000009c00}",
                       "ProcessId":  "11680",
                       "Image":  "C:\\WINDOWS\\system32\\sihost.exe",
                       "User":  "DESKTOP-KCP6DQD\\nueva",
                       "EventType":  "CreateKey",
                       "TargetObject":  "HKLM\\SOFTWARE\\WOW6432Node\\Microsoft\\Windows\\CurrentVersion\\Run"
                   },
                   {
                       "EventID":  12,
                       "TimeCreated":  "2026-06-07T22:00:12.3687425-04:00",
                       "Computer":  "DESKTOP-KCP6DQD",
                       "Channel":  "Microsoft-Windows-Sysmon/Operational",
                       "RecordId":  31827,
                       "ProviderName":  "Microsoft-Windows-Sysmon",
                       "RuleName":  "Deteccion_Persistencia_Registro",
                       "UtcTime":  "2026-06-08 02:00:12.368",
                       "ProcessGuid":  "{f9ed62ee-f06c-6a25-4401-000000009c00}",
                       "ProcessId":  "11680",
                       "Image":  "C:\\WINDOWS\\system32\\sihost.exe",
                       "User":  "DESKTOP-KCP6DQD\\nueva",
                       "EventType":  "CreateKey",
                       "TargetObject":  "HKLM\\SOFTWARE\\WOW6432Node\\Microsoft\\Windows\\CurrentVersion\\Run"
                   },
                   {
                       "EventID":  13,
                       "TimeCreated":  "2026-06-07T22:00:12.2239038-04:00",
                       "Computer":  "DESKTOP-KCP6DQD",
                       "Channel":  "Microsoft-Windows-Sysmon/Operational",
                       "RecordId":  31826,
                       "ProviderName":  "Microsoft-Windows-Sysmon",
                       "RuleName":  "Deteccion_Persistencia_Registro",
                       "UtcTime":  "2026-06-08 02:00:12.223",
                       "ProcessGuid":  "{f9ed62ee-2226-6a26-990e-000000009c00}",
                       "ProcessId":  "14836",
                       "Image":  "C:\\WINDOWS\\system32\\DllHost.exe",
                       "User":  "DESKTOP-KCP6DQD\\nueva",
                       "EventType":  "SetValue",
                       "TargetObject":  "HKLM\\System\\CurrentControlSet\\Services\\bam\\State\\UserSettings\\S-1-5-21-158180708-2764993437-2666828097-1001\\\\Device\\HarddiskVolume4\\Windows\\System32\\dllhost.exe",
                       "Details":  "Binary Data"
                   },
                   {
                       "EventID":  12,
                       "TimeCreated":  "2026-06-07T22:00:07.9636881-04:00",
                       "Computer":  "DESKTOP-KCP6DQD",
                       "Channel":  "Microsoft-Windows-Sysmon/Operational",
                       "RecordId":  31825,
                       "ProviderName":  "Microsoft-Windows-Sysmon",
                       "RuleName":  "Deteccion_Persistencia_Registro",
                       "UtcTime":  "2026-06-08 02:00:07.963",
                       "ProcessGuid":  "{f9ed62ee-f03f-6a25-2f00-000000009c00}",
                       "ProcessId":  "2780",
                       "Image":  "C:\\WINDOWS\\system32\\svchost.exe",
                       "User":  "NT AUTHORITY\\Servicio de red",
                       "EventType":  "CreateKey",
                       "TargetObject":  "HKLM\\System\\CurrentControlSet\\Services\\Tcpip\\Parameters"
                   },
                   {
                       "EventID":  12,
                       "TimeCreated":  "2026-06-07T22:00:07.9625290-04:00",
                       "Computer":  "DESKTOP-KCP6DQD",
                       "Channel":  "Microsoft-Windows-Sysmon/Operational",
                       "RecordId":  31824,
                       "ProviderName":  "Microsoft-Windows-Sysmon",
                       "RuleName":  "Deteccion_Persistencia_Registro",
                       "UtcTime":  "2026-06-08 02:00:07.949",
                       "ProcessGuid":  "{f9ed62ee-2226-6a26-9a0e-000000009c00}",
                       "ProcessId":  "21656",
                       "Image":  "C:\\Program Files\\Microsoft OneDrive\\26.084.0504.0007\\FileCoAuth.exe",
                       "User":  "DESKTOP-KCP6DQD\\nueva",
                       "EventType":  "CreateKey",
                       "TargetObject":  "HKLM\\System\\CurrentControlSet\\Services\\Tcpip\\Parameters"
                   },
                   {
                       "EventID":  12,
                       "TimeCreated":  "2026-06-07T22:00:07.9623736-04:00",
                       "Computer":  "DESKTOP-KCP6DQD",
                       "Channel":  "Microsoft-Windows-Sysmon/Operational",
                       "RecordId":  31823,
                       "ProviderName":  "Microsoft-Windows-Sysmon",
                       "RuleName":  "Deteccion_Persistencia_Registro",
                       "UtcTime":  "2026-06-08 02:00:07.949",
                       "ProcessGuid":  "{f9ed62ee-2226-6a26-9a0e-000000009c00}",
                       "ProcessId":  "21656",
                       "Image":  "C:\\Program Files\\Microsoft OneDrive\\26.084.0504.0007\\FileCoAuth.exe",
                       "User":  "DESKTOP-KCP6DQD\\nueva",
                       "EventType":  "CreateKey",
                       "TargetObject":  "HKLM\\System\\CurrentControlSet\\Services\\Tcpip\\Parameters"
                   },
                   {
                       "EventID":  12,
                       "TimeCreated":  "2026-06-07T22:00:07.9622735-04:00",
                       "Computer":  "DESKTOP-KCP6DQD",
                       "Channel":  "Microsoft-Windows-Sysmon/Operational",
                       "RecordId":  31822,
                       "ProviderName":  "Microsoft-Windows-Sysmon",
                       "RuleName":  "Deteccion_Persistencia_Registro",
                       "UtcTime":  "2026-06-08 02:00:07.949",
                       "ProcessGuid":  "{f9ed62ee-2226-6a26-9a0e-000000009c00}",
                       "ProcessId":  "21656",
                       "Image":  "C:\\Program Files\\Microsoft OneDrive\\26.084.0504.0007\\FileCoAuth.exe",
                       "User":  "DESKTOP-KCP6DQD\\nueva",
                       "EventType":  "CreateKey",
                       "TargetObject":  "HKLM\\System\\CurrentControlSet\\Services\\Tcpip\\Parameters"
                   },
                   {
                       "EventID":  12,
                       "TimeCreated":  "2026-06-07T22:00:07.9622054-04:00",
                       "Computer":  "DESKTOP-KCP6DQD",
                       "Channel":  "Microsoft-Windows-Sysmon/Operational",
                       "RecordId":  31821,
                       "ProviderName":  "Microsoft-Windows-Sysmon",
                       "RuleName":  "Deteccion_Persistencia_Registro",
                       "UtcTime":  "2026-06-08 02:00:07.949",
                       "ProcessGuid":  "{f9ed62ee-2226-6a26-9a0e-000000009c00}",
                       "ProcessId":  "21656",
                       "Image":  "C:\\Program Files\\Microsoft OneDrive\\26.084.0504.0007\\FileCoAuth.exe",
                       "User":  "DESKTOP-KCP6DQD\\nueva",
                       "EventType":  "CreateKey",
                       "TargetObject":  "HKLM\\System\\CurrentControlSet\\Services\\Tcpip\\Parameters"
                   },
                   {
                       "EventID":  12,
                       "TimeCreated":  "2026-06-07T22:00:07.9620221-04:00",
                       "Computer":  "DESKTOP-KCP6DQD",
                       "Channel":  "Microsoft-Windows-Sysmon/Operational",
                       "RecordId":  31820,
                       "ProviderName":  "Microsoft-Windows-Sysmon",
                       "RuleName":  "Deteccion_Persistencia_Registro",
                       "UtcTime":  "2026-06-08 02:00:07.949",
                       "ProcessGuid":  "{f9ed62ee-2226-6a26-9a0e-000000009c00}",
                       "ProcessId":  "21656",
                       "Image":  "C:\\Program Files\\Microsoft OneDrive\\26.084.0504.0007\\FileCoAuth.exe",
                       "User":  "DESKTOP-KCP6DQD\\nueva",
                       "EventType":  "CreateKey",
                       "TargetObject":  "HKLM\\System\\CurrentControlSet\\Services\\Tcpip\\Parameters"
                   },
                   {
                       "EventID":  12,
                       "TimeCreated":  "2026-06-07T22:00:07.9619596-04:00",
                       "Computer":  "DESKTOP-KCP6DQD",
                       "Channel":  "Microsoft-Windows-Sysmon/Operational",
                       "RecordId":  31819,
                       "ProviderName":  "Microsoft-Windows-Sysmon",
                       "RuleName":  "Deteccion_Persistencia_Registro",
                       "UtcTime":  "2026-06-08 02:00:07.949",
                       "ProcessGuid":  "{f9ed62ee-2226-6a26-9a0e-000000009c00}",
                       "ProcessId":  "21656",
                       "Image":  "C:\\Program Files\\Microsoft OneDrive\\26.084.0504.0007\\FileCoAuth.exe",
                       "User":  "DESKTOP-KCP6DQD\\nueva",
                       "EventType":  "CreateKey",
                       "TargetObject":  "HKLM\\System\\CurrentControlSet\\Services\\Tcpip\\Parameters"
                   },
                   {
                       "EventID":  12,
                       "TimeCreated":  "2026-06-07T22:00:07.9618880-04:00",
                       "Computer":  "DESKTOP-KCP6DQD",
                       "Channel":  "Microsoft-Windows-Sysmon/Operational",
                       "RecordId":  31818,
                       "ProviderName":  "Microsoft-Windows-Sysmon",
                       "RuleName":  "Deteccion_Persistencia_Registro",
                       "UtcTime":  "2026-06-08 02:00:07.949",
                       "ProcessGuid":  "{f9ed62ee-2226-6a26-9a0e-000000009c00}",
                       "ProcessId":  "21656",
                       "Image":  "C:\\Program Files\\Microsoft OneDrive\\26.084.0504.0007\\FileCoAuth.exe",
                       "User":  "DESKTOP-KCP6DQD\\nueva",
                       "EventType":  "CreateKey",
                       "TargetObject":  "HKLM\\System\\CurrentControlSet\\Services\\Tcpip\\Parameters"
                   },
                   {
                       "EventID":  13,
                       "TimeCreated":  "2026-06-07T22:00:06.4418273-04:00",
                       "Computer":  "DESKTOP-KCP6DQD",
                       "Channel":  "Microsoft-Windows-Sysmon/Operational",
                       "RecordId":  31817,
                       "ProviderName":  "Microsoft-Windows-Sysmon",
                       "RuleName":  "Deteccion_Persistencia_Registro",
                       "UtcTime":  "2026-06-08 02:00:06.441",
                       "ProcessGuid":  "{f9ed62ee-f03e-6a25-0f00-000000009c00}",
                       "ProcessId":  "1420",
                       "Image":  "C:\\WINDOWS\\system32\\svchost.exe",
                       "User":  "NT AUTHORITY\\SYSTEM",
                       "EventType":  "SetValue",
                       "TargetObject":  "HKLM\\System\\CurrentControlSet\\Services\\bam\\State\\UserSettings\\S-1-5-21-158180708-2764993437-2666828097-1001\\\\Device\\HarddiskVolume4\\Windows\\System32\\dllhost.exe",
                       "Details":  "Binary Data"
                   },
                   {
                       "EventID":  13,
                       "TimeCreated":  "2026-06-07T22:00:04.9657480-04:00",
                       "Computer":  "DESKTOP-KCP6DQD",
                       "Channel":  "Microsoft-Windows-Sysmon/Operational",
                       "RecordId":  31816,
                       "ProviderName":  "Microsoft-Windows-Sysmon",
                       "RuleName":  "Deteccion_Persistencia_Registro",
                       "UtcTime":  "2026-06-08 02:00:04.964",
                       "ProcessGuid":  "{f9ed62ee-2220-6a26-920e-000000009c00}",
                       "ProcessId":  "13040",
                       "Image":  "C:\\Program Files\\WindowsApps\\Microsoft.ScreenSketch_11.2602.49.0_x64__8wekyb3d8bbwe\\SnippingTool\\SnippingTool.exe",
                       "User":  "DESKTOP-KCP6DQD\\nueva",
                       "EventType":  "SetValue",
                       "TargetObject":  "HKLM\\System\\CurrentControlSet\\Services\\bam\\State\\UserSettings\\S-1-5-21-158180708-2764993437-2666828097-1001\\Microsoft.ScreenSketch_8wekyb3d8bbwe",
                       "Details":  "Binary Data"
                   },
                   {
                       "EventID":  12,
                       "TimeCreated":  "2026-06-07T22:00:02.3611405-04:00",
                       "Computer":  "DESKTOP-KCP6DQD",
                       "Channel":  "Microsoft-Windows-Sysmon/Operational",
                       "RecordId":  31815,
                       "ProviderName":  "Microsoft-Windows-Sysmon",
                       "RuleName":  "Deteccion_Persistencia_Registro",
                       "UtcTime":  "2026-06-08 02:00:02.360",
                       "ProcessGuid":  "{f9ed62ee-f06c-6a25-4401-000000009c00}",
                       "ProcessId":  "11680",
                       "Image":  "C:\\WINDOWS\\system32\\sihost.exe",
                       "User":  "DESKTOP-KCP6DQD\\nueva",
                       "EventType":  "CreateKey",
                       "TargetObject":  "HKLM\\SOFTWARE\\WOW6432Node\\Microsoft\\Windows\\CurrentVersion\\Run"
                   },
