                   {
                       "EventID":  5,
                       "TimeCreated":  "2026-06-07T21:44:24.4404237-04:00",
                       "Computer":  "DESKTOP-KCP6DQD",
                       "Channel":  "Microsoft-Windows-Sysmon/Operational",
                       "RecordId":  31433,
                       "ProviderName":  "Microsoft-Windows-Sysmon",
                       "RuleName":  "-",
                       "UtcTime":  "2026-06-08 01:44:24.438",
                       "ProcessGuid":  "{f9ed62ee-1e59-6a26-c60d-000000009c00}",
                       "ProcessId":  "13504",
                       "Image":  "C:\\Program Files (x86)\\Intel\\Intel(R) Extreme Tuning Utility\\XtuService.exe",
                       "User":  "NT AUTHORITY\\SYSTEM"
                   },
                   {
                       "EventID":  5,
                       "TimeCreated":  "2026-06-07T21:44:24.1083639-04:00",
                       "Computer":  "DESKTOP-KCP6DQD",
                       "Channel":  "Microsoft-Windows-Sysmon/Operational",
                       "RecordId":  31432,
                       "ProviderName":  "Microsoft-Windows-Sysmon",
                       "RuleName":  "-",
                       "UtcTime":  "2026-06-08 01:44:24.106",
                       "ProcessGuid":  "{f9ed62ee-1e77-6a26-cb0d-000000009c00}",
                       "ProcessId":  "3020",
                       "Image":  "C:\\Windows\\System32\\WindowsPowerShell\\v1.0\\powershell.exe",
                       "User":  "DESKTOP-KCP6DQD\\nueva"
                   },
                   {
                       "EventID":  5,
                       "TimeCreated":  "2026-06-07T21:44:08.3574330-04:00",
                       "Computer":  "DESKTOP-KCP6DQD",
                       "Channel":  "Microsoft-Windows-Sysmon/Operational",
                       "RecordId":  31431,
                       "ProviderName":  "Microsoft-Windows-Sysmon",
                       "RuleName":  "-",
                       "UtcTime":  "2026-06-08 01:44:08.350",
                       "ProcessGuid":  "{f9ed62ee-1e68-6a26-c90d-000000009c00}",
                       "ProcessId":  "11900",
                       "Image":  "C:\\Windows\\System32\\WindowsPowerShell\\v1.0\\powershell.exe",
                       "User":  "DESKTOP-KCP6DQD\\nueva"
                   },
                   {
                       "EventID":  5,
                       "TimeCreated":  "2026-06-07T21:44:02.1100072-04:00",
                       "Computer":  "DESKTOP-KCP6DQD",
                       "Channel":  "Microsoft-Windows-Sysmon/Operational",
                       "RecordId":  31430,
                       "ProviderName":  "Microsoft-Windows-Sysmon",
                       "RuleName":  "-",
                       "UtcTime":  "2026-06-08 01:44:02.108",
                       "ProcessGuid":  "{f9ed62ee-1e43-6a26-c40d-000000009c00}",
                       "ProcessId":  "21600",
                       "Image":  "C:\\Program Files (x86)\\Intel\\Intel(R) Extreme Tuning Utility\\XtuService.exe",
                       "User":  "NT AUTHORITY\\SYSTEM"
                   },
                   {
                       "EventID":  5,
                       "TimeCreated":  "2026-06-07T21:43:39.8815370-04:00",
                       "Computer":  "DESKTOP-KCP6DQD",
                       "Channel":  "Microsoft-Windows-Sysmon/Operational",
                       "RecordId":  31429,
                       "ProviderName":  "Microsoft-Windows-Sysmon",
                       "RuleName":  "-",
                       "UtcTime":  "2026-06-08 01:43:39.876",
                       "ProcessGuid":  "{f9ed62ee-1e2c-6a26-c20d-000000009c00}",
                       "ProcessId":  "20152",
                       "Image":  "C:\\Program Files (x86)\\Intel\\Intel(R) Extreme Tuning Utility\\XtuService.exe",
                       "User":  "NT AUTHORITY\\SYSTEM"
                   },
                   {
                       "EventID":  5,
                       "TimeCreated":  "2026-06-07T21:43:17.5566307-04:00",
                       "Computer":  "DESKTOP-KCP6DQD",
                       "Channel":  "Microsoft-Windows-Sysmon/Operational",
                       "RecordId":  31428,
                       "ProviderName":  "Microsoft-Windows-Sysmon",
                       "RuleName":  "-",
                       "UtcTime":  "2026-06-08 01:43:17.554",
                       "ProcessGuid":  "{f9ed62ee-1e16-6a26-c00d-000000009c00}",
                       "ProcessId":  "21872",
                       "Image":  "C:\\Program Files (x86)\\Intel\\Intel(R) Extreme Tuning Utility\\XtuService.exe",
                       "User":  "NT AUTHORITY\\SYSTEM"
                   },
                   {
                       "EventID":  5,
                       "TimeCreated":  "2026-06-07T21:42:55.3452420-04:00",
                       "Computer":  "DESKTOP-KCP6DQD",
                       "Channel":  "Microsoft-Windows-Sysmon/Operational",
                       "RecordId":  31427,
                       "ProviderName":  "Microsoft-Windows-Sysmon",
                       "RuleName":  "-",
                       "UtcTime":  "2026-06-08 01:42:55.339",
                       "ProcessGuid":  "{f9ed62ee-1e00-6a26-b90d-000000009c00}",
                       "ProcessId":  "3888",
                       "Image":  "C:\\Program Files (x86)\\Intel\\Intel(R) Extreme Tuning Utility\\XtuService.exe",
                       "User":  "NT AUTHORITY\\SYSTEM"
                   },
                   {
                       "EventID":  5,
                       "TimeCreated":  "2026-06-07T21:42:44.6427958-04:00",
                       "Computer":  "DESKTOP-KCP6DQD",
                       "Channel":  "Microsoft-Windows-Sysmon/Operational",
                       "RecordId":  31426,
                       "ProviderName":  "Microsoft-Windows-Sysmon",
                       "RuleName":  "-",
                       "UtcTime":  "2026-06-08 01:42:44.640",
                       "ProcessGuid":  "{f9ed62ee-1a4f-6a26-270d-000000009c00}",
                       "ProcessId":  "18540",
                       "Image":  "C:\\Windows\\System32\\audiodg.exe",
                       "User":  "NT AUTHORITY\\SERVICIO LOCAL"
                   },
                   {
                       "EventID":  5,
                       "TimeCreated":  "2026-06-07T21:42:44.2287028-04:00",
                       "Computer":  "DESKTOP-KCP6DQD",
                       "Channel":  "Microsoft-Windows-Sysmon/Operational",
                       "RecordId":  31425,
                       "ProviderName":  "Microsoft-Windows-Sysmon",
                       "RuleName":  "-",
                       "UtcTime":  "2026-06-08 01:42:44.226",
                       "ProcessGuid":  "{f9ed62ee-1e0d-6a26-bd0d-000000009c00}",
                       "ProcessId":  "22440",
                       "Image":  "C:\\Program Files\\Microsoft OneDrive\\26.084.0504.0007\\FileCoAuth.exe",
                       "User":  "DESKTOP-KCP6DQD\\nueva"
                   },
                   {
                       "EventID":  5,
                       "TimeCreated":  "2026-06-07T21:42:33.0436515-04:00",
                       "Computer":  "DESKTOP-KCP6DQD",
                       "Channel":  "Microsoft-Windows-Sysmon/Operational",
                       "RecordId":  31424,
                       "ProviderName":  "Microsoft-Windows-Sysmon",
                       "RuleName":  "-",
                       "UtcTime":  "2026-06-08 01:42:33.043",
                       "ProcessGuid":  "{f9ed62ee-1de9-6a26-b60d-000000009c00}",
                       "ProcessId":  "5316",
                       "Image":  "C:\\Program Files (x86)\\Intel\\Intel(R) Extreme Tuning Utility\\XtuService.exe",
                       "User":  "NT AUTHORITY\\SYSTEM"
                   },
                   {
                       "EventID":  5,
                       "TimeCreated":  "2026-06-07T21:42:10.8946292-04:00",
                       "Computer":  "DESKTOP-KCP6DQD",
                       "Channel":  "Microsoft-Windows-Sysmon/Operational",
                       "RecordId":  31423,
                       "ProviderName":  "Microsoft-Windows-Sysmon",
                       "RuleName":  "-",
                       "UtcTime":  "2026-06-08 01:42:10.893",
                       "ProcessGuid":  "{f9ed62ee-1dd3-6a26-b40d-000000009c00}",
                       "ProcessId":  "14112",
                       "Image":  "C:\\Program Files (x86)\\Intel\\Intel(R) Extreme Tuning Utility\\XtuService.exe",
                       "User":  "NT AUTHORITY\\SYSTEM"
                   },
                   {
                       "EventID":  5,
                       "TimeCreated":  "2026-06-07T21:42:07.2168014-04:00",
                       "Computer":  "DESKTOP-KCP6DQD",
                       "Channel":  "Microsoft-Windows-Sysmon/Operational",
                       "RecordId":  31422,
                       "ProviderName":  "Microsoft-Windows-Sysmon",
                       "RuleName":  "-",
                       "UtcTime":  "2026-06-08 01:42:07.216",
                       "ProcessGuid":  "{f9ed62ee-0dd9-6a26-fd09-000000009c00}",
                       "ProcessId":  "20676",
                       "Image":  "C:\\Users\\nueva\\AppData\\Local\\ms-playwright-go\\1.57.0\\node.exe",
                       "User":  "DESKTOP-KCP6DQD\\nueva"
                   },
                   {
                       "EventID":  5,
                       "TimeCreated":  "2026-06-07T21:42:07.1229842-04:00",
                       "Computer":  "DESKTOP-KCP6DQD",
                       "Channel":  "Microsoft-Windows-Sysmon/Operational",
                       "RecordId":  31421,
                       "ProviderName":  "Microsoft-Windows-Sysmon",
                       "RuleName":  "-",
                       "UtcTime":  "2026-06-08 01:42:07.119",
                       "ProcessGuid":  "{f9ed62ee-fde7-6a25-2b06-000000009c00}",
                       "ProcessId":  "10276",
                       "Image":  "C:\\Users\\nueva\\AppData\\Local\\Programs\\Antigravity IDE\\Antigravity IDE.exe",
                       "User":  "DESKTOP-KCP6DQD\\nueva"
                   },
                   {
                       "EventID":  5,
                       "TimeCreated":  "2026-06-07T21:42:07.0872698-04:00",
                       "Computer":  "DESKTOP-KCP6DQD",
                       "Channel":  "Microsoft-Windows-Sysmon/Operational",
                       "RecordId":  31420,
                       "ProviderName":  "Microsoft-Windows-Sysmon",
                       "RuleName":  "-",
                       "UtcTime":  "2026-06-08 01:42:07.086",
                       "ProcessGuid":  "{f9ed62ee-fde9-6a25-3106-000000009c00}",
                       "ProcessId":  "13196",
                       "Image":  "C:\\Users\\nueva\\AppData\\Local\\Programs\\Antigravity IDE\\resources\\app\\extensions\\antigravity\\bin\\language_server_windows_x64.exe",
                       "User":  "DESKTOP-KCP6DQD\\nueva"
                   },
                   {
                       "EventID":  5,
                       "TimeCreated":  "2026-06-07T21:42:07.0834994-04:00",
                       "Computer":  "DESKTOP-KCP6DQD",
                       "Channel":  "Microsoft-Windows-Sysmon/Operational",
                       "RecordId":  31419,
                       "ProviderName":  "Microsoft-Windows-Sysmon",
                       "RuleName":  "-",
                       "UtcTime":  "2026-06-08 01:42:07.082",
                       "ProcessGuid":  "{f9ed62ee-fde3-6a25-2906-000000009c00}",
                       "ProcessId":  "11484",
                       "Image":  "C:\\Users\\nueva\\AppData\\Local\\Programs\\Antigravity IDE\\Antigravity IDE.exe",
                       "User":  "DESKTOP-KCP6DQD\\nueva"
                   },
                   {
                       "EventID":  5,
                       "TimeCreated":  "2026-06-07T21:42:06.9767603-04:00",
                       "Computer":  "DESKTOP-KCP6DQD",
                       "Channel":  "Microsoft-Windows-Sysmon/Operational",
                       "RecordId":  31418,
                       "ProviderName":  "Microsoft-Windows-Sysmon",
                       "RuleName":  "-",
                       "UtcTime":  "2026-06-08 01:42:06.969",
                       "ProcessGuid":  "{f9ed62ee-fde7-6a25-2c06-000000009c00}",
                       "ProcessId":  "5196",
                       "Image":  "C:\\Users\\nueva\\AppData\\Local\\Programs\\Antigravity IDE\\Antigravity IDE.exe",
                       "User":  "DESKTOP-KCP6DQD\\nueva"
                   },
                   {
                       "EventID":  5,
                       "TimeCreated":  "2026-06-07T21:42:06.9112156-04:00",
                       "Computer":  "DESKTOP-KCP6DQD",
                       "Channel":  "Microsoft-Windows-Sysmon/Operational",
                       "RecordId":  31417,
                       "ProviderName":  "Microsoft-Windows-Sysmon",
                       "RuleName":  "-",
                       "UtcTime":  "2026-06-08 01:42:06.908",
                       "ProcessGuid":  "{f9ed62ee-fdef-6a25-3906-000000009c00}",
                       "ProcessId":  "12632",
                       "Image":  "C:\\Users\\nueva\\AppData\\Local\\Programs\\Antigravity IDE\\Antigravity IDE.exe",
                       "User":  "DESKTOP-KCP6DQD\\nueva"
                   },
                   {
                       "EventID":  5,
                       "TimeCreated":  "2026-06-07T21:42:06.9052571-04:00",
                       "Computer":  "DESKTOP-KCP6DQD",
                       "Channel":  "Microsoft-Windows-Sysmon/Operational",
                       "RecordId":  31416,
                       "ProviderName":  "Microsoft-Windows-Sysmon",
                       "RuleName":  "-",
                       "UtcTime":  "2026-06-08 01:42:06.905",
                       "ProcessGuid":  "{f9ed62ee-fdef-6a25-3a06-000000009c00}",
                       "ProcessId":  "13248",
                       "Image":  "C:\\Users\\nueva\\AppData\\Local\\Programs\\Antigravity IDE\\Antigravity IDE.exe",
                       "User":  "DESKTOP-KCP6DQD\\nueva"
                   },
                   {
                       "EventID":  5,
                       "TimeCreated":  "2026-06-07T21:42:06.8932770-04:00",
                       "Computer":  "DESKTOP-KCP6DQD",
                       "Channel":  "Microsoft-Windows-Sysmon/Operational",
                       "RecordId":  31415,
                       "ProviderName":  "Microsoft-Windows-Sysmon",
                       "RuleName":  "-",
                       "UtcTime":  "2026-06-08 01:42:06.892",
                       "ProcessGuid":  "{f9ed62ee-fde7-6a25-2d06-000000009c00}",
                       "ProcessId":  "428",
                       "Image":  "C:\\Users\\nueva\\AppData\\Local\\Programs\\Antigravity IDE\\Antigravity IDE.exe",
                       "User":  "DESKTOP-KCP6DQD\\nueva"
                   },
                   {
                       "EventID":  5,
                       "TimeCreated":  "2026-06-07T21:42:06.8354156-04:00",
                       "Computer":  "DESKTOP-KCP6DQD",
                       "Channel":  "Microsoft-Windows-Sysmon/Operational",
                       "RecordId":  31414,
                       "ProviderName":  "Microsoft-Windows-Sysmon",
                       "RuleName":  "-",
                       "UtcTime":  "2026-06-08 01:42:06.834",
                       "ProcessGuid":  "{f9ed62ee-1dee-6a26-b80d-000000009c00}",
                       "ProcessId":  "3440",
                       "Image":  "C:\\Users\\nueva\\AppData\\Local\\Programs\\Antigravity IDE\\Antigravity IDE.exe",
                       "User":  "DESKTOP-KCP6DQD\\nueva"
                   },
                   {
                       "EventID":  5,
                       "TimeCreated":  "2026-06-07T21:42:06.8313866-04:00",
                       "Computer":  "DESKTOP-KCP6DQD",
                       "Channel":  "Microsoft-Windows-Sysmon/Operational",
                       "RecordId":  31413,
                       "ProviderName":  "Microsoft-Windows-Sysmon",
                       "RuleName":  "-",
                       "UtcTime":  "2026-06-08 01:42:06.830",
                       "ProcessGuid":  "{f9ed62ee-fdf0-6a25-3b06-000000009c00}",
                       "ProcessId":  "14084",
                       "Image":  "C:\\Users\\nueva\\AppData\\Local\\Programs\\Antigravity IDE\\Antigravity IDE.exe",
                       "User":  "DESKTOP-KCP6DQD\\nueva"
                   },
                   {
                       "EventID":  5,
                       "TimeCreated":  "2026-06-07T21:42:06.8259403-04:00",
                       "Computer":  "DESKTOP-KCP6DQD",
                       "Channel":  "Microsoft-Windows-Sysmon/Operational",
                       "RecordId":  31412,
                       "ProviderName":  "Microsoft-Windows-Sysmon",
                       "RuleName":  "-",
                       "UtcTime":  "2026-06-08 01:42:06.825",
                       "ProcessGuid":  "{f9ed62ee-fdf0-6a25-4106-000000009c00}",
                       "ProcessId":  "11816",
                       "Image":  "C:\\Users\\nueva\\AppData\\Local\\Programs\\Antigravity IDE\\Antigravity IDE.exe",
                       "User":  "DESKTOP-KCP6DQD\\nueva"
                   },
                   {
                       "EventID":  5,
                       "TimeCreated":  "2026-06-07T21:42:06.7184599-04:00",
                       "Computer":  "DESKTOP-KCP6DQD",
                       "Channel":  "Microsoft-Windows-Sysmon/Operational",
                       "RecordId":  31411,
                       "ProviderName":  "Microsoft-Windows-Sysmon",
                       "RuleName":  "-",
                       "UtcTime":  "2026-06-08 01:42:06.718",
                       "ProcessGuid":  "{f9ed62ee-fe7c-6a25-4b07-000000009c00}",
                       "ProcessId":  "21416",
                       "Image":  "C:\\Windows\\System32\\WindowsPowerShell\\v1.0\\powershell.exe",
                       "User":  "DESKTOP-KCP6DQD\\nueva"
                   },
                   {
                       "EventID":  5,
                       "TimeCreated":  "2026-06-07T21:42:06.6882684-04:00",
                       "Computer":  "DESKTOP-KCP6DQD",
                       "Channel":  "Microsoft-Windows-Sysmon/Operational",
                       "RecordId":  31410,
                       "ProviderName":  "Microsoft-Windows-Sysmon",
                       "RuleName":  "-",
                       "UtcTime":  "2026-06-08 01:42:06.686",
                       "ProcessGuid":  "{f9ed62ee-fe7a-6a25-3907-000000009c00}",
                       "ProcessId":  "21996",
                       "Image":  "C:\\Users\\nueva\\AppData\\Local\\Programs\\Antigravity IDE\\Antigravity IDE.exe",
                       "User":  "DESKTOP-KCP6DQD\\nueva"
                   },
                   {
                       "EventID":  5,
                       "TimeCreated":  "2026-06-07T21:42:06.5988037-04:00",
                       "Computer":  "DESKTOP-KCP6DQD",
                       "Channel":  "Microsoft-Windows-Sysmon/Operational",
                       "RecordId":  31409,
                       "ProviderName":  "Microsoft-Windows-Sysmon",
                       "RuleName":  "-",
                       "UtcTime":  "2026-06-08 01:42:06.598",
                       "ProcessGuid":  "{f9ed62ee-fdea-6a25-3306-000000009c00}",
                       "ProcessId":  "3224",
                       "Image":  "C:\\Users\\nueva\\AppData\\Local\\Programs\\Antigravity IDE\\Antigravity IDE.exe",
                       "User":  "DESKTOP-KCP6DQD\\nueva"
                   },
                   {
                       "EventID":  5,
                       "TimeCreated":  "2026-06-07T21:42:06.5738762-04:00",
                       "Computer":  "DESKTOP-KCP6DQD",
                       "Channel":  "Microsoft-Windows-Sysmon/Operational",
                       "RecordId":  31408,
                       "ProviderName":  "Microsoft-Windows-Sysmon",
                       "RuleName":  "-",
                       "UtcTime":  "2026-06-08 01:42:06.572",
                       "ProcessGuid":  "{f9ed62ee-fde8-6a25-3006-000000009c00}",
                       "ProcessId":  "5776",
                       "Image":  "C:\\Users\\nueva\\AppData\\Local\\Programs\\Antigravity IDE\\Antigravity IDE.exe",
                       "User":  "DESKTOP-KCP6DQD\\nueva"
                   },
                   {
                       "EventID":  5,
                       "TimeCreated":  "2026-06-07T21:42:06.5211862-04:00",
                       "Computer":  "DESKTOP-KCP6DQD",
                       "Channel":  "Microsoft-Windows-Sysmon/Operational",
                       "RecordId":  31407,
                       "ProviderName":  "Microsoft-Windows-Sysmon",
                       "RuleName":  "-",
                       "UtcTime":  "2026-06-08 01:42:06.517",
                       "ProcessGuid":  "{f9ed62ee-0423-6a26-7108-000000009c00}",
                       "ProcessId":  "19628",
                       "Image":  "C:\\Users\\nueva\\AppData\\Local\\Programs\\Antigravity IDE\\resources\\app\\extensions\\antigravity\\bin\\language_server_windows_x64.exe",
                       "User":  "DESKTOP-KCP6DQD\\nueva"
                   },
                   {
                       "EventID":  5,
                       "TimeCreated":  "2026-06-07T21:42:06.5211350-04:00",
                       "Computer":  "DESKTOP-KCP6DQD",
                       "Channel":  "Microsoft-Windows-Sysmon/Operational",
                       "RecordId":  31406,
                       "ProviderName":  "Microsoft-Windows-Sysmon",
                       "RuleName":  "-",
                       "UtcTime":  "2026-06-08 01:42:06.516",
                       "ProcessGuid":  "{f9ed62ee-0de1-6a26-230a-000000009c00}",
                       "ProcessId":  "14304",
                       "Image":  "C:\\Users\\nueva\\AppData\\Local\\Programs\\Antigravity IDE\\Antigravity IDE.exe",
                       "User":  "DESKTOP-KCP6DQD\\nueva"
                   },
                   {
                       "EventID":  5,
                       "TimeCreated":  "2026-06-07T21:42:06.5078083-04:00",
                       "Computer":  "DESKTOP-KCP6DQD",
                       "Channel":  "Microsoft-Windows-Sysmon/Operational",
                       "RecordId":  31405,
                       "ProviderName":  "Microsoft-Windows-Sysmon",
                       "RuleName":  "-",
                       "UtcTime":  "2026-06-08 01:42:06.506",
                       "ProcessGuid":  "{f9ed62ee-fe7a-6a25-3a07-000000009c00}",
                       "ProcessId":  "20556",
                       "Image":  "C:\\Users\\nueva\\AppData\\Local\\Programs\\Antigravity IDE\\Antigravity IDE.exe",
                       "User":  "DESKTOP-KCP6DQD\\nueva"
                   },
                   {
                       "EventID":  5,
                       "TimeCreated":  "2026-06-07T21:42:06.4410649-04:00",
                       "Computer":  "DESKTOP-KCP6DQD",
                       "Channel":  "Microsoft-Windows-Sysmon/Operational",
                       "RecordId":  31404,
                       "ProviderName":  "Microsoft-Windows-Sysmon",
                       "RuleName":  "-",
                       "UtcTime":  "2026-06-08 01:42:06.440",
                       "ProcessGuid":  "{f9ed62ee-0941-6a26-3f09-000000009c00}",
                       "ProcessId":  "18236",
                       "Image":  "C:\\Users\\nueva\\AppData\\Local\\Programs\\Antigravity IDE\\Antigravity IDE.exe",
                       "User":  "DESKTOP-KCP6DQD\\nueva"
                   },
                   {
                       "EventID":  5,
                       "TimeCreated":  "2026-06-07T21:41:48.5851376-04:00",
                       "Computer":  "DESKTOP-KCP6DQD",
                       "Channel":  "Microsoft-Windows-Sysmon/Operational",
                       "RecordId":  31403,
                       "ProviderName":  "Microsoft-Windows-Sysmon",
                       "RuleName":  "-",
                       "UtcTime":  "2026-06-08 01:41:48.584",
                       "ProcessGuid":  "{f9ed62ee-1dbd-6a26-b30d-000000009c00}",
                       "ProcessId":  "15340",
                       "Image":  "C:\\Program Files (x86)\\Intel\\Intel(R) Extreme Tuning Utility\\XtuService.exe",
                       "User":  "NT AUTHORITY\\SYSTEM"
                   },
                   {
                       "EventID":  5,
                       "TimeCreated":  "2026-06-07T21:41:26.1737747-04:00",
                       "Computer":  "DESKTOP-KCP6DQD",
                       "Channel":  "Microsoft-Windows-Sysmon/Operational",
                       "RecordId":  31402,
                       "ProviderName":  "Microsoft-Windows-Sysmon",
                       "RuleName":  "-",
                       "UtcTime":  "2026-06-08 01:41:26.172",
                       "ProcessGuid":  "{f9ed62ee-1da7-6a26-b20d-000000009c00}",
                       "ProcessId":  "3792",
                       "Image":  "C:\\Program Files (x86)\\Intel\\Intel(R) Extreme Tuning Utility\\XtuService.exe",
                       "User":  "NT AUTHORITY\\SYSTEM"
                   },
                   {
                       "EventID":  5,
                       "TimeCreated":  "2026-06-07T21:41:03.7802096-04:00",
                       "Computer":  "DESKTOP-KCP6DQD",
                       "Channel":  "Microsoft-Windows-Sysmon/Operational",
                       "RecordId":  31401,
                       "ProviderName":  "Microsoft-Windows-Sysmon",
                       "RuleName":  "-",
                       "UtcTime":  "2026-06-08 01:41:03.780",
                       "ProcessGuid":  "{f9ed62ee-1d90-6a26-b00d-000000009c00}",
                       "ProcessId":  "3812",
                       "Image":  "C:\\Program Files (x86)\\Intel\\Intel(R) Extreme Tuning Utility\\XtuService.exe",
                       "User":  "NT AUTHORITY\\SYSTEM"
                   },
                   {
                       "EventID":  5,
                       "TimeCreated":  "2026-06-07T21:40:41.4589540-04:00",
                       "Computer":  "DESKTOP-KCP6DQD",
                       "Channel":  "Microsoft-Windows-Sysmon/Operational",
                       "RecordId":  31400,
                       "ProviderName":  "Microsoft-Windows-Sysmon",
                       "RuleName":  "-",
                       "UtcTime":  "2026-06-08 01:40:41.456",
                       "ProcessGuid":  "{f9ed62ee-1d7a-6a26-ae0d-000000009c00}",
                       "ProcessId":  "13996",
                       "Image":  "C:\\Program Files (x86)\\Intel\\Intel(R) Extreme Tuning Utility\\XtuService.exe",
                       "User":  "NT AUTHORITY\\SYSTEM"
                   },
                   {
                       "EventID":  5,
                       "TimeCreated":  "2026-06-07T21:40:19.2186501-04:00",
                       "Computer":  "DESKTOP-KCP6DQD",
                       "Channel":  "Microsoft-Windows-Sysmon/Operational",
                       "RecordId":  31399,
                       "ProviderName":  "Microsoft-Windows-Sysmon",
                       "RuleName":  "-",
                       "UtcTime":  "2026-06-08 01:40:19.218",
                       "ProcessGuid":  "{f9ed62ee-1d64-6a26-ad0d-000000009c00}",
                       "ProcessId":  "14320",
                       "Image":  "C:\\Program Files (x86)\\Intel\\Intel(R) Extreme Tuning Utility\\XtuService.exe",
                       "User":  "NT AUTHORITY\\SYSTEM"
                   },
                   {
                       "EventID":  5,
                       "TimeCreated":  "2026-06-07T21:39:57.0638441-04:00",
                       "Computer":  "DESKTOP-KCP6DQD",
                       "Channel":  "Microsoft-Windows-Sysmon/Operational",
                       "RecordId":  31398,
                       "ProviderName":  "Microsoft-Windows-Sysmon",
                       "RuleName":  "-",
                       "UtcTime":  "2026-06-08 01:39:57.059",
                       "ProcessGuid":  "{f9ed62ee-1d4d-6a26-aa0d-000000009c00}",
                       "ProcessId":  "21876",
                       "Image":  "C:\\Program Files (x86)\\Intel\\Intel(R) Extreme Tuning Utility\\XtuService.exe",
                       "User":  "NT AUTHORITY\\SYSTEM"
                   },
                   {
                       "EventID":  5,
                       "TimeCreated":  "2026-06-07T21:39:48.6400375-04:00",
                       "Computer":  "DESKTOP-KCP6DQD",
                       "Channel":  "Microsoft-Windows-Sysmon/Operational",
                       "RecordId":  31397,
                       "ProviderName":  "Microsoft-Windows-Sysmon",
                       "RuleName":  "-",
                       "UtcTime":  "2026-06-08 01:39:48.635",
                       "ProcessGuid":  "{f9ed62ee-1c3e-6a26-7f0d-000000009c00}",
                       "ProcessId":  "17124",
                       "Image":  "C:\\Windows\\System32\\SearchProtocolHost.exe",
                       "User":  "NT AUTHORITY\\SYSTEM"
                   },
                   {
                       "EventID":  5,
                       "TimeCreated":  "2026-06-07T21:39:46.2334081-04:00",
                       "Computer":  "DESKTOP-KCP6DQD",
                       "Channel":  "Microsoft-Windows-Sysmon/Operational",
                       "RecordId":  31396,
                       "ProviderName":  "Microsoft-Windows-Sysmon",
                       "RuleName":  "-",
                       "UtcTime":  "2026-06-08 01:39:46.228",
                       "ProcessGuid":  "{f9ed62ee-1c3e-6a26-800d-000000009c00}",
                       "ProcessId":  "10712",
                       "Image":  "C:\\Windows\\System32\\SearchFilterHost.exe",
                       "User":  "NT AUTHORITY\\SYSTEM"
                   },
                   {
                       "EventID":  5,
                       "TimeCreated":  "2026-06-07T21:39:46.2219381-04:00",
                       "Computer":  "DESKTOP-KCP6DQD",
                       "Channel":  "Microsoft-Windows-Sysmon/Operational",
                       "RecordId":  31395,
                       "ProviderName":  "Microsoft-Windows-Sysmon",
                       "RuleName":  "-",
                       "UtcTime":  "2026-06-08 01:39:46.211",
                       "ProcessGuid":  "{f9ed62ee-1c3e-6a26-820d-000000009c00}",
                       "ProcessId":  "1132",
                       "Image":  "C:\\Windows\\System32\\SearchFilterHost.exe",
                       "User":  "NT AUTHORITY\\SYSTEM"
                   },
                   {
                       "EventID":  5,
                       "TimeCreated":  "2026-06-07T21:39:34.6894347-04:00",
                       "Computer":  "DESKTOP-KCP6DQD",
                       "Channel":  "Microsoft-Windows-Sysmon/Operational",
                       "RecordId":  31394,
                       "ProviderName":  "Microsoft-Windows-Sysmon",
                       "RuleName":  "-",
                       "UtcTime":  "2026-06-08 01:39:34.689",
                       "ProcessGuid":  "{f9ed62ee-1d37-6a26-a90d-000000009c00}",
                       "ProcessId":  "22332",
                       "Image":  "C:\\Program Files (x86)\\Intel\\Intel(R) Extreme Tuning Utility\\XtuService.exe",
                       "User":  "NT AUTHORITY\\SYSTEM"
                   },
                   {
                       "EventID":  5,
                       "TimeCreated":  "2026-06-07T21:39:12.4625206-04:00",
                       "Computer":  "DESKTOP-KCP6DQD",
                       "Channel":  "Microsoft-Windows-Sysmon/Operational",
                       "RecordId":  31393,
                       "ProviderName":  "Microsoft-Windows-Sysmon",
                       "RuleName":  "-",
                       "UtcTime":  "2026-06-08 01:39:12.459",
                       "ProcessGuid":  "{f9ed62ee-1d21-6a26-a70d-000000009c00}",
                       "ProcessId":  "21688",
                       "Image":  "C:\\Program Files (x86)\\Intel\\Intel(R) Extreme Tuning Utility\\XtuService.exe",
                       "User":  "NT AUTHORITY\\SYSTEM"
                   },
                   {
                       "EventID":  5,
                       "TimeCreated":  "2026-06-07T21:38:50.2329610-04:00",
                       "Computer":  "DESKTOP-KCP6DQD",
                       "Channel":  "Microsoft-Windows-Sysmon/Operational",
                       "RecordId":  31392,
                       "ProviderName":  "Microsoft-Windows-Sysmon",
                       "RuleName":  "-",
                       "UtcTime":  "2026-06-08 01:38:50.231",
                       "ProcessGuid":  "{f9ed62ee-1d0b-6a26-a40d-000000009c00}",
                       "ProcessId":  "14092",
                       "Image":  "C:\\Program Files (x86)\\Intel\\Intel(R) Extreme Tuning Utility\\XtuService.exe",
                       "User":  "NT AUTHORITY\\SYSTEM"
                   },
                   {
                       "EventID":  5,
                       "TimeCreated":  "2026-06-07T21:38:27.8606700-04:00",
                       "Computer":  "DESKTOP-KCP6DQD",
                       "Channel":  "Microsoft-Windows-Sysmon/Operational",
                       "RecordId":  31391,
                       "ProviderName":  "Microsoft-Windows-Sysmon",
                       "RuleName":  "-",
                       "UtcTime":  "2026-06-08 01:38:27.858",
                       "ProcessGuid":  "{f9ed62ee-1cf4-6a26-a30d-000000009c00}",
                       "ProcessId":  "12956",
                       "Image":  "C:\\Program Files (x86)\\Intel\\Intel(R) Extreme Tuning Utility\\XtuService.exe",
                       "User":  "NT AUTHORITY\\SYSTEM"
                   },
                   {
                       "EventID":  5,
                       "TimeCreated":  "2026-06-07T21:38:05.5514869-04:00",
                       "Computer":  "DESKTOP-KCP6DQD",
                       "Channel":  "Microsoft-Windows-Sysmon/Operational",
                       "RecordId":  31390,
                       "ProviderName":  "Microsoft-Windows-Sysmon",
                       "RuleName":  "-",
                       "UtcTime":  "2026-06-08 01:38:05.551",
                       "ProcessGuid":  "{f9ed62ee-1cde-6a26-9e0d-000000009c00}",
                       "ProcessId":  "3956",
                       "Image":  "C:\\Program Files (x86)\\Intel\\Intel(R) Extreme Tuning Utility\\XtuService.exe",
                       "User":  "NT AUTHORITY\\SYSTEM"
                   },
                   {
                       "EventID":  5,
                       "TimeCreated":  "2026-06-07T21:37:43.2746273-04:00",
                       "Computer":  "DESKTOP-KCP6DQD",
                       "Channel":  "Microsoft-Windows-Sysmon/Operational",
                       "RecordId":  31389,
                       "ProviderName":  "Microsoft-Windows-Sysmon",
                       "RuleName":  "-",
                       "UtcTime":  "2026-06-08 01:37:43.272",
                       "ProcessGuid":  "{f9ed62ee-1cc8-6a26-9a0d-000000009c00}",
                       "ProcessId":  "6600",
                       "Image":  "C:\\Program Files (x86)\\Intel\\Intel(R) Extreme Tuning Utility\\XtuService.exe",
                       "User":  "NT AUTHORITY\\SYSTEM"
                   },
                   {
                       "EventID":  5,
                       "TimeCreated":  "2026-06-07T21:37:39.4603379-04:00",
                       "Computer":  "DESKTOP-KCP6DQD",
                       "Channel":  "Microsoft-Windows-Sysmon/Operational",
                       "RecordId":  31388,
                       "ProviderName":  "Microsoft-Windows-Sysmon",
                       "RuleName":  "-",
                       "UtcTime":  "2026-06-08 01:37:39.460",
                       "ProcessGuid":  "{f9ed62ee-1ce3-6a26-9f0d-000000009c00}",
                       "ProcessId":  "21220",
                       "Image":  "C:\\Program Files\\Git\\cmd\\git.exe",
                       "User":  "DESKTOP-KCP6DQD\\nueva"
                   },
                   {
                       "EventID":  5,
                       "TimeCreated":  "2026-06-07T21:37:39.4557516-04:00",
                       "Computer":  "DESKTOP-KCP6DQD",
                       "Channel":  "Microsoft-Windows-Sysmon/Operational",
                       "RecordId":  31387,
                       "ProviderName":  "Microsoft-Windows-Sysmon",
                       "RuleName":  "-",
                       "UtcTime":  "2026-06-08 01:37:39.455",
                       "ProcessGuid":  "{f9ed62ee-1ce3-6a26-a10d-000000009c00}",
                       "ProcessId":  "10560",
                       "Image":  "C:\\Program Files\\Git\\mingw64\\bin\\git.exe",
                       "User":  "DESKTOP-KCP6DQD\\nueva"
                   },
                   {
                       "EventID":  5,
                       "TimeCreated":  "2026-06-07T21:37:32.9829255-04:00",
                       "Computer":  "DESKTOP-KCP6DQD",
                       "Channel":  "Microsoft-Windows-Sysmon/Operational",
                       "RecordId":  31386,
                       "ProviderName":  "Microsoft-Windows-Sysmon",
                       "RuleName":  "-",
                       "UtcTime":  "2026-06-08 01:37:32.972",
                       "ProcessGuid":  "{f9ed62ee-1cd9-6a26-9b0d-000000009c00}",
                       "ProcessId":  "20148",
                       "Image":  "C:\\Program Files\\WindowsApps\\Microsoft.ScreenSketch_11.2602.49.0_x64__8wekyb3d8bbwe\\SnippingTool\\SnippingTool.exe",
                       "User":  "DESKTOP-KCP6DQD\\nueva"
                   },
                   {
                       "EventID":  5,
                       "TimeCreated":  "2026-06-07T21:37:21.1287324-04:00",
                       "Computer":  "DESKTOP-KCP6DQD",
                       "Channel":  "Microsoft-Windows-Sysmon/Operational",
                       "RecordId":  31385,
                       "ProviderName":  "Microsoft-Windows-Sysmon",
                       "RuleName":  "-",
                       "UtcTime":  "2026-06-08 01:37:21.126",
                       "ProcessGuid":  "{f9ed62ee-1cb2-6a26-960d-000000009c00}",
                       "ProcessId":  "4256",
                       "Image":  "C:\\Program Files (x86)\\Intel\\Intel(R) Extreme Tuning Utility\\XtuService.exe",
                       "User":  "NT AUTHORITY\\SYSTEM"
                   },
                   {
                       "EventID":  5,
                       "TimeCreated":  "2026-06-07T21:37:05.1591577-04:00",
                       "Computer":  "DESKTOP-KCP6DQD",
                       "Channel":  "Microsoft-Windows-Sysmon/Operational",
                       "RecordId":  31384,
                       "ProviderName":  "Microsoft-Windows-Sysmon",
                       "RuleName":  "-",
                       "UtcTime":  "2026-06-08 01:37:05.157",
                       "ProcessGuid":  "{f9ed62ee-1cbd-6a26-980d-000000009c00}",
                       "ProcessId":  "22396",
                       "Image":  "C:\\Program Files (x86)\\Skillbrains\\Updater\\1.8.0.0\\Updater.exe",
                       "User":  "DESKTOP-KCP6DQD\\nueva"
                   },
                   {
                       "EventID":  5,
                       "TimeCreated":  "2026-06-07T21:37:01.5547883-04:00",
                       "Computer":  "DESKTOP-KCP6DQD",
                       "Channel":  "Microsoft-Windows-Sysmon/Operational",
                       "RecordId":  31383,
                       "ProviderName":  "Microsoft-Windows-Sysmon",
                       "RuleName":  "-",
                       "UtcTime":  "2026-06-08 01:37:01.551",
                       "ProcessGuid":  "{f9ed62ee-1cbd-6a26-970d-000000009c00}",
                       "ProcessId":  "21704",
                       "Image":  "C:\\Program Files (x86)\\Skillbrains\\Updater\\Updater.exe",
                       "User":  "DESKTOP-KCP6DQD\\nueva"
                   },
                   {
                       "EventID":  5,
                       "TimeCreated":  "2026-06-07T21:36:58.8254810-04:00",
                       "Computer":  "DESKTOP-KCP6DQD",
                       "Channel":  "Microsoft-Windows-Sysmon/Operational",
                       "RecordId":  31382,
                       "ProviderName":  "Microsoft-Windows-Sysmon",
                       "RuleName":  "-",
                       "UtcTime":  "2026-06-08 01:36:58.823",
                       "ProcessGuid":  "{f9ed62ee-1c9b-6a26-900d-000000009c00}",
                       "ProcessId":  "12956",
                       "Image":  "C:\\Program Files (x86)\\Intel\\Intel(R) Extreme Tuning Utility\\XtuService.exe",
                       "User":  "NT AUTHORITY\\SYSTEM"
                   },
                   {
                       "EventID":  5,
                       "TimeCreated":  "2026-06-07T21:36:46.1238770-04:00",
                       "Computer":  "DESKTOP-KCP6DQD",
                       "Channel":  "Microsoft-Windows-Sysmon/Operational",
                       "RecordId":  31381,
                       "ProviderName":  "Microsoft-Windows-Sysmon",
                       "RuleName":  "-",
                       "UtcTime":  "2026-06-08 01:36:46.121",
                       "ProcessGuid":  "{f9ed62ee-1cad-6a26-950d-000000009c00}",
                       "ProcessId":  "16624",
                       "Image":  "C:\\Program Files (x86)\\Microsoft\\EdgeUpdate\\MicrosoftEdgeUpdate.exe",
                       "User":  "NT AUTHORITY\\SYSTEM"
                   },
                   {
                       "EventID":  5,
                       "TimeCreated":  "2026-06-07T21:36:36.6792682-04:00",
                       "Computer":  "DESKTOP-KCP6DQD",
                       "Channel":  "Microsoft-Windows-Sysmon/Operational",
                       "RecordId":  31380,
                       "ProviderName":  "Microsoft-Windows-Sysmon",
                       "RuleName":  "-",
                       "UtcTime":  "2026-06-08 01:36:36.679",
                       "ProcessGuid":  "{f9ed62ee-1c85-6a26-8e0d-000000009c00}",
                       "ProcessId":  "13952",
                       "Image":  "C:\\Program Files (x86)\\Intel\\Intel(R) Extreme Tuning Utility\\XtuService.exe",
                       "User":  "NT AUTHORITY\\SYSTEM"
                   },
                   {
                       "EventID":  5,
                       "TimeCreated":  "2026-06-07T21:36:35.8614155-04:00",
                       "Computer":  "DESKTOP-KCP6DQD",
                       "Channel":  "Microsoft-Windows-Sysmon/Operational",
                       "RecordId":  31379,
                       "ProviderName":  "Microsoft-Windows-Sysmon",
                       "RuleName":  "-",
                       "UtcTime":  "2026-06-08 01:36:35.850",
                       "ProcessGuid":  "{f9ed62ee-1ca3-6a26-930d-000000009c00}",
                       "ProcessId":  "11204",
                       "Image":  "C:\\Windows\\System32\\consent.exe",
                       "User":  "NT AUTHORITY\\SYSTEM"
                   },
                   {
                       "EventID":  5,
                       "TimeCreated":  "2026-06-07T21:36:35.6757834-04:00",
                       "Computer":  "DESKTOP-KCP6DQD",
                       "Channel":  "Microsoft-Windows-Sysmon/Operational",
                       "RecordId":  31378,
                       "ProviderName":  "Microsoft-Windows-Sysmon",
                       "RuleName":  "-",
                       "UtcTime":  "2026-06-08 01:36:35.670",
                       "ProcessGuid":  "{f9ed62ee-1ca3-6a26-920d-000000009c00}",
                       "ProcessId":  "13480",
                       "Image":  "C:\\Windows\\System32\\mmc.exe",
                       "User":  "DESKTOP-KCP6DQD\\nueva"
                   },
                   {
                       "EventID":  5,
                       "TimeCreated":  "2026-06-07T21:36:33.6579320-04:00",
                       "Computer":  "DESKTOP-KCP6DQD",
                       "Channel":  "Microsoft-Windows-Sysmon/Operational",
                       "RecordId":  31377,
                       "ProviderName":  "Microsoft-Windows-Sysmon",
                       "RuleName":  "-",
                       "UtcTime":  "2026-06-08 01:36:33.648",
                       "ProcessGuid":  "{f9ed62ee-0311-6a26-3208-000000009c00}",
                       "ProcessId":  "12968",
                       "Image":  "C:\\Windows\\System32\\mmc.exe",
                       "User":  "DESKTOP-KCP6DQD\\nueva"
                   },
                   {
                       "EventID":  5,
                       "TimeCreated":  "2026-06-07T21:36:18.0000842-04:00",
                       "Computer":  "DESKTOP-KCP6DQD",
                       "Channel":  "Microsoft-Windows-Sysmon/Operational",
                       "RecordId":  31376,
                       "ProviderName":  "Microsoft-Windows-Sysmon",
                       "RuleName":  "-",
                       "UtcTime":  "2026-06-08 01:36:17.996",
                       "ProcessGuid":  "{f9ed62ee-1c55-6a26-880d-000000009c00}",
                       "ProcessId":  "1908",
                       "Image":  "C:\\Program Files\\WindowsApps\\Microsoft.WindowsStore_22604.1401.8.0_x64__8wekyb3d8bbwe\\StoreDesktopExtension.exe",
                       "User":  "DESKTOP-KCP6DQD\\nueva"
                   },
                   {
                       "EventID":  5,
                       "TimeCreated":  "2026-06-07T21:36:14.4511104-04:00",
                       "Computer":  "DESKTOP-KCP6DQD",
                       "Channel":  "Microsoft-Windows-Sysmon/Operational",
                       "RecordId":  31375,
                       "ProviderName":  "Microsoft-Windows-Sysmon",
                       "RuleName":  "-",
                       "UtcTime":  "2026-06-08 01:36:14.450",
                       "ProcessGuid":  "{f9ed62ee-1c6f-6a26-8b0d-000000009c00}",
                       "ProcessId":  "18188",
                       "Image":  "C:\\Program Files (x86)\\Intel\\Intel(R) Extreme Tuning Utility\\XtuService.exe",
                       "User":  "NT AUTHORITY\\SYSTEM"
                   },
                   {
                       "EventID":  5,
                       "TimeCreated":  "2026-06-07T21:35:52.1654102-04:00",
                       "Computer":  "DESKTOP-KCP6DQD",
                       "Channel":  "Microsoft-Windows-Sysmon/Operational",
                       "RecordId":  31374,
                       "ProviderName":  "Microsoft-Windows-Sysmon",
                       "RuleName":  "-",
                       "UtcTime":  "2026-06-08 01:35:52.164",
                       "ProcessGuid":  "{f9ed62ee-1c59-6a26-890d-000000009c00}",
                       "ProcessId":  "20316",
                       "Image":  "C:\\Program Files (x86)\\Intel\\Intel(R) Extreme Tuning Utility\\XtuService.exe",
                       "User":  "NT AUTHORITY\\SYSTEM"
                   },
                   {
                       "EventID":  5,
                       "TimeCreated":  "2026-06-07T21:35:29.9597140-04:00",
                       "Computer":  "DESKTOP-KCP6DQD",
                       "Channel":  "Microsoft-Windows-Sysmon/Operational",
                       "RecordId":  31373,
                       "ProviderName":  "Microsoft-Windows-Sysmon",
                       "RuleName":  "-",
                       "UtcTime":  "2026-06-08 01:35:29.953",
                       "ProcessGuid":  "{f9ed62ee-1c42-6a26-830d-000000009c00}",
                       "ProcessId":  "15316",
                       "Image":  "C:\\Program Files (x86)\\Intel\\Intel(R) Extreme Tuning Utility\\XtuService.exe",
                       "User":  "NT AUTHORITY\\SYSTEM"
                   },
                   {
                       "EventID":  5,
                       "TimeCreated":  "2026-06-07T21:35:07.7111107-04:00",
                       "Computer":  "DESKTOP-KCP6DQD",
                       "Channel":  "Microsoft-Windows-Sysmon/Operational",
                       "RecordId":  31372,
                       "ProviderName":  "Microsoft-Windows-Sysmon",
                       "RuleName":  "-",
                       "UtcTime":  "2026-06-08 01:35:07.710",
                       "ProcessGuid":  "{f9ed62ee-1c2c-6a26-7c0d-000000009c00}",
                       "ProcessId":  "4636",
                       "Image":  "C:\\Program Files (x86)\\Intel\\Intel(R) Extreme Tuning Utility\\XtuService.exe",
                       "User":  "NT AUTHORITY\\SYSTEM"
                   },
