{
    "ExportMetadata":  {
                           "Hostname":  "DESKTOP-KCP6DQD",
                           "ExportedAt":  "2026-06-07T22:09:46.9211441-04:00",
                           "ExportedBy":  "nueva",
                           "TotalEvents":  1500,
                           "MaxEventsParam":  1500,
                           "SysmonLogChannel":  "Microsoft-Windows-Sysmon/Operational",
                           "ScriptVersion":  "1.0",
                           "Note":  "Exportado para Tarea Individual - UMSA Modulo IV"
                       },
    "Events":  [
                   {
                       "EventID":  13,
                       "TimeCreated":  "2026-06-07T22:09:26.9837213-04:00",
                       "Computer":  "DESKTOP-KCP6DQD",
                       "Channel":  "Microsoft-Windows-Sysmon/Operational",
                       "RecordId":  32427,
                       "ProviderName":  "Microsoft-Windows-Sysmon",
                       "RuleName":  "Deteccion_Persistencia_Registro",
                       "UtcTime":  "2026-06-08 02:09:26.983",
                       "ProcessGuid":  "{f9ed62ee-f03e-6a25-0e00-000000009c00}",
                       "ProcessId":  "1280",
                       "Image":  "C:\\WINDOWS\\system32\\lsass.exe",
                       "User":  "NT AUTHORITY\\SYSTEM",
                       "EventType":  "SetValue",
                       "TargetObject":  "HKLM\\System\\CurrentControlSet\\Services\\W32Time\\SecureTimeLimits\\RunTime\\SecureTimeConfidence",
                       "Details":  "DWORD (0x00000008)"
                   },
                   {
                       "EventID":  13,
                       "TimeCreated":  "2026-06-07T22:09:26.9836864-04:00",
                       "Computer":  "DESKTOP-KCP6DQD",
                       "Channel":  "Microsoft-Windows-Sysmon/Operational",
                       "RecordId":  32426,
                       "ProviderName":  "Microsoft-Windows-Sysmon",
                       "RuleName":  "Deteccion_Persistencia_Registro",
                       "UtcTime":  "2026-06-08 02:09:26.983",
                       "ProcessGuid":  "{f9ed62ee-f03e-6a25-0e00-000000009c00}",
                       "ProcessId":  "1280",
                       "Image":  "C:\\WINDOWS\\system32\\lsass.exe",
                       "User":  "NT AUTHORITY\\SYSTEM",
                       "EventType":  "SetValue",
                       "TargetObject":  "HKLM\\System\\CurrentControlSet\\Services\\W32Time\\SecureTimeLimits\\RunTime\\SecureTimeTickCount",
                       "Details":  "QWORD (0x00000000-0x00cbac03)"
                   },
                   {
                       "EventID":  12,
                       "TimeCreated":  "2026-06-07T22:09:26.9836660-04:00",
                       "Computer":  "DESKTOP-KCP6DQD",
                       "Channel":  "Microsoft-Windows-Sysmon/Operational",
                       "RecordId":  32425,
                       "ProviderName":  "Microsoft-Windows-Sysmon",
                       "RuleName":  "Deteccion_Persistencia_Registro",
                       "UtcTime":  "2026-06-08 02:09:26.983",
                       "ProcessGuid":  "{f9ed62ee-f03e-6a25-0e00-000000009c00}",
                       "ProcessId":  "1280",
                       "Image":  "C:\\WINDOWS\\system32\\lsass.exe",
                       "User":  "NT AUTHORITY\\SYSTEM",
                       "EventType":  "CreateKey",
                       "TargetObject":  "HKLM\\System\\CurrentControlSet\\Services\\W32Time\\SecureTimeLimits\\RunTime"
                   },
                   {
                       "EventID":  13,
                       "TimeCreated":  "2026-06-07T22:09:26.9836318-04:00",
                       "Computer":  "DESKTOP-KCP6DQD",
                       "Channel":  "Microsoft-Windows-Sysmon/Operational",
                       "RecordId":  32424,
                       "ProviderName":  "Microsoft-Windows-Sysmon",
                       "RuleName":  "Deteccion_Persistencia_Registro",
                       "UtcTime":  "2026-06-08 02:09:26.983",
                       "ProcessGuid":  "{f9ed62ee-f03e-6a25-0e00-000000009c00}",
                       "ProcessId":  "1280",
                       "Image":  "C:\\WINDOWS\\system32\\lsass.exe",
                       "User":  "NT AUTHORITY\\SYSTEM",
                       "EventType":  "SetValue",
                       "TargetObject":  "HKLM\\System\\CurrentControlSet\\Services\\W32Time\\SecureTimeLimits\\SecureTimeLow",
                       "Details":  "QWORD (0x01dcf6e3-0x73a50380)"
                   },
                   {
                       "EventID":  13,
                       "TimeCreated":  "2026-06-07T22:09:26.9835154-04:00",
                       "Computer":  "DESKTOP-KCP6DQD",
                       "Channel":  "Microsoft-Windows-Sysmon/Operational",
                       "RecordId":  32423,
                       "ProviderName":  "Microsoft-Windows-Sysmon",
                       "RuleName":  "Deteccion_Persistencia_Registro",
                       "UtcTime":  "2026-06-08 02:09:26.983",
                       "ProcessGuid":  "{f9ed62ee-f03e-6a25-0e00-000000009c00}",
                       "ProcessId":  "1280",
                       "Image":  "C:\\WINDOWS\\system32\\lsass.exe",
                       "User":  "NT AUTHORITY\\SYSTEM",
                       "EventType":  "SetValue",
                       "TargetObject":  "HKLM\\System\\CurrentControlSet\\Services\\W32Time\\SecureTimeLimits\\SecureTimeEstimated",
                       "Details":  "QWORD (0x01dcf6eb-0xd5696b80)"
                   },
                   {
                       "EventID":  13,
                       "TimeCreated":  "2026-06-07T22:09:26.9834856-04:00",
                       "Computer":  "DESKTOP-KCP6DQD",
                       "Channel":  "Microsoft-Windows-Sysmon/Operational",
                       "RecordId":  32422,
                       "ProviderName":  "Microsoft-Windows-Sysmon",
                       "RuleName":  "Deteccion_Persistencia_Registro",
                       "UtcTime":  "2026-06-08 02:09:26.983",
                       "ProcessGuid":  "{f9ed62ee-f03e-6a25-0e00-000000009c00}",
                       "ProcessId":  "1280",
                       "Image":  "C:\\WINDOWS\\system32\\lsass.exe",
                       "User":  "NT AUTHORITY\\SYSTEM",
                       "EventType":  "SetValue",
                       "TargetObject":  "HKLM\\System\\CurrentControlSet\\Services\\W32Time\\SecureTimeLimits\\SecureTimeHigh",
                       "Details":  "QWORD (0x01dcf6f4-0x372dd380)"
                   },
                   {
                       "EventID":  13,
                       "TimeCreated":  "2026-06-07T22:09:26.9833120-04:00",
                       "Computer":  "DESKTOP-KCP6DQD",
                       "Channel":  "Microsoft-Windows-Sysmon/Operational",
                       "RecordId":  32421,
                       "ProviderName":  "Microsoft-Windows-Sysmon",
                       "RuleName":  "Deteccion_Persistencia_Registro",
                       "UtcTime":  "2026-06-08 02:09:26.983",
                       "ProcessGuid":  "{f9ed62ee-f03e-6a25-0e00-000000009c00}",
                       "ProcessId":  "1280",
                       "Image":  "C:\\WINDOWS\\system32\\lsass.exe",
                       "User":  "NT AUTHORITY\\SYSTEM",
                       "EventType":  "SetValue",
                       "TargetObject":  "HKLM\\System\\CurrentControlSet\\Services\\W32Time\\SecureTimeLimits\\RunTime\\SecureTimeConfidence",
                       "Details":  "DWORD (0x00000008)"
                   },
                   {
                       "EventID":  13,
                       "TimeCreated":  "2026-06-07T22:09:26.9832820-04:00",
                       "Computer":  "DESKTOP-KCP6DQD",
                       "Channel":  "Microsoft-Windows-Sysmon/Operational",
                       "RecordId":  32420,
                       "ProviderName":  "Microsoft-Windows-Sysmon",
                       "RuleName":  "Deteccion_Persistencia_Registro",
                       "UtcTime":  "2026-06-08 02:09:26.983",
                       "ProcessGuid":  "{f9ed62ee-f03e-6a25-0e00-000000009c00}",
                       "ProcessId":  "1280",
                       "Image":  "C:\\WINDOWS\\system32\\lsass.exe",
                       "User":  "NT AUTHORITY\\SYSTEM",
                       "EventType":  "SetValue",
                       "TargetObject":  "HKLM\\System\\CurrentControlSet\\Services\\W32Time\\SecureTimeLimits\\RunTime\\SecureTimeTickCount",
                       "Details":  "QWORD (0x00000000-0x00cbac03)"
                   },
                   {
                       "EventID":  12,
                       "TimeCreated":  "2026-06-07T22:09:26.9831654-04:00",
                       "Computer":  "DESKTOP-KCP6DQD",
                       "Channel":  "Microsoft-Windows-Sysmon/Operational",
                       "RecordId":  32419,
                       "ProviderName":  "Microsoft-Windows-Sysmon",
                       "RuleName":  "Deteccion_Persistencia_Registro",
                       "UtcTime":  "2026-06-08 02:09:26.983",
                       "ProcessGuid":  "{f9ed62ee-f03e-6a25-0e00-000000009c00}",
                       "ProcessId":  "1280",
                       "Image":  "C:\\WINDOWS\\system32\\lsass.exe",
                       "User":  "NT AUTHORITY\\SYSTEM",
                       "EventType":  "CreateKey",
                       "TargetObject":  "HKLM\\System\\CurrentControlSet\\Services\\W32Time\\SecureTimeLimits\\RunTime"
                   },
                   {
                       "EventID":  13,
                       "TimeCreated":  "2026-06-07T22:09:26.9830532-04:00",
                       "Computer":  "DESKTOP-KCP6DQD",
                       "Channel":  "Microsoft-Windows-Sysmon/Operational",
                       "RecordId":  32418,
                       "ProviderName":  "Microsoft-Windows-Sysmon",
                       "RuleName":  "Deteccion_Persistencia_Registro",
                       "UtcTime":  "2026-06-08 02:09:26.982",
                       "ProcessGuid":  "{f9ed62ee-f03e-6a25-0e00-000000009c00}",
                       "ProcessId":  "1280",
                       "Image":  "C:\\WINDOWS\\system32\\lsass.exe",
                       "User":  "NT AUTHORITY\\SYSTEM",
                       "EventType":  "SetValue",
                       "TargetObject":  "HKLM\\System\\CurrentControlSet\\Services\\W32Time\\SecureTimeLimits\\SecureTimeLow",
                       "Details":  "QWORD (0x01dcf6e3-0x73a50380)"
                   },
                   {
                       "EventID":  13,
                       "TimeCreated":  "2026-06-07T22:09:26.9830260-04:00",
                       "Computer":  "DESKTOP-KCP6DQD",
                       "Channel":  "Microsoft-Windows-Sysmon/Operational",
                       "RecordId":  32417,
                       "ProviderName":  "Microsoft-Windows-Sysmon",
                       "RuleName":  "Deteccion_Persistencia_Registro",
                       "UtcTime":  "2026-06-08 02:09:26.982",
                       "ProcessGuid":  "{f9ed62ee-f03e-6a25-0e00-000000009c00}",
                       "ProcessId":  "1280",
                       "Image":  "C:\\WINDOWS\\system32\\lsass.exe",
                       "User":  "NT AUTHORITY\\SYSTEM",
                       "EventType":  "SetValue",
                       "TargetObject":  "HKLM\\System\\CurrentControlSet\\Services\\W32Time\\SecureTimeLimits\\SecureTimeEstimated",
                       "Details":  "QWORD (0x01dcf6eb-0xd5696b80)"
                   },
                   {
                       "EventID":  13,
                       "TimeCreated":  "2026-06-07T22:09:26.9829607-04:00",
                       "Computer":  "DESKTOP-KCP6DQD",
                       "Channel":  "Microsoft-Windows-Sysmon/Operational",
                       "RecordId":  32416,
                       "ProviderName":  "Microsoft-Windows-Sysmon",
                       "RuleName":  "Deteccion_Persistencia_Registro",
                       "UtcTime":  "2026-06-08 02:09:26.982",
                       "ProcessGuid":  "{f9ed62ee-f03e-6a25-0e00-000000009c00}",
                       "ProcessId":  "1280",
                       "Image":  "C:\\WINDOWS\\system32\\lsass.exe",
                       "User":  "NT AUTHORITY\\SYSTEM",
                       "EventType":  "SetValue",
                       "TargetObject":  "HKLM\\System\\CurrentControlSet\\Services\\W32Time\\SecureTimeLimits\\SecureTimeHigh",
                       "Details":  "QWORD (0x01dcf6f4-0x372dd380)"
                   },
                   {
                       "EventID":  12,
                       "TimeCreated":  "2026-06-07T22:09:22.7305600-04:00",
                       "Computer":  "DESKTOP-KCP6DQD",
                       "Channel":  "Microsoft-Windows-Sysmon/Operational",
                       "RecordId":  32415,
                       "ProviderName":  "Microsoft-Windows-Sysmon",
                       "RuleName":  "Deteccion_Persistencia_Registro",
                       "UtcTime":  "2026-06-08 02:09:22.730",
                       "ProcessGuid":  "{f9ed62ee-f06c-6a25-4401-000000009c00}",
                       "ProcessId":  "11680",
                       "Image":  "C:\\WINDOWS\\system32\\sihost.exe",
                       "User":  "DESKTOP-KCP6DQD\\nueva",
                       "EventType":  "CreateKey",
                       "TargetObject":  "HKLM\\SOFTWARE\\WOW6432Node\\Microsoft\\Windows\\CurrentVersion\\Run"
                   },
                   {
                       "EventID":  12,
                       "TimeCreated":  "2026-06-07T22:09:15.6423750-04:00",
                       "Computer":  "DESKTOP-KCP6DQD",
                       "Channel":  "Microsoft-Windows-Sysmon/Operational",
                       "RecordId":  32414,
                       "ProviderName":  "Microsoft-Windows-Sysmon",
                       "RuleName":  "Deteccion_Persistencia_Registro",
                       "UtcTime":  "2026-06-08 02:09:15.642",
                       "ProcessGuid":  "{f9ed62ee-f03f-6a25-2f00-000000009c00}",
                       "ProcessId":  "2780",
                       "Image":  "C:\\WINDOWS\\system32\\svchost.exe",
                       "User":  "NT AUTHORITY\\Servicio de red",
                       "EventType":  "CreateKey",
                       "TargetObject":  "HKLM\\System\\CurrentControlSet\\Services\\Tcpip\\Parameters"
                   },
                   {
                       "EventID":  12,
                       "TimeCreated":  "2026-06-07T22:09:12.7194614-04:00",
                       "Computer":  "DESKTOP-KCP6DQD",
                       "Channel":  "Microsoft-Windows-Sysmon/Operational",
                       "RecordId":  32413,
                       "ProviderName":  "Microsoft-Windows-Sysmon",
                       "RuleName":  "Deteccion_Persistencia_Registro",
                       "UtcTime":  "2026-06-08 02:09:12.719",
                       "ProcessGuid":  "{f9ed62ee-f06c-6a25-4401-000000009c00}",
                       "ProcessId":  "11680",
                       "Image":  "C:\\WINDOWS\\system32\\sihost.exe",
                       "User":  "DESKTOP-KCP6DQD\\nueva",
                       "EventType":  "CreateKey",
                       "TargetObject":  "HKLM\\SOFTWARE\\WOW6432Node\\Microsoft\\Windows\\CurrentVersion\\Run"
                   },
                   {
                       "EventID":  13,
                       "TimeCreated":  "2026-06-07T22:09:09.2155159-04:00",
                       "Computer":  "DESKTOP-KCP6DQD",
                       "Channel":  "Microsoft-Windows-Sysmon/Operational",
                       "RecordId":  32412,
                       "ProviderName":  "Microsoft-Windows-Sysmon",
                       "RuleName":  "Deteccion_Persistencia_Registro",
                       "UtcTime":  "2026-06-08 02:09:09.215",
                       "ProcessGuid":  "{f9ed62ee-243f-6a26-260f-000000009c00}",
                       "ProcessId":  "14244",
                       "Image":  "C:\\WINDOWS\\system32\\DllHost.exe",
                       "User":  "DESKTOP-KCP6DQD\\nueva",
                       "EventType":  "SetValue",
                       "TargetObject":  "HKLM\\System\\CurrentControlSet\\Services\\bam\\State\\UserSettings\\S-1-5-21-158180708-2764993437-2666828097-1001\\\\Device\\HarddiskVolume4\\Windows\\System32\\dllhost.exe",
                       "Details":  "Binary Data"
                   },
                   {
                       "EventID":  12,
                       "TimeCreated":  "2026-06-07T22:09:04.9484747-04:00",
                       "Computer":  "DESKTOP-KCP6DQD",
                       "Channel":  "Microsoft-Windows-Sysmon/Operational",
                       "RecordId":  32411,
                       "ProviderName":  "Microsoft-Windows-Sysmon",
                       "RuleName":  "Deteccion_Persistencia_Registro",
                       "UtcTime":  "2026-06-08 02:09:04.947",
                       "ProcessGuid":  "{f9ed62ee-243f-6a26-270f-000000009c00}",
                       "ProcessId":  "20088",
                       "Image":  "C:\\Program Files\\Microsoft OneDrive\\26.084.0504.0007\\FileCoAuth.exe",
                       "User":  "DESKTOP-KCP6DQD\\nueva",
                       "EventType":  "CreateKey",
                       "TargetObject":  "HKLM\\System\\CurrentControlSet\\Services\\Tcpip\\Parameters"
                   },
                   {
                       "EventID":  12,
                       "TimeCreated":  "2026-06-07T22:09:04.9483255-04:00",
                       "Computer":  "DESKTOP-KCP6DQD",
                       "Channel":  "Microsoft-Windows-Sysmon/Operational",
                       "RecordId":  32410,
                       "ProviderName":  "Microsoft-Windows-Sysmon",
                       "RuleName":  "Deteccion_Persistencia_Registro",
                       "UtcTime":  "2026-06-08 02:09:04.947",
                       "ProcessGuid":  "{f9ed62ee-243f-6a26-270f-000000009c00}",
                       "ProcessId":  "20088",
                       "Image":  "C:\\Program Files\\Microsoft OneDrive\\26.084.0504.0007\\FileCoAuth.exe",
                       "User":  "DESKTOP-KCP6DQD\\nueva",
                       "EventType":  "CreateKey",
                       "TargetObject":  "HKLM\\System\\CurrentControlSet\\Services\\Tcpip\\Parameters"
                   },
                   {
                       "EventID":  12,
                       "TimeCreated":  "2026-06-07T22:09:04.9482059-04:00",
                       "Computer":  "DESKTOP-KCP6DQD",
                       "Channel":  "Microsoft-Windows-Sysmon/Operational",
                       "RecordId":  32409,
                       "ProviderName":  "Microsoft-Windows-Sysmon",
                       "RuleName":  "Deteccion_Persistencia_Registro",
                       "UtcTime":  "2026-06-08 02:09:04.947",
                       "ProcessGuid":  "{f9ed62ee-243f-6a26-270f-000000009c00}",
                       "ProcessId":  "20088",
                       "Image":  "C:\\Program Files\\Microsoft OneDrive\\26.084.0504.0007\\FileCoAuth.exe",
                       "User":  "DESKTOP-KCP6DQD\\nueva",
                       "EventType":  "CreateKey",
                       "TargetObject":  "HKLM\\System\\CurrentControlSet\\Services\\Tcpip\\Parameters"
                   },
                   {
                       "EventID":  12,
                       "TimeCreated":  "2026-06-07T22:09:04.9480897-04:00",
                       "Computer":  "DESKTOP-KCP6DQD",
                       "Channel":  "Microsoft-Windows-Sysmon/Operational",
                       "RecordId":  32408,
                       "ProviderName":  "Microsoft-Windows-Sysmon",
                       "RuleName":  "Deteccion_Persistencia_Registro",
                       "UtcTime":  "2026-06-08 02:09:04.947",
                       "ProcessGuid":  "{f9ed62ee-243f-6a26-270f-000000009c00}",
                       "ProcessId":  "20088",
                       "Image":  "C:\\Program Files\\Microsoft OneDrive\\26.084.0504.0007\\FileCoAuth.exe",
                       "User":  "DESKTOP-KCP6DQD\\nueva",
                       "EventType":  "CreateKey",
                       "TargetObject":  "HKLM\\System\\CurrentControlSet\\Services\\Tcpip\\Parameters"
                   },
                   {
                       "EventID":  12,
                       "TimeCreated":  "2026-06-07T22:09:04.9478698-04:00",
                       "Computer":  "DESKTOP-KCP6DQD",
                       "Channel":  "Microsoft-Windows-Sysmon/Operational",
                       "RecordId":  32407,
                       "ProviderName":  "Microsoft-Windows-Sysmon",
                       "RuleName":  "Deteccion_Persistencia_Registro",
                       "UtcTime":  "2026-06-08 02:09:04.946",
                       "ProcessGuid":  "{f9ed62ee-243f-6a26-270f-000000009c00}",
                       "ProcessId":  "20088",
                       "Image":  "C:\\Program Files\\Microsoft OneDrive\\26.084.0504.0007\\FileCoAuth.exe",
                       "User":  "DESKTOP-KCP6DQD\\nueva",
                       "EventType":  "CreateKey",
                       "TargetObject":  "HKLM\\System\\CurrentControlSet\\Services\\Tcpip\\Parameters"
                   },
                   {
                       "EventID":  12,
                       "TimeCreated":  "2026-06-07T22:09:04.9477443-04:00",
                       "Computer":  "DESKTOP-KCP6DQD",
                       "Channel":  "Microsoft-Windows-Sysmon/Operational",
                       "RecordId":  32406,
                       "ProviderName":  "Microsoft-Windows-Sysmon",
                       "RuleName":  "Deteccion_Persistencia_Registro",
                       "UtcTime":  "2026-06-08 02:09:04.946",
                       "ProcessGuid":  "{f9ed62ee-243f-6a26-270f-000000009c00}",
                       "ProcessId":  "20088",
                       "Image":  "C:\\Program Files\\Microsoft OneDrive\\26.084.0504.0007\\FileCoAuth.exe",
                       "User":  "DESKTOP-KCP6DQD\\nueva",
                       "EventType":  "CreateKey",
                       "TargetObject":  "HKLM\\System\\CurrentControlSet\\Services\\Tcpip\\Parameters"
                   },
                   {
                       "EventID":  12,
                       "TimeCreated":  "2026-06-07T22:09:04.9476455-04:00",
                       "Computer":  "DESKTOP-KCP6DQD",
                       "Channel":  "Microsoft-Windows-Sysmon/Operational",
                       "RecordId":  32405,
                       "ProviderName":  "Microsoft-Windows-Sysmon",
                       "RuleName":  "Deteccion_Persistencia_Registro",
                       "UtcTime":  "2026-06-08 02:09:04.946",
                       "ProcessGuid":  "{f9ed62ee-243f-6a26-270f-000000009c00}",
                       "ProcessId":  "20088",
                       "Image":  "C:\\Program Files\\Microsoft OneDrive\\26.084.0504.0007\\FileCoAuth.exe",
                       "User":  "DESKTOP-KCP6DQD\\nueva",
                       "EventType":  "CreateKey",
                       "TargetObject":  "HKLM\\System\\CurrentControlSet\\Services\\Tcpip\\Parameters"
                   },
                   {
                       "EventID":  13,
                       "TimeCreated":  "2026-06-07T22:09:03.6247211-04:00",
                       "Computer":  "DESKTOP-KCP6DQD",
                       "Channel":  "Microsoft-Windows-Sysmon/Operational",
                       "RecordId":  32404,
                       "ProviderName":  "Microsoft-Windows-Sysmon",
                       "RuleName":  "Deteccion_Persistencia_Registro",
                       "UtcTime":  "2026-06-08 02:09:03.619",
                       "ProcessGuid":  "{f9ed62ee-f03e-6a25-0f00-000000009c00}",
                       "ProcessId":  "1420",
                       "Image":  "C:\\WINDOWS\\system32\\svchost.exe",
                       "User":  "NT AUTHORITY\\SYSTEM",
                       "EventType":  "SetValue",
                       "TargetObject":  "HKLM\\System\\CurrentControlSet\\Services\\bam\\State\\UserSettings\\S-1-5-21-158180708-2764993437-2666828097-1001\\\\Device\\HarddiskVolume4\\Windows\\System32\\dllhost.exe",
                       "Details":  "Binary Data"
                   },
                   {
                       "EventID":  13,
                       "TimeCreated":  "2026-06-07T22:09:02.9475901-04:00",
                       "Computer":  "DESKTOP-KCP6DQD",
                       "Channel":  "Microsoft-Windows-Sysmon/Operational",
                       "RecordId":  32403,
                       "ProviderName":  "Microsoft-Windows-Sysmon",
                       "RuleName":  "Deteccion_Persistencia_Registro",
                       "UtcTime":  "2026-06-08 02:09:02.942",
                       "ProcessGuid":  "{f9ed62ee-2439-6a26-230f-000000009c00}",
                       "ProcessId":  "2112",
                       "Image":  "C:\\Program Files\\WindowsApps\\Microsoft.ScreenSketch_11.2602.49.0_x64__8wekyb3d8bbwe\\SnippingTool\\SnippingTool.exe",
                       "User":  "DESKTOP-KCP6DQD\\nueva",
                       "EventType":  "SetValue",
                       "TargetObject":  "HKLM\\System\\CurrentControlSet\\Services\\bam\\State\\UserSettings\\S-1-5-21-158180708-2764993437-2666828097-1001\\Microsoft.ScreenSketch_8wekyb3d8bbwe",
                       "Details":  "Binary Data"
                   },
                   {
                       "EventID":  12,
                       "TimeCreated":  "2026-06-07T22:09:02.7181990-04:00",
                       "Computer":  "DESKTOP-KCP6DQD",
                       "Channel":  "Microsoft-Windows-Sysmon/Operational",
                       "RecordId":  32402,
                       "ProviderName":  "Microsoft-Windows-Sysmon",
                       "RuleName":  "Deteccion_Persistencia_Registro",
                       "UtcTime":  "2026-06-08 02:09:02.717",
                       "ProcessGuid":  "{f9ed62ee-f06c-6a25-4401-000000009c00}",
                       "ProcessId":  "11680",
                       "Image":  "C:\\WINDOWS\\system32\\sihost.exe",
                       "User":  "DESKTOP-KCP6DQD\\nueva",
                       "EventType":  "CreateKey",
                       "TargetObject":  "HKLM\\SOFTWARE\\WOW6432Node\\Microsoft\\Windows\\CurrentVersion\\Run"
                   },
                   {
                       "EventID":  13,
                       "TimeCreated":  "2026-06-07T22:09:00.2855041-04:00",
                       "Computer":  "DESKTOP-KCP6DQD",
                       "Channel":  "Microsoft-Windows-Sysmon/Operational",
                       "RecordId":  32401,
                       "ProviderName":  "Microsoft-Windows-Sysmon",
                       "RuleName":  "Deteccion_Persistencia_Registro",
                       "UtcTime":  "2026-06-08 02:09:00.282",
                       "ProcessGuid":  "{f9ed62ee-241e-6a26-1e0f-000000009c00}",
                       "ProcessId":  "20148",
                       "Image":  "C:\\Users\\nueva\\AppData\\Local\\Programs\\Antigravity IDE\\Antigravity IDE.exe",
                       "User":  "DESKTOP-KCP6DQD\\nueva",
                       "EventType":  "SetValue",
                       "TargetObject":  "HKLM\\System\\CurrentControlSet\\Services\\bam\\State\\UserSettings\\S-1-5-21-158180708-2764993437-2666828097-1001\\\\Device\\HarddiskVolume4\\Users\\nueva\\AppData\\Local\\Programs\\Antigravity IDE\\Antigravity IDE.exe",
                       "Details":  "Binary Data"
                   },
                   {
                       "EventID":  13,
                       "TimeCreated":  "2026-06-07T22:08:57.4821498-04:00",
                       "Computer":  "DESKTOP-KCP6DQD",
                       "Channel":  "Microsoft-Windows-Sysmon/Operational",
                       "RecordId":  32400,
                       "ProviderName":  "Microsoft-Windows-Sysmon",
                       "RuleName":  "Deteccion_Persistencia_Registro",
                       "UtcTime":  "2026-06-08 02:08:57.481",
                       "ProcessGuid":  "{f9ed62ee-f036-6a25-eb03-000000000000}",
                       "ProcessId":  "4",
                       "Image":  "System",
                       "User":  "NT AUTHORITY\\SYSTEM",
                       "EventType":  "SetValue",
                       "TargetObject":  "HKLM\\System\\CurrentControlSet\\Services\\bam\\State\\UserSettings\\S-1-5-21-158180708-2764993437-2666828097-1001\\SequenceNumber",
                       "Details":  "DWORD (0x000000ea)"
                   },
                   {
                       "EventID":  13,
                       "TimeCreated":  "2026-06-07T22:08:57.4820973-04:00",
                       "Computer":  "DESKTOP-KCP6DQD",
                       "Channel":  "Microsoft-Windows-Sysmon/Operational",
                       "RecordId":  32399,
                       "ProviderName":  "Microsoft-Windows-Sysmon",
                       "RuleName":  "Deteccion_Persistencia_Registro",
                       "UtcTime":  "2026-06-08 02:08:57.481",
                       "ProcessGuid":  "{f9ed62ee-f036-6a25-eb03-000000000000}",
                       "ProcessId":  "4",
                       "Image":  "System",
                       "User":  "NT AUTHORITY\\SYSTEM",
                       "EventType":  "SetValue",
                       "TargetObject":  "HKLM\\System\\CurrentControlSet\\Services\\bam\\State\\UserSettings\\S-1-5-21-158180708-2764993437-2666828097-1001\\Microsoft.ScreenSketch_8wekyb3d8bbwe",
                       "Details":  "Binary Data"
                   },
                   {
                       "EventID":  12,
                       "TimeCreated":  "2026-06-07T22:08:57.4820048-04:00",
                       "Computer":  "DESKTOP-KCP6DQD",
                       "Channel":  "Microsoft-Windows-Sysmon/Operational",
                       "RecordId":  32398,
                       "ProviderName":  "Microsoft-Windows-Sysmon",
                       "RuleName":  "Deteccion_Persistencia_Registro",
                       "UtcTime":  "2026-06-08 02:08:57.481",
                       "ProcessGuid":  "{f9ed62ee-f036-6a25-eb03-000000000000}",
                       "ProcessId":  "4",
                       "Image":  "System",
                       "User":  "NT AUTHORITY\\SYSTEM",
                       "EventType":  "CreateKey",
                       "TargetObject":  "HKLM\\System\\CurrentControlSet\\Services\\bam\\State\\UserSettings\\S-1-5-21-158180708-2764993437-2666828097-1001"
                   },
                   {
                       "EventID":  13,
                       "TimeCreated":  "2026-06-07T22:08:57.4456263-04:00",
                       "Computer":  "DESKTOP-KCP6DQD",
                       "Channel":  "Microsoft-Windows-Sysmon/Operational",
                       "RecordId":  32397,
                       "ProviderName":  "Microsoft-Windows-Sysmon",
                       "RuleName":  "Deteccion_Persistencia_Registro",
                       "UtcTime":  "2026-06-08 02:08:57.433",
                       "ProcessGuid":  "{f9ed62ee-2439-6a26-240f-000000009c00}",
                       "ProcessId":  "15316",
                       "Image":  "C:\\WINDOWS\\system32\\svchost.exe",
                       "User":  "DESKTOP-KCP6DQD\\nueva",
                       "EventType":  "SetValue",
                       "TargetObject":  "HKLM\\System\\CurrentControlSet\\Services\\bam\\State\\UserSettings\\S-1-5-21-158180708-2764993437-2666828097-1001\\\\Device\\HarddiskVolume4\\Windows\\System32\\svchost.exe",
                       "Details":  "Binary Data"
                   },
                   {
                       "EventID":  13,
                       "TimeCreated":  "2026-06-07T22:08:57.3524724-04:00",
                       "Computer":  "DESKTOP-KCP6DQD",
                       "Channel":  "Microsoft-Windows-Sysmon/Operational",
                       "RecordId":  32396,
                       "ProviderName":  "Microsoft-Windows-Sysmon",
                       "RuleName":  "Deteccion_Persistencia_Registro",
                       "UtcTime":  "2026-06-08 02:08:57.338",
                       "ProcessGuid":  "{f9ed62ee-f036-6a25-eb03-000000000000}",
                       "ProcessId":  "4",
                       "Image":  "System",
                       "User":  "NT AUTHORITY\\SYSTEM",
                       "EventType":  "SetValue",
                       "TargetObject":  "HKLM\\System\\CurrentControlSet\\Services\\bam\\State\\UserSettings\\S-1-5-21-158180708-2764993437-2666828097-1001\\SequenceNumber",
                       "Details":  "DWORD (0x000000e9)"
                   },
                   {
                       "EventID":  13,
                       "TimeCreated":  "2026-06-07T22:08:57.3524156-04:00",
                       "Computer":  "DESKTOP-KCP6DQD",
                       "Channel":  "Microsoft-Windows-Sysmon/Operational",
                       "RecordId":  32395,
                       "ProviderName":  "Microsoft-Windows-Sysmon",
                       "RuleName":  "Deteccion_Persistencia_Registro",
                       "UtcTime":  "2026-06-08 02:08:57.338",
                       "ProcessGuid":  "{f9ed62ee-f036-6a25-eb03-000000000000}",
                       "ProcessId":  "4",
                       "Image":  "System",
                       "User":  "NT AUTHORITY\\SYSTEM",
                       "EventType":  "SetValue",
                       "TargetObject":  "HKLM\\System\\CurrentControlSet\\Services\\bam\\State\\UserSettings\\S-1-5-21-158180708-2764993437-2666828097-1001\\\\Device\\HarddiskVolume4\\Windows\\System32\\svchost.exe",
                       "Details":  "Binary Data"
                   },
                   {
                       "EventID":  12,
                       "TimeCreated":  "2026-06-07T22:08:57.3523884-04:00",
                       "Computer":  "DESKTOP-KCP6DQD",
                       "Channel":  "Microsoft-Windows-Sysmon/Operational",
                       "RecordId":  32394,
                       "ProviderName":  "Microsoft-Windows-Sysmon",
                       "RuleName":  "Deteccion_Persistencia_Registro",
                       "UtcTime":  "2026-06-08 02:08:57.338",
                       "ProcessGuid":  "{f9ed62ee-f036-6a25-eb03-000000000000}",
                       "ProcessId":  "4",
                       "Image":  "System",
                       "User":  "NT AUTHORITY\\SYSTEM",
                       "EventType":  "CreateKey",
                       "TargetObject":  "HKLM\\System\\CurrentControlSet\\Services\\bam\\State\\UserSettings\\S-1-5-21-158180708-2764993437-2666828097-1001"
                   },
                   {
                       "EventID":  13,
                       "TimeCreated":  "2026-06-07T22:08:57.3160824-04:00",
                       "Computer":  "DESKTOP-KCP6DQD",
                       "Channel":  "Microsoft-Windows-Sysmon/Operational",
                       "RecordId":  32393,
                       "ProviderName":  "Microsoft-Windows-Sysmon",
                       "RuleName":  "Deteccion_Persistencia_Registro",
                       "UtcTime":  "2026-06-08 02:08:57.309",
                       "ProcessGuid":  "{f9ed62ee-f03d-6a25-0c00-000000009c00}",
                       "ProcessId":  "1252",
                       "Image":  "C:\\WINDOWS\\system32\\services.exe",
                       "User":  "NT AUTHORITY\\SYSTEM",
                       "EventType":  "SetValue",
                       "TargetObject":  "HKLM\\System\\CurrentControlSet\\Services\\bam\\State\\UserSettings\\S-1-5-21-158180708-2764993437-2666828097-1001\\\\Device\\HarddiskVolume4\\Windows\\System32\\svchost.exe",
                       "Details":  "Binary Data"
                   },
                   {
                       "EventID":  13,
                       "TimeCreated":  "2026-06-07T22:08:57.1178474-04:00",
                       "Computer":  "DESKTOP-KCP6DQD",
                       "Channel":  "Microsoft-Windows-Sysmon/Operational",
                       "RecordId":  32392,
                       "ProviderName":  "Microsoft-Windows-Sysmon",
                       "RuleName":  "Deteccion_Persistencia_Registro",
                       "UtcTime":  "2026-06-08 02:08:57.115",
                       "ProcessGuid":  "{f9ed62ee-f06e-6a25-5901-000000009c00}",
                       "ProcessId":  "12544",
                       "Image":  "C:\\WINDOWS\\system32\\svchost.exe",
                       "User":  "NT AUTHORITY\\SYSTEM",
                       "EventType":  "SetValue",
                       "TargetObject":  "HKLM\\System\\CurrentControlSet\\Services\\bam\\State\\UserSettings\\S-1-5-21-158180708-2764993437-2666828097-1001\\Microsoft.ScreenSketch_8wekyb3d8bbwe",
                       "Details":  "Binary Data"
                   },
                   {
                       "EventID":  12,
                       "TimeCreated":  "2026-06-07T22:08:53.2491679-04:00",
                       "Computer":  "DESKTOP-KCP6DQD",
                       "Channel":  "Microsoft-Windows-Sysmon/Operational",
                       "RecordId":  32391,
                       "ProviderName":  "Microsoft-Windows-Sysmon",
                       "RuleName":  "Deteccion_Persistencia_Registro",
                       "UtcTime":  "2026-06-08 02:08:53.245",
                       "ProcessGuid":  "{f9ed62ee-f03f-6a25-2f00-000000009c00}",
                       "ProcessId":  "2780",
                       "Image":  "C:\\WINDOWS\\system32\\svchost.exe",
                       "User":  "NT AUTHORITY\\Servicio de red",
                       "EventType":  "CreateKey",
                       "TargetObject":  "HKLM\\System\\CurrentControlSet\\Services\\Tcpip\\Parameters"
                   },
                   {
                       "EventID":  12,
                       "TimeCreated":  "2026-06-07T22:08:52.7062560-04:00",
                       "Computer":  "DESKTOP-KCP6DQD",
                       "Channel":  "Microsoft-Windows-Sysmon/Operational",
                       "RecordId":  32390,
                       "ProviderName":  "Microsoft-Windows-Sysmon",
                       "RuleName":  "Deteccion_Persistencia_Registro",
                       "UtcTime":  "2026-06-08 02:08:52.705",
                       "ProcessGuid":  "{f9ed62ee-f06c-6a25-4401-000000009c00}",
                       "ProcessId":  "11680",
                       "Image":  "C:\\WINDOWS\\system32\\sihost.exe",
                       "User":  "DESKTOP-KCP6DQD\\nueva",
                       "EventType":  "CreateKey",
                       "TargetObject":  "HKLM\\SOFTWARE\\WOW6432Node\\Microsoft\\Windows\\CurrentVersion\\Run"
                   },
                   {
                       "EventID":  12,
                       "TimeCreated":  "2026-06-07T22:08:42.7014098-04:00",
                       "Computer":  "DESKTOP-KCP6DQD",
                       "Channel":  "Microsoft-Windows-Sysmon/Operational",
                       "RecordId":  32389,
                       "ProviderName":  "Microsoft-Windows-Sysmon",
                       "RuleName":  "Deteccion_Persistencia_Registro",
                       "UtcTime":  "2026-06-08 02:08:42.701",
                       "ProcessGuid":  "{f9ed62ee-f06c-6a25-4401-000000009c00}",
                       "ProcessId":  "11680",
                       "Image":  "C:\\WINDOWS\\system32\\sihost.exe",
                       "User":  "DESKTOP-KCP6DQD\\nueva",
                       "EventType":  "CreateKey",
                       "TargetObject":  "HKLM\\SOFTWARE\\WOW6432Node\\Microsoft\\Windows\\CurrentVersion\\Run"
                   },
                   {
                       "EventID":  13,
                       "TimeCreated":  "2026-06-07T22:08:35.7323042-04:00",
                       "Computer":  "DESKTOP-KCP6DQD",
                       "Channel":  "Microsoft-Windows-Sysmon/Operational",
                       "RecordId":  32388,
                       "ProviderName":  "Microsoft-Windows-Sysmon",
                       "RuleName":  "Deteccion_Persistencia_Registro",
                       "UtcTime":  "2026-06-08 02:08:35.728",
                       "ProcessGuid":  "{f9ed62ee-2423-6a26-200f-000000009c00}",
                       "ProcessId":  "20696",
                       "Image":  "C:\\WINDOWS\\system32\\conhost.exe",
                       "User":  "DESKTOP-KCP6DQD\\nueva",
                       "EventType":  "SetValue",
                       "TargetObject":  "HKLM\\System\\CurrentControlSet\\Services\\bam\\State\\UserSettings\\S-1-5-21-158180708-2764993437-2666828097-1001\\\\Device\\HarddiskVolume4\\Windows\\System32\\conhost.exe",
                       "Details":  "Binary Data"
                   },
                   {
                       "EventID":  13,
                       "TimeCreated":  "2026-06-07T22:08:35.6673911-04:00",
                       "Computer":  "DESKTOP-KCP6DQD",
                       "Channel":  "Microsoft-Windows-Sysmon/Operational",
                       "RecordId":  32387,
                       "ProviderName":  "Microsoft-Windows-Sysmon",
                       "RuleName":  "Deteccion_Persistencia_Registro",
                       "UtcTime":  "2026-06-08 02:08:35.667",
                       "ProcessGuid":  "{f9ed62ee-2423-6a26-1f0f-000000009c00}",
                       "ProcessId":  "7256",
                       "Image":  "C:\\Program Files\\Git\\cmd\\git.exe",
                       "User":  "DESKTOP-KCP6DQD\\nueva",
                       "EventType":  "SetValue",
                       "TargetObject":  "HKLM\\System\\CurrentControlSet\\Services\\bam\\State\\UserSettings\\S-1-5-21-158180708-2764993437-2666828097-1001\\\\Device\\HarddiskVolume4\\Windows\\System32\\conhost.exe",
                       "Details":  "Binary Data"
                   },
                   {
                       "EventID":  12,
                       "TimeCreated":  "2026-06-07T22:08:33.3982350-04:00",
                       "Computer":  "DESKTOP-KCP6DQD",
                       "Channel":  "Microsoft-Windows-Sysmon/Operational",
                       "RecordId":  32386,
                       "ProviderName":  "Microsoft-Windows-Sysmon",
                       "RuleName":  "Deteccion_Persistencia_Registro",
                       "UtcTime":  "2026-06-08 02:08:33.391",
                       "ProcessGuid":  "{f9ed62ee-f03f-6a25-2f00-000000009c00}",
                       "ProcessId":  "2780",
                       "Image":  "C:\\WINDOWS\\system32\\svchost.exe",
                       "User":  "NT AUTHORITY\\Servicio de red",
                       "EventType":  "CreateKey",
                       "TargetObject":  "HKLM\\System\\CurrentControlSet\\Services\\Tcpip\\Parameters"
                   },
                   {
                       "EventID":  12,
                       "TimeCreated":  "2026-06-07T22:08:32.6925840-04:00",
                       "Computer":  "DESKTOP-KCP6DQD",
                       "Channel":  "Microsoft-Windows-Sysmon/Operational",
                       "RecordId":  32385,
                       "ProviderName":  "Microsoft-Windows-Sysmon",
                       "RuleName":  "Deteccion_Persistencia_Registro",
                       "UtcTime":  "2026-06-08 02:08:32.692",
                       "ProcessGuid":  "{f9ed62ee-f06c-6a25-4401-000000009c00}",
                       "ProcessId":  "11680",
                       "Image":  "C:\\WINDOWS\\system32\\sihost.exe",
                       "User":  "DESKTOP-KCP6DQD\\nueva",
                       "EventType":  "CreateKey",
                       "TargetObject":  "HKLM\\SOFTWARE\\WOW6432Node\\Microsoft\\Windows\\CurrentVersion\\Run"
                   },
                   {
                       "EventID":  13,
                       "TimeCreated":  "2026-06-07T22:08:30.0984900-04:00",
                       "Computer":  "DESKTOP-KCP6DQD",
                       "Channel":  "Microsoft-Windows-Sysmon/Operational",
                       "RecordId":  32384,
                       "ProviderName":  "Microsoft-Windows-Sysmon",
                       "RuleName":  "Deteccion_Persistencia_Registro",
                       "UtcTime":  "2026-06-08 02:08:30.092",
                       "ProcessGuid":  "{f9ed62ee-1f99-6a26-ea0d-000000009c00}",
                       "ProcessId":  "4480",
                       "Image":  "C:\\Users\\nueva\\AppData\\Local\\Programs\\Antigravity IDE\\Antigravity IDE.exe",
                       "User":  "DESKTOP-KCP6DQD\\nueva",
                       "EventType":  "SetValue",
                       "TargetObject":  "HKLM\\System\\CurrentControlSet\\Services\\bam\\State\\UserSettings\\S-1-5-21-158180708-2764993437-2666828097-1001\\\\Device\\HarddiskVolume4\\Users\\nueva\\AppData\\Local\\Programs\\Antigravity IDE\\Antigravity IDE.exe",
                       "Details":  "Binary Data"
                   },
                   {
                       "EventID":  12,
                       "TimeCreated":  "2026-06-07T22:08:22.6882285-04:00",
                       "Computer":  "DESKTOP-KCP6DQD",
                       "Channel":  "Microsoft-Windows-Sysmon/Operational",
                       "RecordId":  32383,
                       "ProviderName":  "Microsoft-Windows-Sysmon",
                       "RuleName":  "Deteccion_Persistencia_Registro",
                       "UtcTime":  "2026-06-08 02:08:22.687",
                       "ProcessGuid":  "{f9ed62ee-f06c-6a25-4401-000000009c00}",
                       "ProcessId":  "11680",
                       "Image":  "C:\\WINDOWS\\system32\\sihost.exe",
                       "User":  "DESKTOP-KCP6DQD\\nueva",
                       "EventType":  "CreateKey",
                       "TargetObject":  "HKLM\\SOFTWARE\\WOW6432Node\\Microsoft\\Windows\\CurrentVersion\\Run"
                   },
                   {
                       "EventID":  12,
                       "TimeCreated":  "2026-06-07T22:08:12.6860925-04:00",
                       "Computer":  "DESKTOP-KCP6DQD",
                       "Channel":  "Microsoft-Windows-Sysmon/Operational",
                       "RecordId":  32382,
                       "ProviderName":  "Microsoft-Windows-Sysmon",
                       "RuleName":  "Deteccion_Persistencia_Registro",
                       "UtcTime":  "2026-06-08 02:08:12.685",
                       "ProcessGuid":  "{f9ed62ee-f06c-6a25-4401-000000009c00}",
                       "ProcessId":  "11680",
                       "Image":  "C:\\WINDOWS\\system32\\sihost.exe",
                       "User":  "DESKTOP-KCP6DQD\\nueva",
                       "EventType":  "CreateKey",
                       "TargetObject":  "HKLM\\SOFTWARE\\WOW6432Node\\Microsoft\\Windows\\CurrentVersion\\Run"
                   },
                   {
                       "EventID":  13,
                       "TimeCreated":  "2026-06-07T22:08:12.3758103-04:00",
                       "Computer":  "DESKTOP-KCP6DQD",
                       "Channel":  "Microsoft-Windows-Sysmon/Operational",
                       "RecordId":  32381,
                       "ProviderName":  "Microsoft-Windows-Sysmon",
                       "RuleName":  "Deteccion_Persistencia_Registro",
                       "UtcTime":  "2026-06-08 02:08:12.372",
                       "ProcessGuid":  "{f9ed62ee-23ee-6a26-110f-000000009c00}",
                       "ProcessId":  "10740",
                       "Image":  "C:\\Program Files (x86)\\Microsoft\\EdgeWebView\\Application\\148.0.3967.96\\msedgewebview2.exe",
                       "User":  "DESKTOP-KCP6DQD\\nueva",
                       "EventType":  "SetValue",
                       "TargetObject":  "HKLM\\System\\CurrentControlSet\\Services\\bam\\State\\UserSettings\\S-1-5-21-158180708-2764993437-2666828097-1001\\5319275A.WhatsAppDesktop_cv1g1gvanyjgm",
                       "Details":  "Binary Data"
                   },
                   {
                       "EventID":  12,
                       "TimeCreated":  "2026-06-07T22:08:04.2451765-04:00",
                       "Computer":  "DESKTOP-KCP6DQD",
                       "Channel":  "Microsoft-Windows-Sysmon/Operational",
                       "RecordId":  32380,
                       "ProviderName":  "Microsoft-Windows-Sysmon",
                       "RuleName":  "Deteccion_Persistencia_Registro",
                       "UtcTime":  "2026-06-08 02:08:04.231",
                       "ProcessGuid":  "{f9ed62ee-f03f-6a25-2f00-000000009c00}",
                       "ProcessId":  "2780",
                       "Image":  "C:\\WINDOWS\\system32\\svchost.exe",
                       "User":  "NT AUTHORITY\\Servicio de red",
                       "EventType":  "CreateKey",
                       "TargetObject":  "HKLM\\System\\CurrentControlSet\\Services\\Tcpip\\Parameters"
                   },
