                   {
                       "EventID":  5,
                       "TimeCreated":  "2026-06-07T21:25:16.5252420-04:00",
                       "Computer":  "DESKTOP-KCP6DQD",
                       "Channel":  "Microsoft-Windows-Sysmon/Operational",
                       "RecordId":  31309,
                       "ProviderName":  "Microsoft-Windows-Sysmon",
                       "RuleName":  "-",
                       "UtcTime":  "2026-06-08 01:25:16.523",
                       "ProcessGuid":  "{f9ed62ee-19fc-6a26-1d0d-000000009c00}",
                       "ProcessId":  "2708",
                       "Image":  "C:\\Windows\\System32\\WindowsPowerShell\\v1.0\\powershell.exe",
                       "User":  "DESKTOP-KCP6DQD\\nueva"
                   },
                   {
                       "EventID":  5,
                       "TimeCreated":  "2026-06-07T21:25:08.6440292-04:00",
                       "Computer":  "DESKTOP-KCP6DQD",
                       "Channel":  "Microsoft-Windows-Sysmon/Operational",
                       "RecordId":  31308,
                       "ProviderName":  "Microsoft-Windows-Sysmon",
                       "RuleName":  "-",
                       "UtcTime":  "2026-06-08 01:25:08.640",
                       "ProcessGuid":  "{f9ed62ee-19f4-6a26-1c0d-000000009c00}",
                       "ProcessId":  "4292",
                       "Image":  "C:\\Asignacion-Sysmon\\Sysmon64.exe",
                       "User":  "DESKTOP-KCP6DQD\\nueva"
                   },
                   {
                       "EventID":  16,
                       "TimeCreated":  "2026-06-07T21:25:08.6425347-04:00",
                       "Computer":  "DESKTOP-KCP6DQD",
                       "Channel":  "Microsoft-Windows-Sysmon/Operational",
                       "RecordId":  31307,
                       "ProviderName":  "Microsoft-Windows-Sysmon",
                       "UtcTime":  "2026-06-08 01:25:08.640"
                   },
                   {
                       "EventID":  5,
                       "TimeCreated":  "2026-06-07T21:25:06.7737846-04:00",
                       "Computer":  "DESKTOP-KCP6DQD",
                       "Channel":  "Microsoft-Windows-Sysmon/Operational",
                       "RecordId":  31306,
                       "ProviderName":  "Microsoft-Windows-Sysmon",
                       "RuleName":  "-",
                       "UtcTime":  "2026-06-08 01:25:06.772",
                       "ProcessGuid":  "{f9ed62ee-19d3-6a26-190d-000000009c00}",
                       "ProcessId":  "8548",
                       "Image":  "C:\\Program Files (x86)\\Intel\\Intel(R) Extreme Tuning Utility\\XtuService.exe",
                       "User":  "NT AUTHORITY\\SYSTEM"
                   },
                   {
                       "EventID":  5,
                       "TimeCreated":  "2026-06-07T21:24:44.6768858-04:00",
                       "Computer":  "DESKTOP-KCP6DQD",
                       "Channel":  "Microsoft-Windows-Sysmon/Operational",
                       "RecordId":  31305,
                       "ProviderName":  "Microsoft-Windows-Sysmon",
                       "RuleName":  "-",
                       "UtcTime":  "2026-06-08 01:24:44.675",
                       "ProcessGuid":  "{f9ed62ee-19bd-6a26-150d-000000009c00}",
                       "ProcessId":  "12536",
                       "Image":  "C:\\Program Files (x86)\\Intel\\Intel(R) Extreme Tuning Utility\\XtuService.exe",
                       "User":  "NT AUTHORITY\\SYSTEM"
                   },
                   {
                       "EventID":  5,
                       "TimeCreated":  "2026-06-07T21:24:22.2336794-04:00",
                       "Computer":  "DESKTOP-KCP6DQD",
                       "Channel":  "Microsoft-Windows-Sysmon/Operational",
                       "RecordId":  31304,
                       "ProviderName":  "Microsoft-Windows-Sysmon",
                       "RuleName":  "-",
                       "UtcTime":  "2026-06-08 01:24:22.231",
                       "ProcessGuid":  "{f9ed62ee-19a7-6a26-0e0d-000000009c00}",
                       "ProcessId":  "21664",
                       "Image":  "C:\\Program Files (x86)\\Intel\\Intel(R) Extreme Tuning Utility\\XtuService.exe",
                       "User":  "NT AUTHORITY\\SYSTEM"
                   },
                   {
                       "EventID":  5,
                       "TimeCreated":  "2026-06-07T21:24:03.0728411-04:00",
                       "Computer":  "DESKTOP-KCP6DQD",
                       "Channel":  "Microsoft-Windows-Sysmon/Operational",
                       "RecordId":  31303,
                       "ProviderName":  "Microsoft-Windows-Sysmon",
                       "RuleName":  "-",
                       "UtcTime":  "2026-06-08 01:24:03.072",
                       "ProcessGuid":  "{f9ed62ee-19b3-6a26-120d-000000009c00}",
                       "ProcessId":  "18116",
                       "Image":  "C:\\Program Files\\Git\\cmd\\git.exe",
                       "User":  "DESKTOP-KCP6DQD\\nueva"
                   },
                   {
                       "EventID":  5,
                       "TimeCreated":  "2026-06-07T21:24:03.0688068-04:00",
                       "Computer":  "DESKTOP-KCP6DQD",
                       "Channel":  "Microsoft-Windows-Sysmon/Operational",
                       "RecordId":  31302,
                       "ProviderName":  "Microsoft-Windows-Sysmon",
                       "RuleName":  "-",
                       "UtcTime":  "2026-06-08 01:24:03.068",
                       "ProcessGuid":  "{f9ed62ee-19b3-6a26-140d-000000009c00}",
                       "ProcessId":  "19284",
                       "Image":  "C:\\Program Files\\Git\\mingw64\\bin\\git.exe",
                       "User":  "DESKTOP-KCP6DQD\\nueva"
                   },
                   {
                       "EventID":  5,
                       "TimeCreated":  "2026-06-07T21:24:00.0721402-04:00",
                       "Computer":  "DESKTOP-KCP6DQD",
                       "Channel":  "Microsoft-Windows-Sysmon/Operational",
                       "RecordId":  31301,
                       "ProviderName":  "Microsoft-Windows-Sysmon",
                       "RuleName":  "-",
                       "UtcTime":  "2026-06-08 01:24:00.070",
                       "ProcessGuid":  "{f9ed62ee-1990-6a26-0c0d-000000009c00}",
                       "ProcessId":  "18772",
                       "Image":  "C:\\Program Files (x86)\\Intel\\Intel(R) Extreme Tuning Utility\\XtuService.exe",
                       "User":  "NT AUTHORITY\\SYSTEM"
                   },
                   {
                       "EventID":  5,
                       "TimeCreated":  "2026-06-07T21:23:57.6054722-04:00",
                       "Computer":  "DESKTOP-KCP6DQD",
                       "Channel":  "Microsoft-Windows-Sysmon/Operational",
                       "RecordId":  31300,
                       "ProviderName":  "Microsoft-Windows-Sysmon",
                       "RuleName":  "-",
                       "UtcTime":  "2026-06-08 01:23:57.604",
                       "ProcessGuid":  "{f9ed62ee-19ad-6a26-0f0d-000000009c00}",
                       "ProcessId":  "10688",
                       "Image":  "C:\\Program Files\\Git\\cmd\\git.exe",
                       "User":  "DESKTOP-KCP6DQD\\nueva"
                   },
                   {
                       "EventID":  5,
                       "TimeCreated":  "2026-06-07T21:23:57.6027640-04:00",
                       "Computer":  "DESKTOP-KCP6DQD",
                       "Channel":  "Microsoft-Windows-Sysmon/Operational",
                       "RecordId":  31299,
                       "ProviderName":  "Microsoft-Windows-Sysmon",
                       "RuleName":  "-",
                       "UtcTime":  "2026-06-08 01:23:57.602",
                       "ProcessGuid":  "{f9ed62ee-19ad-6a26-110d-000000009c00}",
                       "ProcessId":  "20712",
                       "Image":  "C:\\Program Files\\Git\\mingw64\\bin\\git.exe",
                       "User":  "DESKTOP-KCP6DQD\\nueva"
                   },
                   {
                       "EventID":  5,
                       "TimeCreated":  "2026-06-07T21:23:37.9388625-04:00",
                       "Computer":  "DESKTOP-KCP6DQD",
                       "Channel":  "Microsoft-Windows-Sysmon/Operational",
                       "RecordId":  31298,
                       "ProviderName":  "Microsoft-Windows-Sysmon",
                       "RuleName":  "-",
                       "UtcTime":  "2026-06-08 01:23:37.938",
                       "ProcessGuid":  "{f9ed62ee-197a-6a26-0b0d-000000009c00}",
                       "ProcessId":  "11580",
                       "Image":  "C:\\Program Files (x86)\\Intel\\Intel(R) Extreme Tuning Utility\\XtuService.exe",
                       "User":  "NT AUTHORITY\\SYSTEM"
                   },
                   {
                       "EventID":  5,
                       "TimeCreated":  "2026-06-07T21:23:15.5490989-04:00",
                       "Computer":  "DESKTOP-KCP6DQD",
                       "Channel":  "Microsoft-Windows-Sysmon/Operational",
                       "RecordId":  31297,
                       "ProviderName":  "Microsoft-Windows-Sysmon",
                       "RuleName":  "-",
                       "UtcTime":  "2026-06-08 01:23:15.547",
                       "ProcessGuid":  "{f9ed62ee-1964-6a26-0a0d-000000009c00}",
                       "ProcessId":  "21992",
                       "Image":  "C:\\Program Files (x86)\\Intel\\Intel(R) Extreme Tuning Utility\\XtuService.exe",
                       "User":  "NT AUTHORITY\\SYSTEM"
                   },
                   {
                       "EventID":  5,
                       "TimeCreated":  "2026-06-07T21:22:53.2756786-04:00",
                       "Computer":  "DESKTOP-KCP6DQD",
                       "Channel":  "Microsoft-Windows-Sysmon/Operational",
                       "RecordId":  31296,
                       "ProviderName":  "Microsoft-Windows-Sysmon",
                       "RuleName":  "-",
                       "UtcTime":  "2026-06-08 01:22:53.275",
                       "ProcessGuid":  "{f9ed62ee-194e-6a26-090d-000000009c00}",
                       "ProcessId":  "5316",
                       "Image":  "C:\\Program Files (x86)\\Intel\\Intel(R) Extreme Tuning Utility\\XtuService.exe",
                       "User":  "NT AUTHORITY\\SYSTEM"
                   },
                   {
                       "EventID":  5,
                       "TimeCreated":  "2026-06-07T21:22:31.0446813-04:00",
                       "Computer":  "DESKTOP-KCP6DQD",
                       "Channel":  "Microsoft-Windows-Sysmon/Operational",
                       "RecordId":  31295,
                       "ProviderName":  "Microsoft-Windows-Sysmon",
                       "RuleName":  "-",
                       "UtcTime":  "2026-06-08 01:22:31.042",
                       "ProcessGuid":  "{f9ed62ee-1937-6a26-070d-000000009c00}",
                       "ProcessId":  "21936",
                       "Image":  "C:\\Program Files (x86)\\Intel\\Intel(R) Extreme Tuning Utility\\XtuService.exe",
                       "User":  "NT AUTHORITY\\SYSTEM"
                   },
                   {
                       "EventID":  5,
                       "TimeCreated":  "2026-06-07T21:22:08.8503065-04:00",
                       "Computer":  "DESKTOP-KCP6DQD",
                       "Channel":  "Microsoft-Windows-Sysmon/Operational",
                       "RecordId":  31294,
                       "ProviderName":  "Microsoft-Windows-Sysmon",
                       "RuleName":  "-",
                       "UtcTime":  "2026-06-08 01:22:08.848",
                       "ProcessGuid":  "{f9ed62ee-1921-6a26-030d-000000009c00}",
                       "ProcessId":  "20592",
                       "Image":  "C:\\Program Files (x86)\\Intel\\Intel(R) Extreme Tuning Utility\\XtuService.exe",
                       "User":  "NT AUTHORITY\\SYSTEM"
                   },
                   {
                       "EventID":  5,
                       "TimeCreated":  "2026-06-07T21:21:54.7162129-04:00",
                       "Computer":  "DESKTOP-KCP6DQD",
                       "Channel":  "Microsoft-Windows-Sysmon/Operational",
                       "RecordId":  31293,
                       "ProviderName":  "Microsoft-Windows-Sysmon",
                       "RuleName":  "-",
                       "UtcTime":  "2026-06-08 01:21:54.706",
                       "ProcessGuid":  "{f9ed62ee-1889-6a26-f00c-000000009c00}",
                       "ProcessId":  "2128",
                       "Image":  "C:\\Windows\\System32\\SearchProtocolHost.exe",
                       "User":  "NT AUTHORITY\\SYSTEM"
                   },
                   {
                       "EventID":  5,
                       "TimeCreated":  "2026-06-07T21:21:48.7352716-04:00",
                       "Computer":  "DESKTOP-KCP6DQD",
                       "Channel":  "Microsoft-Windows-Sysmon/Operational",
                       "RecordId":  31292,
                       "ProviderName":  "Microsoft-Windows-Sysmon",
                       "RuleName":  "-",
                       "UtcTime":  "2026-06-08 01:21:48.721",
                       "ProcessGuid":  "{f9ed62ee-192c-6a26-040d-000000009c00}",
                       "ProcessId":  "20144",
                       "Image":  "C:\\Windows\\System32\\WindowsPowerShell\\v1.0\\powershell.exe",
                       "User":  "DESKTOP-KCP6DQD\\nueva"
                   },
                   {
                       "EventID":  5,
                       "TimeCreated":  "2026-06-07T21:21:46.5096539-04:00",
                       "Computer":  "DESKTOP-KCP6DQD",
                       "Channel":  "Microsoft-Windows-Sysmon/Operational",
                       "RecordId":  31291,
                       "ProviderName":  "Microsoft-Windows-Sysmon",
                       "RuleName":  "-",
                       "UtcTime":  "2026-06-08 01:21:46.507",
                       "ProcessGuid":  "{f9ed62ee-190b-6a26-010d-000000009c00}",
                       "ProcessId":  "6928",
                       "Image":  "C:\\Program Files (x86)\\Intel\\Intel(R) Extreme Tuning Utility\\XtuService.exe",
                       "User":  "NT AUTHORITY\\SYSTEM"
                   },
                   {
                       "EventID":  5,
                       "TimeCreated":  "2026-06-07T21:21:46.2060527-04:00",
                       "Computer":  "DESKTOP-KCP6DQD",
                       "Channel":  "Microsoft-Windows-Sysmon/Operational",
                       "RecordId":  31290,
                       "ProviderName":  "Microsoft-Windows-Sysmon",
                       "RuleName":  "-",
                       "UtcTime":  "2026-06-08 01:21:46.200",
                       "ProcessGuid":  "{f9ed62ee-1889-6a26-f10c-000000009c00}",
                       "ProcessId":  "6580",
                       "Image":  "C:\\Windows\\System32\\SearchFilterHost.exe",
                       "User":  "NT AUTHORITY\\SYSTEM"
                   },
                   {
                       "EventID":  5,
                       "TimeCreated":  "2026-06-07T21:21:46.1976600-04:00",
                       "Computer":  "DESKTOP-KCP6DQD",
                       "Channel":  "Microsoft-Windows-Sysmon/Operational",
                       "RecordId":  31289,
                       "ProviderName":  "Microsoft-Windows-Sysmon",
                       "RuleName":  "-",
                       "UtcTime":  "2026-06-08 01:21:46.190",
                       "ProcessGuid":  "{f9ed62ee-188a-6a26-f20c-000000009c00}",
                       "ProcessId":  "12388",
                       "Image":  "C:\\Windows\\System32\\SearchFilterHost.exe",
                       "User":  "NT AUTHORITY\\SYSTEM"
                   },
                   {
                       "EventID":  5,
                       "TimeCreated":  "2026-06-07T21:21:24.4281143-04:00",
                       "Computer":  "DESKTOP-KCP6DQD",
                       "Channel":  "Microsoft-Windows-Sysmon/Operational",
                       "RecordId":  31288,
                       "ProviderName":  "Microsoft-Windows-Sysmon",
                       "RuleName":  "-",
                       "UtcTime":  "2026-06-08 01:21:24.427",
                       "ProcessGuid":  "{f9ed62ee-18f5-6a26-000d-000000009c00}",
                       "ProcessId":  "3780",
                       "Image":  "C:\\Program Files (x86)\\Intel\\Intel(R) Extreme Tuning Utility\\XtuService.exe",
                       "User":  "NT AUTHORITY\\SYSTEM"
                   },
                   {
                       "EventID":  5,
                       "TimeCreated":  "2026-06-07T21:21:02.0616621-04:00",
                       "Computer":  "DESKTOP-KCP6DQD",
                       "Channel":  "Microsoft-Windows-Sysmon/Operational",
                       "RecordId":  31287,
                       "ProviderName":  "Microsoft-Windows-Sysmon",
                       "RuleName":  "-",
                       "UtcTime":  "2026-06-08 01:21:02.061",
                       "ProcessGuid":  "{f9ed62ee-18de-6a26-f60c-000000009c00}",
                       "ProcessId":  "5660",
                       "Image":  "C:\\Program Files (x86)\\Intel\\Intel(R) Extreme Tuning Utility\\XtuService.exe",
                       "User":  "NT AUTHORITY\\SYSTEM"
                   },
                   {
                       "EventID":  5,
                       "TimeCreated":  "2026-06-07T21:20:39.6688982-04:00",
                       "Computer":  "DESKTOP-KCP6DQD",
                       "Channel":  "Microsoft-Windows-Sysmon/Operational",
                       "RecordId":  31286,
                       "ProviderName":  "Microsoft-Windows-Sysmon",
                       "RuleName":  "-",
                       "UtcTime":  "2026-06-08 01:20:39.667",
                       "ProcessGuid":  "{f9ed62ee-18c8-6a26-f50c-000000009c00}",
                       "ProcessId":  "8816",
                       "Image":  "C:\\Program Files (x86)\\Intel\\Intel(R) Extreme Tuning Utility\\XtuService.exe",
                       "User":  "NT AUTHORITY\\SYSTEM"
                   },
                   {
                       "EventID":  5,
                       "TimeCreated":  "2026-06-07T21:20:39.5696661-04:00",
                       "Computer":  "DESKTOP-KCP6DQD",
                       "Channel":  "Microsoft-Windows-Sysmon/Operational",
                       "RecordId":  31285,
                       "ProviderName":  "Microsoft-Windows-Sysmon",
                       "RuleName":  "-",
                       "UtcTime":  "2026-06-08 01:20:39.566",
                       "ProcessGuid":  "{f9ed62ee-18e1-6a26-f70c-000000009c00}",
                       "ProcessId":  "3056",
                       "Image":  "C:\\Program Files\\WindowsApps\\Microsoft.ScreenSketch_11.2602.49.0_x64__8wekyb3d8bbwe\\SnippingTool\\SnippingTool.exe",
                       "User":  "DESKTOP-KCP6DQD\\nueva"
                   },
                   {
                       "EventID":  5,
                       "TimeCreated":  "2026-06-07T21:20:17.4673963-04:00",
                       "Computer":  "DESKTOP-KCP6DQD",
                       "Channel":  "Microsoft-Windows-Sysmon/Operational",
                       "RecordId":  31284,
                       "ProviderName":  "Microsoft-Windows-Sysmon",
                       "RuleName":  "-",
                       "UtcTime":  "2026-06-08 01:20:17.465",
                       "ProcessGuid":  "{f9ed62ee-18b2-6a26-f40c-000000009c00}",
                       "ProcessId":  "6792",
                       "Image":  "C:\\Program Files (x86)\\Intel\\Intel(R) Extreme Tuning Utility\\XtuService.exe",
                       "User":  "NT AUTHORITY\\SYSTEM"
                   },
                   {
                       "EventID":  5,
                       "TimeCreated":  "2026-06-07T21:19:55.1753498-04:00",
                       "Computer":  "DESKTOP-KCP6DQD",
                       "Channel":  "Microsoft-Windows-Sysmon/Operational",
                       "RecordId":  31283,
                       "ProviderName":  "Microsoft-Windows-Sysmon",
                       "RuleName":  "-",
                       "UtcTime":  "2026-06-08 01:19:55.173",
                       "ProcessGuid":  "{f9ed62ee-189c-6a26-f30c-000000009c00}",
                       "ProcessId":  "7808",
                       "Image":  "C:\\Program Files (x86)\\Intel\\Intel(R) Extreme Tuning Utility\\XtuService.exe",
                       "User":  "NT AUTHORITY\\SYSTEM"
                   },
                   {
                       "EventID":  5,
                       "TimeCreated":  "2026-06-07T21:19:32.9188328-04:00",
                       "Computer":  "DESKTOP-KCP6DQD",
                       "Channel":  "Microsoft-Windows-Sysmon/Operational",
                       "RecordId":  31282,
                       "ProviderName":  "Microsoft-Windows-Sysmon",
                       "RuleName":  "-",
                       "UtcTime":  "2026-06-08 01:19:32.918",
                       "ProcessGuid":  "{f9ed62ee-1885-6a26-ee0c-000000009c00}",
                       "ProcessId":  "10300",
                       "Image":  "C:\\Program Files (x86)\\Intel\\Intel(R) Extreme Tuning Utility\\XtuService.exe",
                       "User":  "NT AUTHORITY\\SYSTEM"
                   },
                   {
                       "EventID":  5,
                       "TimeCreated":  "2026-06-07T21:19:10.7067216-04:00",
                       "Computer":  "DESKTOP-KCP6DQD",
                       "Channel":  "Microsoft-Windows-Sysmon/Operational",
                       "RecordId":  31281,
                       "ProviderName":  "Microsoft-Windows-Sysmon",
                       "RuleName":  "-",
                       "UtcTime":  "2026-06-08 01:19:10.705",
                       "ProcessGuid":  "{f9ed62ee-186f-6a26-eb0c-000000009c00}",
                       "ProcessId":  "20712",
                       "Image":  "C:\\Program Files (x86)\\Intel\\Intel(R) Extreme Tuning Utility\\XtuService.exe",
                       "User":  "NT AUTHORITY\\SYSTEM"
                   },
                   {
                       "EventID":  5,
                       "TimeCreated":  "2026-06-07T21:19:05.4623394-04:00",
                       "Computer":  "DESKTOP-KCP6DQD",
                       "Channel":  "Microsoft-Windows-Sysmon/Operational",
                       "RecordId":  31280,
                       "ProviderName":  "Microsoft-Windows-Sysmon",
                       "RuleName":  "-",
                       "UtcTime":  "2026-06-08 01:19:05.462",
                       "ProcessGuid":  "{f9ed62ee-1884-6a26-ec0c-000000009c00}",
                       "ProcessId":  "21100",
                       "Image":  "C:\\Program Files\\WindowsApps\\Microsoft.ScreenSketch_11.2602.49.0_x64__8wekyb3d8bbwe\\SnippingTool\\SnippingTool.exe",
                       "User":  "DESKTOP-KCP6DQD\\nueva"
                   },
                   {
                       "EventID":  5,
                       "TimeCreated":  "2026-06-07T21:18:48.5263252-04:00",
                       "Computer":  "DESKTOP-KCP6DQD",
                       "Channel":  "Microsoft-Windows-Sysmon/Operational",
                       "RecordId":  31279,
                       "ProviderName":  "Microsoft-Windows-Sysmon",
                       "RuleName":  "-",
                       "UtcTime":  "2026-06-08 01:18:48.523",
                       "ProcessGuid":  "{f9ed62ee-1859-6a26-e90c-000000009c00}",
                       "ProcessId":  "17056",
                       "Image":  "C:\\Program Files (x86)\\Intel\\Intel(R) Extreme Tuning Utility\\XtuService.exe",
                       "User":  "NT AUTHORITY\\SYSTEM"
                   },
                   {
                       "EventID":  5,
                       "TimeCreated":  "2026-06-07T21:18:26.1088704-04:00",
                       "Computer":  "DESKTOP-KCP6DQD",
                       "Channel":  "Microsoft-Windows-Sysmon/Operational",
                       "RecordId":  31278,
                       "ProviderName":  "Microsoft-Windows-Sysmon",
                       "RuleName":  "-",
                       "UtcTime":  "2026-06-08 01:18:26.107",
                       "ProcessGuid":  "{f9ed62ee-1842-6a26-e40c-000000009c00}",
                       "ProcessId":  "11048",
                       "Image":  "C:\\Program Files (x86)\\Intel\\Intel(R) Extreme Tuning Utility\\XtuService.exe",
                       "User":  "NT AUTHORITY\\SYSTEM"
                   },
                   {
                       "EventID":  5,
                       "TimeCreated":  "2026-06-07T21:18:03.6175515-04:00",
                       "Computer":  "DESKTOP-KCP6DQD",
                       "Channel":  "Microsoft-Windows-Sysmon/Operational",
                       "RecordId":  31277,
                       "ProviderName":  "Microsoft-Windows-Sysmon",
                       "RuleName":  "-",
                       "UtcTime":  "2026-06-08 01:18:03.617",
                       "ProcessGuid":  "{f9ed62ee-182c-6a26-e00c-000000009c00}",
                       "ProcessId":  "19272",
                       "Image":  "C:\\Program Files (x86)\\Intel\\Intel(R) Extreme Tuning Utility\\XtuService.exe",
                       "User":  "NT AUTHORITY\\SYSTEM"
                   },
                   {
                       "EventID":  5,
                       "TimeCreated":  "2026-06-07T21:18:00.6331644-04:00",
                       "Computer":  "DESKTOP-KCP6DQD",
                       "Channel":  "Microsoft-Windows-Sysmon/Operational",
                       "RecordId":  31276,
                       "ProviderName":  "Microsoft-Windows-Sysmon",
                       "RuleName":  "-",
                       "UtcTime":  "2026-06-08 01:18:00.632",
                       "ProcessGuid":  "{f9ed62ee-1848-6a26-e70c-000000009c00}",
                       "ProcessId":  "7676",
                       "Image":  "C:\\Windows\\System32\\WindowsPowerShell\\v1.0\\powershell.exe",
                       "User":  "DESKTOP-KCP6DQD\\nueva"
                   },
                   {
                       "EventID":  5,
                       "TimeCreated":  "2026-06-07T21:17:55.4418149-04:00",
                       "Computer":  "DESKTOP-KCP6DQD",
                       "Channel":  "Microsoft-Windows-Sysmon/Operational",
                       "RecordId":  31275,
                       "ProviderName":  "Microsoft-Windows-Sysmon",
                       "RuleName":  "-",
                       "UtcTime":  "2026-06-08 01:17:55.441",
                       "ProcessGuid":  "{f9ed62ee-1843-6a26-e50c-000000009c00}",
                       "ProcessId":  "18356",
                       "Image":  "C:\\Windows\\System32\\WindowsPowerShell\\v1.0\\powershell.exe",
                       "User":  "DESKTOP-KCP6DQD\\nueva"
                   },
                   {
                       "EventID":  5,
                       "TimeCreated":  "2026-06-07T21:17:47.3308589-04:00",
                       "Computer":  "DESKTOP-KCP6DQD",
                       "Channel":  "Microsoft-Windows-Sysmon/Operational",
                       "RecordId":  31274,
                       "ProviderName":  "Microsoft-Windows-Sysmon",
                       "RuleName":  "-",
                       "UtcTime":  "2026-06-08 01:17:47.329",
                       "ProcessGuid":  "{f9ed62ee-16e5-6a26-a90c-000000009c00}",
                       "ProcessId":  "20692",
                       "Image":  "C:\\Windows\\System32\\SearchProtocolHost.exe",
                       "User":  "NT AUTHORITY\\SYSTEM"
                   },
                   {
                       "EventID":  5,
                       "TimeCreated":  "2026-06-07T21:17:46.1996015-04:00",
                       "Computer":  "DESKTOP-KCP6DQD",
                       "Channel":  "Microsoft-Windows-Sysmon/Operational",
                       "RecordId":  31273,
                       "ProviderName":  "Microsoft-Windows-Sysmon",
                       "RuleName":  "-",
                       "UtcTime":  "2026-06-08 01:17:46.196",
                       "ProcessGuid":  "{f9ed62ee-16e5-6a26-aa0c-000000009c00}",
                       "ProcessId":  "21712",
                       "Image":  "C:\\Windows\\System32\\SearchFilterHost.exe",
                       "User":  "NT AUTHORITY\\SYSTEM"
                   },
                   {
                       "EventID":  5,
                       "TimeCreated":  "2026-06-07T21:17:46.1910883-04:00",
                       "Computer":  "DESKTOP-KCP6DQD",
                       "Channel":  "Microsoft-Windows-Sysmon/Operational",
                       "RecordId":  31272,
                       "ProviderName":  "Microsoft-Windows-Sysmon",
                       "RuleName":  "-",
                       "UtcTime":  "2026-06-08 01:17:46.186",
                       "ProcessGuid":  "{f9ed62ee-16e5-6a26-ab0c-000000009c00}",
                       "ProcessId":  "10684",
                       "Image":  "C:\\Windows\\System32\\SearchFilterHost.exe",
                       "User":  "NT AUTHORITY\\SYSTEM"
                   },
                   {
                       "EventID":  5,
                       "TimeCreated":  "2026-06-07T21:17:41.2173912-04:00",
                       "Computer":  "DESKTOP-KCP6DQD",
                       "Channel":  "Microsoft-Windows-Sysmon/Operational",
                       "RecordId":  31271,
                       "ProviderName":  "Microsoft-Windows-Sysmon",
                       "RuleName":  "-",
                       "UtcTime":  "2026-06-08 01:17:41.212",
                       "ProcessGuid":  "{f9ed62ee-1816-6a26-dd0c-000000009c00}",
                       "ProcessId":  "6504",
                       "Image":  "C:\\Program Files (x86)\\Intel\\Intel(R) Extreme Tuning Utility\\XtuService.exe",
                       "User":  "NT AUTHORITY\\SYSTEM"
                   },
                   {
                       "EventID":  5,
                       "TimeCreated":  "2026-06-07T21:17:20.2320947-04:00",
                       "Computer":  "DESKTOP-KCP6DQD",
                       "Channel":  "Microsoft-Windows-Sysmon/Operational",
                       "RecordId":  31270,
                       "ProviderName":  "Microsoft-Windows-Sysmon",
                       "RuleName":  "-",
                       "UtcTime":  "2026-06-08 01:17:20.225",
                       "ProcessGuid":  "{f9ed62ee-181a-6a26-de0c-000000009c00}",
                       "ProcessId":  "15784",
                       "Image":  "C:\\Windows\\System32\\WindowsPowerShell\\v1.0\\powershell.exe",
                       "User":  "DESKTOP-KCP6DQD\\nueva"
                   },
                   {
                       "EventID":  5,
                       "TimeCreated":  "2026-06-07T21:17:19.0251004-04:00",
                       "Computer":  "DESKTOP-KCP6DQD",
                       "Channel":  "Microsoft-Windows-Sysmon/Operational",
                       "RecordId":  31269,
                       "ProviderName":  "Microsoft-Windows-Sysmon",
                       "RuleName":  "-",
                       "UtcTime":  "2026-06-08 01:17:19.022",
                       "ProcessGuid":  "{f9ed62ee-17ff-6a26-dc0c-000000009c00}",
                       "ProcessId":  "11736",
                       "Image":  "C:\\Program Files (x86)\\Intel\\Intel(R) Extreme Tuning Utility\\XtuService.exe",
                       "User":  "NT AUTHORITY\\SYSTEM"
                   },
                   {
                       "EventID":  5,
                       "TimeCreated":  "2026-06-07T21:16:56.7339039-04:00",
                       "Computer":  "DESKTOP-KCP6DQD",
                       "Channel":  "Microsoft-Windows-Sysmon/Operational",
                       "RecordId":  31268,
                       "ProviderName":  "Microsoft-Windows-Sysmon",
                       "RuleName":  "-",
                       "UtcTime":  "2026-06-08 01:16:56.732",
                       "ProcessGuid":  "{f9ed62ee-17e9-6a26-d70c-000000009c00}",
                       "ProcessId":  "1704",
                       "Image":  "C:\\Program Files (x86)\\Intel\\Intel(R) Extreme Tuning Utility\\XtuService.exe",
                       "User":  "NT AUTHORITY\\SYSTEM"
                   },
                   {
                       "EventID":  5,
                       "TimeCreated":  "2026-06-07T21:16:52.5486347-04:00",
                       "Computer":  "DESKTOP-KCP6DQD",
                       "Channel":  "Microsoft-Windows-Sysmon/Operational",
                       "RecordId":  31267,
                       "ProviderName":  "Microsoft-Windows-Sysmon",
                       "RuleName":  "-",
                       "UtcTime":  "2026-06-08 01:16:52.539",
                       "ProcessGuid":  "{f9ed62ee-17ff-6a26-da0c-000000009c00}",
                       "ProcessId":  "17128",
                       "Image":  "C:\\Windows\\System32\\WindowsPowerShell\\v1.0\\powershell.exe",
                       "User":  "DESKTOP-KCP6DQD\\nueva"
                   },
                   {
                       "EventID":  5,
                       "TimeCreated":  "2026-06-07T21:16:34.5230028-04:00",
                       "Computer":  "DESKTOP-KCP6DQD",
                       "Channel":  "Microsoft-Windows-Sysmon/Operational",
                       "RecordId":  31266,
                       "ProviderName":  "Microsoft-Windows-Sysmon",
                       "RuleName":  "-",
                       "UtcTime":  "2026-06-08 01:16:34.520",
                       "ProcessGuid":  "{f9ed62ee-17d3-6a26-d60c-000000009c00}",
                       "ProcessId":  "19208",
                       "Image":  "C:\\Program Files (x86)\\Intel\\Intel(R) Extreme Tuning Utility\\XtuService.exe",
                       "User":  "NT AUTHORITY\\SYSTEM"
                   },
                   {
                       "EventID":  5,
                       "TimeCreated":  "2026-06-07T21:16:12.1126357-04:00",
                       "Computer":  "DESKTOP-KCP6DQD",
                       "Channel":  "Microsoft-Windows-Sysmon/Operational",
                       "RecordId":  31265,
                       "ProviderName":  "Microsoft-Windows-Sysmon",
                       "RuleName":  "-",
                       "UtcTime":  "2026-06-08 01:16:12.110",
                       "ProcessGuid":  "{f9ed62ee-17bd-6a26-d30c-000000009c00}",
                       "ProcessId":  "12768",
                       "Image":  "C:\\Program Files (x86)\\Intel\\Intel(R) Extreme Tuning Utility\\XtuService.exe",
                       "User":  "NT AUTHORITY\\SYSTEM"
                   },
                   {
                       "EventID":  5,
                       "TimeCreated":  "2026-06-07T21:16:01.7077394-04:00",
                       "Computer":  "DESKTOP-KCP6DQD",
                       "Channel":  "Microsoft-Windows-Sysmon/Operational",
                       "RecordId":  31264,
                       "ProviderName":  "Microsoft-Windows-Sysmon",
                       "RuleName":  "-",
                       "UtcTime":  "2026-06-08 01:16:01.699",
                       "ProcessGuid":  "{f9ed62ee-17d1-6a26-d50c-000000009c00}",
                       "ProcessId":  "6492",
                       "Image":  "C:\\Windows\\SystemApps\\MicrosoftWindows.Client.CBS_cw5n1h2txyewy\\SoftLandingTask\\SoftLandingTask.exe",
                       "User":  "DESKTOP-KCP6DQD\\nueva"
                   },
                   {
                       "EventID":  5,
                       "TimeCreated":  "2026-06-07T21:15:49.9192453-04:00",
                       "Computer":  "DESKTOP-KCP6DQD",
                       "Channel":  "Microsoft-Windows-Sysmon/Operational",
                       "RecordId":  31263,
                       "ProviderName":  "Microsoft-Windows-Sysmon",
                       "RuleName":  "-",
                       "UtcTime":  "2026-06-08 01:15:49.918",
                       "ProcessGuid":  "{f9ed62ee-17a6-6a26-cf0c-000000009c00}",
                       "ProcessId":  "12128",
                       "Image":  "C:\\Program Files (x86)\\Intel\\Intel(R) Extreme Tuning Utility\\XtuService.exe",
                       "User":  "NT AUTHORITY\\SYSTEM"
                   },
                   {
                       "EventID":  5,
                       "TimeCreated":  "2026-06-07T21:15:28.0696849-04:00",
                       "Computer":  "DESKTOP-KCP6DQD",
                       "Channel":  "Microsoft-Windows-Sysmon/Operational",
                       "RecordId":  31262,
                       "ProviderName":  "Microsoft-Windows-Sysmon",
                       "RuleName":  "-",
                       "UtcTime":  "2026-06-08 01:15:28.065",
                       "ProcessGuid":  "{f9ed62ee-1610-6a26-7d0c-000000009c00}",
                       "ProcessId":  "2676",
                       "Image":  "\u003cunknown process\u003e",
                       "User":  "DESKTOP-KCP6DQD\\nueva"
                   },
                   {
                       "EventID":  5,
                       "TimeCreated":  "2026-06-07T21:15:27.6855826-04:00",
                       "Computer":  "DESKTOP-KCP6DQD",
                       "Channel":  "Microsoft-Windows-Sysmon/Operational",
                       "RecordId":  31261,
                       "ProviderName":  "Microsoft-Windows-Sysmon",
                       "RuleName":  "-",
                       "UtcTime":  "2026-06-08 01:15:27.684",
                       "ProcessGuid":  "{f9ed62ee-1790-6a26-cb0c-000000009c00}",
                       "ProcessId":  "15552",
                       "Image":  "C:\\Program Files (x86)\\Intel\\Intel(R) Extreme Tuning Utility\\XtuService.exe",
                       "User":  "NT AUTHORITY\\SYSTEM"
                   },
                   {
                       "EventID":  5,
                       "TimeCreated":  "2026-06-07T21:15:05.2952434-04:00",
                       "Computer":  "DESKTOP-KCP6DQD",
                       "Channel":  "Microsoft-Windows-Sysmon/Operational",
                       "RecordId":  31260,
                       "ProviderName":  "Microsoft-Windows-Sysmon",
                       "RuleName":  "-",
                       "UtcTime":  "2026-06-08 01:15:05.290",
                       "ProcessGuid":  "{f9ed62ee-177a-6a26-c60c-000000009c00}",
                       "ProcessId":  "17164",
                       "Image":  "C:\\Program Files (x86)\\Intel\\Intel(R) Extreme Tuning Utility\\XtuService.exe",
                       "User":  "NT AUTHORITY\\SYSTEM"
                   },
                   {
                       "EventID":  5,
                       "TimeCreated":  "2026-06-07T21:15:02.6871930-04:00",
                       "Computer":  "DESKTOP-KCP6DQD",
                       "Channel":  "Microsoft-Windows-Sysmon/Operational",
                       "RecordId":  31259,
                       "ProviderName":  "Microsoft-Windows-Sysmon",
                       "RuleName":  "-",
                       "UtcTime":  "2026-06-08 01:15:02.685",
                       "ProcessGuid":  "{f9ed62ee-1796-6a26-cd0c-000000009c00}",
                       "ProcessId":  "12656",
                       "Image":  "C:\\Windows\\System32\\WindowsPowerShell\\v1.0\\powershell.exe",
                       "User":  "DESKTOP-KCP6DQD\\nueva"
                   },
                   {
                       "EventID":  5,
                       "TimeCreated":  "2026-06-07T21:14:46.5957634-04:00",
                       "Computer":  "DESKTOP-KCP6DQD",
                       "Channel":  "Microsoft-Windows-Sysmon/Operational",
                       "RecordId":  31258,
                       "ProviderName":  "Microsoft-Windows-Sysmon",
                       "RuleName":  "-",
                       "UtcTime":  "2026-06-08 01:14:46.595",
                       "ProcessGuid":  "{f9ed62ee-1781-6a26-c80c-000000009c00}",
                       "ProcessId":  "4636",
                       "Image":  "C:\\Program Files\\WindowsApps\\Microsoft.ScreenSketch_11.2602.49.0_x64__8wekyb3d8bbwe\\SnippingTool\\SnippingTool.exe",
                       "User":  "DESKTOP-KCP6DQD\\nueva"
                   },
                   {
                       "EventID":  5,
                       "TimeCreated":  "2026-06-07T21:14:43.0884089-04:00",
                       "Computer":  "DESKTOP-KCP6DQD",
                       "Channel":  "Microsoft-Windows-Sysmon/Operational",
                       "RecordId":  31257,
                       "ProviderName":  "Microsoft-Windows-Sysmon",
                       "RuleName":  "-",
                       "UtcTime":  "2026-06-08 01:14:43.087",
                       "ProcessGuid":  "{f9ed62ee-1763-6a26-c50c-000000009c00}",
                       "ProcessId":  "21272",
                       "Image":  "C:\\Program Files (x86)\\Intel\\Intel(R) Extreme Tuning Utility\\XtuService.exe",
                       "User":  "NT AUTHORITY\\SYSTEM"
                   },
                   {
                       "EventID":  5,
                       "TimeCreated":  "2026-06-07T21:14:36.3407500-04:00",
                       "Computer":  "DESKTOP-KCP6DQD",
                       "Channel":  "Microsoft-Windows-Sysmon/Operational",
                       "RecordId":  31256,
                       "ProviderName":  "Microsoft-Windows-Sysmon",
                       "RuleName":  "-",
                       "UtcTime":  "2026-06-08 01:14:36.335",
                       "ProcessGuid":  "{f9ed62ee-177c-6a26-c70c-000000009c00}",
                       "ProcessId":  "20008",
                       "Image":  "C:\\Windows\\System32\\WindowsPowerShell\\v1.0\\powershell.exe",
                       "User":  "DESKTOP-KCP6DQD\\nueva"
                   },
                   {
                       "EventID":  5,
                       "TimeCreated":  "2026-06-07T21:14:20.8184450-04:00",
                       "Computer":  "DESKTOP-KCP6DQD",
                       "Channel":  "Microsoft-Windows-Sysmon/Operational",
                       "RecordId":  31255,
                       "ProviderName":  "Microsoft-Windows-Sysmon",
                       "RuleName":  "-",
                       "UtcTime":  "2026-06-08 01:14:20.812",
                       "ProcessGuid":  "{f9ed62ee-174d-6a26-c00c-000000009c00}",
                       "ProcessId":  "20444",
                       "Image":  "C:\\Program Files (x86)\\Intel\\Intel(R) Extreme Tuning Utility\\XtuService.exe",
                       "User":  "NT AUTHORITY\\SYSTEM"
                   },
                   {
                       "EventID":  5,
                       "TimeCreated":  "2026-06-07T21:14:09.6693400-04:00",
                       "Computer":  "DESKTOP-KCP6DQD",
                       "Channel":  "Microsoft-Windows-Sysmon/Operational",
                       "RecordId":  31254,
                       "ProviderName":  "Microsoft-Windows-Sysmon",
                       "RuleName":  "-",
                       "UtcTime":  "2026-06-08 01:14:09.668",
                       "ProcessGuid":  "{f9ed62ee-175b-6a26-c30c-000000009c00}",
                       "ProcessId":  "1504",
                       "Image":  "C:\\Program Files\\WindowsApps\\Microsoft.ScreenSketch_11.2602.49.0_x64__8wekyb3d8bbwe\\SnippingTool\\SnippingTool.exe",
                       "User":  "DESKTOP-KCP6DQD\\nueva"
                   },
                   {
                       "EventID":  5,
                       "TimeCreated":  "2026-06-07T21:13:58.5953985-04:00",
                       "Computer":  "DESKTOP-KCP6DQD",
                       "Channel":  "Microsoft-Windows-Sysmon/Operational",
                       "RecordId":  31253,
                       "ProviderName":  "Microsoft-Windows-Sysmon",
                       "RuleName":  "-",
                       "UtcTime":  "2026-06-08 01:13:58.594",
                       "ProcessGuid":  "{f9ed62ee-1737-6a26-ba0c-000000009c00}",
                       "ProcessId":  "13828",
                       "Image":  "C:\\Program Files (x86)\\Intel\\Intel(R) Extreme Tuning Utility\\XtuService.exe",
                       "User":  "NT AUTHORITY\\SYSTEM"
                   },
                   {
                       "EventID":  5,
                       "TimeCreated":  "2026-06-07T21:13:36.2573298-04:00",
                       "Computer":  "DESKTOP-KCP6DQD",
                       "Channel":  "Microsoft-Windows-Sysmon/Operational",
                       "RecordId":  31252,
                       "ProviderName":  "Microsoft-Windows-Sysmon",
                       "RuleName":  "-",
                       "UtcTime":  "2026-06-08 01:13:36.256",
                       "ProcessGuid":  "{f9ed62ee-1721-6a26-b50c-000000009c00}",
                       "ProcessId":  "4016",
                       "Image":  "C:\\Program Files (x86)\\Intel\\Intel(R) Extreme Tuning Utility\\XtuService.exe",
                       "User":  "NT AUTHORITY\\SYSTEM"
                   },
                   {
                       "EventID":  5,
                       "TimeCreated":  "2026-06-07T21:13:32.0385222-04:00",
                       "Computer":  "DESKTOP-KCP6DQD",
                       "Channel":  "Microsoft-Windows-Sysmon/Operational",
                       "RecordId":  31251,
                       "ProviderName":  "Microsoft-Windows-Sysmon",
                       "RuleName":  "-",
                       "UtcTime":  "2026-06-08 01:13:32.035",
                       "ProcessGuid":  "{f9ed62ee-173b-6a26-bd0c-000000009c00}",
                       "ProcessId":  "21836",
                       "Image":  "C:\\Program Files\\Git\\cmd\\git.exe",
                       "User":  "DESKTOP-KCP6DQD\\nueva"
                   },
                   {
                       "EventID":  5,
                       "TimeCreated":  "2026-06-07T21:13:32.0344552-04:00",
                       "Computer":  "DESKTOP-KCP6DQD",
                       "Channel":  "Microsoft-Windows-Sysmon/Operational",
                       "RecordId":  31250,
                       "ProviderName":  "Microsoft-Windows-Sysmon",
                       "RuleName":  "-",
                       "UtcTime":  "2026-06-08 01:13:32.030",
                       "ProcessGuid":  "{f9ed62ee-173c-6a26-bf0c-000000009c00}",
                       "ProcessId":  "3064",
                       "Image":  "C:\\Program Files\\Git\\mingw64\\bin\\git.exe",
                       "User":  "DESKTOP-KCP6DQD\\nueva"
                   },
                   {
                       "EventID":  5,
                       "TimeCreated":  "2026-06-07T21:13:29.8119073-04:00",
                       "Computer":  "DESKTOP-KCP6DQD",
                       "Channel":  "Microsoft-Windows-Sysmon/Operational",
                       "RecordId":  31249,
                       "ProviderName":  "Microsoft-Windows-Sysmon",
                       "RuleName":  "-",
                       "UtcTime":  "2026-06-08 01:13:29.811",
                       "ProcessGuid":  "{f9ed62ee-1733-6a26-b80c-000000009c00}",
                       "ProcessId":  "22060",
                       "Image":  "C:\\Program Files\\WindowsApps\\Microsoft.ScreenSketch_11.2602.49.0_x64__8wekyb3d8bbwe\\SnippingTool\\SnippingTool.exe",
                       "User":  "DESKTOP-KCP6DQD\\nueva"
                   },
                   {
                       "EventID":  5,
                       "TimeCreated":  "2026-06-07T21:13:18.7980262-04:00",
                       "Computer":  "DESKTOP-KCP6DQD",
                       "Channel":  "Microsoft-Windows-Sysmon/Operational",
                       "RecordId":  31248,
                       "ProviderName":  "Microsoft-Windows-Sysmon",
                       "RuleName":  "-",
                       "UtcTime":  "2026-06-08 01:13:18.797",
                       "ProcessGuid":  "{f9ed62ee-1727-6a26-b60c-000000009c00}",
                       "ProcessId":  "16116",
                       "Image":  "C:\\Program Files\\WindowsApps\\Microsoft.ScreenSketch_11.2602.49.0_x64__8wekyb3d8bbwe\\SnippingTool\\SnippingTool.exe",
                       "User":  "DESKTOP-KCP6DQD\\nueva"
                   },
                   {
                       "EventID":  5,
                       "TimeCreated":  "2026-06-07T21:13:14.0810849-04:00",
                       "Computer":  "DESKTOP-KCP6DQD",
                       "Channel":  "Microsoft-Windows-Sysmon/Operational",
                       "RecordId":  31247,
                       "ProviderName":  "Microsoft-Windows-Sysmon",
                       "RuleName":  "-",
                       "UtcTime":  "2026-06-08 01:13:14.079",
                       "ProcessGuid":  "{f9ed62ee-170a-6a26-af0c-000000009c00}",
                       "ProcessId":  "4716",
                       "Image":  "C:\\Program Files (x86)\\Intel\\Intel(R) Extreme Tuning Utility\\XtuService.exe",
                       "User":  "NT AUTHORITY\\SYSTEM"
                   },
