                   {
                       "EventID":  5,
                       "TimeCreated":  "2026-06-07T20:36:35.6810576-04:00",
                       "Computer":  "DESKTOP-KCP6DQD",
                       "Channel":  "Microsoft-Windows-Sysmon/Operational",
                       "RecordId":  30994,
                       "ProviderName":  "Microsoft-Windows-Sysmon",
                       "RuleName":  "-",
                       "UtcTime":  "2026-06-08 00:36:35.680",
                       "ProcessGuid":  "{f9ed62ee-0e87-6a26-1f0b-000000009c00}",
                       "ProcessId":  "20828",
                       "Image":  "C:\\Users\\nueva\\AppData\\Local\\Programs\\Python\\Python310\\Scripts\\pip.exe",
                       "User":  "DESKTOP-KCP6DQD\\nueva"
                   },
                   {
                       "EventID":  5,
                       "TimeCreated":  "2026-06-07T20:36:35.6719123-04:00",
                       "Computer":  "DESKTOP-KCP6DQD",
                       "Channel":  "Microsoft-Windows-Sysmon/Operational",
                       "RecordId":  30993,
                       "ProviderName":  "Microsoft-Windows-Sysmon",
                       "RuleName":  "-",
                       "UtcTime":  "2026-06-08 00:36:35.670",
                       "ProcessGuid":  "{f9ed62ee-0e87-6a26-200b-000000009c00}",
                       "ProcessId":  "4384",
                       "Image":  "C:\\Users\\nueva\\AppData\\Local\\Programs\\Python\\Python310\\python.exe",
                       "User":  "DESKTOP-KCP6DQD\\nueva"
                   },
                   {
                       "EventID":  5,
                       "TimeCreated":  "2026-06-07T20:36:33.4779526-04:00",
                       "Computer":  "DESKTOP-KCP6DQD",
                       "Channel":  "Microsoft-Windows-Sysmon/Operational",
                       "RecordId":  30992,
                       "ProviderName":  "Microsoft-Windows-Sysmon",
                       "RuleName":  "-",
                       "UtcTime":  "2026-06-08 00:36:33.477",
                       "ProcessGuid":  "{f9ed62ee-0e91-6a26-2e0b-000000009c00}",
                       "ProcessId":  "20580",
                       "Image":  "C:\\Program Files (x86)\\Google\\GoogleUpdater\\150.0.7863.0\\updater.exe",
                       "User":  "NT AUTHORITY\\SYSTEM"
                   },
                   {
                       "EventID":  5,
                       "TimeCreated":  "2026-06-07T20:36:33.4722360-04:00",
                       "Computer":  "DESKTOP-KCP6DQD",
                       "Channel":  "Microsoft-Windows-Sysmon/Operational",
                       "RecordId":  30991,
                       "ProviderName":  "Microsoft-Windows-Sysmon",
                       "RuleName":  "-",
                       "UtcTime":  "2026-06-08 00:36:33.471",
                       "ProcessGuid":  "{f9ed62ee-0e91-6a26-2d0b-000000009c00}",
                       "ProcessId":  "22204",
                       "Image":  "C:\\Program Files (x86)\\Google\\GoogleUpdater\\150.0.7863.0\\updater.exe",
                       "User":  "NT AUTHORITY\\SYSTEM"
                   },
                   {
                       "EventID":  5,
                       "TimeCreated":  "2026-06-07T20:36:32.5734128-04:00",
                       "Computer":  "DESKTOP-KCP6DQD",
                       "Channel":  "Microsoft-Windows-Sysmon/Operational",
                       "RecordId":  30990,
                       "ProviderName":  "Microsoft-Windows-Sysmon",
                       "RuleName":  "-",
                       "UtcTime":  "2026-06-08 00:36:32.572",
                       "ProcessGuid":  "{f9ed62ee-0e90-6a26-2c0b-000000009c00}",
                       "ProcessId":  "13928",
                       "Image":  "C:\\Program Files (x86)\\Google\\GoogleUpdater\\150.0.7863.0\\updater.exe",
                       "User":  "NT AUTHORITY\\SYSTEM"
                   },
                   {
                       "EventID":  5,
                       "TimeCreated":  "2026-06-07T20:36:32.5689063-04:00",
                       "Computer":  "DESKTOP-KCP6DQD",
                       "Channel":  "Microsoft-Windows-Sysmon/Operational",
                       "RecordId":  30989,
                       "ProviderName":  "Microsoft-Windows-Sysmon",
                       "RuleName":  "-",
                       "UtcTime":  "2026-06-08 00:36:32.568",
                       "ProcessGuid":  "{f9ed62ee-0e90-6a26-2b0b-000000009c00}",
                       "ProcessId":  "2056",
                       "Image":  "C:\\Program Files (x86)\\Google\\GoogleUpdater\\150.0.7863.0\\updater.exe",
                       "User":  "NT AUTHORITY\\SYSTEM"
                   },
                   {
                       "EventID":  5,
                       "TimeCreated":  "2026-06-07T20:36:31.5544677-04:00",
                       "Computer":  "DESKTOP-KCP6DQD",
                       "Channel":  "Microsoft-Windows-Sysmon/Operational",
                       "RecordId":  30988,
                       "ProviderName":  "Microsoft-Windows-Sysmon",
                       "RuleName":  "-",
                       "UtcTime":  "2026-06-08 00:36:31.553",
                       "ProcessGuid":  "{f9ed62ee-0e8f-6a26-290b-000000009c00}",
                       "ProcessId":  "19408",
                       "Image":  "C:\\Program Files (x86)\\Google\\GoogleUpdater\\150.0.7863.0\\updater.exe",
                       "User":  "NT AUTHORITY\\SYSTEM"
                   },
                   {
                       "EventID":  5,
                       "TimeCreated":  "2026-06-07T20:36:31.5497395-04:00",
                       "Computer":  "DESKTOP-KCP6DQD",
                       "Channel":  "Microsoft-Windows-Sysmon/Operational",
                       "RecordId":  30987,
                       "ProviderName":  "Microsoft-Windows-Sysmon",
                       "RuleName":  "-",
                       "UtcTime":  "2026-06-08 00:36:31.548",
                       "ProcessGuid":  "{f9ed62ee-0e8f-6a26-280b-000000009c00}",
                       "ProcessId":  "14856",
                       "Image":  "C:\\Program Files (x86)\\Google\\GoogleUpdater\\150.0.7863.0\\updater.exe",
                       "User":  "NT AUTHORITY\\SYSTEM"
                   },
                   {
                       "EventID":  5,
                       "TimeCreated":  "2026-06-07T20:36:31.4085674-04:00",
                       "Computer":  "DESKTOP-KCP6DQD",
                       "Channel":  "Microsoft-Windows-Sysmon/Operational",
                       "RecordId":  30986,
                       "ProviderName":  "Microsoft-Windows-Sysmon",
                       "RuleName":  "-",
                       "UtcTime":  "2026-06-08 00:36:31.408",
                       "ProcessGuid":  "{f9ed62ee-0e70-6a26-060b-000000009c00}",
                       "ProcessId":  "14784",
                       "Image":  "C:\\Program Files (x86)\\Intel\\Intel(R) Extreme Tuning Utility\\XtuService.exe",
                       "User":  "NT AUTHORITY\\SYSTEM"
                   },
                   {
                       "EventID":  5,
                       "TimeCreated":  "2026-06-07T20:36:25.5870065-04:00",
                       "Computer":  "DESKTOP-KCP6DQD",
                       "Channel":  "Microsoft-Windows-Sysmon/Operational",
                       "RecordId":  30985,
                       "ProviderName":  "Microsoft-Windows-Sysmon",
                       "RuleName":  "-",
                       "UtcTime":  "2026-06-08 00:36:25.586",
                       "ProcessGuid":  "{f9ed62ee-0e89-6a26-270b-000000009c00}",
                       "ProcessId":  "10912",
                       "Image":  "C:\\Program Files (x86)\\Google\\GoogleUpdater\\150.0.7863.0\\updater.exe",
                       "User":  "NT AUTHORITY\\SYSTEM"
                   },
                   {
                       "EventID":  5,
                       "TimeCreated":  "2026-06-07T20:36:25.5824649-04:00",
                       "Computer":  "DESKTOP-KCP6DQD",
                       "Channel":  "Microsoft-Windows-Sysmon/Operational",
                       "RecordId":  30984,
                       "ProviderName":  "Microsoft-Windows-Sysmon",
                       "RuleName":  "-",
                       "UtcTime":  "2026-06-08 00:36:25.581",
                       "ProcessGuid":  "{f9ed62ee-0e89-6a26-260b-000000009c00}",
                       "ProcessId":  "19040",
                       "Image":  "C:\\Program Files (x86)\\Google\\GoogleUpdater\\150.0.7863.0\\updater.exe",
                       "User":  "NT AUTHORITY\\SYSTEM"
                   },
                   {
                       "EventID":  5,
                       "TimeCreated":  "2026-06-07T20:36:24.9493759-04:00",
                       "Computer":  "DESKTOP-KCP6DQD",
                       "Channel":  "Microsoft-Windows-Sysmon/Operational",
                       "RecordId":  30983,
                       "ProviderName":  "Microsoft-Windows-Sysmon",
                       "RuleName":  "-",
                       "UtcTime":  "2026-06-08 00:36:24.948",
                       "ProcessGuid":  "{f9ed62ee-0e88-6a26-250b-000000009c00}",
                       "ProcessId":  "1352",
                       "Image":  "C:\\Program Files (x86)\\Google\\GoogleUpdater\\150.0.7863.0\\updater.exe",
                       "User":  "NT AUTHORITY\\SYSTEM"
                   },
                   {
                       "EventID":  5,
                       "TimeCreated":  "2026-06-07T20:36:24.9433990-04:00",
                       "Computer":  "DESKTOP-KCP6DQD",
                       "Channel":  "Microsoft-Windows-Sysmon/Operational",
                       "RecordId":  30982,
                       "ProviderName":  "Microsoft-Windows-Sysmon",
                       "RuleName":  "-",
                       "UtcTime":  "2026-06-08 00:36:24.943",
                       "ProcessGuid":  "{f9ed62ee-0e88-6a26-240b-000000009c00}",
                       "ProcessId":  "13616",
                       "Image":  "C:\\Program Files (x86)\\Google\\GoogleUpdater\\150.0.7863.0\\updater.exe",
                       "User":  "NT AUTHORITY\\SYSTEM"
                   },
                   {
                       "EventID":  5,
                       "TimeCreated":  "2026-06-07T20:36:24.4681680-04:00",
                       "Computer":  "DESKTOP-KCP6DQD",
                       "Channel":  "Microsoft-Windows-Sysmon/Operational",
                       "RecordId":  30981,
                       "ProviderName":  "Microsoft-Windows-Sysmon",
                       "RuleName":  "-",
                       "UtcTime":  "2026-06-08 00:36:24.468",
                       "ProcessGuid":  "{f9ed62ee-0e88-6a26-230b-000000009c00}",
                       "ProcessId":  "22056",
                       "Image":  "C:\\Program Files (x86)\\Google\\GoogleUpdater\\150.0.7863.0\\updater.exe",
                       "User":  "NT AUTHORITY\\SYSTEM"
                   },
                   {
                       "EventID":  5,
                       "TimeCreated":  "2026-06-07T20:36:24.4636284-04:00",
                       "Computer":  "DESKTOP-KCP6DQD",
                       "Channel":  "Microsoft-Windows-Sysmon/Operational",
                       "RecordId":  30980,
                       "ProviderName":  "Microsoft-Windows-Sysmon",
                       "RuleName":  "-",
                       "UtcTime":  "2026-06-08 00:36:24.463",
                       "ProcessGuid":  "{f9ed62ee-0e88-6a26-220b-000000009c00}",
                       "ProcessId":  "14788",
                       "Image":  "C:\\Program Files (x86)\\Google\\GoogleUpdater\\150.0.7863.0\\updater.exe",
                       "User":  "NT AUTHORITY\\SYSTEM"
                   },
                   {
                       "EventID":  5,
                       "TimeCreated":  "2026-06-07T20:36:23.7798874-04:00",
                       "Computer":  "DESKTOP-KCP6DQD",
                       "Channel":  "Microsoft-Windows-Sysmon/Operational",
                       "RecordId":  30979,
                       "ProviderName":  "Microsoft-Windows-Sysmon",
                       "RuleName":  "-",
                       "UtcTime":  "2026-06-08 00:36:23.778",
                       "ProcessGuid":  "{f9ed62ee-0e87-6a26-210b-000000009c00}",
                       "ProcessId":  "13760",
                       "Image":  "C:\\Windows\\System32\\cmd.exe",
                       "User":  "DESKTOP-KCP6DQD\\nueva"
                   },
                   {
                       "EventID":  1,
                       "TimeCreated":  "2026-06-07T20:36:23.7623618-04:00",
                       "Computer":  "DESKTOP-KCP6DQD",
                       "Channel":  "Microsoft-Windows-Sysmon/Operational",
                       "RecordId":  30978,
                       "ProviderName":  "Microsoft-Windows-Sysmon",
                       "RuleName":  "-",
                       "UtcTime":  "2026-06-08 00:36:23.755",
                       "ProcessGuid":  "{f9ed62ee-0e87-6a26-210b-000000009c00}",
                       "ProcessId":  "13760",
                       "Image":  "C:\\Windows\\System32\\cmd.exe",
                       "CommandLine":  "C:\\WINDOWS\\system32\\cmd.exe /c \"ver\"",
                       "CurrentDirectory":  "C:\\Asignacion-Sysmon\\",
                       "User":  "DESKTOP-KCP6DQD\\nueva",
                       "LogonGuid":  "{f9ed62ee-f06b-6a25-bee7-100000000000}",
                       "LogonId":  "0x10e7be",
                       "TerminalSessionId":  "1",
                       "IntegrityLevel":  "Medium",
                       "Hashes":  "SHA256=14CC8AB1DCF0D9F19E8FB82DEB547CF8C462C56A0E43F7ADDC02641AB3C81651",
                       "ParentProcessGuid":  "{f9ed62ee-0e87-6a26-200b-000000009c00}",
                       "ParentProcessId":  "4384",
                       "ParentImage":  "C:\\Users\\nueva\\AppData\\Local\\Programs\\Python\\Python310\\python.exe",
                       "ParentCommandLine":  "\"C:\\Users\\nueva\\AppData\\Local\\Programs\\Python\\Python310\\python.exe\"  \"C:\\Users\\nueva\\AppData\\Local\\Programs\\Python\\Python310\\Scripts\\pip.exe\" install pdfminer.six -q",
                       "ParentUser":  "DESKTOP-KCP6DQD\\nueva"
                   },
                   {
                       "EventID":  5,
                       "TimeCreated":  "2026-06-07T20:36:17.8982896-04:00",
                       "Computer":  "DESKTOP-KCP6DQD",
                       "Channel":  "Microsoft-Windows-Sysmon/Operational",
                       "RecordId":  30977,
                       "ProviderName":  "Microsoft-Windows-Sysmon",
                       "RuleName":  "-",
                       "UtcTime":  "2026-06-08 00:36:17.897",
                       "ProcessGuid":  "{f9ed62ee-0e81-6a26-1c0b-000000009c00}",
                       "ProcessId":  "1648",
                       "Image":  "C:\\Program Files (x86)\\Google\\GoogleUpdater\\150.0.7863.0\\updater.exe",
                       "User":  "NT AUTHORITY\\SYSTEM"
                   },
                   {
                       "EventID":  5,
                       "TimeCreated":  "2026-06-07T20:36:17.8936963-04:00",
                       "Computer":  "DESKTOP-KCP6DQD",
                       "Channel":  "Microsoft-Windows-Sysmon/Operational",
                       "RecordId":  30976,
                       "ProviderName":  "Microsoft-Windows-Sysmon",
                       "RuleName":  "-",
                       "UtcTime":  "2026-06-08 00:36:17.893",
                       "ProcessGuid":  "{f9ed62ee-0e81-6a26-1b0b-000000009c00}",
                       "ProcessId":  "14508",
                       "Image":  "C:\\Program Files (x86)\\Google\\GoogleUpdater\\150.0.7863.0\\updater.exe",
                       "User":  "NT AUTHORITY\\SYSTEM"
                   },
                   {
                       "EventID":  5,
                       "TimeCreated":  "2026-06-07T20:36:17.6559152-04:00",
                       "Computer":  "DESKTOP-KCP6DQD",
                       "Channel":  "Microsoft-Windows-Sysmon/Operational",
                       "RecordId":  30975,
                       "ProviderName":  "Microsoft-Windows-Sysmon",
                       "RuleName":  "-",
                       "UtcTime":  "2026-06-08 00:36:17.654",
                       "ProcessGuid":  "{f9ed62ee-0e81-6a26-1a0b-000000009c00}",
                       "ProcessId":  "20120",
                       "Image":  "C:\\Program Files (x86)\\Google\\GoogleUpdater\\150.0.7863.0\\updater.exe",
                       "User":  "NT AUTHORITY\\SYSTEM"
                   },
                   {
                       "EventID":  5,
                       "TimeCreated":  "2026-06-07T20:36:17.6514182-04:00",
                       "Computer":  "DESKTOP-KCP6DQD",
                       "Channel":  "Microsoft-Windows-Sysmon/Operational",
                       "RecordId":  30974,
                       "ProviderName":  "Microsoft-Windows-Sysmon",
                       "RuleName":  "-",
                       "UtcTime":  "2026-06-08 00:36:17.650",
                       "ProcessGuid":  "{f9ed62ee-0e81-6a26-190b-000000009c00}",
                       "ProcessId":  "11560",
                       "Image":  "C:\\Program Files (x86)\\Google\\GoogleUpdater\\150.0.7863.0\\updater.exe",
                       "User":  "NT AUTHORITY\\SYSTEM"
                   },
                   {
                       "EventID":  5,
                       "TimeCreated":  "2026-06-07T20:36:17.5749065-04:00",
                       "Computer":  "DESKTOP-KCP6DQD",
                       "Channel":  "Microsoft-Windows-Sysmon/Operational",
                       "RecordId":  30973,
                       "ProviderName":  "Microsoft-Windows-Sysmon",
                       "RuleName":  "-",
                       "UtcTime":  "2026-06-08 00:36:17.574",
                       "ProcessGuid":  "{f9ed62ee-0e81-6a26-180b-000000009c00}",
                       "ProcessId":  "22048",
                       "Image":  "C:\\Program Files (x86)\\Google\\GoogleUpdater\\150.0.7863.0\\updater.exe",
                       "User":  "NT AUTHORITY\\SYSTEM"
                   },
                   {
                       "EventID":  5,
                       "TimeCreated":  "2026-06-07T20:36:17.5695732-04:00",
                       "Computer":  "DESKTOP-KCP6DQD",
                       "Channel":  "Microsoft-Windows-Sysmon/Operational",
                       "RecordId":  30972,
                       "ProviderName":  "Microsoft-Windows-Sysmon",
                       "RuleName":  "-",
                       "UtcTime":  "2026-06-08 00:36:17.569",
                       "ProcessGuid":  "{f9ed62ee-0e81-6a26-170b-000000009c00}",
                       "ProcessId":  "11144",
                       "Image":  "C:\\Program Files (x86)\\Google\\GoogleUpdater\\150.0.7863.0\\updater.exe",
                       "User":  "NT AUTHORITY\\SYSTEM"
                   },
                   {
                       "EventID":  5,
                       "TimeCreated":  "2026-06-07T20:36:10.8960757-04:00",
                       "Computer":  "DESKTOP-KCP6DQD",
                       "Channel":  "Microsoft-Windows-Sysmon/Operational",
                       "RecordId":  30971,
                       "ProviderName":  "Microsoft-Windows-Sysmon",
                       "RuleName":  "-",
                       "UtcTime":  "2026-06-08 00:36:10.895",
                       "ProcessGuid":  "{f9ed62ee-0e7a-6a26-140b-000000009c00}",
                       "ProcessId":  "19944",
                       "Image":  "C:\\Program Files (x86)\\Google\\GoogleUpdater\\150.0.7863.0\\updater.exe",
                       "User":  "NT AUTHORITY\\SYSTEM"
                   },
                   {
                       "EventID":  5,
                       "TimeCreated":  "2026-06-07T20:36:10.8915140-04:00",
                       "Computer":  "DESKTOP-KCP6DQD",
                       "Channel":  "Microsoft-Windows-Sysmon/Operational",
                       "RecordId":  30970,
                       "ProviderName":  "Microsoft-Windows-Sysmon",
                       "RuleName":  "-",
                       "UtcTime":  "2026-06-08 00:36:10.891",
                       "ProcessGuid":  "{f9ed62ee-0e7a-6a26-130b-000000009c00}",
                       "ProcessId":  "19776",
                       "Image":  "C:\\Program Files (x86)\\Google\\GoogleUpdater\\150.0.7863.0\\updater.exe",
                       "User":  "NT AUTHORITY\\SYSTEM"
                   },
                   {
                       "EventID":  5,
                       "TimeCreated":  "2026-06-07T20:36:10.5845124-04:00",
                       "Computer":  "DESKTOP-KCP6DQD",
                       "Channel":  "Microsoft-Windows-Sysmon/Operational",
                       "RecordId":  30969,
                       "ProviderName":  "Microsoft-Windows-Sysmon",
                       "RuleName":  "-",
                       "UtcTime":  "2026-06-08 00:36:10.583",
                       "ProcessGuid":  "{f9ed62ee-0e7a-6a26-120b-000000009c00}",
                       "ProcessId":  "11500",
                       "Image":  "C:\\Program Files (x86)\\Google\\GoogleUpdater\\150.0.7863.0\\updater.exe",
                       "User":  "NT AUTHORITY\\SYSTEM"
                   },
                   {
                       "EventID":  5,
                       "TimeCreated":  "2026-06-07T20:36:10.5797837-04:00",
                       "Computer":  "DESKTOP-KCP6DQD",
                       "Channel":  "Microsoft-Windows-Sysmon/Operational",
                       "RecordId":  30968,
                       "ProviderName":  "Microsoft-Windows-Sysmon",
                       "RuleName":  "-",
                       "UtcTime":  "2026-06-08 00:36:10.579",
                       "ProcessGuid":  "{f9ed62ee-0e7a-6a26-110b-000000009c00}",
                       "ProcessId":  "11060",
                       "Image":  "C:\\Program Files (x86)\\Google\\GoogleUpdater\\150.0.7863.0\\updater.exe",
                       "User":  "NT AUTHORITY\\SYSTEM"
                   },
                   {
                       "EventID":  5,
                       "TimeCreated":  "2026-06-07T20:36:10.4155847-04:00",
                       "Computer":  "DESKTOP-KCP6DQD",
                       "Channel":  "Microsoft-Windows-Sysmon/Operational",
                       "RecordId":  30967,
                       "ProviderName":  "Microsoft-Windows-Sysmon",
                       "RuleName":  "-",
                       "UtcTime":  "2026-06-08 00:36:10.414",
                       "ProcessGuid":  "{f9ed62ee-0e7a-6a26-100b-000000009c00}",
                       "ProcessId":  "21624",
                       "Image":  "C:\\Program Files (x86)\\Google\\GoogleUpdater\\150.0.7863.0\\updater.exe",
                       "User":  "NT AUTHORITY\\SYSTEM"
                   },
                   {
                       "EventID":  5,
                       "TimeCreated":  "2026-06-07T20:36:10.4108433-04:00",
                       "Computer":  "DESKTOP-KCP6DQD",
                       "Channel":  "Microsoft-Windows-Sysmon/Operational",
                       "RecordId":  30966,
                       "ProviderName":  "Microsoft-Windows-Sysmon",
                       "RuleName":  "-",
                       "UtcTime":  "2026-06-08 00:36:10.409",
                       "ProcessGuid":  "{f9ed62ee-0e7a-6a26-0f0b-000000009c00}",
                       "ProcessId":  "8756",
                       "Image":  "C:\\Program Files (x86)\\Google\\GoogleUpdater\\150.0.7863.0\\updater.exe",
                       "User":  "NT AUTHORITY\\SYSTEM"
                   },
                   {
                       "EventID":  5,
                       "TimeCreated":  "2026-06-07T20:36:09.5233182-04:00",
                       "Computer":  "DESKTOP-KCP6DQD",
                       "Channel":  "Microsoft-Windows-Sysmon/Operational",
                       "RecordId":  30965,
                       "ProviderName":  "Microsoft-Windows-Sysmon",
                       "RuleName":  "-",
                       "UtcTime":  "2026-06-08 00:36:09.523",
                       "ProcessGuid":  "{f9ed62ee-0e78-6a26-0d0b-000000009c00}",
                       "ProcessId":  "7188",
                       "Image":  "C:\\Windows\\System32\\WindowsPowerShell\\v1.0\\powershell.exe",
                       "User":  "DESKTOP-KCP6DQD\\nueva"
                   },
                   {
                       "EventID":  5,
                       "TimeCreated":  "2026-06-07T20:36:09.5073697-04:00",
                       "Computer":  "DESKTOP-KCP6DQD",
                       "Channel":  "Microsoft-Windows-Sysmon/Operational",
                       "RecordId":  30964,
                       "ProviderName":  "Microsoft-Windows-Sysmon",
                       "RuleName":  "-",
                       "UtcTime":  "2026-06-08 00:36:09.506",
                       "ProcessGuid":  "{f9ed62ee-0e79-6a26-0e0b-000000009c00}",
                       "ProcessId":  "16264",
                       "Image":  "C:\\Users\\nueva\\AppData\\Local\\Programs\\Python\\Python310\\python.exe",
                       "User":  "DESKTOP-KCP6DQD\\nueva"
                   },
                   {
                       "EventID":  5,
                       "TimeCreated":  "2026-06-07T20:36:09.1792082-04:00",
                       "Computer":  "DESKTOP-KCP6DQD",
                       "Channel":  "Microsoft-Windows-Sysmon/Operational",
                       "RecordId":  30963,
                       "ProviderName":  "Microsoft-Windows-Sysmon",
                       "RuleName":  "-",
                       "UtcTime":  "2026-06-08 00:36:09.178",
                       "ProcessGuid":  "{f9ed62ee-0e59-6a26-ea0a-000000009c00}",
                       "ProcessId":  "13428",
                       "Image":  "C:\\Program Files (x86)\\Intel\\Intel(R) Extreme Tuning Utility\\XtuService.exe",
                       "User":  "NT AUTHORITY\\SYSTEM"
                   },
                   {
                       "EventID":  5,
                       "TimeCreated":  "2026-06-07T20:36:04.4238474-04:00",
                       "Computer":  "DESKTOP-KCP6DQD",
                       "Channel":  "Microsoft-Windows-Sysmon/Operational",
                       "RecordId":  30962,
                       "ProviderName":  "Microsoft-Windows-Sysmon",
                       "RuleName":  "-",
                       "UtcTime":  "2026-06-08 00:36:04.423",
                       "ProcessGuid":  "{f9ed62ee-0e74-6a26-0c0b-000000009c00}",
                       "ProcessId":  "21532",
                       "Image":  "C:\\Program Files (x86)\\Google\\GoogleUpdater\\150.0.7863.0\\updater.exe",
                       "User":  "NT AUTHORITY\\SYSTEM"
                   },
                   {
                       "EventID":  5,
                       "TimeCreated":  "2026-06-07T20:36:04.4191660-04:00",
                       "Computer":  "DESKTOP-KCP6DQD",
                       "Channel":  "Microsoft-Windows-Sysmon/Operational",
                       "RecordId":  30961,
                       "ProviderName":  "Microsoft-Windows-Sysmon",
                       "RuleName":  "-",
                       "UtcTime":  "2026-06-08 00:36:04.418",
                       "ProcessGuid":  "{f9ed62ee-0e74-6a26-0b0b-000000009c00}",
                       "ProcessId":  "11284",
                       "Image":  "C:\\Program Files (x86)\\Google\\GoogleUpdater\\150.0.7863.0\\updater.exe",
                       "User":  "NT AUTHORITY\\SYSTEM"
                   },
                   {
                       "EventID":  5,
                       "TimeCreated":  "2026-06-07T20:36:03.6987803-04:00",
                       "Computer":  "DESKTOP-KCP6DQD",
                       "Channel":  "Microsoft-Windows-Sysmon/Operational",
                       "RecordId":  30960,
                       "ProviderName":  "Microsoft-Windows-Sysmon",
                       "RuleName":  "-",
                       "UtcTime":  "2026-06-08 00:36:03.698",
                       "ProcessGuid":  "{f9ed62ee-0e73-6a26-0a0b-000000009c00}",
                       "ProcessId":  "2676",
                       "Image":  "C:\\Program Files (x86)\\Google\\GoogleUpdater\\150.0.7863.0\\updater.exe",
                       "User":  "NT AUTHORITY\\SYSTEM"
                   },
                   {
                       "EventID":  5,
                       "TimeCreated":  "2026-06-07T20:36:03.6943421-04:00",
                       "Computer":  "DESKTOP-KCP6DQD",
                       "Channel":  "Microsoft-Windows-Sysmon/Operational",
                       "RecordId":  30959,
                       "ProviderName":  "Microsoft-Windows-Sysmon",
                       "RuleName":  "-",
                       "UtcTime":  "2026-06-08 00:36:03.693",
                       "ProcessGuid":  "{f9ed62ee-0e73-6a26-090b-000000009c00}",
                       "ProcessId":  "10624",
                       "Image":  "C:\\Program Files (x86)\\Google\\GoogleUpdater\\150.0.7863.0\\updater.exe",
                       "User":  "NT AUTHORITY\\SYSTEM"
                   },
                   {
                       "EventID":  5,
                       "TimeCreated":  "2026-06-07T20:36:03.1387548-04:00",
                       "Computer":  "DESKTOP-KCP6DQD",
                       "Channel":  "Microsoft-Windows-Sysmon/Operational",
                       "RecordId":  30958,
                       "ProviderName":  "Microsoft-Windows-Sysmon",
                       "RuleName":  "-",
                       "UtcTime":  "2026-06-08 00:36:03.138",
                       "ProcessGuid":  "{f9ed62ee-0e73-6a26-080b-000000009c00}",
                       "ProcessId":  "9524",
                       "Image":  "C:\\Program Files (x86)\\Google\\GoogleUpdater\\150.0.7863.0\\updater.exe",
                       "User":  "NT AUTHORITY\\SYSTEM"
                   },
                   {
                       "EventID":  5,
                       "TimeCreated":  "2026-06-07T20:36:03.1338773-04:00",
                       "Computer":  "DESKTOP-KCP6DQD",
                       "Channel":  "Microsoft-Windows-Sysmon/Operational",
                       "RecordId":  30957,
                       "ProviderName":  "Microsoft-Windows-Sysmon",
                       "RuleName":  "-",
                       "UtcTime":  "2026-06-08 00:36:03.133",
                       "ProcessGuid":  "{f9ed62ee-0e73-6a26-070b-000000009c00}",
                       "ProcessId":  "5572",
                       "Image":  "C:\\Program Files (x86)\\Google\\GoogleUpdater\\150.0.7863.0\\updater.exe",
                       "User":  "NT AUTHORITY\\SYSTEM"
                   },
                   {
                       "EventID":  5,
                       "TimeCreated":  "2026-06-07T20:35:58.1381337-04:00",
                       "Computer":  "DESKTOP-KCP6DQD",
                       "Channel":  "Microsoft-Windows-Sysmon/Operational",
                       "RecordId":  30956,
                       "ProviderName":  "Microsoft-Windows-Sysmon",
                       "RuleName":  "-",
                       "UtcTime":  "2026-06-08 00:35:58.137",
                       "ProcessGuid":  "{f9ed62ee-0e6e-6a26-030b-000000009c00}",
                       "ProcessId":  "14580",
                       "Image":  "C:\\Program Files (x86)\\Google\\GoogleUpdater\\150.0.7863.0\\updater.exe",
                       "User":  "NT AUTHORITY\\SYSTEM"
                   },
                   {
                       "EventID":  5,
                       "TimeCreated":  "2026-06-07T20:35:58.1335139-04:00",
                       "Computer":  "DESKTOP-KCP6DQD",
                       "Channel":  "Microsoft-Windows-Sysmon/Operational",
                       "RecordId":  30955,
                       "ProviderName":  "Microsoft-Windows-Sysmon",
                       "RuleName":  "-",
                       "UtcTime":  "2026-06-08 00:35:58.132",
                       "ProcessGuid":  "{f9ed62ee-0e6e-6a26-020b-000000009c00}",
                       "ProcessId":  "8776",
                       "Image":  "C:\\Program Files (x86)\\Google\\GoogleUpdater\\150.0.7863.0\\updater.exe",
                       "User":  "NT AUTHORITY\\SYSTEM"
                   },
                   {
                       "EventID":  5,
                       "TimeCreated":  "2026-06-07T20:35:57.0246362-04:00",
                       "Computer":  "DESKTOP-KCP6DQD",
                       "Channel":  "Microsoft-Windows-Sysmon/Operational",
                       "RecordId":  30954,
                       "ProviderName":  "Microsoft-Windows-Sysmon",
                       "RuleName":  "-",
                       "UtcTime":  "2026-06-08 00:35:57.023",
                       "ProcessGuid":  "{f9ed62ee-0e6c-6a26-000b-000000009c00}",
                       "ProcessId":  "19404",
                       "Image":  "C:\\Program Files (x86)\\Google\\GoogleUpdater\\150.0.7863.0\\updater.exe",
                       "User":  "NT AUTHORITY\\SYSTEM"
                   },
                   {
                       "EventID":  5,
                       "TimeCreated":  "2026-06-07T20:35:57.0197043-04:00",
                       "Computer":  "DESKTOP-KCP6DQD",
                       "Channel":  "Microsoft-Windows-Sysmon/Operational",
                       "RecordId":  30953,
                       "ProviderName":  "Microsoft-Windows-Sysmon",
                       "RuleName":  "-",
                       "UtcTime":  "2026-06-08 00:35:57.019",
                       "ProcessGuid":  "{f9ed62ee-0e6c-6a26-ff0a-000000009c00}",
                       "ProcessId":  "8996",
                       "Image":  "C:\\Program Files (x86)\\Google\\GoogleUpdater\\150.0.7863.0\\updater.exe",
                       "User":  "NT AUTHORITY\\SYSTEM"
                   },
                   {
                       "EventID":  5,
                       "TimeCreated":  "2026-06-07T20:35:56.1950744-04:00",
                       "Computer":  "DESKTOP-KCP6DQD",
                       "Channel":  "Microsoft-Windows-Sysmon/Operational",
                       "RecordId":  30952,
                       "ProviderName":  "Microsoft-Windows-Sysmon",
                       "RuleName":  "-",
                       "UtcTime":  "2026-06-08 00:35:56.194",
                       "ProcessGuid":  "{f9ed62ee-0d3e-6a26-c709-000000009c00}",
                       "ProcessId":  "21356",
                       "Image":  "C:\\Windows\\System32\\audiodg.exe",
                       "User":  "NT AUTHORITY\\SERVICIO LOCAL"
                   },
                   {
                       "EventID":  5,
                       "TimeCreated":  "2026-06-07T20:35:56.0554770-04:00",
                       "Computer":  "DESKTOP-KCP6DQD",
                       "Channel":  "Microsoft-Windows-Sysmon/Operational",
                       "RecordId":  30951,
                       "ProviderName":  "Microsoft-Windows-Sysmon",
                       "RuleName":  "-",
                       "UtcTime":  "2026-06-08 00:35:56.054",
                       "ProcessGuid":  "{f9ed62ee-0e6b-6a26-fe0a-000000009c00}",
                       "ProcessId":  "11776",
                       "Image":  "C:\\Program Files (x86)\\Google\\GoogleUpdater\\150.0.7863.0\\updater.exe",
                       "User":  "NT AUTHORITY\\SYSTEM"
                   },
                   {
                       "EventID":  5,
                       "TimeCreated":  "2026-06-07T20:35:56.0502293-04:00",
                       "Computer":  "DESKTOP-KCP6DQD",
                       "Channel":  "Microsoft-Windows-Sysmon/Operational",
                       "RecordId":  30950,
                       "ProviderName":  "Microsoft-Windows-Sysmon",
                       "RuleName":  "-",
                       "UtcTime":  "2026-06-08 00:35:56.049",
                       "ProcessGuid":  "{f9ed62ee-0e6b-6a26-fd0a-000000009c00}",
                       "ProcessId":  "11332",
                       "Image":  "C:\\Program Files (x86)\\Google\\GoogleUpdater\\150.0.7863.0\\updater.exe",
                       "User":  "NT AUTHORITY\\SYSTEM"
                   },
                   {
                       "EventID":  5,
                       "TimeCreated":  "2026-06-07T20:35:53.2816404-04:00",
                       "Computer":  "DESKTOP-KCP6DQD",
                       "Channel":  "Microsoft-Windows-Sysmon/Operational",
                       "RecordId":  30949,
                       "ProviderName":  "Microsoft-Windows-Sysmon",
                       "RuleName":  "-",
                       "UtcTime":  "2026-06-08 00:35:53.280",
                       "ProcessGuid":  "{f9ed62ee-0e68-6a26-fb0a-000000009c00}",
                       "ProcessId":  "15640",
                       "Image":  "C:\\Windows\\System32\\WindowsPowerShell\\v1.0\\powershell.exe",
                       "User":  "DESKTOP-KCP6DQD\\nueva"
                   },
                   {
                       "EventID":  5,
                       "TimeCreated":  "2026-06-07T20:35:53.2690465-04:00",
                       "Computer":  "DESKTOP-KCP6DQD",
                       "Channel":  "Microsoft-Windows-Sysmon/Operational",
                       "RecordId":  30948,
                       "ProviderName":  "Microsoft-Windows-Sysmon",
                       "RuleName":  "-",
                       "UtcTime":  "2026-06-08 00:35:53.268",
                       "ProcessGuid":  "{f9ed62ee-0e69-6a26-fc0a-000000009c00}",
                       "ProcessId":  "5996",
                       "Image":  "C:\\Users\\nueva\\AppData\\Local\\Programs\\Python\\Python310\\python.exe",
                       "User":  "DESKTOP-KCP6DQD\\nueva"
                   },
                   {
                       "EventID":  5,
                       "TimeCreated":  "2026-06-07T20:35:52.0681872-04:00",
                       "Computer":  "DESKTOP-KCP6DQD",
                       "Channel":  "Microsoft-Windows-Sysmon/Operational",
                       "RecordId":  30947,
                       "ProviderName":  "Microsoft-Windows-Sysmon",
                       "RuleName":  "-",
                       "UtcTime":  "2026-06-08 00:35:52.067",
                       "ProcessGuid":  "{f9ed62ee-0e68-6a26-fa0a-000000009c00}",
                       "ProcessId":  "19720",
                       "Image":  "C:\\Program Files (x86)\\Google\\GoogleUpdater\\150.0.7863.0\\updater.exe",
                       "User":  "NT AUTHORITY\\SYSTEM"
                   },
                   {
                       "EventID":  5,
                       "TimeCreated":  "2026-06-07T20:35:52.0629677-04:00",
                       "Computer":  "DESKTOP-KCP6DQD",
                       "Channel":  "Microsoft-Windows-Sysmon/Operational",
                       "RecordId":  30946,
                       "ProviderName":  "Microsoft-Windows-Sysmon",
                       "RuleName":  "-",
                       "UtcTime":  "2026-06-08 00:35:52.062",
                       "ProcessGuid":  "{f9ed62ee-0e67-6a26-f90a-000000009c00}",
                       "ProcessId":  "10896",
                       "Image":  "C:\\Program Files (x86)\\Google\\GoogleUpdater\\150.0.7863.0\\updater.exe",
                       "User":  "NT AUTHORITY\\SYSTEM"
                   },
                   {
                       "EventID":  5,
                       "TimeCreated":  "2026-06-07T20:35:50.5496025-04:00",
                       "Computer":  "DESKTOP-KCP6DQD",
                       "Channel":  "Microsoft-Windows-Sysmon/Operational",
                       "RecordId":  30945,
                       "ProviderName":  "Microsoft-Windows-Sysmon",
                       "RuleName":  "-",
                       "UtcTime":  "2026-06-08 00:35:50.548",
                       "ProcessGuid":  "{f9ed62ee-0e66-6a26-f80a-000000009c00}",
                       "ProcessId":  "20544",
                       "Image":  "C:\\Program Files (x86)\\Google\\GoogleUpdater\\150.0.7863.0\\updater.exe",
                       "User":  "NT AUTHORITY\\SYSTEM"
                   },
                   {
                       "EventID":  5,
                       "TimeCreated":  "2026-06-07T20:35:50.5447083-04:00",
                       "Computer":  "DESKTOP-KCP6DQD",
                       "Channel":  "Microsoft-Windows-Sysmon/Operational",
                       "RecordId":  30944,
                       "ProviderName":  "Microsoft-Windows-Sysmon",
                       "RuleName":  "-",
                       "UtcTime":  "2026-06-08 00:35:50.543",
                       "ProcessGuid":  "{f9ed62ee-0e66-6a26-f70a-000000009c00}",
                       "ProcessId":  "10688",
                       "Image":  "C:\\Program Files (x86)\\Google\\GoogleUpdater\\150.0.7863.0\\updater.exe",
                       "User":  "NT AUTHORITY\\SYSTEM"
                   },
                   {
                       "EventID":  5,
                       "TimeCreated":  "2026-06-07T20:35:49.1741857-04:00",
                       "Computer":  "DESKTOP-KCP6DQD",
                       "Channel":  "Microsoft-Windows-Sysmon/Operational",
                       "RecordId":  30943,
                       "ProviderName":  "Microsoft-Windows-Sysmon",
                       "RuleName":  "-",
                       "UtcTime":  "2026-06-08 00:35:49.173",
                       "ProcessGuid":  "{f9ed62ee-0e65-6a26-f60a-000000009c00}",
                       "ProcessId":  "3780",
                       "Image":  "C:\\Program Files (x86)\\Google\\GoogleUpdater\\150.0.7863.0\\updater.exe",
                       "User":  "NT AUTHORITY\\SYSTEM"
                   },
                   {
                       "EventID":  5,
                       "TimeCreated":  "2026-06-07T20:35:49.1692615-04:00",
                       "Computer":  "DESKTOP-KCP6DQD",
                       "Channel":  "Microsoft-Windows-Sysmon/Operational",
                       "RecordId":  30942,
                       "ProviderName":  "Microsoft-Windows-Sysmon",
                       "RuleName":  "-",
                       "UtcTime":  "2026-06-08 00:35:49.168",
                       "ProcessGuid":  "{f9ed62ee-0e65-6a26-f50a-000000009c00}",
                       "ProcessId":  "2408",
                       "Image":  "C:\\Program Files (x86)\\Google\\GoogleUpdater\\150.0.7863.0\\updater.exe",
                       "User":  "NT AUTHORITY\\SYSTEM"
                   },
                   {
                       "EventID":  5,
                       "TimeCreated":  "2026-06-07T20:35:48.0625871-04:00",
                       "Computer":  "DESKTOP-KCP6DQD",
                       "Channel":  "Microsoft-Windows-Sysmon/Operational",
                       "RecordId":  30941,
                       "ProviderName":  "Microsoft-Windows-Sysmon",
                       "RuleName":  "-",
                       "UtcTime":  "2026-06-08 00:35:48.062",
                       "ProcessGuid":  "{f9ed62ee-0e43-6a26-cc0a-000000009c00}",
                       "ProcessId":  "22116",
                       "Image":  "C:\\Program Files (x86)\\Intel\\Intel(R) Extreme Tuning Utility\\XtuService.exe",
                       "User":  "NT AUTHORITY\\SYSTEM"
                   },
                   {
                       "EventID":  5,
                       "TimeCreated":  "2026-06-07T20:35:46.1851537-04:00",
                       "Computer":  "DESKTOP-KCP6DQD",
                       "Channel":  "Microsoft-Windows-Sysmon/Operational",
                       "RecordId":  30940,
                       "ProviderName":  "Microsoft-Windows-Sysmon",
                       "RuleName":  "-",
                       "UtcTime":  "2026-06-08 00:35:46.184",
                       "ProcessGuid":  "{f9ed62ee-0e62-6a26-f40a-000000009c00}",
                       "ProcessId":  "4304",
                       "Image":  "C:\\Program Files (x86)\\Google\\GoogleUpdater\\150.0.7863.0\\updater.exe",
                       "User":  "NT AUTHORITY\\SYSTEM"
                   },
                   {
                       "EventID":  5,
                       "TimeCreated":  "2026-06-07T20:35:46.1804868-04:00",
                       "Computer":  "DESKTOP-KCP6DQD",
                       "Channel":  "Microsoft-Windows-Sysmon/Operational",
                       "RecordId":  30939,
                       "ProviderName":  "Microsoft-Windows-Sysmon",
                       "RuleName":  "-",
                       "UtcTime":  "2026-06-08 00:35:46.180",
                       "ProcessGuid":  "{f9ed62ee-0e62-6a26-f30a-000000009c00}",
                       "ProcessId":  "22380",
                       "Image":  "C:\\Program Files (x86)\\Google\\GoogleUpdater\\150.0.7863.0\\updater.exe",
                       "User":  "NT AUTHORITY\\SYSTEM"
                   },
                   {
                       "EventID":  5,
                       "TimeCreated":  "2026-06-07T20:35:44.2757840-04:00",
                       "Computer":  "DESKTOP-KCP6DQD",
                       "Channel":  "Microsoft-Windows-Sysmon/Operational",
                       "RecordId":  30938,
                       "ProviderName":  "Microsoft-Windows-Sysmon",
                       "RuleName":  "-",
                       "UtcTime":  "2026-06-08 00:35:44.274",
                       "ProcessGuid":  "{f9ed62ee-0e60-6a26-f20a-000000009c00}",
                       "ProcessId":  "8324",
                       "Image":  "C:\\Program Files (x86)\\Google\\GoogleUpdater\\150.0.7863.0\\updater.exe",
                       "User":  "NT AUTHORITY\\SYSTEM"
                   },
                   {
                       "EventID":  5,
                       "TimeCreated":  "2026-06-07T20:35:44.2698190-04:00",
                       "Computer":  "DESKTOP-KCP6DQD",
                       "Channel":  "Microsoft-Windows-Sysmon/Operational",
                       "RecordId":  30937,
                       "ProviderName":  "Microsoft-Windows-Sysmon",
                       "RuleName":  "-",
                       "UtcTime":  "2026-06-08 00:35:44.268",
                       "ProcessGuid":  "{f9ed62ee-0e60-6a26-f10a-000000009c00}",
                       "ProcessId":  "16040",
                       "Image":  "C:\\Program Files (x86)\\Google\\GoogleUpdater\\150.0.7863.0\\updater.exe",
                       "User":  "NT AUTHORITY\\SYSTEM"
                   },
                   {
                       "EventID":  5,
                       "TimeCreated":  "2026-06-07T20:35:42.4916082-04:00",
                       "Computer":  "DESKTOP-KCP6DQD",
                       "Channel":  "Microsoft-Windows-Sysmon/Operational",
                       "RecordId":  30936,
                       "ProviderName":  "Microsoft-Windows-Sysmon",
                       "RuleName":  "-",
                       "UtcTime":  "2026-06-08 00:35:42.491",
                       "ProcessGuid":  "{f9ed62ee-0e5e-6a26-f00a-000000009c00}",
                       "ProcessId":  "17984",
                       "Image":  "C:\\Program Files (x86)\\Google\\GoogleUpdater\\150.0.7863.0\\updater.exe",
                       "User":  "NT AUTHORITY\\SYSTEM"
                   },
                   {
                       "EventID":  5,
                       "TimeCreated":  "2026-06-07T20:35:42.4869761-04:00",
                       "Computer":  "DESKTOP-KCP6DQD",
                       "Channel":  "Microsoft-Windows-Sysmon/Operational",
                       "RecordId":  30935,
                       "ProviderName":  "Microsoft-Windows-Sysmon",
                       "RuleName":  "-",
                       "UtcTime":  "2026-06-08 00:35:42.486",
                       "ProcessGuid":  "{f9ed62ee-0e5e-6a26-ef0a-000000009c00}",
                       "ProcessId":  "8772",
                       "Image":  "C:\\Program Files (x86)\\Google\\GoogleUpdater\\150.0.7863.0\\updater.exe",
                       "User":  "NT AUTHORITY\\SYSTEM"
                   },
                   {
                       "EventID":  5,
                       "TimeCreated":  "2026-06-07T20:35:40.5011182-04:00",
                       "Computer":  "DESKTOP-KCP6DQD",
                       "Channel":  "Microsoft-Windows-Sysmon/Operational",
                       "RecordId":  30934,
                       "ProviderName":  "Microsoft-Windows-Sysmon",
                       "RuleName":  "-",
                       "UtcTime":  "2026-06-08 00:35:40.500",
                       "ProcessGuid":  "{f9ed62ee-0e5c-6a26-ee0a-000000009c00}",
                       "ProcessId":  "18780",
                       "Image":  "C:\\Program Files (x86)\\Google\\GoogleUpdater\\150.0.7863.0\\updater.exe",
                       "User":  "NT AUTHORITY\\SYSTEM"
                   },
