                   {
                       "EventID":  12,
                       "TimeCreated":  "2026-06-07T21:51:27.6748970-04:00",
                       "Computer":  "DESKTOP-KCP6DQD",
                       "Channel":  "Microsoft-Windows-Sysmon/Operational",
                       "RecordId":  31622,
                       "ProviderName":  "Microsoft-Windows-Sysmon",
                       "RuleName":  "Deteccion_Persistencia_Registro",
                       "UtcTime":  "2026-06-08 01:51:27.672",
                       "ProcessGuid":  "{f9ed62ee-201f-6a26-5b0e-000000009c00}",
                       "ProcessId":  "7804",
                       "Image":  "C:\\nvm4w\\nodejs\\node.exe",
                       "User":  "DESKTOP-KCP6DQD\\nueva",
                       "EventType":  "CreateKey",
                       "TargetObject":  "HKLM\\System\\CurrentControlSet\\Services\\Tcpip\\Parameters"
                   },
                   {
                       "EventID":  12,
                       "TimeCreated":  "2026-06-07T21:51:27.1217426-04:00",
                       "Computer":  "DESKTOP-KCP6DQD",
                       "Channel":  "Microsoft-Windows-Sysmon/Operational",
                       "RecordId":  31621,
                       "ProviderName":  "Microsoft-Windows-Sysmon",
                       "RuleName":  "Deteccion_Persistencia_Registro",
                       "UtcTime":  "2026-06-08 01:51:27.121",
                       "ProcessGuid":  "{f9ed62ee-201e-6a26-580e-000000009c00}",
                       "ProcessId":  "6456",
                       "Image":  "C:\\Users\\nueva\\AppData\\Local\\ms-playwright-go\\1.57.0\\node.exe",
                       "User":  "DESKTOP-KCP6DQD\\nueva",
                       "EventType":  "CreateKey",
                       "TargetObject":  "HKLM\\System\\CurrentControlSet\\Services\\Tcpip\\Parameters"
                   },
                   {
                       "EventID":  12,
                       "TimeCreated":  "2026-06-07T21:51:27.1199339-04:00",
                       "Computer":  "DESKTOP-KCP6DQD",
                       "Channel":  "Microsoft-Windows-Sysmon/Operational",
                       "RecordId":  31620,
                       "ProviderName":  "Microsoft-Windows-Sysmon",
                       "RuleName":  "Deteccion_Persistencia_Registro",
                       "UtcTime":  "2026-06-08 01:51:27.119",
                       "ProcessGuid":  "{f9ed62ee-201e-6a26-580e-000000009c00}",
                       "ProcessId":  "6456",
                       "Image":  "C:\\Users\\nueva\\AppData\\Local\\ms-playwright-go\\1.57.0\\node.exe",
                       "User":  "DESKTOP-KCP6DQD\\nueva",
                       "EventType":  "CreateKey",
                       "TargetObject":  "HKLM\\System\\CurrentControlSet\\Services\\Tcpip\\Parameters"
                   },
                   {
                       "EventID":  12,
                       "TimeCreated":  "2026-06-07T21:51:27.1198320-04:00",
                       "Computer":  "DESKTOP-KCP6DQD",
                       "Channel":  "Microsoft-Windows-Sysmon/Operational",
                       "RecordId":  31619,
                       "ProviderName":  "Microsoft-Windows-Sysmon",
                       "RuleName":  "Deteccion_Persistencia_Registro",
                       "UtcTime":  "2026-06-08 01:51:27.119",
                       "ProcessGuid":  "{f9ed62ee-201e-6a26-580e-000000009c00}",
                       "ProcessId":  "6456",
                       "Image":  "C:\\Users\\nueva\\AppData\\Local\\ms-playwright-go\\1.57.0\\node.exe",
                       "User":  "DESKTOP-KCP6DQD\\nueva",
                       "EventType":  "CreateKey",
                       "TargetObject":  "HKLM\\System\\CurrentControlSet\\Services\\Tcpip\\Parameters"
                   },
                   {
                       "EventID":  12,
                       "TimeCreated":  "2026-06-07T21:51:27.1197111-04:00",
                       "Computer":  "DESKTOP-KCP6DQD",
                       "Channel":  "Microsoft-Windows-Sysmon/Operational",
                       "RecordId":  31618,
                       "ProviderName":  "Microsoft-Windows-Sysmon",
                       "RuleName":  "Deteccion_Persistencia_Registro",
                       "UtcTime":  "2026-06-08 01:51:27.119",
                       "ProcessGuid":  "{f9ed62ee-201e-6a26-580e-000000009c00}",
                       "ProcessId":  "6456",
                       "Image":  "C:\\Users\\nueva\\AppData\\Local\\ms-playwright-go\\1.57.0\\node.exe",
                       "User":  "DESKTOP-KCP6DQD\\nueva",
                       "EventType":  "CreateKey",
                       "TargetObject":  "HKLM\\System\\CurrentControlSet\\Services\\Tcpip\\Parameters"
                   },
                   {
                       "EventID":  13,
                       "TimeCreated":  "2026-06-07T21:51:27.0535969-04:00",
                       "Computer":  "DESKTOP-KCP6DQD",
                       "Channel":  "Microsoft-Windows-Sysmon/Operational",
                       "RecordId":  31617,
                       "ProviderName":  "Microsoft-Windows-Sysmon",
                       "RuleName":  "Deteccion_Persistencia_Registro",
                       "UtcTime":  "2026-06-08 01:51:27.053",
                       "ProcessGuid":  "{f9ed62ee-201e-6a26-590e-000000009c00}",
                       "ProcessId":  "19640",
                       "Image":  "C:\\WINDOWS\\system32\\cmd.exe",
                       "User":  "DESKTOP-KCP6DQD\\nueva",
                       "EventType":  "SetValue",
                       "TargetObject":  "HKLM\\System\\CurrentControlSet\\Services\\bam\\State\\UserSettings\\S-1-5-21-158180708-2764993437-2666828097-1001\\\\Device\\HarddiskVolume4\\Windows\\System32\\cmd.exe",
                       "Details":  "Binary Data"
                   },
                   {
                       "EventID":  5,
                       "TimeCreated":  "2026-06-07T21:51:27.0533665-04:00",
                       "Computer":  "DESKTOP-KCP6DQD",
                       "Channel":  "Microsoft-Windows-Sysmon/Operational",
                       "RecordId":  31616,
                       "ProviderName":  "Microsoft-Windows-Sysmon",
                       "RuleName":  "Deteccion_Cierre_Procesos",
                       "UtcTime":  "2026-06-08 01:51:27.053",
                       "ProcessGuid":  "{f9ed62ee-201e-6a26-590e-000000009c00}",
                       "ProcessId":  "19640",
                       "Image":  "C:\\Windows\\System32\\cmd.exe",
                       "User":  "DESKTOP-KCP6DQD\\nueva"
                   },
                   {
                       "EventID":  12,
                       "TimeCreated":  "2026-06-07T21:51:26.5218722-04:00",
                       "Computer":  "DESKTOP-KCP6DQD",
                       "Channel":  "Microsoft-Windows-Sysmon/Operational",
                       "RecordId":  31615,
                       "ProviderName":  "Microsoft-Windows-Sysmon",
                       "RuleName":  "Deteccion_Persistencia_Registro",
                       "UtcTime":  "2026-06-08 01:51:26.520",
                       "ProcessGuid":  "{f9ed62ee-2019-6a26-2e0e-000000009c00}",
                       "ProcessId":  "10308",
                       "Image":  "C:\\Users\\nueva\\AppData\\Local\\Programs\\Antigravity IDE\\Antigravity IDE.exe",
                       "User":  "DESKTOP-KCP6DQD\\nueva",
                       "EventType":  "CreateKey",
                       "TargetObject":  "HKLM\\System\\CurrentControlSet\\Services\\Tcpip\\Parameters"
                   },
                   {
                       "EventID":  12,
                       "TimeCreated":  "2026-06-07T21:51:26.5217473-04:00",
                       "Computer":  "DESKTOP-KCP6DQD",
                       "Channel":  "Microsoft-Windows-Sysmon/Operational",
                       "RecordId":  31614,
                       "ProviderName":  "Microsoft-Windows-Sysmon",
                       "RuleName":  "Deteccion_Persistencia_Registro",
                       "UtcTime":  "2026-06-08 01:51:26.520",
                       "ProcessGuid":  "{f9ed62ee-2019-6a26-2e0e-000000009c00}",
                       "ProcessId":  "10308",
                       "Image":  "C:\\Users\\nueva\\AppData\\Local\\Programs\\Antigravity IDE\\Antigravity IDE.exe",
                       "User":  "DESKTOP-KCP6DQD\\nueva",
                       "EventType":  "CreateKey",
                       "TargetObject":  "HKLM\\System\\CurrentControlSet\\Services\\Tcpip\\Parameters"
                   },
                   {
                       "EventID":  12,
                       "TimeCreated":  "2026-06-07T21:51:26.5216336-04:00",
                       "Computer":  "DESKTOP-KCP6DQD",
                       "Channel":  "Microsoft-Windows-Sysmon/Operational",
                       "RecordId":  31613,
                       "ProviderName":  "Microsoft-Windows-Sysmon",
                       "RuleName":  "Deteccion_Persistencia_Registro",
                       "UtcTime":  "2026-06-08 01:51:26.520",
                       "ProcessGuid":  "{f9ed62ee-2019-6a26-2e0e-000000009c00}",
                       "ProcessId":  "10308",
                       "Image":  "C:\\Users\\nueva\\AppData\\Local\\Programs\\Antigravity IDE\\Antigravity IDE.exe",
                       "User":  "DESKTOP-KCP6DQD\\nueva",
                       "EventType":  "CreateKey",
                       "TargetObject":  "HKLM\\System\\CurrentControlSet\\Services\\Tcpip\\Parameters"
                   },
                   {
                       "EventID":  12,
                       "TimeCreated":  "2026-06-07T21:51:26.5214676-04:00",
                       "Computer":  "DESKTOP-KCP6DQD",
                       "Channel":  "Microsoft-Windows-Sysmon/Operational",
                       "RecordId":  31612,
                       "ProviderName":  "Microsoft-Windows-Sysmon",
                       "RuleName":  "Deteccion_Persistencia_Registro",
                       "UtcTime":  "2026-06-08 01:51:26.520",
                       "ProcessGuid":  "{f9ed62ee-2019-6a26-2e0e-000000009c00}",
                       "ProcessId":  "10308",
                       "Image":  "C:\\Users\\nueva\\AppData\\Local\\Programs\\Antigravity IDE\\Antigravity IDE.exe",
                       "User":  "DESKTOP-KCP6DQD\\nueva",
                       "EventType":  "CreateKey",
                       "TargetObject":  "HKLM\\System\\CurrentControlSet\\Services\\Tcpip\\Parameters"
                   },
                   {
                       "EventID":  1,
                       "TimeCreated":  "2026-06-07T21:51:26.2029012-04:00",
                       "Computer":  "DESKTOP-KCP6DQD",
                       "Channel":  "Microsoft-Windows-Sysmon/Operational",
                       "RecordId":  31611,
                       "ProviderName":  "Microsoft-Windows-Sysmon",
                       "RuleName":  "Deteccion_Procesos_Alertas",
                       "UtcTime":  "2026-06-08 01:51:26.196",
                       "ProcessGuid":  "{f9ed62ee-201e-6a26-590e-000000009c00}",
                       "ProcessId":  "19640",
                       "Image":  "C:\\Windows\\System32\\cmd.exe",
                       "CommandLine":  "C:\\WINDOWS\\system32\\cmd.exe /c CALL \"C:\\nvm4w\\nodejs\\\\node.exe\" \"C:\\nvm4w\\nodejs\\\\node_modules\\npm\\bin\\npm-prefix.js\"",
                       "CurrentDirectory":  "C:\\Users\\nueva\\AppData\\Local\\Programs\\Antigravity IDE\\",
                       "User":  "DESKTOP-KCP6DQD\\nueva",
                       "LogonGuid":  "{f9ed62ee-f06b-6a25-bee7-100000000000}",
                       "LogonId":  "0x10e7be",
                       "TerminalSessionId":  "1",
                       "IntegrityLevel":  "Medium",
                       "Hashes":  "MD5=77F0062F490BCC7023763A422E561945,SHA256=14CC8AB1DCF0D9F19E8FB82DEB547CF8C462C56A0E43F7ADDC02641AB3C81651",
                       "ParentProcessGuid":  "{f9ed62ee-201e-6a26-570e-000000009c00}",
                       "ParentProcessId":  "8596",
                       "ParentImage":  "C:\\Windows\\System32\\cmd.exe",
                       "ParentCommandLine":  "C:\\WINDOWS\\system32\\cmd.exe /c npx -y chrome-devtools-mcp@latest --autoConnect --no-usage-statistics --no-performance-crux",
                       "ParentUser":  "DESKTOP-KCP6DQD\\nueva"
                   },
                   {
                       "EventID":  13,
                       "TimeCreated":  "2026-06-07T21:51:26.2019622-04:00",
                       "Computer":  "DESKTOP-KCP6DQD",
                       "Channel":  "Microsoft-Windows-Sysmon/Operational",
                       "RecordId":  31610,
                       "ProviderName":  "Microsoft-Windows-Sysmon",
                       "RuleName":  "Deteccion_Persistencia_Registro",
                       "UtcTime":  "2026-06-08 01:51:26.200",
                       "ProcessGuid":  "{f9ed62ee-201e-6a26-570e-000000009c00}",
                       "ProcessId":  "8596",
                       "Image":  "C:\\WINDOWS\\system32\\cmd.exe",
                       "User":  "DESKTOP-KCP6DQD\\nueva",
                       "EventType":  "SetValue",
                       "TargetObject":  "HKLM\\System\\CurrentControlSet\\Services\\bam\\State\\UserSettings\\S-1-5-21-158180708-2764993437-2666828097-1001\\\\Device\\HarddiskVolume4\\Windows\\System32\\cmd.exe",
                       "Details":  "Binary Data"
                   },
                   {
                       "EventID":  1,
                       "TimeCreated":  "2026-06-07T21:51:26.1638887-04:00",
                       "Computer":  "DESKTOP-KCP6DQD",
                       "Channel":  "Microsoft-Windows-Sysmon/Operational",
                       "RecordId":  31609,
                       "ProviderName":  "Microsoft-Windows-Sysmon",
                       "RuleName":  "Deteccion_Procesos_Alertas",
                       "UtcTime":  "2026-06-08 01:51:26.144",
                       "ProcessGuid":  "{f9ed62ee-201e-6a26-570e-000000009c00}",
                       "ProcessId":  "8596",
                       "Image":  "C:\\Windows\\System32\\cmd.exe",
                       "CommandLine":  "C:\\WINDOWS\\system32\\cmd.exe /c npx -y chrome-devtools-mcp@latest --autoConnect --no-usage-statistics --no-performance-crux",
                       "CurrentDirectory":  "C:\\Users\\nueva\\AppData\\Local\\Programs\\Antigravity IDE\\",
                       "User":  "DESKTOP-KCP6DQD\\nueva",
                       "LogonGuid":  "{f9ed62ee-f06b-6a25-bee7-100000000000}",
                       "LogonId":  "0x10e7be",
                       "TerminalSessionId":  "1",
                       "IntegrityLevel":  "Medium",
                       "Hashes":  "MD5=77F0062F490BCC7023763A422E561945,SHA256=14CC8AB1DCF0D9F19E8FB82DEB547CF8C462C56A0E43F7ADDC02641AB3C81651",
                       "ParentProcessGuid":  "{f9ed62ee-201c-6a26-470e-000000009c00}",
                       "ParentProcessId":  "13744",
                       "ParentImage":  "C:\\Users\\nueva\\AppData\\Local\\Programs\\Antigravity IDE\\resources\\app\\extensions\\antigravity\\bin\\language_server_windows_x64.exe",
                       "ParentCommandLine":  "\"c:\\Users\\nueva\\AppData\\Local\\Programs\\Antigravity IDE\\resources\\app\\extensions\\antigravity\\bin\\language_server_windows_x64.exe\" --enable_lsp --csrf_token 17bcf5a1-0519-458a-8bdf-63bf05d48193 --extension_server_port 65522 --extension_server_csrf_token 67b522c7-2c91-4911-8fab-663cd5fe59c6 --workspace_id file_c_3A_Asignacion_Sysmon --cloud_code_endpoint https://daily-cloudcode-pa.googleapis.com --subclient_type ide --app_data_dir antigravity-ide --parent_pipe_path \\\\.\\pipe\\server_46802a4e1706d614",
                       "ParentUser":  "DESKTOP-KCP6DQD\\nueva"
                   },
                   {
                       "EventID":  13,
                       "TimeCreated":  "2026-06-07T21:51:26.1627688-04:00",
                       "Computer":  "DESKTOP-KCP6DQD",
                       "Channel":  "Microsoft-Windows-Sysmon/Operational",
                       "RecordId":  31608,
                       "ProviderName":  "Microsoft-Windows-Sysmon",
                       "RuleName":  "Deteccion_Persistencia_Registro",
                       "UtcTime":  "2026-06-08 01:51:26.162",
                       "ProcessGuid":  "{f9ed62ee-201c-6a26-470e-000000009c00}",
                       "ProcessId":  "13744",
                       "Image":  "c:\\Users\\nueva\\AppData\\Local\\Programs\\Antigravity IDE\\resources\\app\\extensions\\antigravity\\bin\\language_server_windows_x64.exe",
                       "User":  "DESKTOP-KCP6DQD\\nueva",
                       "EventType":  "SetValue",
                       "TargetObject":  "HKLM\\System\\CurrentControlSet\\Services\\bam\\State\\UserSettings\\S-1-5-21-158180708-2764993437-2666828097-1001\\\\Device\\HarddiskVolume4\\Windows\\System32\\cmd.exe",
                       "Details":  "Binary Data"
                   },
                   {
                       "EventID":  12,
                       "TimeCreated":  "2026-06-07T21:51:26.1621847-04:00",
                       "Computer":  "DESKTOP-KCP6DQD",
                       "Channel":  "Microsoft-Windows-Sysmon/Operational",
                       "RecordId":  31607,
                       "ProviderName":  "Microsoft-Windows-Sysmon",
                       "RuleName":  "Deteccion_Persistencia_Registro",
                       "UtcTime":  "2026-06-08 01:51:26.162",
                       "ProcessGuid":  "{f9ed62ee-201c-6a26-470e-000000009c00}",
                       "ProcessId":  "13744",
                       "Image":  "c:\\Users\\nueva\\AppData\\Local\\Programs\\Antigravity IDE\\resources\\app\\extensions\\antigravity\\bin\\language_server_windows_x64.exe",
                       "User":  "DESKTOP-KCP6DQD\\nueva",
                       "EventType":  "CreateKey",
                       "TargetObject":  "HKLM\\System\\CurrentControlSet\\Services\\Tcpip\\Parameters"
                   },
                   {
                       "EventID":  12,
                       "TimeCreated":  "2026-06-07T21:51:26.1620668-04:00",
                       "Computer":  "DESKTOP-KCP6DQD",
                       "Channel":  "Microsoft-Windows-Sysmon/Operational",
                       "RecordId":  31606,
                       "ProviderName":  "Microsoft-Windows-Sysmon",
                       "RuleName":  "Deteccion_Persistencia_Registro",
                       "UtcTime":  "2026-06-08 01:51:26.161",
                       "ProcessGuid":  "{f9ed62ee-201c-6a26-470e-000000009c00}",
                       "ProcessId":  "13744",
                       "Image":  "c:\\Users\\nueva\\AppData\\Local\\Programs\\Antigravity IDE\\resources\\app\\extensions\\antigravity\\bin\\language_server_windows_x64.exe",
                       "User":  "DESKTOP-KCP6DQD\\nueva",
                       "EventType":  "CreateKey",
                       "TargetObject":  "HKLM\\System\\CurrentControlSet\\Services\\Tcpip\\Parameters"
                   },
                   {
                       "EventID":  13,
                       "TimeCreated":  "2026-06-07T21:51:25.9475699-04:00",
                       "Computer":  "DESKTOP-KCP6DQD",
                       "Channel":  "Microsoft-Windows-Sysmon/Operational",
                       "RecordId":  31605,
                       "ProviderName":  "Microsoft-Windows-Sysmon",
                       "RuleName":  "Deteccion_Persistencia_Registro",
                       "UtcTime":  "2026-06-08 01:51:25.941",
                       "ProcessGuid":  "{f9ed62ee-201d-6a26-550e-000000009c00}",
                       "ProcessId":  "14740",
                       "Image":  "C:\\WINDOWS\\system32\\conhost.exe",
                       "User":  "DESKTOP-KCP6DQD\\nueva",
                       "EventType":  "SetValue",
                       "TargetObject":  "HKLM\\System\\CurrentControlSet\\Services\\bam\\State\\UserSettings\\S-1-5-21-158180708-2764993437-2666828097-1001\\\\Device\\HarddiskVolume4\\Windows\\System32\\conhost.exe",
                       "Details":  "Binary Data"
                   },
                   {
                       "EventID":  13,
                       "TimeCreated":  "2026-06-07T21:51:25.8781623-04:00",
                       "Computer":  "DESKTOP-KCP6DQD",
                       "Channel":  "Microsoft-Windows-Sysmon/Operational",
                       "RecordId":  31604,
                       "ProviderName":  "Microsoft-Windows-Sysmon",
                       "RuleName":  "Deteccion_Persistencia_Registro",
                       "UtcTime":  "2026-06-08 01:51:25.877",
                       "ProcessGuid":  "{f9ed62ee-201d-6a26-540e-000000009c00}",
                       "ProcessId":  "20596",
                       "Image":  "C:\\Program Files\\Git\\cmd\\git.exe",
                       "User":  "DESKTOP-KCP6DQD\\nueva",
                       "EventType":  "SetValue",
                       "TargetObject":  "HKLM\\System\\CurrentControlSet\\Services\\bam\\State\\UserSettings\\S-1-5-21-158180708-2764993437-2666828097-1001\\\\Device\\HarddiskVolume4\\Windows\\System32\\conhost.exe",
                       "Details":  "Binary Data"
                   },
                   {
                       "EventID":  13,
                       "TimeCreated":  "2026-06-07T21:51:25.8655095-04:00",
                       "Computer":  "DESKTOP-KCP6DQD",
                       "Channel":  "Microsoft-Windows-Sysmon/Operational",
                       "RecordId":  31603,
                       "ProviderName":  "Microsoft-Windows-Sysmon",
                       "RuleName":  "Deteccion_Persistencia_Registro",
                       "UtcTime":  "2026-06-08 01:51:25.863",
                       "ProcessGuid":  "{f9ed62ee-201d-6a26-510e-000000009c00}",
                       "ProcessId":  "21768",
                       "Image":  "C:\\WINDOWS\\system32\\conhost.exe",
                       "User":  "DESKTOP-KCP6DQD\\nueva",
                       "EventType":  "SetValue",
                       "TargetObject":  "HKLM\\System\\CurrentControlSet\\Services\\bam\\State\\UserSettings\\S-1-5-21-158180708-2764993437-2666828097-1001\\\\Device\\HarddiskVolume4\\Windows\\System32\\conhost.exe",
                       "Details":  "Binary Data"
                   },
                   {
                       "EventID":  13,
                       "TimeCreated":  "2026-06-07T21:51:25.7947647-04:00",
                       "Computer":  "DESKTOP-KCP6DQD",
                       "Channel":  "Microsoft-Windows-Sysmon/Operational",
                       "RecordId":  31602,
                       "ProviderName":  "Microsoft-Windows-Sysmon",
                       "RuleName":  "Deteccion_Persistencia_Registro",
                       "UtcTime":  "2026-06-08 01:51:25.793",
                       "ProcessGuid":  "{f9ed62ee-2019-6a26-2e0e-000000009c00}",
                       "ProcessId":  "10308",
                       "Image":  "C:\\Users\\nueva\\AppData\\Local\\Programs\\Antigravity IDE\\Antigravity IDE.exe",
                       "User":  "DESKTOP-KCP6DQD\\nueva",
                       "EventType":  "SetValue",
                       "TargetObject":  "HKLM\\System\\CurrentControlSet\\Services\\bam\\State\\UserSettings\\S-1-5-21-158180708-2764993437-2666828097-1001\\\\Device\\HarddiskVolume4\\Users\\nueva\\AppData\\Local\\Programs\\Antigravity IDE\\Antigravity IDE.exe",
                       "Details":  "Binary Data"
                   },
                   {
                       "EventID":  12,
                       "TimeCreated":  "2026-06-07T21:51:25.7904892-04:00",
                       "Computer":  "DESKTOP-KCP6DQD",
                       "Channel":  "Microsoft-Windows-Sysmon/Operational",
                       "RecordId":  31601,
                       "ProviderName":  "Microsoft-Windows-Sysmon",
                       "RuleName":  "Deteccion_Persistencia_Registro",
                       "UtcTime":  "2026-06-08 01:51:25.790",
                       "ProcessGuid":  "{f9ed62ee-201c-6a26-470e-000000009c00}",
                       "ProcessId":  "13744",
                       "Image":  "c:\\Users\\nueva\\AppData\\Local\\Programs\\Antigravity IDE\\resources\\app\\extensions\\antigravity\\bin\\language_server_windows_x64.exe",
                       "User":  "DESKTOP-KCP6DQD\\nueva",
                       "EventType":  "CreateKey",
                       "TargetObject":  "HKLM\\System\\CurrentControlSet\\Services\\Tcpip\\Parameters"
                   },
                   {
                       "EventID":  12,
                       "TimeCreated":  "2026-06-07T21:51:25.7904134-04:00",
                       "Computer":  "DESKTOP-KCP6DQD",
                       "Channel":  "Microsoft-Windows-Sysmon/Operational",
                       "RecordId":  31600,
                       "ProviderName":  "Microsoft-Windows-Sysmon",
                       "RuleName":  "Deteccion_Persistencia_Registro",
                       "UtcTime":  "2026-06-08 01:51:25.790",
                       "ProcessGuid":  "{f9ed62ee-201c-6a26-470e-000000009c00}",
                       "ProcessId":  "13744",
                       "Image":  "c:\\Users\\nueva\\AppData\\Local\\Programs\\Antigravity IDE\\resources\\app\\extensions\\antigravity\\bin\\language_server_windows_x64.exe",
                       "User":  "DESKTOP-KCP6DQD\\nueva",
                       "EventType":  "CreateKey",
                       "TargetObject":  "HKLM\\System\\CurrentControlSet\\Services\\Tcpip\\Parameters"
                   },
                   {
                       "EventID":  12,
                       "TimeCreated":  "2026-06-07T21:51:25.7902552-04:00",
                       "Computer":  "DESKTOP-KCP6DQD",
                       "Channel":  "Microsoft-Windows-Sysmon/Operational",
                       "RecordId":  31599,
                       "ProviderName":  "Microsoft-Windows-Sysmon",
                       "RuleName":  "Deteccion_Persistencia_Registro",
                       "UtcTime":  "2026-06-08 01:51:25.788",
                       "ProcessGuid":  "{f9ed62ee-201c-6a26-470e-000000009c00}",
                       "ProcessId":  "13744",
                       "Image":  "c:\\Users\\nueva\\AppData\\Local\\Programs\\Antigravity IDE\\resources\\app\\extensions\\antigravity\\bin\\language_server_windows_x64.exe",
                       "User":  "DESKTOP-KCP6DQD\\nueva",
                       "EventType":  "CreateKey",
                       "TargetObject":  "HKLM\\System\\CurrentControlSet\\Services\\Tcpip\\Parameters"
                   },
                   {
                       "EventID":  12,
                       "TimeCreated":  "2026-06-07T21:51:25.7901767-04:00",
                       "Computer":  "DESKTOP-KCP6DQD",
                       "Channel":  "Microsoft-Windows-Sysmon/Operational",
                       "RecordId":  31598,
                       "ProviderName":  "Microsoft-Windows-Sysmon",
                       "RuleName":  "Deteccion_Persistencia_Registro",
                       "UtcTime":  "2026-06-08 01:51:25.788",
                       "ProcessGuid":  "{f9ed62ee-201c-6a26-470e-000000009c00}",
                       "ProcessId":  "13744",
                       "Image":  "c:\\Users\\nueva\\AppData\\Local\\Programs\\Antigravity IDE\\resources\\app\\extensions\\antigravity\\bin\\language_server_windows_x64.exe",
                       "User":  "DESKTOP-KCP6DQD\\nueva",
                       "EventType":  "CreateKey",
                       "TargetObject":  "HKLM\\System\\CurrentControlSet\\Services\\Tcpip\\Parameters"
                   },
                   {
                       "EventID":  13,
                       "TimeCreated":  "2026-06-07T21:51:25.7848978-04:00",
                       "Computer":  "DESKTOP-KCP6DQD",
                       "Channel":  "Microsoft-Windows-Sysmon/Operational",
                       "RecordId":  31597,
                       "ProviderName":  "Microsoft-Windows-Sysmon",
                       "RuleName":  "Deteccion_Persistencia_Registro",
                       "UtcTime":  "2026-06-08 01:51:25.784",
                       "ProcessGuid":  "{f9ed62ee-201d-6a26-500e-000000009c00}",
                       "ProcessId":  "16204",
                       "Image":  "C:\\Program Files\\Git\\cmd\\git.exe",
                       "User":  "DESKTOP-KCP6DQD\\nueva",
                       "EventType":  "SetValue",
                       "TargetObject":  "HKLM\\System\\CurrentControlSet\\Services\\bam\\State\\UserSettings\\S-1-5-21-158180708-2764993437-2666828097-1001\\\\Device\\HarddiskVolume4\\Windows\\System32\\conhost.exe",
                       "Details":  "Binary Data"
                   },
                   {
                       "EventID":  12,
                       "TimeCreated":  "2026-06-07T21:51:25.7752752-04:00",
                       "Computer":  "DESKTOP-KCP6DQD",
                       "Channel":  "Microsoft-Windows-Sysmon/Operational",
                       "RecordId":  31596,
                       "ProviderName":  "Microsoft-Windows-Sysmon",
                       "RuleName":  "Deteccion_Persistencia_Registro",
                       "UtcTime":  "2026-06-08 01:51:25.774",
                       "ProcessGuid":  "{f9ed62ee-201c-6a26-470e-000000009c00}",
                       "ProcessId":  "13744",
                       "Image":  "c:\\Users\\nueva\\AppData\\Local\\Programs\\Antigravity IDE\\resources\\app\\extensions\\antigravity\\bin\\language_server_windows_x64.exe",
                       "User":  "DESKTOP-KCP6DQD\\nueva",
                       "EventType":  "CreateKey",
                       "TargetObject":  "HKLM\\System\\CurrentControlSet\\Services\\Tcpip\\Parameters"
                   },
                   {
                       "EventID":  12,
                       "TimeCreated":  "2026-06-07T21:51:25.7752393-04:00",
                       "Computer":  "DESKTOP-KCP6DQD",
                       "Channel":  "Microsoft-Windows-Sysmon/Operational",
                       "RecordId":  31595,
                       "ProviderName":  "Microsoft-Windows-Sysmon",
                       "RuleName":  "Deteccion_Persistencia_Registro",
                       "UtcTime":  "2026-06-08 01:51:25.774",
                       "ProcessGuid":  "{f9ed62ee-201c-6a26-470e-000000009c00}",
                       "ProcessId":  "13744",
                       "Image":  "c:\\Users\\nueva\\AppData\\Local\\Programs\\Antigravity IDE\\resources\\app\\extensions\\antigravity\\bin\\language_server_windows_x64.exe",
                       "User":  "DESKTOP-KCP6DQD\\nueva",
                       "EventType":  "CreateKey",
                       "TargetObject":  "HKLM\\System\\CurrentControlSet\\Services\\Tcpip\\Parameters"
                   },
                   {
                       "EventID":  12,
                       "TimeCreated":  "2026-06-07T21:51:25.7697608-04:00",
                       "Computer":  "DESKTOP-KCP6DQD",
                       "Channel":  "Microsoft-Windows-Sysmon/Operational",
                       "RecordId":  31594,
                       "ProviderName":  "Microsoft-Windows-Sysmon",
                       "RuleName":  "Deteccion_Persistencia_Registro",
                       "UtcTime":  "2026-06-08 01:51:25.769",
                       "ProcessGuid":  "{f9ed62ee-201c-6a26-470e-000000009c00}",
                       "ProcessId":  "13744",
                       "Image":  "c:\\Users\\nueva\\AppData\\Local\\Programs\\Antigravity IDE\\resources\\app\\extensions\\antigravity\\bin\\language_server_windows_x64.exe",
                       "User":  "DESKTOP-KCP6DQD\\nueva",
                       "EventType":  "CreateKey",
                       "TargetObject":  "HKLM\\System\\CurrentControlSet\\Services\\Tcpip\\Parameters"
                   },
                   {
                       "EventID":  12,
                       "TimeCreated":  "2026-06-07T21:51:25.7695361-04:00",
                       "Computer":  "DESKTOP-KCP6DQD",
                       "Channel":  "Microsoft-Windows-Sysmon/Operational",
                       "RecordId":  31593,
                       "ProviderName":  "Microsoft-Windows-Sysmon",
                       "RuleName":  "Deteccion_Persistencia_Registro",
                       "UtcTime":  "2026-06-08 01:51:25.768",
                       "ProcessGuid":  "{f9ed62ee-201c-6a26-470e-000000009c00}",
                       "ProcessId":  "13744",
                       "Image":  "c:\\Users\\nueva\\AppData\\Local\\Programs\\Antigravity IDE\\resources\\app\\extensions\\antigravity\\bin\\language_server_windows_x64.exe",
                       "User":  "DESKTOP-KCP6DQD\\nueva",
                       "EventType":  "CreateKey",
                       "TargetObject":  "HKLM\\System\\CurrentControlSet\\Services\\Tcpip\\Parameters"
                   },
                   {
                       "EventID":  12,
                       "TimeCreated":  "2026-06-07T21:51:25.7682800-04:00",
                       "Computer":  "DESKTOP-KCP6DQD",
                       "Channel":  "Microsoft-Windows-Sysmon/Operational",
                       "RecordId":  31592,
                       "ProviderName":  "Microsoft-Windows-Sysmon",
                       "RuleName":  "Deteccion_Persistencia_Registro",
                       "UtcTime":  "2026-06-08 01:51:25.768",
                       "ProcessGuid":  "{f9ed62ee-201c-6a26-470e-000000009c00}",
                       "ProcessId":  "13744",
                       "Image":  "c:\\Users\\nueva\\AppData\\Local\\Programs\\Antigravity IDE\\resources\\app\\extensions\\antigravity\\bin\\language_server_windows_x64.exe",
                       "User":  "DESKTOP-KCP6DQD\\nueva",
                       "EventType":  "CreateKey",
                       "TargetObject":  "HKLM\\System\\CurrentControlSet\\Services\\Tcpip\\Parameters"
                   },
                   {
                       "EventID":  12,
                       "TimeCreated":  "2026-06-07T21:51:25.7681951-04:00",
                       "Computer":  "DESKTOP-KCP6DQD",
                       "Channel":  "Microsoft-Windows-Sysmon/Operational",
                       "RecordId":  31591,
                       "ProviderName":  "Microsoft-Windows-Sysmon",
                       "RuleName":  "Deteccion_Persistencia_Registro",
                       "UtcTime":  "2026-06-08 01:51:25.767",
                       "ProcessGuid":  "{f9ed62ee-201c-6a26-470e-000000009c00}",
                       "ProcessId":  "13744",
                       "Image":  "c:\\Users\\nueva\\AppData\\Local\\Programs\\Antigravity IDE\\resources\\app\\extensions\\antigravity\\bin\\language_server_windows_x64.exe",
                       "User":  "DESKTOP-KCP6DQD\\nueva",
                       "EventType":  "CreateKey",
                       "TargetObject":  "HKLM\\System\\CurrentControlSet\\Services\\Tcpip\\Parameters"
                   },
                   {
                       "EventID":  12,
                       "TimeCreated":  "2026-06-07T21:51:25.7680918-04:00",
                       "Computer":  "DESKTOP-KCP6DQD",
                       "Channel":  "Microsoft-Windows-Sysmon/Operational",
                       "RecordId":  31590,
                       "ProviderName":  "Microsoft-Windows-Sysmon",
                       "RuleName":  "Deteccion_Persistencia_Registro",
                       "UtcTime":  "2026-06-08 01:51:25.767",
                       "ProcessGuid":  "{f9ed62ee-201c-6a26-470e-000000009c00}",
                       "ProcessId":  "13744",
                       "Image":  "c:\\Users\\nueva\\AppData\\Local\\Programs\\Antigravity IDE\\resources\\app\\extensions\\antigravity\\bin\\language_server_windows_x64.exe",
                       "User":  "DESKTOP-KCP6DQD\\nueva",
                       "EventType":  "CreateKey",
                       "TargetObject":  "HKLM\\System\\CurrentControlSet\\Services\\Tcpip\\Parameters"
                   },
                   {
                       "EventID":  13,
                       "TimeCreated":  "2026-06-07T21:51:25.6035569-04:00",
                       "Computer":  "DESKTOP-KCP6DQD",
                       "Channel":  "Microsoft-Windows-Sysmon/Operational",
                       "RecordId":  31589,
                       "ProviderName":  "Microsoft-Windows-Sysmon",
                       "RuleName":  "Deteccion_Persistencia_Registro",
                       "UtcTime":  "2026-06-08 01:51:25.602",
                       "ProcessGuid":  "{f9ed62ee-201d-6a26-4e0e-000000009c00}",
                       "ProcessId":  "4532",
                       "Image":  "C:\\WINDOWS\\system32\\conhost.exe",
                       "User":  "DESKTOP-KCP6DQD\\nueva",
                       "EventType":  "SetValue",
                       "TargetObject":  "HKLM\\System\\CurrentControlSet\\Services\\bam\\State\\UserSettings\\S-1-5-21-158180708-2764993437-2666828097-1001\\\\Device\\HarddiskVolume4\\Windows\\System32\\conhost.exe",
                       "Details":  "Binary Data"
                   },
                   {
                       "EventID":  13,
                       "TimeCreated":  "2026-06-07T21:51:25.5111865-04:00",
                       "Computer":  "DESKTOP-KCP6DQD",
                       "Channel":  "Microsoft-Windows-Sysmon/Operational",
                       "RecordId":  31588,
                       "ProviderName":  "Microsoft-Windows-Sysmon",
                       "RuleName":  "Deteccion_Persistencia_Registro",
                       "UtcTime":  "2026-06-08 01:51:25.510",
                       "ProcessGuid":  "{f9ed62ee-201d-6a26-4c0e-000000009c00}",
                       "ProcessId":  "12616",
                       "Image":  "C:\\Program Files\\Git\\cmd\\git.exe",
                       "User":  "DESKTOP-KCP6DQD\\nueva",
                       "EventType":  "SetValue",
                       "TargetObject":  "HKLM\\System\\CurrentControlSet\\Services\\bam\\State\\UserSettings\\S-1-5-21-158180708-2764993437-2666828097-1001\\\\Device\\HarddiskVolume4\\Windows\\System32\\conhost.exe",
                       "Details":  "Binary Data"
                   },
                   {
                       "EventID":  13,
                       "TimeCreated":  "2026-06-07T21:51:25.5043787-04:00",
                       "Computer":  "DESKTOP-KCP6DQD",
                       "Channel":  "Microsoft-Windows-Sysmon/Operational",
                       "RecordId":  31587,
                       "ProviderName":  "Microsoft-Windows-Sysmon",
                       "RuleName":  "Deteccion_Persistencia_Registro",
                       "UtcTime":  "2026-06-08 01:51:25.503",
                       "ProcessGuid":  "{f9ed62ee-201c-6a26-470e-000000009c00}",
                       "ProcessId":  "13744",
                       "Image":  "c:\\Users\\nueva\\AppData\\Local\\Programs\\Antigravity IDE\\resources\\app\\extensions\\antigravity\\bin\\language_server_windows_x64.exe",
                       "User":  "DESKTOP-KCP6DQD\\nueva",
                       "EventType":  "SetValue",
                       "TargetObject":  "HKLM\\System\\CurrentControlSet\\Services\\bam\\State\\UserSettings\\S-1-5-21-158180708-2764993437-2666828097-1001\\\\Device\\HarddiskVolume4\\Windows\\System32\\conhost.exe",
                       "Details":  "Binary Data"
                   },
                   {
                       "EventID":  13,
                       "TimeCreated":  "2026-06-07T21:51:24.9479209-04:00",
                       "Computer":  "DESKTOP-KCP6DQD",
                       "Channel":  "Microsoft-Windows-Sysmon/Operational",
                       "RecordId":  31586,
                       "ProviderName":  "Microsoft-Windows-Sysmon",
                       "RuleName":  "Deteccion_Persistencia_Registro",
                       "UtcTime":  "2026-06-08 01:51:24.947",
                       "ProcessGuid":  "{f9ed62ee-201c-6a26-490e-000000009c00}",
                       "ProcessId":  "4944",
                       "Image":  "C:\\WINDOWS\\system32\\conhost.exe",
                       "User":  "DESKTOP-KCP6DQD\\nueva",
                       "EventType":  "SetValue",
                       "TargetObject":  "HKLM\\System\\CurrentControlSet\\Services\\bam\\State\\UserSettings\\S-1-5-21-158180708-2764993437-2666828097-1001\\\\Device\\HarddiskVolume4\\Windows\\System32\\conhost.exe",
                       "Details":  "Binary Data"
                   },
                   {
                       "EventID":  13,
                       "TimeCreated":  "2026-06-07T21:51:24.9439857-04:00",
                       "Computer":  "DESKTOP-KCP6DQD",
                       "Channel":  "Microsoft-Windows-Sysmon/Operational",
                       "RecordId":  31585,
                       "ProviderName":  "Microsoft-Windows-Sysmon",
                       "RuleName":  "Deteccion_Persistencia_Registro",
                       "UtcTime":  "2026-06-08 01:51:24.943",
                       "ProcessGuid":  "{f9ed62ee-201c-6a26-480e-000000009c00}",
                       "ProcessId":  "9924",
                       "Image":  "C:\\WINDOWS\\system32\\cmd.exe",
                       "User":  "DESKTOP-KCP6DQD\\nueva",
                       "EventType":  "SetValue",
                       "TargetObject":  "HKLM\\System\\CurrentControlSet\\Services\\bam\\State\\UserSettings\\S-1-5-21-158180708-2764993437-2666828097-1001\\\\Device\\HarddiskVolume4\\Windows\\System32\\cmd.exe",
                       "Details":  "Binary Data"
                   },
                   {
                       "EventID":  5,
                       "TimeCreated":  "2026-06-07T21:51:24.9437287-04:00",
                       "Computer":  "DESKTOP-KCP6DQD",
                       "Channel":  "Microsoft-Windows-Sysmon/Operational",
                       "RecordId":  31584,
                       "ProviderName":  "Microsoft-Windows-Sysmon",
                       "RuleName":  "Deteccion_Cierre_Procesos",
                       "UtcTime":  "2026-06-08 01:51:24.943",
                       "ProcessGuid":  "{f9ed62ee-201c-6a26-480e-000000009c00}",
                       "ProcessId":  "9924",
                       "Image":  "C:\\Windows\\System32\\cmd.exe",
                       "User":  "DESKTOP-KCP6DQD\\nueva"
                   },
                   {
                       "EventID":  13,
                       "TimeCreated":  "2026-06-07T21:51:24.8369922-04:00",
                       "Computer":  "DESKTOP-KCP6DQD",
                       "Channel":  "Microsoft-Windows-Sysmon/Operational",
                       "RecordId":  31583,
                       "ProviderName":  "Microsoft-Windows-Sysmon",
                       "RuleName":  "Deteccion_Persistencia_Registro",
                       "UtcTime":  "2026-06-08 01:51:24.836",
                       "ProcessGuid":  "{f9ed62ee-201c-6a26-480e-000000009c00}",
                       "ProcessId":  "9924",
                       "Image":  "C:\\WINDOWS\\system32\\cmd.exe",
                       "User":  "DESKTOP-KCP6DQD\\nueva",
                       "EventType":  "SetValue",
                       "TargetObject":  "HKLM\\System\\CurrentControlSet\\Services\\bam\\State\\UserSettings\\S-1-5-21-158180708-2764993437-2666828097-1001\\\\Device\\HarddiskVolume4\\Windows\\System32\\conhost.exe",
                       "Details":  "Binary Data"
                   },
                   {
                       "EventID":  1,
                       "TimeCreated":  "2026-06-07T21:51:24.8291124-04:00",
                       "Computer":  "DESKTOP-KCP6DQD",
                       "Channel":  "Microsoft-Windows-Sysmon/Operational",
                       "RecordId":  31582,
                       "ProviderName":  "Microsoft-Windows-Sysmon",
                       "RuleName":  "Deteccion_Procesos_Alertas",
                       "UtcTime":  "2026-06-08 01:51:24.827",
                       "ProcessGuid":  "{f9ed62ee-201c-6a26-480e-000000009c00}",
                       "ProcessId":  "9924",
                       "Image":  "C:\\Windows\\System32\\cmd.exe",
                       "CommandLine":  "C:\\WINDOWS\\system32\\cmd.exe /d /s /c \"wsl.exe -l -q\"",
                       "CurrentDirectory":  "C:\\Users\\nueva\\AppData\\Local\\Programs\\Antigravity IDE\\",
                       "User":  "DESKTOP-KCP6DQD\\nueva",
                       "LogonGuid":  "{f9ed62ee-f06b-6a25-bee7-100000000000}",
                       "LogonId":  "0x10e7be",
                       "TerminalSessionId":  "1",
                       "IntegrityLevel":  "Medium",
                       "Hashes":  "MD5=77F0062F490BCC7023763A422E561945,SHA256=14CC8AB1DCF0D9F19E8FB82DEB547CF8C462C56A0E43F7ADDC02641AB3C81651",
                       "ParentProcessGuid":  "{f9ed62ee-1f99-6a26-ea0d-000000009c00}",
                       "ParentProcessId":  "4480",
                       "ParentImage":  "C:\\Users\\nueva\\AppData\\Local\\Programs\\Antigravity IDE\\Antigravity IDE.exe",
                       "ParentCommandLine":  "\"C:\\Users\\nueva\\AppData\\Local\\Programs\\Antigravity IDE\\Antigravity IDE.exe\" \"C:\\Asignacion-Sysmon\\sysmonconfig-custom.xml\"",
                       "ParentUser":  "DESKTOP-KCP6DQD\\nueva"
                   },
                   {
                       "EventID":  13,
                       "TimeCreated":  "2026-06-07T21:51:24.8283369-04:00",
                       "Computer":  "DESKTOP-KCP6DQD",
                       "Channel":  "Microsoft-Windows-Sysmon/Operational",
                       "RecordId":  31581,
                       "ProviderName":  "Microsoft-Windows-Sysmon",
                       "RuleName":  "Deteccion_Persistencia_Registro",
                       "UtcTime":  "2026-06-08 01:51:24.825",
                       "ProcessGuid":  "{f9ed62ee-1f99-6a26-ea0d-000000009c00}",
                       "ProcessId":  "4480",
                       "Image":  "C:\\Users\\nueva\\AppData\\Local\\Programs\\Antigravity IDE\\Antigravity IDE.exe",
                       "User":  "DESKTOP-KCP6DQD\\nueva",
                       "EventType":  "SetValue",
                       "TargetObject":  "HKLM\\System\\CurrentControlSet\\Services\\bam\\State\\UserSettings\\S-1-5-21-158180708-2764993437-2666828097-1001\\\\Device\\HarddiskVolume4\\Windows\\System32\\cmd.exe",
                       "Details":  "Binary Data"
                   },
                   {
                       "EventID":  1,
                       "TimeCreated":  "2026-06-07T21:51:24.1651222-04:00",
                       "Computer":  "DESKTOP-KCP6DQD",
                       "Channel":  "Microsoft-Windows-Sysmon/Operational",
                       "RecordId":  31580,
                       "ProviderName":  "Microsoft-Windows-Sysmon",
                       "RuleName":  "Deteccion_Procesos_Alertas",
                       "UtcTime":  "2026-06-08 01:51:24.163",
                       "ProcessGuid":  "{f9ed62ee-201c-6a26-460e-000000009c00}",
                       "ProcessId":  "22168",
                       "Image":  "C:\\Windows\\System32\\WindowsPowerShell\\v1.0\\powershell.exe",
                       "CommandLine":  "C:\\WINDOWS\\System32\\WindowsPowerShell\\v1.0\\powershell.exe -noexit -command \"try { . \\\"c:\\Users\\nueva\\AppData\\Local\\Programs\\Antigravity IDE\\resources\\app\\out\\vs\\workbench\\contrib\\terminal\\common\\scripts\\shellIntegration.ps1\\\" } catch {}\"",
                       "CurrentDirectory":  "C:\\Asignacion-Sysmon\\",
                       "User":  "DESKTOP-KCP6DQD\\nueva",
                       "LogonGuid":  "{f9ed62ee-f06b-6a25-bee7-100000000000}",
                       "LogonId":  "0x10e7be",
                       "TerminalSessionId":  "1",
                       "IntegrityLevel":  "Medium",
                       "Hashes":  "MD5=A97E6573B97B44C96122BFA543A82EA1,SHA256=0FF6F2C94BC7E2833A5F7E16DE1622E5DBA70396F31C7D5F56381870317E8C46",
                       "ParentProcessGuid":  "{f9ed62ee-1fa1-6a26-080e-000000009c00}",
                       "ParentProcessId":  "21936",
                       "ParentImage":  "C:\\Users\\nueva\\AppData\\Local\\Programs\\Antigravity IDE\\Antigravity IDE.exe",
                       "ParentCommandLine":  "\"C:\\Users\\nueva\\AppData\\Local\\Programs\\Antigravity IDE\\Antigravity IDE.exe\" --type=utility --utility-sub-type=node.mojom.NodeService --lang=en-US --service-sandbox-type=none --video-capture-use-gpu-memory-buffer --user-data-dir=\"C:\\Users\\nueva\\AppData\\Roaming\\Antigravity IDE\" --standard-schemes=vscode-webview,vscode-file --enable-sandbox --secure-schemes=vscode-webview,vscode-file --cors-schemes=vscode-webview,vscode-file --fetch-schemes=vscode-webview,vscode-file --service-worker-schemes=vscode-webview --code-cache-schemes=vscode-webview,vscode-file --field-trial-handle=1812,i,14744273057202664116,5510243292695547497,262144 --enable-features=DocumentPolicyIncludeJSCallStacksInCrashReports,EarlyEstablishGpuChannel,EnableTransparentHwndEnlargement,EstablishGpuChannelAsync,PdfUseShowSaveFilePicker --disable-features=CalculateNativeWinOcclusion,LocalNetworkAccessChecks,ScreenAIOCREnabled,SpareRendererForSitePerProcess,TraceSiteInstanceGetProcessCreation --variations-seed-version --trace-process-track-uuid=3190708997556373682 --mojo-platform-channel-handle=5276 /prefetch:14",
                       "ParentUser":  "DESKTOP-KCP6DQD\\nueva"
                   },
