                   {
                       "EventID":  5,
                       "TimeCreated":  "2026-06-07T20:35:40.4960479-04:00",
                       "Computer":  "DESKTOP-KCP6DQD",
                       "Channel":  "Microsoft-Windows-Sysmon/Operational",
                       "RecordId":  30933,
                       "ProviderName":  "Microsoft-Windows-Sysmon",
                       "RuleName":  "-",
                       "UtcTime":  "2026-06-08 00:35:40.495",
                       "ProcessGuid":  "{f9ed62ee-0e5c-6a26-ed0a-000000009c00}",
                       "ProcessId":  "19584",
                       "Image":  "C:\\Program Files (x86)\\Google\\GoogleUpdater\\150.0.7863.0\\updater.exe",
                       "User":  "NT AUTHORITY\\SYSTEM"
                   },
                   {
                       "EventID":  5,
                       "TimeCreated":  "2026-06-07T20:35:38.1993450-04:00",
                       "Computer":  "DESKTOP-KCP6DQD",
                       "Channel":  "Microsoft-Windows-Sysmon/Operational",
                       "RecordId":  30932,
                       "ProviderName":  "Microsoft-Windows-Sysmon",
                       "RuleName":  "-",
                       "UtcTime":  "2026-06-08 00:35:38.199",
                       "ProcessGuid":  "{f9ed62ee-0e5a-6a26-ec0a-000000009c00}",
                       "ProcessId":  "13464",
                       "Image":  "C:\\Program Files (x86)\\Google\\GoogleUpdater\\150.0.7863.0\\updater.exe",
                       "User":  "NT AUTHORITY\\SYSTEM"
                   },
                   {
                       "EventID":  5,
                       "TimeCreated":  "2026-06-07T20:35:38.1946688-04:00",
                       "Computer":  "DESKTOP-KCP6DQD",
                       "Channel":  "Microsoft-Windows-Sysmon/Operational",
                       "RecordId":  30931,
                       "ProviderName":  "Microsoft-Windows-Sysmon",
                       "RuleName":  "-",
                       "UtcTime":  "2026-06-08 00:35:38.194",
                       "ProcessGuid":  "{f9ed62ee-0e5a-6a26-eb0a-000000009c00}",
                       "ProcessId":  "17988",
                       "Image":  "C:\\Program Files (x86)\\Google\\GoogleUpdater\\150.0.7863.0\\updater.exe",
                       "User":  "NT AUTHORITY\\SYSTEM"
                   },
                   {
                       "EventID":  5,
                       "TimeCreated":  "2026-06-07T20:35:37.2949269-04:00",
                       "Computer":  "DESKTOP-KCP6DQD",
                       "Channel":  "Microsoft-Windows-Sysmon/Operational",
                       "RecordId":  30930,
                       "ProviderName":  "Microsoft-Windows-Sysmon",
                       "RuleName":  "-",
                       "UtcTime":  "2026-06-08 00:35:37.294",
                       "ProcessGuid":  "{f9ed62ee-0e58-6a26-e90a-000000009c00}",
                       "ProcessId":  "21644",
                       "Image":  "C:\\Windows\\System32\\WindowsPowerShell\\v1.0\\powershell.exe",
                       "User":  "DESKTOP-KCP6DQD\\nueva"
                   },
                   {
                       "EventID":  5,
                       "TimeCreated":  "2026-06-07T20:35:36.0073230-04:00",
                       "Computer":  "DESKTOP-KCP6DQD",
                       "Channel":  "Microsoft-Windows-Sysmon/Operational",
                       "RecordId":  30929,
                       "ProviderName":  "Microsoft-Windows-Sysmon",
                       "RuleName":  "-",
                       "UtcTime":  "2026-06-08 00:35:36.007",
                       "ProcessGuid":  "{f9ed62ee-0e57-6a26-e80a-000000009c00}",
                       "ProcessId":  "11780",
                       "Image":  "C:\\Program Files (x86)\\Google\\GoogleUpdater\\150.0.7863.0\\updater.exe",
                       "User":  "NT AUTHORITY\\SYSTEM"
                   },
                   {
                       "EventID":  5,
                       "TimeCreated":  "2026-06-07T20:35:36.0026695-04:00",
                       "Computer":  "DESKTOP-KCP6DQD",
                       "Channel":  "Microsoft-Windows-Sysmon/Operational",
                       "RecordId":  30928,
                       "ProviderName":  "Microsoft-Windows-Sysmon",
                       "RuleName":  "-",
                       "UtcTime":  "2026-06-08 00:35:36.002",
                       "ProcessGuid":  "{f9ed62ee-0e57-6a26-e70a-000000009c00}",
                       "ProcessId":  "22456",
                       "Image":  "C:\\Program Files (x86)\\Google\\GoogleUpdater\\150.0.7863.0\\updater.exe",
                       "User":  "NT AUTHORITY\\SYSTEM"
                   }
               ]
}
