                   {
                       "EventID":  5,
                       "TimeCreated":  "2026-06-07T20:53:06.1011878-04:00",
                       "Computer":  "DESKTOP-KCP6DQD",
                       "Channel":  "Microsoft-Windows-Sysmon/Operational",
                       "RecordId":  31120,
                       "ProviderName":  "Microsoft-Windows-Sysmon",
                       "RuleName":  "-",
                       "UtcTime":  "2026-06-08 00:53:06.100",
                       "ProcessGuid":  "{f9ed62ee-126d-6a26-fc0b-000000009c00}",
                       "ProcessId":  "21940",
                       "Image":  "C:\\Windows\\System32\\ctfmon.exe",
                       "User":  "NT AUTHORITY\\SYSTEM"
                   },
                   {
                       "EventID":  5,
                       "TimeCreated":  "2026-06-07T20:53:04.9008443-04:00",
                       "Computer":  "DESKTOP-KCP6DQD",
                       "Channel":  "Microsoft-Windows-Sysmon/Operational",
                       "RecordId":  31119,
                       "ProviderName":  "Microsoft-Windows-Sysmon",
                       "RuleName":  "-",
                       "UtcTime":  "2026-06-08 00:53:04.900",
                       "ProcessGuid":  "{f9ed62ee-1270-6a26-fe0b-000000009c00}",
                       "ProcessId":  "8380",
                       "Image":  "C:\\Program Files (x86)\\BraveSoftware\\Update\\BraveUpdate.exe",
                       "User":  "NT AUTHORITY\\SYSTEM"
                   },
                   {
                       "EventID":  5,
                       "TimeCreated":  "2026-06-07T20:53:03.1205622-04:00",
                       "Computer":  "DESKTOP-KCP6DQD",
                       "Channel":  "Microsoft-Windows-Sysmon/Operational",
                       "RecordId":  31118,
                       "ProviderName":  "Microsoft-Windows-Sysmon",
                       "RuleName":  "-",
                       "UtcTime":  "2026-06-08 00:53:03.120",
                       "ProcessGuid":  "{f9ed62ee-126d-6a26-fb0b-000000009c00}",
                       "ProcessId":  "20008",
                       "Image":  "C:\\Windows\\System32\\consent.exe",
                       "User":  "NT AUTHORITY\\SYSTEM"
                   },
                   {
                       "EventID":  5,
                       "TimeCreated":  "2026-06-07T20:52:51.9914694-04:00",
                       "Computer":  "DESKTOP-KCP6DQD",
                       "Channel":  "Microsoft-Windows-Sysmon/Operational",
                       "RecordId":  31117,
                       "ProviderName":  "Microsoft-Windows-Sysmon",
                       "RuleName":  "-",
                       "UtcTime":  "2026-06-08 00:52:51.991",
                       "ProcessGuid":  "{f9ed62ee-1244-6a26-f90b-000000009c00}",
                       "ProcessId":  "19536",
                       "Image":  "C:\\Program Files (x86)\\Intel\\Intel(R) Extreme Tuning Utility\\XtuService.exe",
                       "User":  "NT AUTHORITY\\SYSTEM"
                   },
                   {
                       "EventID":  5,
                       "TimeCreated":  "2026-06-07T20:52:29.8586762-04:00",
                       "Computer":  "DESKTOP-KCP6DQD",
                       "Channel":  "Microsoft-Windows-Sysmon/Operational",
                       "RecordId":  31116,
                       "ProviderName":  "Microsoft-Windows-Sysmon",
                       "RuleName":  "-",
                       "UtcTime":  "2026-06-08 00:52:29.857",
                       "ProcessGuid":  "{f9ed62ee-122e-6a26-f30b-000000009c00}",
                       "ProcessId":  "21448",
                       "Image":  "C:\\Program Files (x86)\\Intel\\Intel(R) Extreme Tuning Utility\\XtuService.exe",
                       "User":  "NT AUTHORITY\\SYSTEM"
                   },
                   {
                       "EventID":  5,
                       "TimeCreated":  "2026-06-07T20:52:07.4344563-04:00",
                       "Computer":  "DESKTOP-KCP6DQD",
                       "Channel":  "Microsoft-Windows-Sysmon/Operational",
                       "RecordId":  31115,
                       "ProviderName":  "Microsoft-Windows-Sysmon",
                       "RuleName":  "-",
                       "UtcTime":  "2026-06-08 00:52:07.434",
                       "ProcessGuid":  "{f9ed62ee-1218-6a26-f10b-000000009c00}",
                       "ProcessId":  "19380",
                       "Image":  "C:\\Program Files (x86)\\Intel\\Intel(R) Extreme Tuning Utility\\XtuService.exe",
                       "User":  "NT AUTHORITY\\SYSTEM"
                   },
                   {
                       "EventID":  5,
                       "TimeCreated":  "2026-06-07T20:51:57.1952646-04:00",
                       "Computer":  "DESKTOP-KCP6DQD",
                       "Channel":  "Microsoft-Windows-Sysmon/Operational",
                       "RecordId":  31114,
                       "ProviderName":  "Microsoft-Windows-Sysmon",
                       "RuleName":  "-",
                       "UtcTime":  "2026-06-08 00:51:57.194",
                       "ProcessGuid":  "{f9ed62ee-1176-6a26-d40b-000000009c00}",
                       "ProcessId":  "22248",
                       "Image":  "C:\\Windows\\System32\\WindowsPowerShell\\v1.0\\powershell_ise.exe",
                       "User":  "DESKTOP-KCP6DQD\\nueva"
                   },
                   {
                       "EventID":  5,
                       "TimeCreated":  "2026-06-07T20:51:57.0625162-04:00",
                       "Computer":  "DESKTOP-KCP6DQD",
                       "Channel":  "Microsoft-Windows-Sysmon/Operational",
                       "RecordId":  31113,
                       "ProviderName":  "Microsoft-Windows-Sysmon",
                       "RuleName":  "-",
                       "UtcTime":  "2026-06-08 00:51:57.062",
                       "ProcessGuid":  "{f9ed62ee-121e-6a26-f20b-000000009c00}",
                       "ProcessId":  "5016",
                       "Image":  "C:\\Windows\\System32\\WindowsPowerShell\\v1.0\\powershell.exe",
                       "User":  "DESKTOP-KCP6DQD\\nueva"
                   },
                   {
                       "EventID":  5,
                       "TimeCreated":  "2026-06-07T20:51:45.0250610-04:00",
                       "Computer":  "DESKTOP-KCP6DQD",
                       "Channel":  "Microsoft-Windows-Sysmon/Operational",
                       "RecordId":  31112,
                       "ProviderName":  "Microsoft-Windows-Sysmon",
                       "RuleName":  "-",
                       "UtcTime":  "2026-06-08 00:51:45.023",
                       "ProcessGuid":  "{f9ed62ee-1201-6a26-ee0b-000000009c00}",
                       "ProcessId":  "2564",
                       "Image":  "C:\\Program Files (x86)\\Intel\\Intel(R) Extreme Tuning Utility\\XtuService.exe",
                       "User":  "NT AUTHORITY\\SYSTEM"
                   },
                   {
                       "EventID":  5,
                       "TimeCreated":  "2026-06-07T20:51:22.6907742-04:00",
                       "Computer":  "DESKTOP-KCP6DQD",
                       "Channel":  "Microsoft-Windows-Sysmon/Operational",
                       "RecordId":  31111,
                       "ProviderName":  "Microsoft-Windows-Sysmon",
                       "RuleName":  "-",
                       "UtcTime":  "2026-06-08 00:51:22.689",
                       "ProcessGuid":  "{f9ed62ee-11eb-6a26-ed0b-000000009c00}",
                       "ProcessId":  "20408",
                       "Image":  "C:\\Program Files (x86)\\Intel\\Intel(R) Extreme Tuning Utility\\XtuService.exe",
                       "User":  "NT AUTHORITY\\SYSTEM"
                   },
                   {
                       "EventID":  5,
                       "TimeCreated":  "2026-06-07T20:51:00.4566896-04:00",
                       "Computer":  "DESKTOP-KCP6DQD",
                       "Channel":  "Microsoft-Windows-Sysmon/Operational",
                       "RecordId":  31110,
                       "ProviderName":  "Microsoft-Windows-Sysmon",
                       "RuleName":  "-",
                       "UtcTime":  "2026-06-08 00:51:00.456",
                       "ProcessGuid":  "{f9ed62ee-11d5-6a26-e40b-000000009c00}",
                       "ProcessId":  "7732",
                       "Image":  "C:\\Program Files (x86)\\Intel\\Intel(R) Extreme Tuning Utility\\XtuService.exe",
                       "User":  "NT AUTHORITY\\SYSTEM"
                   },
                   {
                       "EventID":  5,
                       "TimeCreated":  "2026-06-07T20:50:49.2265496-04:00",
                       "Computer":  "DESKTOP-KCP6DQD",
                       "Channel":  "Microsoft-Windows-Sysmon/Operational",
                       "RecordId":  31109,
                       "ProviderName":  "Microsoft-Windows-Sysmon",
                       "RuleName":  "-",
                       "UtcTime":  "2026-06-08 00:50:49.225",
                       "ProcessGuid":  "{f9ed62ee-11e1-6a26-e70b-000000009c00}",
                       "ProcessId":  "14152",
                       "Image":  "C:\\Program Files\\WindowsApps\\Microsoft.ScreenSketch_11.2602.49.0_x64__8wekyb3d8bbwe\\SnippingTool\\SnippingTool.exe",
                       "User":  "DESKTOP-KCP6DQD\\nueva"
                   },
                   {
                       "EventID":  5,
                       "TimeCreated":  "2026-06-07T20:50:38.1806717-04:00",
                       "Computer":  "DESKTOP-KCP6DQD",
                       "Channel":  "Microsoft-Windows-Sysmon/Operational",
                       "RecordId":  31108,
                       "ProviderName":  "Microsoft-Windows-Sysmon",
                       "RuleName":  "-",
                       "UtcTime":  "2026-06-08 00:50:38.180",
                       "ProcessGuid":  "{f9ed62ee-11bf-6a26-e10b-000000009c00}",
                       "ProcessId":  "7024",
                       "Image":  "C:\\Program Files (x86)\\Intel\\Intel(R) Extreme Tuning Utility\\XtuService.exe",
                       "User":  "NT AUTHORITY\\SYSTEM"
                   },
                   {
                       "EventID":  5,
                       "TimeCreated":  "2026-06-07T20:50:32.9936909-04:00",
                       "Computer":  "DESKTOP-KCP6DQD",
                       "Channel":  "Microsoft-Windows-Sysmon/Operational",
                       "RecordId":  31107,
                       "ProviderName":  "Microsoft-Windows-Sysmon",
                       "RuleName":  "-",
                       "UtcTime":  "2026-06-08 00:50:32.993",
                       "ProcessGuid":  "{f9ed62ee-11d8-6a26-e60b-000000009c00}",
                       "ProcessId":  "2612",
                       "Image":  "C:\\Windows\\System32\\WindowsPowerShell\\v1.0\\powershell.exe",
                       "User":  "DESKTOP-KCP6DQD\\nueva"
                   },
                   {
                       "EventID":  5,
                       "TimeCreated":  "2026-06-07T20:50:15.8867530-04:00",
                       "Computer":  "DESKTOP-KCP6DQD",
                       "Channel":  "Microsoft-Windows-Sysmon/Operational",
                       "RecordId":  31106,
                       "ProviderName":  "Microsoft-Windows-Sysmon",
                       "RuleName":  "-",
                       "UtcTime":  "2026-06-08 00:50:15.885",
                       "ProcessGuid":  "{f9ed62ee-11a8-6a26-dc0b-000000009c00}",
                       "ProcessId":  "10852",
                       "Image":  "C:\\Program Files (x86)\\Intel\\Intel(R) Extreme Tuning Utility\\XtuService.exe",
                       "User":  "NT AUTHORITY\\SYSTEM"
                   },
                   {
                       "EventID":  5,
                       "TimeCreated":  "2026-06-07T20:49:53.7181303-04:00",
                       "Computer":  "DESKTOP-KCP6DQD",
                       "Channel":  "Microsoft-Windows-Sysmon/Operational",
                       "RecordId":  31105,
                       "ProviderName":  "Microsoft-Windows-Sysmon",
                       "RuleName":  "-",
                       "UtcTime":  "2026-06-08 00:49:53.717",
                       "ProcessGuid":  "{f9ed62ee-1192-6a26-d70b-000000009c00}",
                       "ProcessId":  "15428",
                       "Image":  "C:\\Program Files (x86)\\Intel\\Intel(R) Extreme Tuning Utility\\XtuService.exe",
                       "User":  "NT AUTHORITY\\SYSTEM"
                   },
                   {
                       "EventID":  5,
                       "TimeCreated":  "2026-06-07T20:49:47.4288293-04:00",
                       "Computer":  "DESKTOP-KCP6DQD",
                       "Channel":  "Microsoft-Windows-Sysmon/Operational",
                       "RecordId":  31104,
                       "ProviderName":  "Microsoft-Windows-Sysmon",
                       "RuleName":  "-",
                       "UtcTime":  "2026-06-08 00:49:47.428",
                       "ProcessGuid":  "{f9ed62ee-10f7-6a26-b30b-000000009c00}",
                       "ProcessId":  "19424",
                       "Image":  "C:\\Windows\\System32\\SearchProtocolHost.exe",
                       "User":  "NT AUTHORITY\\SYSTEM"
                   },
                   {
                       "EventID":  5,
                       "TimeCreated":  "2026-06-07T20:49:37.3524507-04:00",
                       "Computer":  "DESKTOP-KCP6DQD",
                       "Channel":  "Microsoft-Windows-Sysmon/Operational",
                       "RecordId":  31103,
                       "ProviderName":  "Microsoft-Windows-Sysmon",
                       "RuleName":  "-",
                       "UtcTime":  "2026-06-08 00:49:37.351",
                       "ProcessGuid":  "{f9ed62ee-11a0-6a26-db0b-000000009c00}",
                       "ProcessId":  "4244",
                       "Image":  "C:\\Program Files\\WindowsApps\\Microsoft.WindowsTerminal_1.24.11321.0_x64__8wekyb3d8bbwe\\WindowsTerminal.exe",
                       "User":  "DESKTOP-KCP6DQD\\nueva"
                   },
                   {
                       "EventID":  5,
                       "TimeCreated":  "2026-06-07T20:49:37.2864167-04:00",
                       "Computer":  "DESKTOP-KCP6DQD",
                       "Channel":  "Microsoft-Windows-Sysmon/Operational",
                       "RecordId":  31102,
                       "ProviderName":  "Microsoft-Windows-Sysmon",
                       "RuleName":  "-",
                       "UtcTime":  "2026-06-08 00:49:37.285",
                       "ProcessGuid":  "{f9ed62ee-11a0-6a26-da0b-000000009c00}",
                       "ProcessId":  "4716",
                       "Image":  "C:\\Program Files\\WindowsApps\\Microsoft.WindowsTerminal_1.24.11321.0_x64__8wekyb3d8bbwe\\OpenConsole.exe",
                       "User":  "DESKTOP-KCP6DQD\\nueva"
                   },
                   {
                       "EventID":  5,
                       "TimeCreated":  "2026-06-07T20:49:37.2824318-04:00",
                       "Computer":  "DESKTOP-KCP6DQD",
                       "Channel":  "Microsoft-Windows-Sysmon/Operational",
                       "RecordId":  31101,
                       "ProviderName":  "Microsoft-Windows-Sysmon",
                       "RuleName":  "-",
                       "UtcTime":  "2026-06-08 00:49:37.282",
                       "ProcessGuid":  "{f9ed62ee-11a0-6a26-d80b-000000009c00}",
                       "ProcessId":  "22180",
                       "Image":  "C:\\Windows\\System32\\WindowsPowerShell\\v1.0\\powershell.exe",
                       "User":  "DESKTOP-KCP6DQD\\nueva"
                   },
                   {
                       "EventID":  5,
                       "TimeCreated":  "2026-06-07T20:49:31.4427721-04:00",
                       "Computer":  "DESKTOP-KCP6DQD",
                       "Channel":  "Microsoft-Windows-Sysmon/Operational",
                       "RecordId":  31100,
                       "ProviderName":  "Microsoft-Windows-Sysmon",
                       "RuleName":  "-",
                       "UtcTime":  "2026-06-08 00:49:31.442",
                       "ProcessGuid":  "{f9ed62ee-117c-6a26-d50b-000000009c00}",
                       "ProcessId":  "14520",
                       "Image":  "C:\\Program Files (x86)\\Intel\\Intel(R) Extreme Tuning Utility\\XtuService.exe",
                       "User":  "NT AUTHORITY\\SYSTEM"
                   },
                   {
                       "EventID":  5,
                       "TimeCreated":  "2026-06-07T20:49:09.1793415-04:00",
                       "Computer":  "DESKTOP-KCP6DQD",
                       "Channel":  "Microsoft-Windows-Sysmon/Operational",
                       "RecordId":  31099,
                       "ProviderName":  "Microsoft-Windows-Sysmon",
                       "RuleName":  "-",
                       "UtcTime":  "2026-06-08 00:49:09.178",
                       "ProcessGuid":  "{f9ed62ee-1166-6a26-d20b-000000009c00}",
                       "ProcessId":  "4488",
                       "Image":  "C:\\Program Files (x86)\\Intel\\Intel(R) Extreme Tuning Utility\\XtuService.exe",
                       "User":  "NT AUTHORITY\\SYSTEM"
                   },
                   {
                       "EventID":  5,
                       "TimeCreated":  "2026-06-07T20:48:46.9514393-04:00",
                       "Computer":  "DESKTOP-KCP6DQD",
                       "Channel":  "Microsoft-Windows-Sysmon/Operational",
                       "RecordId":  31098,
                       "ProviderName":  "Microsoft-Windows-Sysmon",
                       "RuleName":  "-",
                       "UtcTime":  "2026-06-08 00:48:46.950",
                       "ProcessGuid":  "{f9ed62ee-114f-6a26-cb0b-000000009c00}",
                       "ProcessId":  "18188",
                       "Image":  "C:\\Program Files (x86)\\Intel\\Intel(R) Extreme Tuning Utility\\XtuService.exe",
                       "User":  "NT AUTHORITY\\SYSTEM"
                   },
                   {
                       "EventID":  5,
                       "TimeCreated":  "2026-06-07T20:48:38.6240686-04:00",
                       "Computer":  "DESKTOP-KCP6DQD",
                       "Channel":  "Microsoft-Windows-Sysmon/Operational",
                       "RecordId":  31097,
                       "ProviderName":  "Microsoft-Windows-Sysmon",
                       "RuleName":  "-",
                       "UtcTime":  "2026-06-08 00:48:38.623",
                       "ProcessGuid":  "{f9ed62ee-1162-6a26-ce0b-000000009c00}",
                       "ProcessId":  "20008",
                       "Image":  "C:\\Program Files\\WindowsApps\\Microsoft.WindowsTerminal_1.24.11321.0_x64__8wekyb3d8bbwe\\OpenConsole.exe",
                       "User":  "DESKTOP-KCP6DQD\\nueva"
                   },
                   {
                       "EventID":  5,
                       "TimeCreated":  "2026-06-07T20:48:38.6145386-04:00",
                       "Computer":  "DESKTOP-KCP6DQD",
                       "Channel":  "Microsoft-Windows-Sysmon/Operational",
                       "RecordId":  31096,
                       "ProviderName":  "Microsoft-Windows-Sysmon",
                       "RuleName":  "-",
                       "UtcTime":  "2026-06-08 00:48:38.613",
                       "ProcessGuid":  "{f9ed62ee-1162-6a26-cc0b-000000009c00}",
                       "ProcessId":  "6872",
                       "Image":  "C:\\Windows\\System32\\WindowsPowerShell\\v1.0\\powershell.exe",
                       "User":  "DESKTOP-KCP6DQD\\nueva"
                   },
                   {
                       "EventID":  5,
                       "TimeCreated":  "2026-06-07T20:48:38.6009280-04:00",
                       "Computer":  "DESKTOP-KCP6DQD",
                       "Channel":  "Microsoft-Windows-Sysmon/Operational",
                       "RecordId":  31095,
                       "ProviderName":  "Microsoft-Windows-Sysmon",
                       "RuleName":  "-",
                       "UtcTime":  "2026-06-08 00:48:38.600",
                       "ProcessGuid":  "{f9ed62ee-1163-6a26-cf0b-000000009c00}",
                       "ProcessId":  "14368",
                       "Image":  "C:\\Program Files\\WindowsApps\\Microsoft.WindowsTerminal_1.24.11321.0_x64__8wekyb3d8bbwe\\WindowsTerminal.exe",
                       "User":  "DESKTOP-KCP6DQD\\nueva"
                   },
                   {
                       "EventID":  5,
                       "TimeCreated":  "2026-06-07T20:48:30.9899219-04:00",
                       "Computer":  "DESKTOP-KCP6DQD",
                       "Channel":  "Microsoft-Windows-Sysmon/Operational",
                       "RecordId":  31094,
                       "ProviderName":  "Microsoft-Windows-Sysmon",
                       "RuleName":  "-",
                       "UtcTime":  "2026-06-08 00:48:30.989",
                       "ProcessGuid":  "{f9ed62ee-feca-6a25-7707-000000009c00}",
                       "ProcessId":  "21880",
                       "Image":  "C:\\Windows\\System32\\cmd.exe",
                       "User":  "DESKTOP-KCP6DQD\\nueva"
                   },
                   {
                       "EventID":  5,
                       "TimeCreated":  "2026-06-07T20:48:24.7537260-04:00",
                       "Computer":  "DESKTOP-KCP6DQD",
                       "Channel":  "Microsoft-Windows-Sysmon/Operational",
                       "RecordId":  31093,
                       "ProviderName":  "Microsoft-Windows-Sysmon",
                       "RuleName":  "-",
                       "UtcTime":  "2026-06-08 00:48:24.753",
                       "ProcessGuid":  "{f9ed62ee-1139-6a26-c50b-000000009c00}",
                       "ProcessId":  "21852",
                       "Image":  "C:\\Program Files (x86)\\Intel\\Intel(R) Extreme Tuning Utility\\XtuService.exe",
                       "User":  "NT AUTHORITY\\SYSTEM"
                   },
                   {
                       "EventID":  5,
                       "TimeCreated":  "2026-06-07T20:48:03.6182241-04:00",
                       "Computer":  "DESKTOP-KCP6DQD",
                       "Channel":  "Microsoft-Windows-Sysmon/Operational",
                       "RecordId":  31092,
                       "ProviderName":  "Microsoft-Windows-Sysmon",
                       "RuleName":  "-",
                       "UtcTime":  "2026-06-08 00:48:03.617",
                       "ProcessGuid":  "{f9ed62ee-1129-6a26-ba0b-000000009c00}",
                       "ProcessId":  "16244",
                       "Image":  "C:\\Program Files\\WindowsApps\\Microsoft.WindowsCalculator_11.2508.4.0_x64__8wekyb3d8bbwe\\CalculatorApp.exe",
                       "User":  "DESKTOP-KCP6DQD\\nueva"
                   },
                   {
                       "EventID":  5,
                       "TimeCreated":  "2026-06-07T20:48:02.8657897-04:00",
                       "Computer":  "DESKTOP-KCP6DQD",
                       "Channel":  "Microsoft-Windows-Sysmon/Operational",
                       "RecordId":  31091,
                       "ProviderName":  "Microsoft-Windows-Sysmon",
                       "RuleName":  "-",
                       "UtcTime":  "2026-06-08 00:48:02.865",
                       "ProcessGuid":  "{f9ed62ee-1140-6a26-ca0b-000000009c00}",
                       "ProcessId":  "4292",
                       "Image":  "C:\\Program Files\\WindowsApps\\Microsoft.WindowsCalculator_11.2508.4.0_x64__8wekyb3d8bbwe\\CalculatorApp.exe",
                       "User":  "DESKTOP-KCP6DQD\\nueva"
                   },
                   {
                       "EventID":  5,
                       "TimeCreated":  "2026-06-07T20:48:02.5019308-04:00",
                       "Computer":  "DESKTOP-KCP6DQD",
                       "Channel":  "Microsoft-Windows-Sysmon/Operational",
                       "RecordId":  31090,
                       "ProviderName":  "Microsoft-Windows-Sysmon",
                       "RuleName":  "-",
                       "UtcTime":  "2026-06-08 00:48:02.501",
                       "ProcessGuid":  "{f9ed62ee-1123-6a26-b70b-000000009c00}",
                       "ProcessId":  "16768",
                       "Image":  "C:\\Program Files (x86)\\Intel\\Intel(R) Extreme Tuning Utility\\XtuService.exe",
                       "User":  "NT AUTHORITY\\SYSTEM"
                   },
                   {
                       "EventID":  5,
                       "TimeCreated":  "2026-06-07T20:48:01.0754506-04:00",
                       "Computer":  "DESKTOP-KCP6DQD",
                       "Channel":  "Microsoft-Windows-Sysmon/Operational",
                       "RecordId":  31089,
                       "ProviderName":  "Microsoft-Windows-Sysmon",
                       "RuleName":  "-",
                       "UtcTime":  "2026-06-08 00:48:01.074",
                       "ProcessGuid":  "{f9ed62ee-1140-6a26-c90b-000000009c00}",
                       "ProcessId":  "20936",
                       "Image":  "C:\\Windows\\System32\\calc.exe",
                       "User":  "DESKTOP-KCP6DQD\\nueva"
                   },
                   {
                       "EventID":  5,
                       "TimeCreated":  "2026-06-07T20:48:00.6660826-04:00",
                       "Computer":  "DESKTOP-KCP6DQD",
                       "Channel":  "Microsoft-Windows-Sysmon/Operational",
                       "RecordId":  31088,
                       "ProviderName":  "Microsoft-Windows-Sysmon",
                       "RuleName":  "-",
                       "UtcTime":  "2026-06-08 00:48:00.665",
                       "ProcessGuid":  "{f9ed62ee-1140-6a26-c80b-000000009c00}",
                       "ProcessId":  "5016",
                       "Image":  "C:\\Windows\\System32\\WindowsPowerShell\\v1.0\\powershell.exe",
                       "User":  "DESKTOP-KCP6DQD\\nueva"
                   },
                   {
                       "EventID":  5,
                       "TimeCreated":  "2026-06-07T20:47:57.2648096-04:00",
                       "Computer":  "DESKTOP-KCP6DQD",
                       "Channel":  "Microsoft-Windows-Sysmon/Operational",
                       "RecordId":  31087,
                       "ProviderName":  "Microsoft-Windows-Sysmon",
                       "RuleName":  "-",
                       "UtcTime":  "2026-06-08 00:47:57.263",
                       "ProcessGuid":  "{f9ed62ee-1139-6a26-c40b-000000009c00}",
                       "ProcessId":  "14008",
                       "Image":  "C:\\Windows\\System32\\ctfmon.exe",
                       "User":  "NT AUTHORITY\\SYSTEM"
                   },
                   {
                       "EventID":  5,
                       "TimeCreated":  "2026-06-07T20:47:54.3074199-04:00",
                       "Computer":  "DESKTOP-KCP6DQD",
                       "Channel":  "Microsoft-Windows-Sysmon/Operational",
                       "RecordId":  31086,
                       "ProviderName":  "Microsoft-Windows-Sysmon",
                       "RuleName":  "-",
                       "UtcTime":  "2026-06-08 00:47:54.306",
                       "ProcessGuid":  "{f9ed62ee-1138-6a26-c30b-000000009c00}",
                       "ProcessId":  "21732",
                       "Image":  "C:\\Windows\\System32\\consent.exe",
                       "User":  "NT AUTHORITY\\SYSTEM"
                   },
                   {
                       "EventID":  5,
                       "TimeCreated":  "2026-06-07T20:47:52.0425205-04:00",
                       "Computer":  "DESKTOP-KCP6DQD",
                       "Channel":  "Microsoft-Windows-Sysmon/Operational",
                       "RecordId":  31085,
                       "ProviderName":  "Microsoft-Windows-Sysmon",
                       "RuleName":  "-",
                       "UtcTime":  "2026-06-08 00:47:52.042",
                       "ProcessGuid":  "{f9ed62ee-1138-6a26-c10b-000000009c00}",
                       "ProcessId":  "21576",
                       "Image":  "C:\\Windows\\System32\\rundll32.exe",
                       "User":  "DESKTOP-KCP6DQD\\nueva"
                   },
                   {
                       "EventID":  5,
                       "TimeCreated":  "2026-06-07T20:47:40.1936157-04:00",
                       "Computer":  "DESKTOP-KCP6DQD",
                       "Channel":  "Microsoft-Windows-Sysmon/Operational",
                       "RecordId":  31084,
                       "ProviderName":  "Microsoft-Windows-Sysmon",
                       "RuleName":  "-",
                       "UtcTime":  "2026-06-08 00:47:40.192",
                       "ProcessGuid":  "{f9ed62ee-110d-6a26-b40b-000000009c00}",
                       "ProcessId":  "10356",
                       "Image":  "C:\\Program Files (x86)\\Intel\\Intel(R) Extreme Tuning Utility\\XtuService.exe",
                       "User":  "NT AUTHORITY\\SYSTEM"
                   },
                   {
                       "EventID":  5,
                       "TimeCreated":  "2026-06-07T20:47:38.3194671-04:00",
                       "Computer":  "DESKTOP-KCP6DQD",
                       "Channel":  "Microsoft-Windows-Sysmon/Operational",
                       "RecordId":  31083,
                       "ProviderName":  "Microsoft-Windows-Sysmon",
                       "RuleName":  "-",
                       "UtcTime":  "2026-06-08 00:47:38.318",
                       "ProcessGuid":  "{f9ed62ee-1129-6a26-b90b-000000009c00}",
                       "ProcessId":  "424",
                       "Image":  "C:\\Windows\\System32\\calc.exe",
                       "User":  "DESKTOP-KCP6DQD\\nueva"
                   },
                   {
                       "EventID":  5,
                       "TimeCreated":  "2026-06-07T20:47:37.6555064-04:00",
                       "Computer":  "DESKTOP-KCP6DQD",
                       "Channel":  "Microsoft-Windows-Sysmon/Operational",
                       "RecordId":  31082,
                       "ProviderName":  "Microsoft-Windows-Sysmon",
                       "RuleName":  "-",
                       "UtcTime":  "2026-06-08 00:47:37.655",
                       "ProcessGuid":  "{f9ed62ee-1128-6a26-b80b-000000009c00}",
                       "ProcessId":  "21804",
                       "Image":  "C:\\Windows\\System32\\WindowsPowerShell\\v1.0\\powershell.exe",
                       "User":  "DESKTOP-KCP6DQD\\nueva"
                   },
                   {
                       "EventID":  5,
                       "TimeCreated":  "2026-06-07T20:47:17.9240926-04:00",
                       "Computer":  "DESKTOP-KCP6DQD",
                       "Channel":  "Microsoft-Windows-Sysmon/Operational",
                       "RecordId":  31081,
                       "ProviderName":  "Microsoft-Windows-Sysmon",
                       "RuleName":  "-",
                       "UtcTime":  "2026-06-08 00:47:17.924",
                       "ProcessGuid":  "{f9ed62ee-10f6-6a26-b10b-000000009c00}",
                       "ProcessId":  "11584",
                       "Image":  "C:\\Program Files (x86)\\Intel\\Intel(R) Extreme Tuning Utility\\XtuService.exe",
                       "User":  "NT AUTHORITY\\SYSTEM"
                   },
                   {
                       "EventID":  5,
                       "TimeCreated":  "2026-06-07T20:46:55.6970020-04:00",
                       "Computer":  "DESKTOP-KCP6DQD",
                       "Channel":  "Microsoft-Windows-Sysmon/Operational",
                       "RecordId":  31080,
                       "ProviderName":  "Microsoft-Windows-Sysmon",
                       "RuleName":  "-",
                       "UtcTime":  "2026-06-08 00:46:55.696",
                       "ProcessGuid":  "{f9ed62ee-10e0-6a26-ae0b-000000009c00}",
                       "ProcessId":  "1680",
                       "Image":  "C:\\Program Files (x86)\\Intel\\Intel(R) Extreme Tuning Utility\\XtuService.exe",
                       "User":  "NT AUTHORITY\\SYSTEM"
                   },
                   {
                       "EventID":  5,
                       "TimeCreated":  "2026-06-07T20:46:33.4725242-04:00",
                       "Computer":  "DESKTOP-KCP6DQD",
                       "Channel":  "Microsoft-Windows-Sysmon/Operational",
                       "RecordId":  31079,
                       "ProviderName":  "Microsoft-Windows-Sysmon",
                       "RuleName":  "-",
                       "UtcTime":  "2026-06-08 00:46:33.472",
                       "ProcessGuid":  "{f9ed62ee-10ca-6a26-ad0b-000000009c00}",
                       "ProcessId":  "21576",
                       "Image":  "C:\\Program Files (x86)\\Intel\\Intel(R) Extreme Tuning Utility\\XtuService.exe",
                       "User":  "NT AUTHORITY\\SYSTEM"
                   },
                   {
                       "EventID":  5,
                       "TimeCreated":  "2026-06-07T20:46:11.0488351-04:00",
                       "Computer":  "DESKTOP-KCP6DQD",
                       "Channel":  "Microsoft-Windows-Sysmon/Operational",
                       "RecordId":  31078,
                       "ProviderName":  "Microsoft-Windows-Sysmon",
                       "RuleName":  "-",
                       "UtcTime":  "2026-06-08 00:46:11.048",
                       "ProcessGuid":  "{f9ed62ee-10b3-6a26-a90b-000000009c00}",
                       "ProcessId":  "420",
                       "Image":  "C:\\Program Files (x86)\\Intel\\Intel(R) Extreme Tuning Utility\\XtuService.exe",
                       "User":  "NT AUTHORITY\\SYSTEM"
                   },
                   {
                       "EventID":  5,
                       "TimeCreated":  "2026-06-07T20:46:01.7009687-04:00",
                       "Computer":  "DESKTOP-KCP6DQD",
                       "Channel":  "Microsoft-Windows-Sysmon/Operational",
                       "RecordId":  31077,
                       "ProviderName":  "Microsoft-Windows-Sysmon",
                       "RuleName":  "-",
                       "UtcTime":  "2026-06-08 00:46:01.700",
                       "ProcessGuid":  "{f9ed62ee-10c9-6a26-ac0b-000000009c00}",
                       "ProcessId":  "21328",
                       "Image":  "C:\\Windows\\SystemApps\\MicrosoftWindows.Client.CBS_cw5n1h2txyewy\\SoftLandingTask\\SoftLandingTask.exe",
                       "User":  "DESKTOP-KCP6DQD\\nueva"
                   },
                   {
                       "EventID":  5,
                       "TimeCreated":  "2026-06-07T20:45:57.6360464-04:00",
                       "Computer":  "DESKTOP-KCP6DQD",
                       "Channel":  "Microsoft-Windows-Sysmon/Operational",
                       "RecordId":  31076,
                       "ProviderName":  "Microsoft-Windows-Sysmon",
                       "RuleName":  "-",
                       "UtcTime":  "2026-06-08 00:45:57.635",
                       "ProcessGuid":  "{f9ed62ee-1011-6a26-8a0b-000000009c00}",
                       "ProcessId":  "18384",
                       "Image":  "C:\\Windows\\System32\\SearchProtocolHost.exe",
                       "User":  "NT AUTHORITY\\SYSTEM"
                   },
                   {
                       "EventID":  5,
                       "TimeCreated":  "2026-06-07T20:45:48.7872279-04:00",
                       "Computer":  "DESKTOP-KCP6DQD",
                       "Channel":  "Microsoft-Windows-Sysmon/Operational",
                       "RecordId":  31075,
                       "ProviderName":  "Microsoft-Windows-Sysmon",
                       "RuleName":  "-",
                       "UtcTime":  "2026-06-08 00:45:48.787",
                       "ProcessGuid":  "{f9ed62ee-109d-6a26-a30b-000000009c00}",
                       "ProcessId":  "3860",
                       "Image":  "C:\\Program Files (x86)\\Intel\\Intel(R) Extreme Tuning Utility\\XtuService.exe",
                       "User":  "NT AUTHORITY\\SYSTEM"
                   },
                   {
                       "EventID":  5,
                       "TimeCreated":  "2026-06-07T20:45:46.3123072-04:00",
                       "Computer":  "DESKTOP-KCP6DQD",
                       "Channel":  "Microsoft-Windows-Sysmon/Operational",
                       "RecordId":  31074,
                       "ProviderName":  "Microsoft-Windows-Sysmon",
                       "RuleName":  "-",
                       "UtcTime":  "2026-06-08 00:45:46.311",
                       "ProcessGuid":  "{f9ed62ee-1011-6a26-8b0b-000000009c00}",
                       "ProcessId":  "19744",
                       "Image":  "C:\\Windows\\System32\\SearchFilterHost.exe",
                       "User":  "NT AUTHORITY\\SYSTEM"
                   },
                   {
                       "EventID":  5,
                       "TimeCreated":  "2026-06-07T20:45:46.2982393-04:00",
                       "Computer":  "DESKTOP-KCP6DQD",
                       "Channel":  "Microsoft-Windows-Sysmon/Operational",
                       "RecordId":  31073,
                       "ProviderName":  "Microsoft-Windows-Sysmon",
                       "RuleName":  "-",
                       "UtcTime":  "2026-06-08 00:45:46.297",
                       "ProcessGuid":  "{f9ed62ee-1011-6a26-8d0b-000000009c00}",
                       "ProcessId":  "12768",
                       "Image":  "C:\\Windows\\System32\\SearchFilterHost.exe",
                       "User":  "NT AUTHORITY\\SYSTEM"
                   },
                   {
                       "EventID":  5,
                       "TimeCreated":  "2026-06-07T20:45:26.5404022-04:00",
                       "Computer":  "DESKTOP-KCP6DQD",
                       "Channel":  "Microsoft-Windows-Sysmon/Operational",
                       "RecordId":  31072,
                       "ProviderName":  "Microsoft-Windows-Sysmon",
                       "RuleName":  "-",
                       "UtcTime":  "2026-06-08 00:45:26.539",
                       "ProcessGuid":  "{f9ed62ee-1087-6a26-a20b-000000009c00}",
                       "ProcessId":  "13664",
                       "Image":  "C:\\Program Files (x86)\\Intel\\Intel(R) Extreme Tuning Utility\\XtuService.exe",
                       "User":  "NT AUTHORITY\\SYSTEM"
                   },
                   {
                       "EventID":  5,
                       "TimeCreated":  "2026-06-07T20:45:04.2332735-04:00",
                       "Computer":  "DESKTOP-KCP6DQD",
                       "Channel":  "Microsoft-Windows-Sysmon/Operational",
                       "RecordId":  31071,
                       "ProviderName":  "Microsoft-Windows-Sysmon",
                       "RuleName":  "-",
                       "UtcTime":  "2026-06-08 00:45:04.232",
                       "ProcessGuid":  "{f9ed62ee-1071-6a26-9e0b-000000009c00}",
                       "ProcessId":  "20552",
                       "Image":  "C:\\Program Files (x86)\\Intel\\Intel(R) Extreme Tuning Utility\\XtuService.exe",
                       "User":  "NT AUTHORITY\\SYSTEM"
                   },
                   {
                       "EventID":  5,
                       "TimeCreated":  "2026-06-07T20:44:41.9931254-04:00",
                       "Computer":  "DESKTOP-KCP6DQD",
                       "Channel":  "Microsoft-Windows-Sysmon/Operational",
                       "RecordId":  31070,
                       "ProviderName":  "Microsoft-Windows-Sysmon",
                       "RuleName":  "-",
                       "UtcTime":  "2026-06-08 00:44:41.992",
                       "ProcessGuid":  "{f9ed62ee-105a-6a26-9c0b-000000009c00}",
                       "ProcessId":  "12044",
                       "Image":  "C:\\Program Files (x86)\\Intel\\Intel(R) Extreme Tuning Utility\\XtuService.exe",
                       "User":  "NT AUTHORITY\\SYSTEM"
                   },
                   {
                       "EventID":  5,
                       "TimeCreated":  "2026-06-07T20:44:19.6057278-04:00",
                       "Computer":  "DESKTOP-KCP6DQD",
                       "Channel":  "Microsoft-Windows-Sysmon/Operational",
                       "RecordId":  31069,
                       "ProviderName":  "Microsoft-Windows-Sysmon",
                       "RuleName":  "-",
                       "UtcTime":  "2026-06-08 00:44:19.604",
                       "ProcessGuid":  "{f9ed62ee-1044-6a26-970b-000000009c00}",
                       "ProcessId":  "21620",
                       "Image":  "C:\\Program Files (x86)\\Intel\\Intel(R) Extreme Tuning Utility\\XtuService.exe",
                       "User":  "NT AUTHORITY\\SYSTEM"
                   },
                   {
                       "EventID":  5,
                       "TimeCreated":  "2026-06-07T20:44:12.1379397-04:00",
                       "Computer":  "DESKTOP-KCP6DQD",
                       "Channel":  "Microsoft-Windows-Sysmon/Operational",
                       "RecordId":  31068,
                       "ProviderName":  "Microsoft-Windows-Sysmon",
                       "RuleName":  "-",
                       "UtcTime":  "2026-06-08 00:44:12.137",
                       "ProcessGuid":  "{f9ed62ee-1056-6a26-9a0b-000000009c00}",
                       "ProcessId":  "4296",
                       "Image":  "C:\\Program Files\\WindowsApps\\Microsoft.ScreenSketch_11.2602.49.0_x64__8wekyb3d8bbwe\\SnippingTool\\SnippingTool.exe",
                       "User":  "DESKTOP-KCP6DQD\\nueva"
                   },
                   {
                       "EventID":  5,
                       "TimeCreated":  "2026-06-07T20:43:57.4430587-04:00",
                       "Computer":  "DESKTOP-KCP6DQD",
                       "Channel":  "Microsoft-Windows-Sysmon/Operational",
                       "RecordId":  31067,
                       "ProviderName":  "Microsoft-Windows-Sysmon",
                       "RuleName":  "-",
                       "UtcTime":  "2026-06-08 00:43:57.442",
                       "ProcessGuid":  "{f9ed62ee-102e-6a26-920b-000000009c00}",
                       "ProcessId":  "21392",
                       "Image":  "C:\\Program Files (x86)\\Intel\\Intel(R) Extreme Tuning Utility\\XtuService.exe",
                       "User":  "NT AUTHORITY\\SYSTEM"
                   },
                   {
                       "EventID":  5,
                       "TimeCreated":  "2026-06-07T20:43:55.4134162-04:00",
                       "Computer":  "DESKTOP-KCP6DQD",
                       "Channel":  "Microsoft-Windows-Sysmon/Operational",
                       "RecordId":  31066,
                       "ProviderName":  "Microsoft-Windows-Sysmon",
                       "RuleName":  "-",
                       "UtcTime":  "2026-06-08 00:43:55.412",
                       "ProcessGuid":  "{f9ed62ee-102c-6a26-910b-000000009c00}",
                       "ProcessId":  "14148",
                       "Image":  "C:\\Users\\nueva\\AppData\\Local\\Programs\\Antigravity IDE\\Antigravity IDE.exe",
                       "User":  "DESKTOP-KCP6DQD\\nueva"
                   },
                   {
                       "EventID":  5,
                       "TimeCreated":  "2026-06-07T20:43:35.1247508-04:00",
                       "Computer":  "DESKTOP-KCP6DQD",
                       "Channel":  "Microsoft-Windows-Sysmon/Operational",
                       "RecordId":  31065,
                       "ProviderName":  "Microsoft-Windows-Sysmon",
                       "RuleName":  "-",
                       "UtcTime":  "2026-06-08 00:43:35.124",
                       "ProcessGuid":  "{f9ed62ee-1017-6a26-8e0b-000000009c00}",
                       "ProcessId":  "12668",
                       "Image":  "C:\\Program Files (x86)\\Intel\\Intel(R) Extreme Tuning Utility\\XtuService.exe",
                       "User":  "NT AUTHORITY\\SYSTEM"
                   },
                   {
                       "EventID":  5,
                       "TimeCreated":  "2026-06-07T20:43:27.1235627-04:00",
                       "Computer":  "DESKTOP-KCP6DQD",
                       "Channel":  "Microsoft-Windows-Sysmon/Operational",
                       "RecordId":  31064,
                       "ProviderName":  "Microsoft-Windows-Sysmon",
                       "RuleName":  "-",
                       "UtcTime":  "2026-06-08 00:43:27.122",
                       "ProcessGuid":  "{f9ed62ee-102f-6a26-930b-000000009c00}",
                       "ProcessId":  "3276",
                       "Image":  "C:\\Program Files\\Git\\cmd\\git.exe",
                       "User":  "DESKTOP-KCP6DQD\\nueva"
                   },
                   {
                       "EventID":  5,
                       "TimeCreated":  "2026-06-07T20:43:27.1199535-04:00",
                       "Computer":  "DESKTOP-KCP6DQD",
                       "Channel":  "Microsoft-Windows-Sysmon/Operational",
                       "RecordId":  31063,
                       "ProviderName":  "Microsoft-Windows-Sysmon",
                       "RuleName":  "-",
                       "UtcTime":  "2026-06-08 00:43:27.118",
                       "ProcessGuid":  "{f9ed62ee-102f-6a26-950b-000000009c00}",
                       "ProcessId":  "21700",
                       "Image":  "C:\\Program Files\\Git\\mingw64\\bin\\git.exe",
                       "User":  "DESKTOP-KCP6DQD\\nueva"
                   },
                   {
                       "EventID":  5,
                       "TimeCreated":  "2026-06-07T20:43:12.7009030-04:00",
                       "Computer":  "DESKTOP-KCP6DQD",
                       "Channel":  "Microsoft-Windows-Sysmon/Operational",
                       "RecordId":  31062,
                       "ProviderName":  "Microsoft-Windows-Sysmon",
                       "RuleName":  "-",
                       "UtcTime":  "2026-06-08 00:43:12.699",
                       "ProcessGuid":  "{f9ed62ee-1001-6a26-870b-000000009c00}",
                       "ProcessId":  "5996",
                       "Image":  "C:\\Program Files (x86)\\Intel\\Intel(R) Extreme Tuning Utility\\XtuService.exe",
                       "User":  "NT AUTHORITY\\SYSTEM"
                   },
                   {
                       "EventID":  5,
                       "TimeCreated":  "2026-06-07T20:42:57.5640139-04:00",
                       "Computer":  "DESKTOP-KCP6DQD",
                       "Channel":  "Microsoft-Windows-Sysmon/Operational",
                       "RecordId":  31061,
                       "ProviderName":  "Microsoft-Windows-Sysmon",
                       "RuleName":  "-",
                       "UtcTime":  "2026-06-08 00:42:57.563",
                       "ProcessGuid":  "{f9ed62ee-100a-6a26-880b-000000009c00}",
                       "ProcessId":  "12044",
                       "Image":  "C:\\Program Files\\WindowsApps\\Microsoft.ScreenSketch_11.2602.49.0_x64__8wekyb3d8bbwe\\SnippingTool\\SnippingTool.exe",
                       "User":  "DESKTOP-KCP6DQD\\nueva"
                   },
                   {
                       "EventID":  5,
                       "TimeCreated":  "2026-06-07T20:42:50.5687954-04:00",
                       "Computer":  "DESKTOP-KCP6DQD",
                       "Channel":  "Microsoft-Windows-Sysmon/Operational",
                       "RecordId":  31060,
                       "ProviderName":  "Microsoft-Windows-Sysmon",
                       "RuleName":  "-",
                       "UtcTime":  "2026-06-08 00:42:50.568",
                       "ProcessGuid":  "{f9ed62ee-0feb-6a26-840b-000000009c00}",
                       "ProcessId":  "15784",
                       "Image":  "C:\\Program Files (x86)\\Intel\\Intel(R) Extreme Tuning Utility\\XtuService.exe",
                       "User":  "NT AUTHORITY\\SYSTEM"
                   },
                   {
                       "EventID":  5,
                       "TimeCreated":  "2026-06-07T20:42:28.2574103-04:00",
                       "Computer":  "DESKTOP-KCP6DQD",
                       "Channel":  "Microsoft-Windows-Sysmon/Operational",
                       "RecordId":  31059,
                       "ProviderName":  "Microsoft-Windows-Sysmon",
                       "RuleName":  "-",
                       "UtcTime":  "2026-06-08 00:42:28.257",
                       "ProcessGuid":  "{f9ed62ee-0fd5-6a26-830b-000000009c00}",
                       "ProcessId":  "19784",
                       "Image":  "C:\\Program Files (x86)\\Intel\\Intel(R) Extreme Tuning Utility\\XtuService.exe",
                       "User":  "NT AUTHORITY\\SYSTEM"
                   },
                   {
                       "EventID":  5,
                       "TimeCreated":  "2026-06-07T20:42:05.7749099-04:00",
                       "Computer":  "DESKTOP-KCP6DQD",
                       "Channel":  "Microsoft-Windows-Sysmon/Operational",
                       "RecordId":  31058,
                       "ProviderName":  "Microsoft-Windows-Sysmon",
                       "RuleName":  "-",
                       "UtcTime":  "2026-06-08 00:42:05.774",
                       "ProcessGuid":  "{f9ed62ee-0fbe-6a26-7f0b-000000009c00}",
                       "ProcessId":  "14128",
                       "Image":  "C:\\Program Files (x86)\\Intel\\Intel(R) Extreme Tuning Utility\\XtuService.exe",
                       "User":  "NT AUTHORITY\\SYSTEM"
                   },
