                   {
                       "EventID":  12,
                       "TimeCreated":  "2026-06-07T22:07:06.0314430-04:00",
                       "Computer":  "DESKTOP-KCP6DQD",
                       "Channel":  "Microsoft-Windows-Sysmon/Operational",
                       "RecordId":  32144,
                       "ProviderName":  "Microsoft-Windows-Sysmon",
                       "RuleName":  "Deteccion_Persistencia_Registro",
                       "UtcTime":  "2026-06-08 02:07:06.026",
                       "ProcessGuid":  "{f9ed62ee-23c9-6a26-fb0e-000000009c00}",
                       "ProcessId":  "12960",
                       "Image":  "C:\\WINDOWS\\System32\\WindowsPowerShell\\v1.0\\powershell.exe",
                       "User":  "DESKTOP-KCP6DQD\\nueva",
                       "EventType":  "CreateKey",
                       "TargetObject":  "HKLM\\System\\CurrentControlSet\\Services\\Tcpip\\Parameters"
                   },
                   {
                       "EventID":  12,
                       "TimeCreated":  "2026-06-07T22:07:06.0313895-04:00",
                       "Computer":  "DESKTOP-KCP6DQD",
                       "Channel":  "Microsoft-Windows-Sysmon/Operational",
                       "RecordId":  32143,
                       "ProviderName":  "Microsoft-Windows-Sysmon",
                       "RuleName":  "Deteccion_Persistencia_Registro",
                       "UtcTime":  "2026-06-08 02:07:06.026",
                       "ProcessGuid":  "{f9ed62ee-23c9-6a26-fb0e-000000009c00}",
                       "ProcessId":  "12960",
                       "Image":  "C:\\WINDOWS\\System32\\WindowsPowerShell\\v1.0\\powershell.exe",
                       "User":  "DESKTOP-KCP6DQD\\nueva",
                       "EventType":  "CreateKey",
                       "TargetObject":  "HKLM\\System\\CurrentControlSet\\Services\\Tcpip\\Parameters"
                   },
                   {
                       "EventID":  12,
                       "TimeCreated":  "2026-06-07T22:07:06.0253513-04:00",
                       "Computer":  "DESKTOP-KCP6DQD",
                       "Channel":  "Microsoft-Windows-Sysmon/Operational",
                       "RecordId":  32142,
                       "ProviderName":  "Microsoft-Windows-Sysmon",
                       "RuleName":  "Deteccion_Persistencia_Registro",
                       "UtcTime":  "2026-06-08 02:07:06.010",
                       "ProcessGuid":  "{f9ed62ee-23c9-6a26-fb0e-000000009c00}",
                       "ProcessId":  "12960",
                       "Image":  "C:\\WINDOWS\\System32\\WindowsPowerShell\\v1.0\\powershell.exe",
                       "User":  "DESKTOP-KCP6DQD\\nueva",
                       "EventType":  "CreateKey",
                       "TargetObject":  "HKLM\\System\\CurrentControlSet\\Services\\Tcpip\\Parameters"
                   },
                   {
                       "EventID":  12,
                       "TimeCreated":  "2026-06-07T22:07:06.0248505-04:00",
                       "Computer":  "DESKTOP-KCP6DQD",
                       "Channel":  "Microsoft-Windows-Sysmon/Operational",
                       "RecordId":  32141,
                       "ProviderName":  "Microsoft-Windows-Sysmon",
                       "RuleName":  "Deteccion_Persistencia_Registro",
                       "UtcTime":  "2026-06-08 02:07:06.010",
                       "ProcessGuid":  "{f9ed62ee-23c9-6a26-fb0e-000000009c00}",
                       "ProcessId":  "12960",
                       "Image":  "C:\\WINDOWS\\System32\\WindowsPowerShell\\v1.0\\powershell.exe",
                       "User":  "DESKTOP-KCP6DQD\\nueva",
                       "EventType":  "CreateKey",
                       "TargetObject":  "HKLM\\System\\CurrentControlSet\\Services\\Tcpip\\Parameters"
                   },
                   {
                       "EventID":  13,
                       "TimeCreated":  "2026-06-07T22:07:05.6942680-04:00",
                       "Computer":  "DESKTOP-KCP6DQD",
                       "Channel":  "Microsoft-Windows-Sysmon/Operational",
                       "RecordId":  32140,
                       "ProviderName":  "Microsoft-Windows-Sysmon",
                       "RuleName":  "Deteccion_Persistencia_Registro",
                       "UtcTime":  "2026-06-08 02:07:05.693",
                       "ProcessGuid":  "{f9ed62ee-f036-6a25-eb03-000000000000}",
                       "ProcessId":  "4",
                       "Image":  "System",
                       "User":  "NT AUTHORITY\\SYSTEM",
                       "EventType":  "SetValue",
                       "TargetObject":  "HKLM\\System\\CurrentControlSet\\Services\\bam\\State\\UserSettings\\S-1-5-21-158180708-2764993437-2666828097-1001\\SequenceNumber",
                       "Details":  "DWORD (0x000000d0)"
                   },
                   {
                       "EventID":  13,
                       "TimeCreated":  "2026-06-07T22:07:05.6942298-04:00",
                       "Computer":  "DESKTOP-KCP6DQD",
                       "Channel":  "Microsoft-Windows-Sysmon/Operational",
                       "RecordId":  32139,
                       "ProviderName":  "Microsoft-Windows-Sysmon",
                       "RuleName":  "Deteccion_Persistencia_Registro",
                       "UtcTime":  "2026-06-08 02:07:05.693",
                       "ProcessGuid":  "{f9ed62ee-f036-6a25-eb03-000000000000}",
                       "ProcessId":  "4",
                       "Image":  "System",
                       "User":  "NT AUTHORITY\\SYSTEM",
                       "EventType":  "SetValue",
                       "TargetObject":  "HKLM\\System\\CurrentControlSet\\Services\\bam\\State\\UserSettings\\S-1-5-21-158180708-2764993437-2666828097-1001\\\\Device\\HarddiskVolume4\\Windows\\System32\\WindowsPowerShell\\v1.0\\powershell.exe",
                       "Details":  "Binary Data"
                   },
                   {
                       "EventID":  12,
                       "TimeCreated":  "2026-06-07T22:07:05.6941737-04:00",
                       "Computer":  "DESKTOP-KCP6DQD",
                       "Channel":  "Microsoft-Windows-Sysmon/Operational",
                       "RecordId":  32138,
                       "ProviderName":  "Microsoft-Windows-Sysmon",
                       "RuleName":  "Deteccion_Persistencia_Registro",
                       "UtcTime":  "2026-06-08 02:07:05.693",
                       "ProcessGuid":  "{f9ed62ee-f036-6a25-eb03-000000000000}",
                       "ProcessId":  "4",
                       "Image":  "System",
                       "User":  "NT AUTHORITY\\SYSTEM",
                       "EventType":  "CreateKey",
                       "TargetObject":  "HKLM\\System\\CurrentControlSet\\Services\\bam\\State\\UserSettings\\S-1-5-21-158180708-2764993437-2666828097-1001"
                   },
                   {
                       "EventID":  13,
                       "TimeCreated":  "2026-06-07T22:07:05.6940448-04:00",
                       "Computer":  "DESKTOP-KCP6DQD",
                       "Channel":  "Microsoft-Windows-Sysmon/Operational",
                       "RecordId":  32137,
                       "ProviderName":  "Microsoft-Windows-Sysmon",
                       "RuleName":  "Deteccion_Persistencia_Registro",
                       "UtcTime":  "2026-06-08 02:07:05.693",
                       "ProcessGuid":  "{f9ed62ee-f036-6a25-eb03-000000000000}",
                       "ProcessId":  "4",
                       "Image":  "System",
                       "User":  "NT AUTHORITY\\SYSTEM",
                       "EventType":  "SetValue",
                       "TargetObject":  "HKLM\\System\\CurrentControlSet\\Services\\bam\\State\\UserSettings\\S-1-5-21-158180708-2764993437-2666828097-1001\\SequenceNumber",
                       "Details":  "DWORD (0x000000cf)"
                   },
                   {
                       "EventID":  13,
                       "TimeCreated":  "2026-06-07T22:07:05.6940122-04:00",
                       "Computer":  "DESKTOP-KCP6DQD",
                       "Channel":  "Microsoft-Windows-Sysmon/Operational",
                       "RecordId":  32136,
                       "ProviderName":  "Microsoft-Windows-Sysmon",
                       "RuleName":  "Deteccion_Persistencia_Registro",
                       "UtcTime":  "2026-06-08 02:07:05.693",
                       "ProcessGuid":  "{f9ed62ee-f036-6a25-eb03-000000000000}",
                       "ProcessId":  "4",
                       "Image":  "System",
                       "User":  "NT AUTHORITY\\SYSTEM",
                       "EventType":  "SetValue",
                       "TargetObject":  "HKLM\\System\\CurrentControlSet\\Services\\bam\\State\\UserSettings\\S-1-5-21-158180708-2764993437-2666828097-1001\\\\Device\\HarddiskVolume4\\Windows\\System32\\conhost.exe",
                       "Details":  "Binary Data"
                   },
                   {
                       "EventID":  12,
                       "TimeCreated":  "2026-06-07T22:07:05.6937482-04:00",
                       "Computer":  "DESKTOP-KCP6DQD",
                       "Channel":  "Microsoft-Windows-Sysmon/Operational",
                       "RecordId":  32135,
                       "ProviderName":  "Microsoft-Windows-Sysmon",
                       "RuleName":  "Deteccion_Persistencia_Registro",
                       "UtcTime":  "2026-06-08 02:07:05.693",
                       "ProcessGuid":  "{f9ed62ee-f036-6a25-eb03-000000000000}",
                       "ProcessId":  "4",
                       "Image":  "System",
                       "User":  "NT AUTHORITY\\SYSTEM",
                       "EventType":  "CreateKey",
                       "TargetObject":  "HKLM\\System\\CurrentControlSet\\Services\\bam\\State\\UserSettings\\S-1-5-21-158180708-2764993437-2666828097-1001"
                   },
                   {
                       "EventID":  13,
                       "TimeCreated":  "2026-06-07T22:07:05.6609953-04:00",
                       "Computer":  "DESKTOP-KCP6DQD",
                       "Channel":  "Microsoft-Windows-Sysmon/Operational",
                       "RecordId":  32134,
                       "ProviderName":  "Microsoft-Windows-Sysmon",
                       "RuleName":  "Deteccion_Persistencia_Registro",
                       "UtcTime":  "2026-06-08 02:07:05.646",
                       "ProcessGuid":  "{f9ed62ee-23c9-6a26-fb0e-000000009c00}",
                       "ProcessId":  "12960",
                       "Image":  "C:\\WINDOWS\\System32\\WindowsPowerShell\\v1.0\\powershell.exe",
                       "User":  "DESKTOP-KCP6DQD\\nueva",
                       "EventType":  "SetValue",
                       "TargetObject":  "HKLM\\System\\CurrentControlSet\\Services\\bam\\State\\UserSettings\\S-1-5-21-158180708-2764993437-2666828097-1001\\\\Device\\HarddiskVolume4\\Windows\\System32\\conhost.exe",
                       "Details":  "Binary Data"
                   },
                   {
                       "EventID":  1,
                       "TimeCreated":  "2026-06-07T22:07:05.6567366-04:00",
                       "Computer":  "DESKTOP-KCP6DQD",
                       "Channel":  "Microsoft-Windows-Sysmon/Operational",
                       "RecordId":  32133,
                       "ProviderName":  "Microsoft-Windows-Sysmon",
                       "RuleName":  "Deteccion_Procesos_Alertas",
                       "UtcTime":  "2026-06-08 02:07:05.655",
                       "ProcessGuid":  "{f9ed62ee-23c9-6a26-fb0e-000000009c00}",
                       "ProcessId":  "12960",
                       "Image":  "C:\\Windows\\System32\\WindowsPowerShell\\v1.0\\powershell.exe",
                       "CommandLine":  "\"C:\\WINDOWS\\System32\\WindowsPowerShell\\v1.0\\powershell.exe\" -Command \"Write-Host \u0027Instancia 2\u0027\" ",
                       "CurrentDirectory":  "C:\\Asignacion-Sysmon\\",
                       "User":  "DESKTOP-KCP6DQD\\nueva",
                       "LogonGuid":  "{f9ed62ee-f06b-6a25-7fe7-100000000000}",
                       "LogonId":  "0x10e77f",
                       "TerminalSessionId":  "1",
                       "IntegrityLevel":  "High",
                       "Hashes":  "MD5=A97E6573B97B44C96122BFA543A82EA1,SHA256=0FF6F2C94BC7E2833A5F7E16DE1622E5DBA70396F31C7D5F56381870317E8C46",
                       "ParentProcessGuid":  "{f9ed62ee-1684-6a26-960c-000000009c00}",
                       "ParentProcessId":  "21032",
                       "ParentImage":  "C:\\Windows\\System32\\WindowsPowerShell\\v1.0\\powershell.exe",
                       "ParentCommandLine":  "\"C:\\Windows\\System32\\WindowsPowerShell\\v1.0\\powershell.exe\" ",
                       "ParentUser":  "DESKTOP-KCP6DQD\\nueva"
                   },
                   {
                       "EventID":  13,
                       "TimeCreated":  "2026-06-07T22:07:05.6561427-04:00",
                       "Computer":  "DESKTOP-KCP6DQD",
                       "Channel":  "Microsoft-Windows-Sysmon/Operational",
                       "RecordId":  32132,
                       "ProviderName":  "Microsoft-Windows-Sysmon",
                       "RuleName":  "Deteccion_Persistencia_Registro",
                       "UtcTime":  "2026-06-08 02:07:05.646",
                       "ProcessGuid":  "{f9ed62ee-1684-6a26-960c-000000009c00}",
                       "ProcessId":  "21032",
                       "Image":  "C:\\Windows\\System32\\WindowsPowerShell\\v1.0\\powershell.exe",
                       "User":  "DESKTOP-KCP6DQD\\nueva",
                       "EventType":  "SetValue",
                       "TargetObject":  "HKLM\\System\\CurrentControlSet\\Services\\bam\\State\\UserSettings\\S-1-5-21-158180708-2764993437-2666828097-1001\\\\Device\\HarddiskVolume4\\Windows\\System32\\WindowsPowerShell\\v1.0\\powershell.exe",
                       "Details":  "Binary Data"
                   },
                   {
                       "EventID":  13,
                       "TimeCreated":  "2026-06-07T22:07:05.5502907-04:00",
                       "Computer":  "DESKTOP-KCP6DQD",
                       "Channel":  "Microsoft-Windows-Sysmon/Operational",
                       "RecordId":  32131,
                       "ProviderName":  "Microsoft-Windows-Sysmon",
                       "RuleName":  "Deteccion_Persistencia_Registro",
                       "UtcTime":  "2026-06-08 02:07:05.534",
                       "ProcessGuid":  "{f9ed62ee-23c9-6a26-fa0e-000000009c00}",
                       "ProcessId":  "19988",
                       "Image":  "C:\\WINDOWS\\system32\\conhost.exe",
                       "User":  "DESKTOP-KCP6DQD\\nueva",
                       "EventType":  "SetValue",
                       "TargetObject":  "HKLM\\System\\CurrentControlSet\\Services\\bam\\State\\UserSettings\\S-1-5-21-158180708-2764993437-2666828097-1001\\\\Device\\HarddiskVolume4\\Windows\\System32\\conhost.exe",
                       "Details":  "Binary Data"
                   },
                   {
                       "EventID":  13,
                       "TimeCreated":  "2026-06-07T22:07:05.5398421-04:00",
                       "Computer":  "DESKTOP-KCP6DQD",
                       "Channel":  "Microsoft-Windows-Sysmon/Operational",
                       "RecordId":  32130,
                       "ProviderName":  "Microsoft-Windows-Sysmon",
                       "RuleName":  "Deteccion_Persistencia_Registro",
                       "UtcTime":  "2026-06-08 02:07:05.534",
                       "ProcessGuid":  "{f9ed62ee-23c9-6a26-f90e-000000009c00}",
                       "ProcessId":  "2532",
                       "Image":  "C:\\WINDOWS\\System32\\WindowsPowerShell\\v1.0\\powershell.exe",
                       "User":  "DESKTOP-KCP6DQD\\nueva",
                       "EventType":  "SetValue",
                       "TargetObject":  "HKLM\\System\\CurrentControlSet\\Services\\bam\\State\\UserSettings\\S-1-5-21-158180708-2764993437-2666828097-1001\\\\Device\\HarddiskVolume4\\Windows\\System32\\WindowsPowerShell\\v1.0\\powershell.exe",
                       "Details":  "Binary Data"
                   },
                   {
                       "EventID":  5,
                       "TimeCreated":  "2026-06-07T22:07:05.5396911-04:00",
                       "Computer":  "DESKTOP-KCP6DQD",
                       "Channel":  "Microsoft-Windows-Sysmon/Operational",
                       "RecordId":  32129,
                       "ProviderName":  "Microsoft-Windows-Sysmon",
                       "RuleName":  "Deteccion_Cierre_Procesos",
                       "UtcTime":  "2026-06-08 02:07:05.534",
                       "ProcessGuid":  "{f9ed62ee-23c9-6a26-f90e-000000009c00}",
                       "ProcessId":  "2532",
                       "Image":  "C:\\Windows\\System32\\WindowsPowerShell\\v1.0\\powershell.exe",
                       "User":  "DESKTOP-KCP6DQD\\nueva"
                   },
                   {
                       "EventID":  12,
                       "TimeCreated":  "2026-06-07T22:07:05.5302684-04:00",
                       "Computer":  "DESKTOP-KCP6DQD",
                       "Channel":  "Microsoft-Windows-Sysmon/Operational",
                       "RecordId":  32128,
                       "ProviderName":  "Microsoft-Windows-Sysmon",
                       "RuleName":  "Deteccion_Persistencia_Registro",
                       "UtcTime":  "2026-06-08 02:07:05.518",
                       "ProcessGuid":  "{f9ed62ee-23c9-6a26-f90e-000000009c00}",
                       "ProcessId":  "2532",
                       "Image":  "C:\\WINDOWS\\System32\\WindowsPowerShell\\v1.0\\powershell.exe",
                       "User":  "DESKTOP-KCP6DQD\\nueva",
                       "EventType":  "CreateKey",
                       "TargetObject":  "HKLM\\System\\CurrentControlSet\\Services\\Tcpip\\Parameters"
                   },
                   {
                       "EventID":  12,
                       "TimeCreated":  "2026-06-07T22:07:05.5302469-04:00",
                       "Computer":  "DESKTOP-KCP6DQD",
                       "Channel":  "Microsoft-Windows-Sysmon/Operational",
                       "RecordId":  32127,
                       "ProviderName":  "Microsoft-Windows-Sysmon",
                       "RuleName":  "Deteccion_Persistencia_Registro",
                       "UtcTime":  "2026-06-08 02:07:05.518",
                       "ProcessGuid":  "{f9ed62ee-23c9-6a26-f90e-000000009c00}",
                       "ProcessId":  "2532",
                       "Image":  "C:\\WINDOWS\\System32\\WindowsPowerShell\\v1.0\\powershell.exe",
                       "User":  "DESKTOP-KCP6DQD\\nueva",
                       "EventType":  "CreateKey",
                       "TargetObject":  "HKLM\\System\\CurrentControlSet\\Services\\Tcpip\\Parameters"
                   },
                   {
                       "EventID":  12,
                       "TimeCreated":  "2026-06-07T22:07:05.5266626-04:00",
                       "Computer":  "DESKTOP-KCP6DQD",
                       "Channel":  "Microsoft-Windows-Sysmon/Operational",
                       "RecordId":  32126,
                       "ProviderName":  "Microsoft-Windows-Sysmon",
                       "RuleName":  "Deteccion_Persistencia_Registro",
                       "UtcTime":  "2026-06-08 02:07:05.518",
                       "ProcessGuid":  "{f9ed62ee-23c9-6a26-f90e-000000009c00}",
                       "ProcessId":  "2532",
                       "Image":  "C:\\WINDOWS\\System32\\WindowsPowerShell\\v1.0\\powershell.exe",
                       "User":  "DESKTOP-KCP6DQD\\nueva",
                       "EventType":  "CreateKey",
                       "TargetObject":  "HKLM\\System\\CurrentControlSet\\Services\\Tcpip\\Parameters"
                   },
                   {
                       "EventID":  12,
                       "TimeCreated":  "2026-06-07T22:07:05.5264930-04:00",
                       "Computer":  "DESKTOP-KCP6DQD",
                       "Channel":  "Microsoft-Windows-Sysmon/Operational",
                       "RecordId":  32125,
                       "ProviderName":  "Microsoft-Windows-Sysmon",
                       "RuleName":  "Deteccion_Persistencia_Registro",
                       "UtcTime":  "2026-06-08 02:07:05.518",
                       "ProcessGuid":  "{f9ed62ee-23c9-6a26-f90e-000000009c00}",
                       "ProcessId":  "2532",
                       "Image":  "C:\\WINDOWS\\System32\\WindowsPowerShell\\v1.0\\powershell.exe",
                       "User":  "DESKTOP-KCP6DQD\\nueva",
                       "EventType":  "CreateKey",
                       "TargetObject":  "HKLM\\System\\CurrentControlSet\\Services\\Tcpip\\Parameters"
                   },
                   {
                       "EventID":  12,
                       "TimeCreated":  "2026-06-07T22:07:05.5264694-04:00",
                       "Computer":  "DESKTOP-KCP6DQD",
                       "Channel":  "Microsoft-Windows-Sysmon/Operational",
                       "RecordId":  32124,
                       "ProviderName":  "Microsoft-Windows-Sysmon",
                       "RuleName":  "Deteccion_Persistencia_Registro",
                       "UtcTime":  "2026-06-08 02:07:05.518",
                       "ProcessGuid":  "{f9ed62ee-23c9-6a26-f90e-000000009c00}",
                       "ProcessId":  "2532",
                       "Image":  "C:\\WINDOWS\\System32\\WindowsPowerShell\\v1.0\\powershell.exe",
                       "User":  "DESKTOP-KCP6DQD\\nueva",
                       "EventType":  "CreateKey",
                       "TargetObject":  "HKLM\\System\\CurrentControlSet\\Services\\Tcpip\\Parameters"
                   },
                   {
                       "EventID":  12,
                       "TimeCreated":  "2026-06-07T22:07:05.5210666-04:00",
                       "Computer":  "DESKTOP-KCP6DQD",
                       "Channel":  "Microsoft-Windows-Sysmon/Operational",
                       "RecordId":  32123,
                       "ProviderName":  "Microsoft-Windows-Sysmon",
                       "RuleName":  "Deteccion_Persistencia_Registro",
                       "UtcTime":  "2026-06-08 02:07:05.518",
                       "ProcessGuid":  "{f9ed62ee-23c9-6a26-f90e-000000009c00}",
                       "ProcessId":  "2532",
                       "Image":  "C:\\WINDOWS\\System32\\WindowsPowerShell\\v1.0\\powershell.exe",
                       "User":  "DESKTOP-KCP6DQD\\nueva",
                       "EventType":  "CreateKey",
                       "TargetObject":  "HKLM\\System\\CurrentControlSet\\Services\\Tcpip\\Parameters"
                   },
                   {
                       "EventID":  12,
                       "TimeCreated":  "2026-06-07T22:07:05.5206048-04:00",
                       "Computer":  "DESKTOP-KCP6DQD",
                       "Channel":  "Microsoft-Windows-Sysmon/Operational",
                       "RecordId":  32122,
                       "ProviderName":  "Microsoft-Windows-Sysmon",
                       "RuleName":  "Deteccion_Persistencia_Registro",
                       "UtcTime":  "2026-06-08 02:07:05.518",
                       "ProcessGuid":  "{f9ed62ee-23c9-6a26-f90e-000000009c00}",
                       "ProcessId":  "2532",
                       "Image":  "C:\\WINDOWS\\System32\\WindowsPowerShell\\v1.0\\powershell.exe",
                       "User":  "DESKTOP-KCP6DQD\\nueva",
                       "EventType":  "CreateKey",
                       "TargetObject":  "HKLM\\System\\CurrentControlSet\\Services\\Tcpip\\Parameters"
                   },
                   {
                       "EventID":  13,
                       "TimeCreated":  "2026-06-07T22:07:05.1892433-04:00",
                       "Computer":  "DESKTOP-KCP6DQD",
                       "Channel":  "Microsoft-Windows-Sysmon/Operational",
                       "RecordId":  32121,
                       "ProviderName":  "Microsoft-Windows-Sysmon",
                       "RuleName":  "Deteccion_Persistencia_Registro",
                       "UtcTime":  "2026-06-08 02:07:05.187",
                       "ProcessGuid":  "{f9ed62ee-f036-6a25-eb03-000000000000}",
                       "ProcessId":  "4",
                       "Image":  "System",
                       "User":  "NT AUTHORITY\\SYSTEM",
                       "EventType":  "SetValue",
                       "TargetObject":  "HKLM\\System\\CurrentControlSet\\Services\\bam\\State\\UserSettings\\S-1-5-21-158180708-2764993437-2666828097-1001\\SequenceNumber",
                       "Details":  "DWORD (0x000000ce)"
                   },
                   {
                       "EventID":  13,
                       "TimeCreated":  "2026-06-07T22:07:05.1892271-04:00",
                       "Computer":  "DESKTOP-KCP6DQD",
                       "Channel":  "Microsoft-Windows-Sysmon/Operational",
                       "RecordId":  32120,
                       "ProviderName":  "Microsoft-Windows-Sysmon",
                       "RuleName":  "Deteccion_Persistencia_Registro",
                       "UtcTime":  "2026-06-08 02:07:05.187",
                       "ProcessGuid":  "{f9ed62ee-f036-6a25-eb03-000000000000}",
                       "ProcessId":  "4",
                       "Image":  "System",
                       "User":  "NT AUTHORITY\\SYSTEM",
                       "EventType":  "SetValue",
                       "TargetObject":  "HKLM\\System\\CurrentControlSet\\Services\\bam\\State\\UserSettings\\S-1-5-21-158180708-2764993437-2666828097-1001\\\\Device\\HarddiskVolume4\\Windows\\System32\\WindowsPowerShell\\v1.0\\powershell.exe",
                       "Details":  "Binary Data"
                   },
                   {
                       "EventID":  12,
                       "TimeCreated":  "2026-06-07T22:07:05.1891873-04:00",
                       "Computer":  "DESKTOP-KCP6DQD",
                       "Channel":  "Microsoft-Windows-Sysmon/Operational",
                       "RecordId":  32119,
                       "ProviderName":  "Microsoft-Windows-Sysmon",
                       "RuleName":  "Deteccion_Persistencia_Registro",
                       "UtcTime":  "2026-06-08 02:07:05.187",
                       "ProcessGuid":  "{f9ed62ee-f036-6a25-eb03-000000000000}",
                       "ProcessId":  "4",
                       "Image":  "System",
                       "User":  "NT AUTHORITY\\SYSTEM",
                       "EventType":  "CreateKey",
                       "TargetObject":  "HKLM\\System\\CurrentControlSet\\Services\\bam\\State\\UserSettings\\S-1-5-21-158180708-2764993437-2666828097-1001"
                   },
                   {
                       "EventID":  13,
                       "TimeCreated":  "2026-06-07T22:07:05.1890874-04:00",
                       "Computer":  "DESKTOP-KCP6DQD",
                       "Channel":  "Microsoft-Windows-Sysmon/Operational",
                       "RecordId":  32118,
                       "ProviderName":  "Microsoft-Windows-Sysmon",
                       "RuleName":  "Deteccion_Persistencia_Registro",
                       "UtcTime":  "2026-06-08 02:07:05.187",
                       "ProcessGuid":  "{f9ed62ee-f036-6a25-eb03-000000000000}",
                       "ProcessId":  "4",
                       "Image":  "System",
                       "User":  "NT AUTHORITY\\SYSTEM",
                       "EventType":  "SetValue",
                       "TargetObject":  "HKLM\\System\\CurrentControlSet\\Services\\bam\\State\\UserSettings\\S-1-5-21-158180708-2764993437-2666828097-1001\\SequenceNumber",
                       "Details":  "DWORD (0x000000cd)"
                   },
                   {
                       "EventID":  13,
                       "TimeCreated":  "2026-06-07T22:07:05.1890580-04:00",
                       "Computer":  "DESKTOP-KCP6DQD",
                       "Channel":  "Microsoft-Windows-Sysmon/Operational",
                       "RecordId":  32117,
                       "ProviderName":  "Microsoft-Windows-Sysmon",
                       "RuleName":  "Deteccion_Persistencia_Registro",
                       "UtcTime":  "2026-06-08 02:07:05.187",
                       "ProcessGuid":  "{f9ed62ee-f036-6a25-eb03-000000000000}",
                       "ProcessId":  "4",
                       "Image":  "System",
                       "User":  "NT AUTHORITY\\SYSTEM",
                       "EventType":  "SetValue",
                       "TargetObject":  "HKLM\\System\\CurrentControlSet\\Services\\bam\\State\\UserSettings\\S-1-5-21-158180708-2764993437-2666828097-1001\\\\Device\\HarddiskVolume4\\Windows\\System32\\conhost.exe",
                       "Details":  "Binary Data"
                   },
                   {
                       "EventID":  12,
                       "TimeCreated":  "2026-06-07T22:07:05.1889224-04:00",
                       "Computer":  "DESKTOP-KCP6DQD",
                       "Channel":  "Microsoft-Windows-Sysmon/Operational",
                       "RecordId":  32116,
                       "ProviderName":  "Microsoft-Windows-Sysmon",
                       "RuleName":  "Deteccion_Persistencia_Registro",
                       "UtcTime":  "2026-06-08 02:07:05.187",
                       "ProcessGuid":  "{f9ed62ee-f036-6a25-eb03-000000000000}",
                       "ProcessId":  "4",
                       "Image":  "System",
                       "User":  "NT AUTHORITY\\SYSTEM",
                       "EventType":  "CreateKey",
                       "TargetObject":  "HKLM\\System\\CurrentControlSet\\Services\\bam\\State\\UserSettings\\S-1-5-21-158180708-2764993437-2666828097-1001"
                   },
                   {
                       "EventID":  13,
                       "TimeCreated":  "2026-06-07T22:07:05.1567557-04:00",
                       "Computer":  "DESKTOP-KCP6DQD",
                       "Channel":  "Microsoft-Windows-Sysmon/Operational",
                       "RecordId":  32115,
                       "ProviderName":  "Microsoft-Windows-Sysmon",
                       "RuleName":  "Deteccion_Persistencia_Registro",
                       "UtcTime":  "2026-06-08 02:07:05.155",
                       "ProcessGuid":  "{f9ed62ee-23c9-6a26-f90e-000000009c00}",
                       "ProcessId":  "2532",
                       "Image":  "C:\\WINDOWS\\System32\\WindowsPowerShell\\v1.0\\powershell.exe",
                       "User":  "DESKTOP-KCP6DQD\\nueva",
                       "EventType":  "SetValue",
                       "TargetObject":  "HKLM\\System\\CurrentControlSet\\Services\\bam\\State\\UserSettings\\S-1-5-21-158180708-2764993437-2666828097-1001\\\\Device\\HarddiskVolume4\\Windows\\System32\\conhost.exe",
                       "Details":  "Binary Data"
                   },
                   {
                       "EventID":  1,
                       "TimeCreated":  "2026-06-07T22:07:05.1525378-04:00",
                       "Computer":  "DESKTOP-KCP6DQD",
                       "Channel":  "Microsoft-Windows-Sysmon/Operational",
                       "RecordId":  32114,
                       "ProviderName":  "Microsoft-Windows-Sysmon",
                       "RuleName":  "Deteccion_Procesos_Alertas",
                       "UtcTime":  "2026-06-08 02:07:05.151",
                       "ProcessGuid":  "{f9ed62ee-23c9-6a26-f90e-000000009c00}",
                       "ProcessId":  "2532",
                       "Image":  "C:\\Windows\\System32\\WindowsPowerShell\\v1.0\\powershell.exe",
                       "CommandLine":  "\"C:\\WINDOWS\\System32\\WindowsPowerShell\\v1.0\\powershell.exe\" -Command \"Write-Host \u0027Instancia 1\u0027\" ",
                       "CurrentDirectory":  "C:\\Asignacion-Sysmon\\",
                       "User":  "DESKTOP-KCP6DQD\\nueva",
                       "LogonGuid":  "{f9ed62ee-f06b-6a25-7fe7-100000000000}",
                       "LogonId":  "0x10e77f",
                       "TerminalSessionId":  "1",
                       "IntegrityLevel":  "High",
                       "Hashes":  "MD5=A97E6573B97B44C96122BFA543A82EA1,SHA256=0FF6F2C94BC7E2833A5F7E16DE1622E5DBA70396F31C7D5F56381870317E8C46",
                       "ParentProcessGuid":  "{f9ed62ee-1684-6a26-960c-000000009c00}",
                       "ParentProcessId":  "21032",
                       "ParentImage":  "C:\\Windows\\System32\\WindowsPowerShell\\v1.0\\powershell.exe",
                       "ParentCommandLine":  "\"C:\\Windows\\System32\\WindowsPowerShell\\v1.0\\powershell.exe\" ",
                       "ParentUser":  "DESKTOP-KCP6DQD\\nueva"
                   },
                   {
                       "EventID":  13,
                       "TimeCreated":  "2026-06-07T22:07:05.1519520-04:00",
                       "Computer":  "DESKTOP-KCP6DQD",
                       "Channel":  "Microsoft-Windows-Sysmon/Operational",
                       "RecordId":  32113,
                       "ProviderName":  "Microsoft-Windows-Sysmon",
                       "RuleName":  "Deteccion_Persistencia_Registro",
                       "UtcTime":  "2026-06-08 02:07:05.140",
                       "ProcessGuid":  "{f9ed62ee-1684-6a26-960c-000000009c00}",
                       "ProcessId":  "21032",
                       "Image":  "C:\\Windows\\System32\\WindowsPowerShell\\v1.0\\powershell.exe",
                       "User":  "DESKTOP-KCP6DQD\\nueva",
                       "EventType":  "SetValue",
                       "TargetObject":  "HKLM\\System\\CurrentControlSet\\Services\\bam\\State\\UserSettings\\S-1-5-21-158180708-2764993437-2666828097-1001\\\\Device\\HarddiskVolume4\\Windows\\System32\\WindowsPowerShell\\v1.0\\powershell.exe",
                       "Details":  "Binary Data"
                   },
                   {
                       "EventID":  12,
                       "TimeCreated":  "2026-06-07T22:07:02.6415147-04:00",
                       "Computer":  "DESKTOP-KCP6DQD",
                       "Channel":  "Microsoft-Windows-Sysmon/Operational",
                       "RecordId":  32112,
                       "ProviderName":  "Microsoft-Windows-Sysmon",
                       "RuleName":  "Deteccion_Persistencia_Registro",
                       "UtcTime":  "2026-06-08 02:07:02.641",
                       "ProcessGuid":  "{f9ed62ee-f06c-6a25-4401-000000009c00}",
                       "ProcessId":  "11680",
                       "Image":  "C:\\WINDOWS\\system32\\sihost.exe",
                       "User":  "DESKTOP-KCP6DQD\\nueva",
                       "EventType":  "CreateKey",
                       "TargetObject":  "HKLM\\SOFTWARE\\WOW6432Node\\Microsoft\\Windows\\CurrentVersion\\Run"
                   },
                   {
                       "EventID":  13,
                       "TimeCreated":  "2026-06-07T22:06:59.1252962-04:00",
                       "Computer":  "DESKTOP-KCP6DQD",
                       "Channel":  "Microsoft-Windows-Sysmon/Operational",
                       "RecordId":  32111,
                       "ProviderName":  "Microsoft-Windows-Sysmon",
                       "RuleName":  "Deteccion_Persistencia_Registro",
                       "UtcTime":  "2026-06-08 02:06:59.124",
                       "ProcessGuid":  "{f9ed62ee-f0b0-6a25-e701-000000009c00}",
                       "ProcessId":  "18792",
                       "Image":  "C:\\Program Files\\Google\\Chrome\\Application\\chrome.exe",
                       "User":  "DESKTOP-KCP6DQD\\nueva",
                       "EventType":  "SetValue",
                       "TargetObject":  "HKLM\\System\\CurrentControlSet\\Services\\bam\\State\\UserSettings\\S-1-5-21-158180708-2764993437-2666828097-1001\\\\Device\\HarddiskVolume4\\Program Files\\Google\\Chrome\\Application\\chrome.exe",
                       "Details":  "Binary Data"
                   },
                   {
                       "EventID":  12,
                       "TimeCreated":  "2026-06-07T22:06:52.6374747-04:00",
                       "Computer":  "DESKTOP-KCP6DQD",
                       "Channel":  "Microsoft-Windows-Sysmon/Operational",
                       "RecordId":  32110,
                       "ProviderName":  "Microsoft-Windows-Sysmon",
                       "RuleName":  "Deteccion_Persistencia_Registro",
                       "UtcTime":  "2026-06-08 02:06:52.636",
                       "ProcessGuid":  "{f9ed62ee-f06c-6a25-4401-000000009c00}",
                       "ProcessId":  "11680",
                       "Image":  "C:\\WINDOWS\\system32\\sihost.exe",
                       "User":  "DESKTOP-KCP6DQD\\nueva",
                       "EventType":  "CreateKey",
                       "TargetObject":  "HKLM\\SOFTWARE\\WOW6432Node\\Microsoft\\Windows\\CurrentVersion\\Run"
                   },
                   {
                       "EventID":  13,
                       "TimeCreated":  "2026-06-07T22:06:50.6312353-04:00",
                       "Computer":  "DESKTOP-KCP6DQD",
                       "Channel":  "Microsoft-Windows-Sysmon/Operational",
                       "RecordId":  32109,
                       "ProviderName":  "Microsoft-Windows-Sysmon",
                       "RuleName":  "Deteccion_Persistencia_Registro",
                       "UtcTime":  "2026-06-08 02:06:50.620",
                       "ProcessGuid":  "{f9ed62ee-2284-6a26-ba0e-000000009c00}",
                       "ProcessId":  "5828",
                       "Image":  "C:\\Program Files\\Google\\Chrome\\Application\\chrome.exe",
                       "User":  "DESKTOP-KCP6DQD\\nueva",
                       "EventType":  "SetValue",
                       "TargetObject":  "HKLM\\System\\CurrentControlSet\\Services\\bam\\State\\UserSettings\\S-1-5-21-158180708-2764993437-2666828097-1001\\\\Device\\HarddiskVolume4\\Program Files\\Google\\Chrome\\Application\\chrome.exe",
                       "Details":  "Binary Data"
                   },
                   {
                       "EventID":  13,
                       "TimeCreated":  "2026-06-07T22:06:46.4986310-04:00",
                       "Computer":  "DESKTOP-KCP6DQD",
                       "Channel":  "Microsoft-Windows-Sysmon/Operational",
                       "RecordId":  32108,
                       "ProviderName":  "Microsoft-Windows-Sysmon",
                       "RuleName":  "Deteccion_Persistencia_Registro",
                       "UtcTime":  "2026-06-08 02:06:46.485",
                       "ProcessGuid":  "{f9ed62ee-f0b0-6a25-e701-000000009c00}",
                       "ProcessId":  "18792",
                       "Image":  "C:\\Program Files\\Google\\Chrome\\Application\\chrome.exe",
                       "User":  "DESKTOP-KCP6DQD\\nueva",
                       "EventType":  "SetValue",
                       "TargetObject":  "HKLM\\System\\CurrentControlSet\\Services\\bam\\State\\UserSettings\\S-1-5-21-158180708-2764993437-2666828097-1001\\\\Device\\HarddiskVolume4\\Program Files\\Google\\Chrome\\Application\\chrome.exe",
                       "Details":  "Binary Data"
                   },
                   {
                       "EventID":  12,
                       "TimeCreated":  "2026-06-07T22:06:42.6254562-04:00",
                       "Computer":  "DESKTOP-KCP6DQD",
                       "Channel":  "Microsoft-Windows-Sysmon/Operational",
                       "RecordId":  32107,
                       "ProviderName":  "Microsoft-Windows-Sysmon",
                       "RuleName":  "Deteccion_Persistencia_Registro",
                       "UtcTime":  "2026-06-08 02:06:42.625",
                       "ProcessGuid":  "{f9ed62ee-f06c-6a25-4401-000000009c00}",
                       "ProcessId":  "11680",
                       "Image":  "C:\\WINDOWS\\system32\\sihost.exe",
                       "User":  "DESKTOP-KCP6DQD\\nueva",
                       "EventType":  "CreateKey",
                       "TargetObject":  "HKLM\\SOFTWARE\\WOW6432Node\\Microsoft\\Windows\\CurrentVersion\\Run"
                   },
                   {
                       "EventID":  13,
                       "TimeCreated":  "2026-06-07T22:06:39.6837972-04:00",
                       "Computer":  "DESKTOP-KCP6DQD",
                       "Channel":  "Microsoft-Windows-Sysmon/Operational",
                       "RecordId":  32106,
                       "ProviderName":  "Microsoft-Windows-Sysmon",
                       "RuleName":  "Deteccion_Persistencia_Registro",
                       "UtcTime":  "2026-06-08 02:06:39.679",
                       "ProcessGuid":  "{f9ed62ee-2391-6a26-ea0e-000000009c00}",
                       "ProcessId":  "5556",
                       "Image":  "C:\\Program Files\\Google\\Chrome\\Application\\chrome.exe",
                       "User":  "DESKTOP-KCP6DQD\\nueva",
                       "EventType":  "SetValue",
                       "TargetObject":  "HKLM\\System\\CurrentControlSet\\Services\\bam\\State\\UserSettings\\S-1-5-21-158180708-2764993437-2666828097-1001\\\\Device\\HarddiskVolume4\\Program Files\\Google\\Chrome\\Application\\chrome.exe",
                       "Details":  "Binary Data"
                   },
                   {
                       "EventID":  13,
                       "TimeCreated":  "2026-06-07T22:06:33.6823775-04:00",
                       "Computer":  "DESKTOP-KCP6DQD",
                       "Channel":  "Microsoft-Windows-Sysmon/Operational",
                       "RecordId":  32105,
                       "ProviderName":  "Microsoft-Windows-Sysmon",
                       "RuleName":  "Deteccion_Persistencia_Registro",
                       "UtcTime":  "2026-06-08 02:06:33.680",
                       "ProcessGuid":  "{f9ed62ee-23a9-6a26-f50e-000000009c00}",
                       "ProcessId":  "3088",
                       "Image":  "C:\\WINDOWS\\system32\\conhost.exe",
                       "User":  "DESKTOP-KCP6DQD\\nueva",
                       "EventType":  "SetValue",
                       "TargetObject":  "HKLM\\System\\CurrentControlSet\\Services\\bam\\State\\UserSettings\\S-1-5-21-158180708-2764993437-2666828097-1001\\\\Device\\HarddiskVolume4\\Windows\\System32\\conhost.exe",
                       "Details":  "Binary Data"
                   },
                   {
                       "EventID":  13,
                       "TimeCreated":  "2026-06-07T22:06:33.6733725-04:00",
                       "Computer":  "DESKTOP-KCP6DQD",
                       "Channel":  "Microsoft-Windows-Sysmon/Operational",
                       "RecordId":  32104,
                       "ProviderName":  "Microsoft-Windows-Sysmon",
                       "RuleName":  "Deteccion_Persistencia_Registro",
                       "UtcTime":  "2026-06-08 02:06:33.672",
                       "ProcessGuid":  "{f9ed62ee-23a9-6a26-f40e-000000009c00}",
                       "ProcessId":  "2536",
                       "Image":  "C:\\WINDOWS\\System32\\WindowsPowerShell\\v1.0\\powershell.exe",
                       "User":  "DESKTOP-KCP6DQD\\nueva",
                       "EventType":  "SetValue",
                       "TargetObject":  "HKLM\\System\\CurrentControlSet\\Services\\bam\\State\\UserSettings\\S-1-5-21-158180708-2764993437-2666828097-1001\\\\Device\\HarddiskVolume4\\Windows\\System32\\WindowsPowerShell\\v1.0\\powershell.exe",
                       "Details":  "Binary Data"
                   },
                   {
                       "EventID":  5,
                       "TimeCreated":  "2026-06-07T22:06:33.6731896-04:00",
                       "Computer":  "DESKTOP-KCP6DQD",
                       "Channel":  "Microsoft-Windows-Sysmon/Operational",
                       "RecordId":  32103,
                       "ProviderName":  "Microsoft-Windows-Sysmon",
                       "RuleName":  "Deteccion_Cierre_Procesos",
                       "UtcTime":  "2026-06-08 02:06:33.672",
                       "ProcessGuid":  "{f9ed62ee-23a9-6a26-f40e-000000009c00}",
                       "ProcessId":  "2536",
                       "Image":  "C:\\Windows\\System32\\WindowsPowerShell\\v1.0\\powershell.exe",
                       "User":  "DESKTOP-KCP6DQD\\nueva"
                   },
                   {
                       "EventID":  12,
                       "TimeCreated":  "2026-06-07T22:06:33.6636805-04:00",
                       "Computer":  "DESKTOP-KCP6DQD",
                       "Channel":  "Microsoft-Windows-Sysmon/Operational",
                       "RecordId":  32102,
                       "ProviderName":  "Microsoft-Windows-Sysmon",
                       "RuleName":  "Deteccion_Persistencia_Registro",
                       "UtcTime":  "2026-06-08 02:06:33.651",
                       "ProcessGuid":  "{f9ed62ee-23a9-6a26-f40e-000000009c00}",
                       "ProcessId":  "2536",
                       "Image":  "C:\\WINDOWS\\System32\\WindowsPowerShell\\v1.0\\powershell.exe",
                       "User":  "DESKTOP-KCP6DQD\\nueva",
                       "EventType":  "CreateKey",
                       "TargetObject":  "HKLM\\System\\CurrentControlSet\\Services\\Tcpip\\Parameters"
                   },
                   {
                       "EventID":  12,
                       "TimeCreated":  "2026-06-07T22:06:33.6636594-04:00",
                       "Computer":  "DESKTOP-KCP6DQD",
                       "Channel":  "Microsoft-Windows-Sysmon/Operational",
                       "RecordId":  32101,
                       "ProviderName":  "Microsoft-Windows-Sysmon",
                       "RuleName":  "Deteccion_Persistencia_Registro",
                       "UtcTime":  "2026-06-08 02:06:33.651",
                       "ProcessGuid":  "{f9ed62ee-23a9-6a26-f40e-000000009c00}",
                       "ProcessId":  "2536",
                       "Image":  "C:\\WINDOWS\\System32\\WindowsPowerShell\\v1.0\\powershell.exe",
                       "User":  "DESKTOP-KCP6DQD\\nueva",
                       "EventType":  "CreateKey",
                       "TargetObject":  "HKLM\\System\\CurrentControlSet\\Services\\Tcpip\\Parameters"
                   },
                   {
                       "EventID":  12,
                       "TimeCreated":  "2026-06-07T22:06:33.6598255-04:00",
                       "Computer":  "DESKTOP-KCP6DQD",
                       "Channel":  "Microsoft-Windows-Sysmon/Operational",
                       "RecordId":  32100,
                       "ProviderName":  "Microsoft-Windows-Sysmon",
                       "RuleName":  "Deteccion_Persistencia_Registro",
                       "UtcTime":  "2026-06-08 02:06:33.651",
                       "ProcessGuid":  "{f9ed62ee-23a9-6a26-f40e-000000009c00}",
                       "ProcessId":  "2536",
                       "Image":  "C:\\WINDOWS\\System32\\WindowsPowerShell\\v1.0\\powershell.exe",
                       "User":  "DESKTOP-KCP6DQD\\nueva",
                       "EventType":  "CreateKey",
                       "TargetObject":  "HKLM\\System\\CurrentControlSet\\Services\\Tcpip\\Parameters"
                   },
                   {
                       "EventID":  12,
                       "TimeCreated":  "2026-06-07T22:06:33.6596272-04:00",
                       "Computer":  "DESKTOP-KCP6DQD",
                       "Channel":  "Microsoft-Windows-Sysmon/Operational",
                       "RecordId":  32099,
                       "ProviderName":  "Microsoft-Windows-Sysmon",
                       "RuleName":  "Deteccion_Persistencia_Registro",
                       "UtcTime":  "2026-06-08 02:06:33.651",
                       "ProcessGuid":  "{f9ed62ee-23a9-6a26-f40e-000000009c00}",
                       "ProcessId":  "2536",
                       "Image":  "C:\\WINDOWS\\System32\\WindowsPowerShell\\v1.0\\powershell.exe",
                       "User":  "DESKTOP-KCP6DQD\\nueva",
                       "EventType":  "CreateKey",
                       "TargetObject":  "HKLM\\System\\CurrentControlSet\\Services\\Tcpip\\Parameters"
                   },
                   {
                       "EventID":  12,
                       "TimeCreated":  "2026-06-07T22:06:33.6596030-04:00",
                       "Computer":  "DESKTOP-KCP6DQD",
                       "Channel":  "Microsoft-Windows-Sysmon/Operational",
                       "RecordId":  32098,
                       "ProviderName":  "Microsoft-Windows-Sysmon",
                       "RuleName":  "Deteccion_Persistencia_Registro",
                       "UtcTime":  "2026-06-08 02:06:33.651",
                       "ProcessGuid":  "{f9ed62ee-23a9-6a26-f40e-000000009c00}",
                       "ProcessId":  "2536",
                       "Image":  "C:\\WINDOWS\\System32\\WindowsPowerShell\\v1.0\\powershell.exe",
                       "User":  "DESKTOP-KCP6DQD\\nueva",
                       "EventType":  "CreateKey",
                       "TargetObject":  "HKLM\\System\\CurrentControlSet\\Services\\Tcpip\\Parameters"
                   },
