                   {
                       "EventID":  5,
                       "TimeCreated":  "2026-06-07T20:41:43.6219172-04:00",
                       "Computer":  "DESKTOP-KCP6DQD",
                       "Channel":  "Microsoft-Windows-Sysmon/Operational",
                       "RecordId":  31057,
                       "ProviderName":  "Microsoft-Windows-Sysmon",
                       "RuleName":  "-",
                       "UtcTime":  "2026-06-08 00:41:43.620",
                       "ProcessGuid":  "{f9ed62ee-0fa8-6a26-7d0b-000000009c00}",
                       "ProcessId":  "21884",
                       "Image":  "C:\\Program Files (x86)\\Intel\\Intel(R) Extreme Tuning Utility\\XtuService.exe",
                       "User":  "NT AUTHORITY\\SYSTEM"
                   },
                   {
                       "EventID":  5,
                       "TimeCreated":  "2026-06-07T20:41:36.9463718-04:00",
                       "Computer":  "DESKTOP-KCP6DQD",
                       "Channel":  "Microsoft-Windows-Sysmon/Operational",
                       "RecordId":  31056,
                       "ProviderName":  "Microsoft-Windows-Sysmon",
                       "RuleName":  "-",
                       "UtcTime":  "2026-06-08 00:41:36.945",
                       "ProcessGuid":  "{f9ed62ee-0fc0-6a26-800b-000000009c00}",
                       "ProcessId":  "3408",
                       "Image":  "C:\\Program Files\\Git\\cmd\\git.exe",
                       "User":  "DESKTOP-KCP6DQD\\nueva"
                   },
                   {
                       "EventID":  5,
                       "TimeCreated":  "2026-06-07T20:41:36.9425869-04:00",
                       "Computer":  "DESKTOP-KCP6DQD",
                       "Channel":  "Microsoft-Windows-Sysmon/Operational",
                       "RecordId":  31055,
                       "ProviderName":  "Microsoft-Windows-Sysmon",
                       "RuleName":  "-",
                       "UtcTime":  "2026-06-08 00:41:36.941",
                       "ProcessGuid":  "{f9ed62ee-0fc0-6a26-820b-000000009c00}",
                       "ProcessId":  "12184",
                       "Image":  "C:\\Program Files\\Git\\mingw64\\bin\\git.exe",
                       "User":  "DESKTOP-KCP6DQD\\nueva"
                   },
                   {
                       "EventID":  5,
                       "TimeCreated":  "2026-06-07T20:41:21.3330642-04:00",
                       "Computer":  "DESKTOP-KCP6DQD",
                       "Channel":  "Microsoft-Windows-Sysmon/Operational",
                       "RecordId":  31054,
                       "ProviderName":  "Microsoft-Windows-Sysmon",
                       "RuleName":  "-",
                       "UtcTime":  "2026-06-08 00:41:21.332",
                       "ProcessGuid":  "{f9ed62ee-0f92-6a26-790b-000000009c00}",
                       "ProcessId":  "16328",
                       "Image":  "C:\\Program Files (x86)\\Intel\\Intel(R) Extreme Tuning Utility\\XtuService.exe",
                       "User":  "NT AUTHORITY\\SYSTEM"
                   },
                   {
                       "EventID":  5,
                       "TimeCreated":  "2026-06-07T20:40:58.9269597-04:00",
                       "Computer":  "DESKTOP-KCP6DQD",
                       "Channel":  "Microsoft-Windows-Sysmon/Operational",
                       "RecordId":  31053,
                       "ProviderName":  "Microsoft-Windows-Sysmon",
                       "RuleName":  "-",
                       "UtcTime":  "2026-06-08 00:40:58.926",
                       "ProcessGuid":  "{f9ed62ee-0f7b-6a26-770b-000000009c00}",
                       "ProcessId":  "21732",
                       "Image":  "C:\\Program Files (x86)\\Intel\\Intel(R) Extreme Tuning Utility\\XtuService.exe",
                       "User":  "NT AUTHORITY\\SYSTEM"
                   },
                   {
                       "EventID":  5,
                       "TimeCreated":  "2026-06-07T20:40:36.7082848-04:00",
                       "Computer":  "DESKTOP-KCP6DQD",
                       "Channel":  "Microsoft-Windows-Sysmon/Operational",
                       "RecordId":  31052,
                       "ProviderName":  "Microsoft-Windows-Sysmon",
                       "RuleName":  "-",
                       "UtcTime":  "2026-06-08 00:40:36.708",
                       "ProcessGuid":  "{f9ed62ee-0f65-6a26-710b-000000009c00}",
                       "ProcessId":  "7572",
                       "Image":  "C:\\Program Files (x86)\\Intel\\Intel(R) Extreme Tuning Utility\\XtuService.exe",
                       "User":  "NT AUTHORITY\\SYSTEM"
                   },
                   {
                       "EventID":  5,
                       "TimeCreated":  "2026-06-07T20:40:14.3588705-04:00",
                       "Computer":  "DESKTOP-KCP6DQD",
                       "Channel":  "Microsoft-Windows-Sysmon/Operational",
                       "RecordId":  31051,
                       "ProviderName":  "Microsoft-Windows-Sysmon",
                       "RuleName":  "-",
                       "UtcTime":  "2026-06-08 00:40:14.358",
                       "ProcessGuid":  "{f9ed62ee-0f4f-6a26-6a0b-000000009c00}",
                       "ProcessId":  "21272",
                       "Image":  "C:\\Program Files (x86)\\Intel\\Intel(R) Extreme Tuning Utility\\XtuService.exe",
                       "User":  "NT AUTHORITY\\SYSTEM"
                   },
                   {
                       "EventID":  5,
                       "TimeCreated":  "2026-06-07T20:40:08.7864664-04:00",
                       "Computer":  "DESKTOP-KCP6DQD",
                       "Channel":  "Microsoft-Windows-Sysmon/Operational",
                       "RecordId":  31050,
                       "ProviderName":  "Microsoft-Windows-Sysmon",
                       "RuleName":  "-",
                       "UtcTime":  "2026-06-08 00:40:08.786",
                       "ProcessGuid":  "{f9ed62ee-0f68-6a26-720b-000000009c00}",
                       "ProcessId":  "18496",
                       "Image":  "C:\\Windows\\System32\\WindowsPowerShell\\v1.0\\powershell.exe",
                       "User":  "DESKTOP-KCP6DQD\\nueva"
                   },
                   {
                       "EventID":  5,
                       "TimeCreated":  "2026-06-07T20:40:08.7733528-04:00",
                       "Computer":  "DESKTOP-KCP6DQD",
                       "Channel":  "Microsoft-Windows-Sysmon/Operational",
                       "RecordId":  31049,
                       "ProviderName":  "Microsoft-Windows-Sysmon",
                       "RuleName":  "-",
                       "UtcTime":  "2026-06-08 00:40:08.772",
                       "ProcessGuid":  "{f9ed62ee-0f68-6a26-730b-000000009c00}",
                       "ProcessId":  "3100",
                       "Image":  "C:\\Users\\nueva\\AppData\\Local\\Programs\\Python\\Python310\\python.exe",
                       "User":  "DESKTOP-KCP6DQD\\nueva"
                   },
                   {
                       "EventID":  5,
                       "TimeCreated":  "2026-06-07T20:39:54.8599915-04:00",
                       "Computer":  "DESKTOP-KCP6DQD",
                       "Channel":  "Microsoft-Windows-Sysmon/Operational",
                       "RecordId":  31048,
                       "ProviderName":  "Microsoft-Windows-Sysmon",
                       "RuleName":  "-",
                       "UtcTime":  "2026-06-08 00:39:54.859",
                       "ProcessGuid":  "{f9ed62ee-0f5a-6a26-6d0b-000000009c00}",
                       "ProcessId":  "16016",
                       "Image":  "C:\\Windows\\System32\\WindowsPowerShell\\v1.0\\powershell.exe",
                       "User":  "DESKTOP-KCP6DQD\\nueva"
                   },
                   {
                       "EventID":  5,
                       "TimeCreated":  "2026-06-07T20:39:54.8493247-04:00",
                       "Computer":  "DESKTOP-KCP6DQD",
                       "Channel":  "Microsoft-Windows-Sysmon/Operational",
                       "RecordId":  31047,
                       "ProviderName":  "Microsoft-Windows-Sysmon",
                       "RuleName":  "-",
                       "UtcTime":  "2026-06-08 00:39:54.848",
                       "ProcessGuid":  "{f9ed62ee-0f5a-6a26-6e0b-000000009c00}",
                       "ProcessId":  "3864",
                       "Image":  "C:\\Users\\nueva\\AppData\\Local\\Programs\\Python\\Python310\\python.exe",
                       "User":  "DESKTOP-KCP6DQD\\nueva"
                   },
                   {
                       "EventID":  5,
                       "TimeCreated":  "2026-06-07T20:39:52.1404393-04:00",
                       "Computer":  "DESKTOP-KCP6DQD",
                       "Channel":  "Microsoft-Windows-Sysmon/Operational",
                       "RecordId":  31046,
                       "ProviderName":  "Microsoft-Windows-Sysmon",
                       "RuleName":  "-",
                       "UtcTime":  "2026-06-08 00:39:52.139",
                       "ProcessGuid":  "{f9ed62ee-0f39-6a26-640b-000000009c00}",
                       "ProcessId":  "22416",
                       "Image":  "C:\\Program Files (x86)\\Intel\\Intel(R) Extreme Tuning Utility\\XtuService.exe",
                       "User":  "NT AUTHORITY\\SYSTEM"
                   },
                   {
                       "EventID":  5,
                       "TimeCreated":  "2026-06-07T20:39:43.4196115-04:00",
                       "Computer":  "DESKTOP-KCP6DQD",
                       "Channel":  "Microsoft-Windows-Sysmon/Operational",
                       "RecordId":  31045,
                       "ProviderName":  "Microsoft-Windows-Sysmon",
                       "RuleName":  "-",
                       "UtcTime":  "2026-06-08 00:39:43.419",
                       "ProcessGuid":  "{f9ed62ee-0f4f-6a26-690b-000000009c00}",
                       "ProcessId":  "7028",
                       "Image":  "C:\\Windows\\System32\\WindowsPowerShell\\v1.0\\powershell.exe",
                       "User":  "DESKTOP-KCP6DQD\\nueva"
                   },
                   {
                       "EventID":  5,
                       "TimeCreated":  "2026-06-07T20:39:43.4072385-04:00",
                       "Computer":  "DESKTOP-KCP6DQD",
                       "Channel":  "Microsoft-Windows-Sysmon/Operational",
                       "RecordId":  31044,
                       "ProviderName":  "Microsoft-Windows-Sysmon",
                       "RuleName":  "-",
                       "UtcTime":  "2026-06-08 00:39:43.407",
                       "ProcessGuid":  "{f9ed62ee-0f4f-6a26-6b0b-000000009c00}",
                       "ProcessId":  "11348",
                       "Image":  "C:\\Users\\nueva\\AppData\\Local\\Programs\\Python\\Python310\\python.exe",
                       "User":  "DESKTOP-KCP6DQD\\nueva"
                   },
                   {
                       "EventID":  5,
                       "TimeCreated":  "2026-06-07T20:39:29.8556034-04:00",
                       "Computer":  "DESKTOP-KCP6DQD",
                       "Channel":  "Microsoft-Windows-Sysmon/Operational",
                       "RecordId":  31043,
                       "ProviderName":  "Microsoft-Windows-Sysmon",
                       "RuleName":  "-",
                       "UtcTime":  "2026-06-08 00:39:29.855",
                       "ProcessGuid":  "{f9ed62ee-0f22-6a26-5e0b-000000009c00}",
                       "ProcessId":  "12668",
                       "Image":  "C:\\Program Files (x86)\\Intel\\Intel(R) Extreme Tuning Utility\\XtuService.exe",
                       "User":  "NT AUTHORITY\\SYSTEM"
                   },
                   {
                       "EventID":  5,
                       "TimeCreated":  "2026-06-07T20:39:28.4125390-04:00",
                       "Computer":  "DESKTOP-KCP6DQD",
                       "Channel":  "Microsoft-Windows-Sysmon/Operational",
                       "RecordId":  31042,
                       "ProviderName":  "Microsoft-Windows-Sysmon",
                       "RuleName":  "-",
                       "UtcTime":  "2026-06-08 00:39:28.411",
                       "ProcessGuid":  "{f9ed62ee-0f40-6a26-670b-000000009c00}",
                       "ProcessId":  "19584",
                       "Image":  "C:\\Windows\\System32\\WindowsPowerShell\\v1.0\\powershell.exe",
                       "User":  "DESKTOP-KCP6DQD\\nueva"
                   },
                   {
                       "EventID":  5,
                       "TimeCreated":  "2026-06-07T20:39:28.4015473-04:00",
                       "Computer":  "DESKTOP-KCP6DQD",
                       "Channel":  "Microsoft-Windows-Sysmon/Operational",
                       "RecordId":  31041,
                       "ProviderName":  "Microsoft-Windows-Sysmon",
                       "RuleName":  "-",
                       "UtcTime":  "2026-06-08 00:39:28.401",
                       "ProcessGuid":  "{f9ed62ee-0f40-6a26-680b-000000009c00}",
                       "ProcessId":  "18232",
                       "Image":  "C:\\Users\\nueva\\AppData\\Local\\Programs\\Python\\Python310\\python.exe",
                       "User":  "DESKTOP-KCP6DQD\\nueva"
                   },
                   {
                       "EventID":  5,
                       "TimeCreated":  "2026-06-07T20:39:12.8088725-04:00",
                       "Computer":  "DESKTOP-KCP6DQD",
                       "Channel":  "Microsoft-Windows-Sysmon/Operational",
                       "RecordId":  31040,
                       "ProviderName":  "Microsoft-Windows-Sysmon",
                       "RuleName":  "-",
                       "UtcTime":  "2026-06-08 00:39:12.808",
                       "ProcessGuid":  "{f9ed62ee-0f30-6a26-620b-000000009c00}",
                       "ProcessId":  "7540",
                       "Image":  "C:\\Windows\\System32\\WindowsPowerShell\\v1.0\\powershell.exe",
                       "User":  "DESKTOP-KCP6DQD\\nueva"
                   },
                   {
                       "EventID":  5,
                       "TimeCreated":  "2026-06-07T20:39:07.5221800-04:00",
                       "Computer":  "DESKTOP-KCP6DQD",
                       "Channel":  "Microsoft-Windows-Sysmon/Operational",
                       "RecordId":  31039,
                       "ProviderName":  "Microsoft-Windows-Sysmon",
                       "RuleName":  "-",
                       "UtcTime":  "2026-06-08 00:39:07.521",
                       "ProcessGuid":  "{f9ed62ee-0f0c-6a26-5b0b-000000009c00}",
                       "ProcessId":  "17916",
                       "Image":  "C:\\Program Files (x86)\\Intel\\Intel(R) Extreme Tuning Utility\\XtuService.exe",
                       "User":  "NT AUTHORITY\\SYSTEM"
                   },
                   {
                       "EventID":  5,
                       "TimeCreated":  "2026-06-07T20:39:06.4424146-04:00",
                       "Computer":  "DESKTOP-KCP6DQD",
                       "Channel":  "Microsoft-Windows-Sysmon/Operational",
                       "RecordId":  31038,
                       "ProviderName":  "Microsoft-Windows-Sysmon",
                       "RuleName":  "-",
                       "UtcTime":  "2026-06-08 00:39:06.442",
                       "ProcessGuid":  "{f9ed62ee-0f2a-6a26-610b-000000009c00}",
                       "ProcessId":  "3148",
                       "Image":  "C:\\Windows\\System32\\WindowsPowerShell\\v1.0\\powershell.exe",
                       "User":  "DESKTOP-KCP6DQD\\nueva"
                   },
                   {
                       "EventID":  5,
                       "TimeCreated":  "2026-06-07T20:38:58.9525641-04:00",
                       "Computer":  "DESKTOP-KCP6DQD",
                       "Channel":  "Microsoft-Windows-Sysmon/Operational",
                       "RecordId":  31037,
                       "ProviderName":  "Microsoft-Windows-Sysmon",
                       "RuleName":  "-",
                       "UtcTime":  "2026-06-08 00:38:58.952",
                       "ProcessGuid":  "{f9ed62ee-0f22-6a26-5d0b-000000009c00}",
                       "ProcessId":  "5700",
                       "Image":  "C:\\Windows\\System32\\WindowsPowerShell\\v1.0\\powershell.exe",
                       "User":  "DESKTOP-KCP6DQD\\nueva"
                   },
                   {
                       "EventID":  5,
                       "TimeCreated":  "2026-06-07T20:38:50.6353150-04:00",
                       "Computer":  "DESKTOP-KCP6DQD",
                       "Channel":  "Microsoft-Windows-Sysmon/Operational",
                       "RecordId":  31036,
                       "ProviderName":  "Microsoft-Windows-Sysmon",
                       "RuleName":  "-",
                       "UtcTime":  "2026-06-08 00:38:50.635",
                       "ProcessGuid":  "{f9ed62ee-0f1a-6a26-5c0b-000000009c00}",
                       "ProcessId":  "16036",
                       "Image":  "C:\\Windows\\System32\\WindowsPowerShell\\v1.0\\powershell.exe",
                       "User":  "DESKTOP-KCP6DQD\\nueva"
                   },
                   {
                       "EventID":  5,
                       "TimeCreated":  "2026-06-07T20:38:45.2973060-04:00",
                       "Computer":  "DESKTOP-KCP6DQD",
                       "Channel":  "Microsoft-Windows-Sysmon/Operational",
                       "RecordId":  31035,
                       "ProviderName":  "Microsoft-Windows-Sysmon",
                       "RuleName":  "-",
                       "UtcTime":  "2026-06-08 00:38:45.296",
                       "ProcessGuid":  "{f9ed62ee-0ef6-6a26-5a0b-000000009c00}",
                       "ProcessId":  "22424",
                       "Image":  "C:\\Program Files (x86)\\Intel\\Intel(R) Extreme Tuning Utility\\XtuService.exe",
                       "User":  "NT AUTHORITY\\SYSTEM"
                   },
                   {
                       "EventID":  5,
                       "TimeCreated":  "2026-06-07T20:38:23.0118214-04:00",
                       "Computer":  "DESKTOP-KCP6DQD",
                       "Channel":  "Microsoft-Windows-Sysmon/Operational",
                       "RecordId":  31034,
                       "ProviderName":  "Microsoft-Windows-Sysmon",
                       "RuleName":  "-",
                       "UtcTime":  "2026-06-08 00:38:23.010",
                       "ProcessGuid":  "{f9ed62ee-0edf-6a26-580b-000000009c00}",
                       "ProcessId":  "5792",
                       "Image":  "C:\\Program Files (x86)\\Intel\\Intel(R) Extreme Tuning Utility\\XtuService.exe",
                       "User":  "NT AUTHORITY\\SYSTEM"
                   },
                   {
                       "EventID":  5,
                       "TimeCreated":  "2026-06-07T20:38:00.7152429-04:00",
                       "Computer":  "DESKTOP-KCP6DQD",
                       "Channel":  "Microsoft-Windows-Sysmon/Operational",
                       "RecordId":  31033,
                       "ProviderName":  "Microsoft-Windows-Sysmon",
                       "RuleName":  "-",
                       "UtcTime":  "2026-06-08 00:38:00.714",
                       "ProcessGuid":  "{f9ed62ee-0ec9-6a26-550b-000000009c00}",
                       "ProcessId":  "3444",
                       "Image":  "C:\\Program Files (x86)\\Intel\\Intel(R) Extreme Tuning Utility\\XtuService.exe",
                       "User":  "NT AUTHORITY\\SYSTEM"
                   },
                   {
                       "EventID":  5,
                       "TimeCreated":  "2026-06-07T20:37:38.4798029-04:00",
                       "Computer":  "DESKTOP-KCP6DQD",
                       "Channel":  "Microsoft-Windows-Sysmon/Operational",
                       "RecordId":  31032,
                       "ProviderName":  "Microsoft-Windows-Sysmon",
                       "RuleName":  "-",
                       "UtcTime":  "2026-06-08 00:37:38.479",
                       "ProcessGuid":  "{f9ed62ee-0eb3-6a26-4a0b-000000009c00}",
                       "ProcessId":  "16040",
                       "Image":  "C:\\Program Files (x86)\\Intel\\Intel(R) Extreme Tuning Utility\\XtuService.exe",
                       "User":  "NT AUTHORITY\\SYSTEM"
                   },
                   {
                       "EventID":  5,
                       "TimeCreated":  "2026-06-07T20:37:33.6316147-04:00",
                       "Computer":  "DESKTOP-KCP6DQD",
                       "Channel":  "Microsoft-Windows-Sysmon/Operational",
                       "RecordId":  31031,
                       "ProviderName":  "Microsoft-Windows-Sysmon",
                       "RuleName":  "-",
                       "UtcTime":  "2026-06-08 00:37:33.631",
                       "ProcessGuid":  "{f9ed62ee-0ecb-6a26-560b-000000009c00}",
                       "ProcessId":  "4816",
                       "Image":  "C:\\Windows\\System32\\WindowsPowerShell\\v1.0\\powershell.exe",
                       "User":  "DESKTOP-KCP6DQD\\nueva"
                   },
                   {
                       "EventID":  5,
                       "TimeCreated":  "2026-06-07T20:37:33.6148956-04:00",
                       "Computer":  "DESKTOP-KCP6DQD",
                       "Channel":  "Microsoft-Windows-Sysmon/Operational",
                       "RecordId":  31030,
                       "ProviderName":  "Microsoft-Windows-Sysmon",
                       "RuleName":  "-",
                       "UtcTime":  "2026-06-08 00:37:33.614",
                       "ProcessGuid":  "{f9ed62ee-0ecb-6a26-570b-000000009c00}",
                       "ProcessId":  "7660",
                       "Image":  "C:\\Users\\nueva\\AppData\\Local\\Programs\\Python\\Python310\\python.exe",
                       "User":  "DESKTOP-KCP6DQD\\nueva"
                   },
                   {
                       "EventID":  5,
                       "TimeCreated":  "2026-06-07T20:37:18.3069608-04:00",
                       "Computer":  "DESKTOP-KCP6DQD",
                       "Channel":  "Microsoft-Windows-Sysmon/Operational",
                       "RecordId":  31029,
                       "ProviderName":  "Microsoft-Windows-Sysmon",
                       "RuleName":  "-",
                       "UtcTime":  "2026-06-08 00:37:18.306",
                       "ProcessGuid":  "{f9ed62ee-0ebe-6a26-540b-000000009c00}",
                       "ProcessId":  "20468",
                       "Image":  "C:\\Program Files (x86)\\Google\\GoogleUpdater\\150.0.7863.0\\updater.exe",
                       "User":  "NT AUTHORITY\\SYSTEM"
                   },
                   {
                       "EventID":  5,
                       "TimeCreated":  "2026-06-07T20:37:18.3021835-04:00",
                       "Computer":  "DESKTOP-KCP6DQD",
                       "Channel":  "Microsoft-Windows-Sysmon/Operational",
                       "RecordId":  31028,
                       "ProviderName":  "Microsoft-Windows-Sysmon",
                       "RuleName":  "-",
                       "UtcTime":  "2026-06-08 00:37:18.301",
                       "ProcessGuid":  "{f9ed62ee-0ebe-6a26-530b-000000009c00}",
                       "ProcessId":  "13148",
                       "Image":  "C:\\Program Files (x86)\\Google\\GoogleUpdater\\150.0.7863.0\\updater.exe",
                       "User":  "NT AUTHORITY\\SYSTEM"
                   },
                   {
                       "EventID":  5,
                       "TimeCreated":  "2026-06-07T20:37:16.0476155-04:00",
                       "Computer":  "DESKTOP-KCP6DQD",
                       "Channel":  "Microsoft-Windows-Sysmon/Operational",
                       "RecordId":  31027,
                       "ProviderName":  "Microsoft-Windows-Sysmon",
                       "RuleName":  "-",
                       "UtcTime":  "2026-06-08 00:37:16.046",
                       "ProcessGuid":  "{f9ed62ee-0e9c-6a26-360b-000000009c00}",
                       "ProcessId":  "21724",
                       "Image":  "C:\\Program Files (x86)\\Intel\\Intel(R) Extreme Tuning Utility\\XtuService.exe",
                       "User":  "NT AUTHORITY\\SYSTEM"
                   },
                   {
                       "EventID":  5,
                       "TimeCreated":  "2026-06-07T20:37:12.6019808-04:00",
                       "Computer":  "DESKTOP-KCP6DQD",
                       "Channel":  "Microsoft-Windows-Sysmon/Operational",
                       "RecordId":  31026,
                       "ProviderName":  "Microsoft-Windows-Sysmon",
                       "RuleName":  "-",
                       "UtcTime":  "2026-06-08 00:37:12.601",
                       "ProcessGuid":  "{f9ed62ee-0eb8-6a26-4f0b-000000009c00}",
                       "ProcessId":  "5652",
                       "Image":  "C:\\Program Files\\Git\\cmd\\git.exe",
                       "User":  "DESKTOP-KCP6DQD\\nueva"
                   },
                   {
                       "EventID":  5,
                       "TimeCreated":  "2026-06-07T20:37:12.5980206-04:00",
                       "Computer":  "DESKTOP-KCP6DQD",
                       "Channel":  "Microsoft-Windows-Sysmon/Operational",
                       "RecordId":  31025,
                       "ProviderName":  "Microsoft-Windows-Sysmon",
                       "RuleName":  "-",
                       "UtcTime":  "2026-06-08 00:37:12.596",
                       "ProcessGuid":  "{f9ed62ee-0eb8-6a26-510b-000000009c00}",
                       "ProcessId":  "7868",
                       "Image":  "C:\\Program Files\\Git\\mingw64\\bin\\git.exe",
                       "User":  "DESKTOP-KCP6DQD\\nueva"
                   },
                   {
                       "EventID":  5,
                       "TimeCreated":  "2026-06-07T20:37:10.0161033-04:00",
                       "Computer":  "DESKTOP-KCP6DQD",
                       "Channel":  "Microsoft-Windows-Sysmon/Operational",
                       "RecordId":  31024,
                       "ProviderName":  "Microsoft-Windows-Sysmon",
                       "RuleName":  "-",
                       "UtcTime":  "2026-06-08 00:37:10.015",
                       "ProcessGuid":  "{f9ed62ee-0eb5-6a26-4e0b-000000009c00}",
                       "ProcessId":  "19776",
                       "Image":  "C:\\Program Files (x86)\\Google\\GoogleUpdater\\150.0.7863.0\\updater.exe",
                       "User":  "NT AUTHORITY\\SYSTEM"
                   },
                   {
                       "EventID":  5,
                       "TimeCreated":  "2026-06-07T20:37:10.0106670-04:00",
                       "Computer":  "DESKTOP-KCP6DQD",
                       "Channel":  "Microsoft-Windows-Sysmon/Operational",
                       "RecordId":  31023,
                       "ProviderName":  "Microsoft-Windows-Sysmon",
                       "RuleName":  "-",
                       "UtcTime":  "2026-06-08 00:37:10.010",
                       "ProcessGuid":  "{f9ed62ee-0eb5-6a26-4d0b-000000009c00}",
                       "ProcessId":  "11892",
                       "Image":  "C:\\Program Files (x86)\\Google\\GoogleUpdater\\150.0.7863.0\\updater.exe",
                       "User":  "NT AUTHORITY\\SYSTEM"
                   },
                   {
                       "EventID":  5,
                       "TimeCreated":  "2026-06-07T20:37:10.0094005-04:00",
                       "Computer":  "DESKTOP-KCP6DQD",
                       "Channel":  "Microsoft-Windows-Sysmon/Operational",
                       "RecordId":  31022,
                       "ProviderName":  "Microsoft-Windows-Sysmon",
                       "RuleName":  "-",
                       "UtcTime":  "2026-06-08 00:37:10.008",
                       "ProcessGuid":  "{f9ed62ee-0eb3-6a26-4b0b-000000009c00}",
                       "ProcessId":  "3000",
                       "Image":  "C:\\Windows\\System32\\WindowsPowerShell\\v1.0\\powershell.exe",
                       "User":  "DESKTOP-KCP6DQD\\nueva"
                   },
                   {
                       "EventID":  5,
                       "TimeCreated":  "2026-06-07T20:37:09.9910875-04:00",
                       "Computer":  "DESKTOP-KCP6DQD",
                       "Channel":  "Microsoft-Windows-Sysmon/Operational",
                       "RecordId":  31021,
                       "ProviderName":  "Microsoft-Windows-Sysmon",
                       "RuleName":  "-",
                       "UtcTime":  "2026-06-08 00:37:09.990",
                       "ProcessGuid":  "{f9ed62ee-0eb4-6a26-4c0b-000000009c00}",
                       "ProcessId":  "20560",
                       "Image":  "C:\\Users\\nueva\\AppData\\Local\\Programs\\Python\\Python310\\python.exe",
                       "User":  "DESKTOP-KCP6DQD\\nueva"
                   },
                   {
                       "EventID":  5,
                       "TimeCreated":  "2026-06-07T20:37:04.5189440-04:00",
                       "Computer":  "DESKTOP-KCP6DQD",
                       "Channel":  "Microsoft-Windows-Sysmon/Operational",
                       "RecordId":  31020,
                       "ProviderName":  "Microsoft-Windows-Sysmon",
                       "RuleName":  "-",
                       "UtcTime":  "2026-06-08 00:37:04.518",
                       "ProcessGuid":  "{f9ed62ee-0eb0-6a26-490b-000000009c00}",
                       "ProcessId":  "19060",
                       "Image":  "C:\\Program Files (x86)\\Google\\GoogleUpdater\\150.0.7863.0\\updater.exe",
                       "User":  "NT AUTHORITY\\SYSTEM"
                   },
                   {
                       "EventID":  5,
                       "TimeCreated":  "2026-06-07T20:37:04.5141305-04:00",
                       "Computer":  "DESKTOP-KCP6DQD",
                       "Channel":  "Microsoft-Windows-Sysmon/Operational",
                       "RecordId":  31019,
                       "ProviderName":  "Microsoft-Windows-Sysmon",
                       "RuleName":  "-",
                       "UtcTime":  "2026-06-08 00:37:04.513",
                       "ProcessGuid":  "{f9ed62ee-0eb0-6a26-480b-000000009c00}",
                       "ProcessId":  "2716",
                       "Image":  "C:\\Program Files (x86)\\Google\\GoogleUpdater\\150.0.7863.0\\updater.exe",
                       "User":  "NT AUTHORITY\\SYSTEM"
                   },
                   {
                       "EventID":  5,
                       "TimeCreated":  "2026-06-07T20:37:01.9131367-04:00",
                       "Computer":  "DESKTOP-KCP6DQD",
                       "Channel":  "Microsoft-Windows-Sysmon/Operational",
                       "RecordId":  31018,
                       "ProviderName":  "Microsoft-Windows-Sysmon",
                       "RuleName":  "-",
                       "UtcTime":  "2026-06-08 00:37:01.912",
                       "ProcessGuid":  "{f9ed62ee-0ead-6a26-470b-000000009c00}",
                       "ProcessId":  "13952",
                       "Image":  "C:\\Program Files (x86)\\Google\\GoogleUpdater\\150.0.7863.0\\updater.exe",
                       "User":  "NT AUTHORITY\\SYSTEM"
                   },
                   {
                       "EventID":  5,
                       "TimeCreated":  "2026-06-07T20:37:01.9083389-04:00",
                       "Computer":  "DESKTOP-KCP6DQD",
                       "Channel":  "Microsoft-Windows-Sysmon/Operational",
                       "RecordId":  31017,
                       "ProviderName":  "Microsoft-Windows-Sysmon",
                       "RuleName":  "-",
                       "UtcTime":  "2026-06-08 00:37:01.907",
                       "ProcessGuid":  "{f9ed62ee-0ead-6a26-460b-000000009c00}",
                       "ProcessId":  "11964",
                       "Image":  "C:\\Program Files (x86)\\Google\\GoogleUpdater\\150.0.7863.0\\updater.exe",
                       "User":  "NT AUTHORITY\\SYSTEM"
                   },
                   {
                       "EventID":  5,
                       "TimeCreated":  "2026-06-07T20:36:58.6907309-04:00",
                       "Computer":  "DESKTOP-KCP6DQD",
                       "Channel":  "Microsoft-Windows-Sysmon/Operational",
                       "RecordId":  31016,
                       "ProviderName":  "Microsoft-Windows-Sysmon",
                       "RuleName":  "-",
                       "UtcTime":  "2026-06-08 00:36:58.690",
                       "ProcessGuid":  "{f9ed62ee-0ea8-6a26-420b-000000009c00}",
                       "ProcessId":  "3060",
                       "Image":  "C:\\Windows\\System32\\WindowsPowerShell\\v1.0\\powershell.exe",
                       "User":  "DESKTOP-KCP6DQD\\nueva"
                   },
                   {
                       "EventID":  5,
                       "TimeCreated":  "2026-06-07T20:36:58.6745089-04:00",
                       "Computer":  "DESKTOP-KCP6DQD",
                       "Channel":  "Microsoft-Windows-Sysmon/Operational",
                       "RecordId":  31015,
                       "ProviderName":  "Microsoft-Windows-Sysmon",
                       "RuleName":  "-",
                       "UtcTime":  "2026-06-08 00:36:58.673",
                       "ProcessGuid":  "{f9ed62ee-0ea8-6a26-430b-000000009c00}",
                       "ProcessId":  "19132",
                       "Image":  "C:\\Users\\nueva\\AppData\\Local\\Programs\\Python\\Python310\\python.exe",
                       "User":  "DESKTOP-KCP6DQD\\nueva"
                   },
                   {
                       "EventID":  5,
                       "TimeCreated":  "2026-06-07T20:36:56.2178646-04:00",
                       "Computer":  "DESKTOP-KCP6DQD",
                       "Channel":  "Microsoft-Windows-Sysmon/Operational",
                       "RecordId":  31014,
                       "ProviderName":  "Microsoft-Windows-Sysmon",
                       "RuleName":  "-",
                       "UtcTime":  "2026-06-08 00:36:56.217",
                       "ProcessGuid":  "{f9ed62ee-0ea8-6a26-410b-000000009c00}",
                       "ProcessId":  "17488",
                       "Image":  "C:\\Program Files (x86)\\Google\\GoogleUpdater\\150.0.7863.0\\updater.exe",
                       "User":  "NT AUTHORITY\\SYSTEM"
                   },
                   {
                       "EventID":  5,
                       "TimeCreated":  "2026-06-07T20:36:56.2131817-04:00",
                       "Computer":  "DESKTOP-KCP6DQD",
                       "Channel":  "Microsoft-Windows-Sysmon/Operational",
                       "RecordId":  31013,
                       "ProviderName":  "Microsoft-Windows-Sysmon",
                       "RuleName":  "-",
                       "UtcTime":  "2026-06-08 00:36:56.212",
                       "ProcessGuid":  "{f9ed62ee-0ea8-6a26-400b-000000009c00}",
                       "ProcessId":  "11092",
                       "Image":  "C:\\Program Files (x86)\\Google\\GoogleUpdater\\150.0.7863.0\\updater.exe",
                       "User":  "NT AUTHORITY\\SYSTEM"
                   },
                   {
                       "EventID":  5,
                       "TimeCreated":  "2026-06-07T20:36:54.0214572-04:00",
                       "Computer":  "DESKTOP-KCP6DQD",
                       "Channel":  "Microsoft-Windows-Sysmon/Operational",
                       "RecordId":  31012,
                       "ProviderName":  "Microsoft-Windows-Sysmon",
                       "RuleName":  "-",
                       "UtcTime":  "2026-06-08 00:36:54.020",
                       "ProcessGuid":  "{f9ed62ee-0ea5-6a26-3f0b-000000009c00}",
                       "ProcessId":  "21216",
                       "Image":  "C:\\Program Files (x86)\\Google\\GoogleUpdater\\150.0.7863.0\\updater.exe",
                       "User":  "NT AUTHORITY\\SYSTEM"
                   },
                   {
                       "EventID":  5,
                       "TimeCreated":  "2026-06-07T20:36:54.0169621-04:00",
                       "Computer":  "DESKTOP-KCP6DQD",
                       "Channel":  "Microsoft-Windows-Sysmon/Operational",
                       "RecordId":  31011,
                       "ProviderName":  "Microsoft-Windows-Sysmon",
                       "RuleName":  "-",
                       "UtcTime":  "2026-06-08 00:36:54.016",
                       "ProcessGuid":  "{f9ed62ee-0ea5-6a26-3e0b-000000009c00}",
                       "ProcessId":  "20956",
                       "Image":  "C:\\Program Files (x86)\\Google\\GoogleUpdater\\150.0.7863.0\\updater.exe",
                       "User":  "NT AUTHORITY\\SYSTEM"
                   },
                   {
                       "EventID":  5,
                       "TimeCreated":  "2026-06-07T20:36:53.6780071-04:00",
                       "Computer":  "DESKTOP-KCP6DQD",
                       "Channel":  "Microsoft-Windows-Sysmon/Operational",
                       "RecordId":  31010,
                       "ProviderName":  "Microsoft-Windows-Sysmon",
                       "RuleName":  "-",
                       "UtcTime":  "2026-06-08 00:36:53.677",
                       "ProcessGuid":  "{f9ed62ee-0e86-6a26-1d0b-000000009c00}",
                       "ProcessId":  "4016",
                       "Image":  "C:\\Program Files (x86)\\Intel\\Intel(R) Extreme Tuning Utility\\XtuService.exe",
                       "User":  "NT AUTHORITY\\SYSTEM"
                   },
                   {
                       "EventID":  5,
                       "TimeCreated":  "2026-06-07T20:36:49.8479863-04:00",
                       "Computer":  "DESKTOP-KCP6DQD",
                       "Channel":  "Microsoft-Windows-Sysmon/Operational",
                       "RecordId":  31009,
                       "ProviderName":  "Microsoft-Windows-Sysmon",
                       "RuleName":  "-",
                       "UtcTime":  "2026-06-08 00:36:49.847",
                       "ProcessGuid":  "{f9ed62ee-0ea1-6a26-3d0b-000000009c00}",
                       "ProcessId":  "10948",
                       "Image":  "C:\\Program Files (x86)\\Google\\GoogleUpdater\\150.0.7863.0\\updater.exe",
                       "User":  "NT AUTHORITY\\SYSTEM"
                   },
                   {
                       "EventID":  5,
                       "TimeCreated":  "2026-06-07T20:36:49.8427268-04:00",
                       "Computer":  "DESKTOP-KCP6DQD",
                       "Channel":  "Microsoft-Windows-Sysmon/Operational",
                       "RecordId":  31008,
                       "ProviderName":  "Microsoft-Windows-Sysmon",
                       "RuleName":  "-",
                       "UtcTime":  "2026-06-08 00:36:49.841",
                       "ProcessGuid":  "{f9ed62ee-0ea1-6a26-3c0b-000000009c00}",
                       "ProcessId":  "21172",
                       "Image":  "C:\\Program Files (x86)\\Google\\GoogleUpdater\\150.0.7863.0\\updater.exe",
                       "User":  "NT AUTHORITY\\SYSTEM"
                   },
                   {
                       "EventID":  5,
                       "TimeCreated":  "2026-06-07T20:36:48.1353659-04:00",
                       "Computer":  "DESKTOP-KCP6DQD",
                       "Channel":  "Microsoft-Windows-Sysmon/Operational",
                       "RecordId":  31007,
                       "ProviderName":  "Microsoft-Windows-Sysmon",
                       "RuleName":  "-",
                       "UtcTime":  "2026-06-08 00:36:48.134",
                       "ProcessGuid":  "{f9ed62ee-0ea0-6a26-3b0b-000000009c00}",
                       "ProcessId":  "21696",
                       "Image":  "C:\\Program Files (x86)\\Google\\GoogleUpdater\\150.0.7863.0\\updater.exe",
                       "User":  "NT AUTHORITY\\SYSTEM"
                   },
                   {
                       "EventID":  5,
                       "TimeCreated":  "2026-06-07T20:36:48.1301780-04:00",
                       "Computer":  "DESKTOP-KCP6DQD",
                       "Channel":  "Microsoft-Windows-Sysmon/Operational",
                       "RecordId":  31006,
                       "ProviderName":  "Microsoft-Windows-Sysmon",
                       "RuleName":  "-",
                       "UtcTime":  "2026-06-08 00:36:48.129",
                       "ProcessGuid":  "{f9ed62ee-0ea0-6a26-3a0b-000000009c00}",
                       "ProcessId":  "18192",
                       "Image":  "C:\\Program Files (x86)\\Google\\GoogleUpdater\\150.0.7863.0\\updater.exe",
                       "User":  "NT AUTHORITY\\SYSTEM"
                   },
                   {
                       "EventID":  5,
                       "TimeCreated":  "2026-06-07T20:36:46.3410149-04:00",
                       "Computer":  "DESKTOP-KCP6DQD",
                       "Channel":  "Microsoft-Windows-Sysmon/Operational",
                       "RecordId":  31005,
                       "ProviderName":  "Microsoft-Windows-Sysmon",
                       "RuleName":  "-",
                       "UtcTime":  "2026-06-08 00:36:46.340",
                       "ProcessGuid":  "{f9ed62ee-0e9e-6a26-390b-000000009c00}",
                       "ProcessId":  "19624",
                       "Image":  "C:\\Program Files (x86)\\Google\\GoogleUpdater\\150.0.7863.0\\updater.exe",
                       "User":  "NT AUTHORITY\\SYSTEM"
                   },
                   {
                       "EventID":  5,
                       "TimeCreated":  "2026-06-07T20:36:46.3353333-04:00",
                       "Computer":  "DESKTOP-KCP6DQD",
                       "Channel":  "Microsoft-Windows-Sysmon/Operational",
                       "RecordId":  31004,
                       "ProviderName":  "Microsoft-Windows-Sysmon",
                       "RuleName":  "-",
                       "UtcTime":  "2026-06-08 00:36:46.334",
                       "ProcessGuid":  "{f9ed62ee-0e9e-6a26-380b-000000009c00}",
                       "ProcessId":  "14520",
                       "Image":  "C:\\Program Files (x86)\\Google\\GoogleUpdater\\150.0.7863.0\\updater.exe",
                       "User":  "NT AUTHORITY\\SYSTEM"
                   },
                   {
                       "EventID":  5,
                       "TimeCreated":  "2026-06-07T20:36:46.2787375-04:00",
                       "Computer":  "DESKTOP-KCP6DQD",
                       "Channel":  "Microsoft-Windows-Sysmon/Operational",
                       "RecordId":  31003,
                       "ProviderName":  "Microsoft-Windows-Sysmon",
                       "RuleName":  "-",
                       "UtcTime":  "2026-06-08 00:36:46.277",
                       "ProcessGuid":  "{f9ed62ee-0e9d-6a26-370b-000000009c00}",
                       "ProcessId":  "19720",
                       "Image":  "C:\\Program Files (x86)\\Microsoft\\EdgeUpdate\\MicrosoftEdgeUpdate.exe",
                       "User":  "NT AUTHORITY\\SYSTEM"
                   },
                   {
                       "EventID":  5,
                       "TimeCreated":  "2026-06-07T20:36:41.5643226-04:00",
                       "Computer":  "DESKTOP-KCP6DQD",
                       "Channel":  "Microsoft-Windows-Sysmon/Operational",
                       "RecordId":  31002,
                       "ProviderName":  "Microsoft-Windows-Sysmon",
                       "RuleName":  "-",
                       "UtcTime":  "2026-06-08 00:36:41.563",
                       "ProcessGuid":  "{f9ed62ee-0e99-6a26-350b-000000009c00}",
                       "ProcessId":  "4536",
                       "Image":  "C:\\Program Files (x86)\\Google\\GoogleUpdater\\150.0.7863.0\\updater.exe",
                       "User":  "NT AUTHORITY\\SYSTEM"
                   },
                   {
                       "EventID":  5,
                       "TimeCreated":  "2026-06-07T20:36:41.5587838-04:00",
                       "Computer":  "DESKTOP-KCP6DQD",
                       "Channel":  "Microsoft-Windows-Sysmon/Operational",
                       "RecordId":  31001,
                       "ProviderName":  "Microsoft-Windows-Sysmon",
                       "RuleName":  "-",
                       "UtcTime":  "2026-06-08 00:36:41.557",
                       "ProcessGuid":  "{f9ed62ee-0e99-6a26-340b-000000009c00}",
                       "ProcessId":  "12052",
                       "Image":  "C:\\Program Files (x86)\\Google\\GoogleUpdater\\150.0.7863.0\\updater.exe",
                       "User":  "NT AUTHORITY\\SYSTEM"
                   },
                   {
                       "EventID":  5,
                       "TimeCreated":  "2026-06-07T20:36:40.2520328-04:00",
                       "Computer":  "DESKTOP-KCP6DQD",
                       "Channel":  "Microsoft-Windows-Sysmon/Operational",
                       "RecordId":  31000,
                       "ProviderName":  "Microsoft-Windows-Sysmon",
                       "RuleName":  "-",
                       "UtcTime":  "2026-06-08 00:36:40.251",
                       "ProcessGuid":  "{f9ed62ee-0e98-6a26-330b-000000009c00}",
                       "ProcessId":  "12340",
                       "Image":  "C:\\Program Files (x86)\\Google\\GoogleUpdater\\150.0.7863.0\\updater.exe",
                       "User":  "NT AUTHORITY\\SYSTEM"
                   },
                   {
                       "EventID":  5,
                       "TimeCreated":  "2026-06-07T20:36:40.2469916-04:00",
                       "Computer":  "DESKTOP-KCP6DQD",
                       "Channel":  "Microsoft-Windows-Sysmon/Operational",
                       "RecordId":  30999,
                       "ProviderName":  "Microsoft-Windows-Sysmon",
                       "RuleName":  "-",
                       "UtcTime":  "2026-06-08 00:36:40.246",
                       "ProcessGuid":  "{f9ed62ee-0e98-6a26-320b-000000009c00}",
                       "ProcessId":  "13720",
                       "Image":  "C:\\Program Files (x86)\\Google\\GoogleUpdater\\150.0.7863.0\\updater.exe",
                       "User":  "NT AUTHORITY\\SYSTEM"
                   },
                   {
                       "EventID":  5,
                       "TimeCreated":  "2026-06-07T20:36:38.8552716-04:00",
                       "Computer":  "DESKTOP-KCP6DQD",
                       "Channel":  "Microsoft-Windows-Sysmon/Operational",
                       "RecordId":  30998,
                       "ProviderName":  "Microsoft-Windows-Sysmon",
                       "RuleName":  "-",
                       "UtcTime":  "2026-06-08 00:36:38.854",
                       "ProcessGuid":  "{f9ed62ee-0e96-6a26-310b-000000009c00}",
                       "ProcessId":  "6804",
                       "Image":  "C:\\Program Files (x86)\\Google\\GoogleUpdater\\150.0.7863.0\\updater.exe",
                       "User":  "NT AUTHORITY\\SYSTEM"
                   },
                   {
                       "EventID":  5,
                       "TimeCreated":  "2026-06-07T20:36:38.8501958-04:00",
                       "Computer":  "DESKTOP-KCP6DQD",
                       "Channel":  "Microsoft-Windows-Sysmon/Operational",
                       "RecordId":  30997,
                       "ProviderName":  "Microsoft-Windows-Sysmon",
                       "RuleName":  "-",
                       "UtcTime":  "2026-06-08 00:36:38.849",
                       "ProcessGuid":  "{f9ed62ee-0e96-6a26-300b-000000009c00}",
                       "ProcessId":  "8756",
                       "Image":  "C:\\Program Files (x86)\\Google\\GoogleUpdater\\150.0.7863.0\\updater.exe",
                       "User":  "NT AUTHORITY\\SYSTEM"
                   },
                   {
                       "EventID":  5,
                       "TimeCreated":  "2026-06-07T20:36:37.8418847-04:00",
                       "Computer":  "DESKTOP-KCP6DQD",
                       "Channel":  "Microsoft-Windows-Sysmon/Operational",
                       "RecordId":  30996,
                       "ProviderName":  "Microsoft-Windows-Sysmon",
                       "RuleName":  "-",
                       "UtcTime":  "2026-06-08 00:36:37.841",
                       "ProcessGuid":  "{f9ed62ee-0e86-6a26-1e0b-000000009c00}",
                       "ProcessId":  "12592",
                       "Image":  "C:\\Windows\\System32\\WindowsPowerShell\\v1.0\\powershell.exe",
                       "User":  "DESKTOP-KCP6DQD\\nueva"
                   },
                   {
                       "EventID":  5,
                       "TimeCreated":  "2026-06-07T20:36:37.7926195-04:00",
                       "Computer":  "DESKTOP-KCP6DQD",
                       "Channel":  "Microsoft-Windows-Sysmon/Operational",
                       "RecordId":  30995,
                       "ProviderName":  "Microsoft-Windows-Sysmon",
                       "RuleName":  "-",
                       "UtcTime":  "2026-06-08 00:36:37.791",
                       "ProcessGuid":  "{f9ed62ee-0e93-6a26-2f0b-000000009c00}",
                       "ProcessId":  "19784",
                       "Image":  "C:\\Users\\nueva\\AppData\\Local\\Programs\\Python\\Python310\\python.exe",
                       "User":  "DESKTOP-KCP6DQD\\nueva"
                   },
