                   {
                       "EventID":  5,
                       "TimeCreated":  "2026-06-07T21:34:54.5723465-04:00",
                       "Computer":  "DESKTOP-KCP6DQD",
                       "Channel":  "Microsoft-Windows-Sysmon/Operational",
                       "RecordId":  31371,
                       "ProviderName":  "Microsoft-Windows-Sysmon",
                       "RuleName":  "-",
                       "UtcTime":  "2026-06-08 01:34:54.570",
                       "ProcessGuid":  "{f9ed62ee-1c39-6a26-7d0d-000000009c00}",
                       "ProcessId":  "22176",
                       "Image":  "C:\\Program Files\\WindowsApps\\Microsoft.ScreenSketch_11.2602.49.0_x64__8wekyb3d8bbwe\\SnippingTool\\SnippingTool.exe",
                       "User":  "DESKTOP-KCP6DQD\\nueva"
                   },
                   {
                       "EventID":  5,
                       "TimeCreated":  "2026-06-07T21:34:45.4187084-04:00",
                       "Computer":  "DESKTOP-KCP6DQD",
                       "Channel":  "Microsoft-Windows-Sysmon/Operational",
                       "RecordId":  31370,
                       "ProviderName":  "Microsoft-Windows-Sysmon",
                       "RuleName":  "-",
                       "UtcTime":  "2026-06-08 01:34:45.414",
                       "ProcessGuid":  "{f9ed62ee-1c16-6a26-7b0d-000000009c00}",
                       "ProcessId":  "11176",
                       "Image":  "C:\\Program Files (x86)\\Intel\\Intel(R) Extreme Tuning Utility\\XtuService.exe",
                       "User":  "NT AUTHORITY\\SYSTEM"
                   },
                   {
                       "EventID":  5,
                       "TimeCreated":  "2026-06-07T21:34:22.9952105-04:00",
                       "Computer":  "DESKTOP-KCP6DQD",
                       "Channel":  "Microsoft-Windows-Sysmon/Operational",
                       "RecordId":  31369,
                       "ProviderName":  "Microsoft-Windows-Sysmon",
                       "RuleName":  "-",
                       "UtcTime":  "2026-06-08 01:34:22.993",
                       "ProcessGuid":  "{f9ed62ee-1bff-6a26-790d-000000009c00}",
                       "ProcessId":  "2612",
                       "Image":  "C:\\Program Files (x86)\\Intel\\Intel(R) Extreme Tuning Utility\\XtuService.exe",
                       "User":  "NT AUTHORITY\\SYSTEM"
                   },
                   {
                       "EventID":  5,
                       "TimeCreated":  "2026-06-07T21:34:00.8953990-04:00",
                       "Computer":  "DESKTOP-KCP6DQD",
                       "Channel":  "Microsoft-Windows-Sysmon/Operational",
                       "RecordId":  31368,
                       "ProviderName":  "Microsoft-Windows-Sysmon",
                       "RuleName":  "-",
                       "UtcTime":  "2026-06-08 01:34:00.895",
                       "ProcessGuid":  "{f9ed62ee-1be9-6a26-780d-000000009c00}",
                       "ProcessId":  "13808",
                       "Image":  "C:\\Program Files (x86)\\Intel\\Intel(R) Extreme Tuning Utility\\XtuService.exe",
                       "User":  "NT AUTHORITY\\SYSTEM"
                   },
                   {
                       "EventID":  5,
                       "TimeCreated":  "2026-06-07T21:33:56.9835801-04:00",
                       "Computer":  "DESKTOP-KCP6DQD",
                       "Channel":  "Microsoft-Windows-Sysmon/Operational",
                       "RecordId":  31367,
                       "ProviderName":  "Microsoft-Windows-Sysmon",
                       "RuleName":  "-",
                       "UtcTime":  "2026-06-08 01:33:56.981",
                       "ProcessGuid":  "{f9ed62ee-1c02-6a26-7a0d-000000009c00}",
                       "ProcessId":  "11660",
                       "Image":  "C:\\Windows\\System32\\WindowsPowerShell\\v1.0\\powershell.exe",
                       "User":  "DESKTOP-KCP6DQD\\nueva"
                   },
                   {
                       "EventID":  5,
                       "TimeCreated":  "2026-06-07T21:33:55.7120777-04:00",
                       "Computer":  "DESKTOP-KCP6DQD",
                       "Channel":  "Microsoft-Windows-Sysmon/Operational",
                       "RecordId":  31366,
                       "ProviderName":  "Microsoft-Windows-Sysmon",
                       "RuleName":  "-",
                       "UtcTime":  "2026-06-08 01:33:55.705",
                       "ProcessGuid":  "{f9ed62ee-1ae6-6a26-420d-000000009c00}",
                       "ProcessId":  "13068",
                       "Image":  "C:\\Windows\\System32\\SearchProtocolHost.exe",
                       "User":  "NT AUTHORITY\\SYSTEM"
                   },
                   {
                       "EventID":  5,
                       "TimeCreated":  "2026-06-07T21:33:46.2115765-04:00",
                       "Computer":  "DESKTOP-KCP6DQD",
                       "Channel":  "Microsoft-Windows-Sysmon/Operational",
                       "RecordId":  31365,
                       "ProviderName":  "Microsoft-Windows-Sysmon",
                       "RuleName":  "-",
                       "UtcTime":  "2026-06-08 01:33:46.211",
                       "ProcessGuid":  "{f9ed62ee-1ae6-6a26-430d-000000009c00}",
                       "ProcessId":  "10740",
                       "Image":  "C:\\Windows\\System32\\SearchFilterHost.exe",
                       "User":  "NT AUTHORITY\\SYSTEM"
                   },
                   {
                       "EventID":  5,
                       "TimeCreated":  "2026-06-07T21:33:46.2027345-04:00",
                       "Computer":  "DESKTOP-KCP6DQD",
                       "Channel":  "Microsoft-Windows-Sysmon/Operational",
                       "RecordId":  31364,
                       "ProviderName":  "Microsoft-Windows-Sysmon",
                       "RuleName":  "-",
                       "UtcTime":  "2026-06-08 01:33:46.195",
                       "ProcessGuid":  "{f9ed62ee-1ae6-6a26-440d-000000009c00}",
                       "ProcessId":  "2036",
                       "Image":  "C:\\Windows\\System32\\SearchFilterHost.exe",
                       "User":  "NT AUTHORITY\\SYSTEM"
                   },
                   {
                       "EventID":  5,
                       "TimeCreated":  "2026-06-07T21:33:38.6034574-04:00",
                       "Computer":  "DESKTOP-KCP6DQD",
                       "Channel":  "Microsoft-Windows-Sysmon/Operational",
                       "RecordId":  31363,
                       "ProviderName":  "Microsoft-Windows-Sysmon",
                       "RuleName":  "-",
                       "UtcTime":  "2026-06-08 01:33:38.603",
                       "ProcessGuid":  "{f9ed62ee-1bd3-6a26-720d-000000009c00}",
                       "ProcessId":  "12272",
                       "Image":  "C:\\Program Files (x86)\\Intel\\Intel(R) Extreme Tuning Utility\\XtuService.exe",
                       "User":  "NT AUTHORITY\\SYSTEM"
                   },
                   {
                       "EventID":  5,
                       "TimeCreated":  "2026-06-07T21:33:23.9055189-04:00",
                       "Computer":  "DESKTOP-KCP6DQD",
                       "Channel":  "Microsoft-Windows-Sysmon/Operational",
                       "RecordId":  31362,
                       "ProviderName":  "Microsoft-Windows-Sysmon",
                       "RuleName":  "-",
                       "UtcTime":  "2026-06-08 01:33:23.898",
                       "ProcessGuid":  "{f9ed62ee-1be3-6a26-760d-000000009c00}",
                       "ProcessId":  "15068",
                       "Image":  "C:\\Windows\\System32\\WindowsPowerShell\\v1.0\\powershell.exe",
                       "User":  "DESKTOP-KCP6DQD\\nueva"
                   },
                   {
                       "EventID":  5,
                       "TimeCreated":  "2026-06-07T21:33:16.3997416-04:00",
                       "Computer":  "DESKTOP-KCP6DQD",
                       "Channel":  "Microsoft-Windows-Sysmon/Operational",
                       "RecordId":  31361,
                       "ProviderName":  "Microsoft-Windows-Sysmon",
                       "RuleName":  "-",
                       "UtcTime":  "2026-06-08 01:33:16.397",
                       "ProcessGuid":  "{f9ed62ee-1bbd-6a26-6e0d-000000009c00}",
                       "ProcessId":  "11932",
                       "Image":  "C:\\Program Files (x86)\\Intel\\Intel(R) Extreme Tuning Utility\\XtuService.exe",
                       "User":  "NT AUTHORITY\\SYSTEM"
                   },
                   {
                       "EventID":  5,
                       "TimeCreated":  "2026-06-07T21:33:08.1872244-04:00",
                       "Computer":  "DESKTOP-KCP6DQD",
                       "Channel":  "Microsoft-Windows-Sysmon/Operational",
                       "RecordId":  31360,
                       "ProviderName":  "Microsoft-Windows-Sysmon",
                       "RuleName":  "-",
                       "UtcTime":  "2026-06-08 01:33:08.185",
                       "ProcessGuid":  "{f9ed62ee-1bd3-6a26-710d-000000009c00}",
                       "ProcessId":  "15720",
                       "Image":  "C:\\Windows\\System32\\WindowsPowerShell\\v1.0\\powershell.exe",
                       "User":  "DESKTOP-KCP6DQD\\nueva"
                   },
                   {
                       "EventID":  5,
                       "TimeCreated":  "2026-06-07T21:32:54.0447819-04:00",
                       "Computer":  "DESKTOP-KCP6DQD",
                       "Channel":  "Microsoft-Windows-Sysmon/Operational",
                       "RecordId":  31359,
                       "ProviderName":  "Microsoft-Windows-Sysmon",
                       "RuleName":  "-",
                       "UtcTime":  "2026-06-08 01:32:54.043",
                       "ProcessGuid":  "{f9ed62ee-1ba6-6a26-670d-000000009c00}",
                       "ProcessId":  "13176",
                       "Image":  "C:\\Program Files (x86)\\Intel\\Intel(R) Extreme Tuning Utility\\XtuService.exe",
                       "User":  "NT AUTHORITY\\SYSTEM"
                   },
                   {
                       "EventID":  5,
                       "TimeCreated":  "2026-06-07T21:32:40.4680708-04:00",
                       "Computer":  "DESKTOP-KCP6DQD",
                       "Channel":  "Microsoft-Windows-Sysmon/Operational",
                       "RecordId":  31358,
                       "ProviderName":  "Microsoft-Windows-Sysmon",
                       "RuleName":  "-",
                       "UtcTime":  "2026-06-08 01:32:40.467",
                       "ProcessGuid":  "{f9ed62ee-1bb3-6a26-6b0d-000000009c00}",
                       "ProcessId":  "20068",
                       "Image":  "C:\\Program Files\\WindowsApps\\Microsoft.ScreenSketch_11.2602.49.0_x64__8wekyb3d8bbwe\\SnippingTool\\SnippingTool.exe",
                       "User":  "DESKTOP-KCP6DQD\\nueva"
                   },
                   {
                       "EventID":  5,
                       "TimeCreated":  "2026-06-07T21:32:31.8165823-04:00",
                       "Computer":  "DESKTOP-KCP6DQD",
                       "Channel":  "Microsoft-Windows-Sysmon/Operational",
                       "RecordId":  31357,
                       "ProviderName":  "Microsoft-Windows-Sysmon",
                       "RuleName":  "-",
                       "UtcTime":  "2026-06-08 01:32:31.814",
                       "ProcessGuid":  "{f9ed62ee-1b90-6a26-650d-000000009c00}",
                       "ProcessId":  "5652",
                       "Image":  "C:\\Program Files (x86)\\Intel\\Intel(R) Extreme Tuning Utility\\XtuService.exe",
                       "User":  "NT AUTHORITY\\SYSTEM"
                   },
                   {
                       "EventID":  5,
                       "TimeCreated":  "2026-06-07T21:32:30.3740128-04:00",
                       "Computer":  "DESKTOP-KCP6DQD",
                       "Channel":  "Microsoft-Windows-Sysmon/Operational",
                       "RecordId":  31356,
                       "ProviderName":  "Microsoft-Windows-Sysmon",
                       "RuleName":  "-",
                       "UtcTime":  "2026-06-08 01:32:30.361",
                       "ProcessGuid":  "{f9ed62ee-1bad-6a26-680d-000000009c00}",
                       "ProcessId":  "21356",
                       "Image":  "C:\\Windows\\System32\\WindowsPowerShell\\v1.0\\powershell.exe",
                       "User":  "DESKTOP-KCP6DQD\\nueva"
                   },
                   {
                       "EventID":  5,
                       "TimeCreated":  "2026-06-07T21:32:25.3393740-04:00",
                       "Computer":  "DESKTOP-KCP6DQD",
                       "Channel":  "Microsoft-Windows-Sysmon/Operational",
                       "RecordId":  31355,
                       "ProviderName":  "Microsoft-Windows-Sysmon",
                       "RuleName":  "-",
                       "UtcTime":  "2026-06-08 01:32:25.338",
                       "ProcessGuid":  "{f9ed62ee-1642-6a26-850c-000000009c00}",
                       "ProcessId":  "2380",
                       "Image":  "C:\\Windows\\System32\\WindowsPowerShell\\v1.0\\powershell_ise.exe",
                       "User":  "DESKTOP-KCP6DQD\\nueva"
                   },
                   {
                       "EventID":  5,
                       "TimeCreated":  "2026-06-07T21:32:09.5531933-04:00",
                       "Computer":  "DESKTOP-KCP6DQD",
                       "Channel":  "Microsoft-Windows-Sysmon/Operational",
                       "RecordId":  31354,
                       "ProviderName":  "Microsoft-Windows-Sysmon",
                       "RuleName":  "-",
                       "UtcTime":  "2026-06-08 01:32:09.552",
                       "ProcessGuid":  "{f9ed62ee-1b7a-6a26-630d-000000009c00}",
                       "ProcessId":  "12536",
                       "Image":  "C:\\Program Files (x86)\\Intel\\Intel(R) Extreme Tuning Utility\\XtuService.exe",
                       "User":  "NT AUTHORITY\\SYSTEM"
                   },
                   {
                       "EventID":  5,
                       "TimeCreated":  "2026-06-07T21:31:47.4360624-04:00",
                       "Computer":  "DESKTOP-KCP6DQD",
                       "Channel":  "Microsoft-Windows-Sysmon/Operational",
                       "RecordId":  31353,
                       "ProviderName":  "Microsoft-Windows-Sysmon",
                       "RuleName":  "-",
                       "UtcTime":  "2026-06-08 01:31:47.434",
                       "ProcessGuid":  "{f9ed62ee-1b64-6a26-560d-000000009c00}",
                       "ProcessId":  "7732",
                       "Image":  "C:\\Program Files (x86)\\Intel\\Intel(R) Extreme Tuning Utility\\XtuService.exe",
                       "User":  "NT AUTHORITY\\SYSTEM"
                   },
                   {
                       "EventID":  5,
                       "TimeCreated":  "2026-06-07T21:31:30.4823378-04:00",
                       "Computer":  "DESKTOP-KCP6DQD",
                       "Channel":  "Microsoft-Windows-Sysmon/Operational",
                       "RecordId":  31352,
                       "ProviderName":  "Microsoft-Windows-Sysmon",
                       "RuleName":  "-",
                       "UtcTime":  "2026-06-08 01:31:30.481",
                       "ProcessGuid":  "{f9ed62ee-1b72-6a26-600d-000000009c00}",
                       "ProcessId":  "7684",
                       "Image":  "C:\\Program Files\\Git\\cmd\\git.exe",
                       "User":  "DESKTOP-KCP6DQD\\nueva"
                   },
                   {
                       "EventID":  5,
                       "TimeCreated":  "2026-06-07T21:31:30.4740721-04:00",
                       "Computer":  "DESKTOP-KCP6DQD",
                       "Channel":  "Microsoft-Windows-Sysmon/Operational",
                       "RecordId":  31351,
                       "ProviderName":  "Microsoft-Windows-Sysmon",
                       "RuleName":  "-",
                       "UtcTime":  "2026-06-08 01:31:30.473",
                       "ProcessGuid":  "{f9ed62ee-1b72-6a26-620d-000000009c00}",
                       "ProcessId":  "14008",
                       "Image":  "C:\\Program Files\\Git\\mingw64\\bin\\git.exe",
                       "User":  "DESKTOP-KCP6DQD\\nueva"
                   },
                   {
                       "EventID":  5,
                       "TimeCreated":  "2026-06-07T21:31:29.9813329-04:00",
                       "Computer":  "DESKTOP-KCP6DQD",
                       "Channel":  "Microsoft-Windows-Sysmon/Operational",
                       "RecordId":  31350,
                       "ProviderName":  "Microsoft-Windows-Sysmon",
                       "RuleName":  "-",
                       "UtcTime":  "2026-06-08 01:31:29.980",
                       "ProcessGuid":  "{f9ed62ee-1b6a-6a26-5d0d-000000009c00}",
                       "ProcessId":  "12360",
                       "Image":  "C:\\Program Files\\WindowsApps\\Microsoft.ScreenSketch_11.2602.49.0_x64__8wekyb3d8bbwe\\SnippingTool\\SnippingTool.exe",
                       "User":  "DESKTOP-KCP6DQD\\nueva"
                   },
                   {
                       "EventID":  5,
                       "TimeCreated":  "2026-06-07T21:31:25.1289780-04:00",
                       "Computer":  "DESKTOP-KCP6DQD",
                       "Channel":  "Microsoft-Windows-Sysmon/Operational",
                       "RecordId":  31349,
                       "ProviderName":  "Microsoft-Windows-Sysmon",
                       "RuleName":  "-",
                       "UtcTime":  "2026-06-08 01:31:25.126",
                       "ProcessGuid":  "{f9ed62ee-1b4e-6a26-4b0d-000000009c00}",
                       "ProcessId":  "15884",
                       "Image":  "C:\\Program Files (x86)\\Intel\\Intel(R) Extreme Tuning Utility\\XtuService.exe",
                       "User":  "NT AUTHORITY\\SYSTEM"
                   },
                   {
                       "EventID":  5,
                       "TimeCreated":  "2026-06-07T21:31:25.0845966-04:00",
                       "Computer":  "DESKTOP-KCP6DQD",
                       "Channel":  "Microsoft-Windows-Sysmon/Operational",
                       "RecordId":  31348,
                       "ProviderName":  "Microsoft-Windows-Sysmon",
                       "RuleName":  "-",
                       "UtcTime":  "2026-06-08 01:31:25.081",
                       "ProcessGuid":  "{f9ed62ee-1b60-6a26-530d-000000009c00}",
                       "ProcessId":  "21328",
                       "Image":  "C:\\Program Files (x86)\\Google\\GoogleUpdater\\150.0.7863.0\\updater.exe",
                       "User":  "NT AUTHORITY\\SYSTEM"
                   },
                   {
                       "EventID":  5,
                       "TimeCreated":  "2026-06-07T21:31:25.0844721-04:00",
                       "Computer":  "DESKTOP-KCP6DQD",
                       "Channel":  "Microsoft-Windows-Sysmon/Operational",
                       "RecordId":  31347,
                       "ProviderName":  "Microsoft-Windows-Sysmon",
                       "RuleName":  "-",
                       "UtcTime":  "2026-06-08 01:31:25.081",
                       "ProcessGuid":  "{f9ed62ee-1b60-6a26-550d-000000009c00}",
                       "ProcessId":  "16596",
                       "Image":  "C:\\Program Files (x86)\\Google\\GoogleUpdater\\150.0.7863.0\\updater.exe",
                       "User":  "NT AUTHORITY\\SYSTEM"
                   },
                   {
                       "EventID":  5,
                       "TimeCreated":  "2026-06-07T21:31:25.0728685-04:00",
                       "Computer":  "DESKTOP-KCP6DQD",
                       "Channel":  "Microsoft-Windows-Sysmon/Operational",
                       "RecordId":  31346,
                       "ProviderName":  "Microsoft-Windows-Sysmon",
                       "RuleName":  "-",
                       "UtcTime":  "2026-06-08 01:31:25.070",
                       "ProcessGuid":  "{f9ed62ee-1b60-6a26-540d-000000009c00}",
                       "ProcessId":  "20068",
                       "Image":  "C:\\Program Files (x86)\\Google\\GoogleUpdater\\150.0.7863.0\\updater.exe",
                       "User":  "NT AUTHORITY\\SYSTEM"
                   },
                   {
                       "EventID":  5,
                       "TimeCreated":  "2026-06-07T21:31:25.0727981-04:00",
                       "Computer":  "DESKTOP-KCP6DQD",
                       "Channel":  "Microsoft-Windows-Sysmon/Operational",
                       "RecordId":  31345,
                       "ProviderName":  "Microsoft-Windows-Sysmon",
                       "RuleName":  "-",
                       "UtcTime":  "2026-06-08 01:31:25.070",
                       "ProcessGuid":  "{f9ed62ee-1b60-6a26-520d-000000009c00}",
                       "ProcessId":  "4804",
                       "Image":  "C:\\Program Files (x86)\\Google\\GoogleUpdater\\150.0.7863.0\\updater.exe",
                       "User":  "NT AUTHORITY\\SYSTEM"
                   },
                   {
                       "EventID":  5,
                       "TimeCreated":  "2026-06-07T21:31:18.9845793-04:00",
                       "Computer":  "DESKTOP-KCP6DQD",
                       "Channel":  "Microsoft-Windows-Sysmon/Operational",
                       "RecordId":  31344,
                       "ProviderName":  "Microsoft-Windows-Sysmon",
                       "RuleName":  "-",
                       "UtcTime":  "2026-06-08 01:31:18.983",
                       "ProcessGuid":  "{f9ed62ee-1b66-6a26-5a0d-000000009c00}",
                       "ProcessId":  "5444",
                       "Image":  "C:\\Program Files\\Git\\cmd\\git.exe",
                       "User":  "DESKTOP-KCP6DQD\\nueva"
                   },
                   {
                       "EventID":  5,
                       "TimeCreated":  "2026-06-07T21:31:18.9819533-04:00",
                       "Computer":  "DESKTOP-KCP6DQD",
                       "Channel":  "Microsoft-Windows-Sysmon/Operational",
                       "RecordId":  31343,
                       "ProviderName":  "Microsoft-Windows-Sysmon",
                       "RuleName":  "-",
                       "UtcTime":  "2026-06-08 01:31:18.980",
                       "ProcessGuid":  "{f9ed62ee-1b66-6a26-5c0d-000000009c00}",
                       "ProcessId":  "21316",
                       "Image":  "C:\\Program Files\\Git\\mingw64\\bin\\git.exe",
                       "User":  "DESKTOP-KCP6DQD\\nueva"
                   },
                   {
                       "EventID":  5,
                       "TimeCreated":  "2026-06-07T21:31:17.8890557-04:00",
                       "Computer":  "DESKTOP-KCP6DQD",
                       "Channel":  "Microsoft-Windows-Sysmon/Operational",
                       "RecordId":  31342,
                       "ProviderName":  "Microsoft-Windows-Sysmon",
                       "RuleName":  "-",
                       "UtcTime":  "2026-06-08 01:31:17.888",
                       "ProcessGuid":  "{f9ed62ee-1b65-6a26-570d-000000009c00}",
                       "ProcessId":  "2688",
                       "Image":  "C:\\Program Files\\Git\\cmd\\git.exe",
                       "User":  "DESKTOP-KCP6DQD\\nueva"
                   },
                   {
                       "EventID":  5,
                       "TimeCreated":  "2026-06-07T21:31:17.8854653-04:00",
                       "Computer":  "DESKTOP-KCP6DQD",
                       "Channel":  "Microsoft-Windows-Sysmon/Operational",
                       "RecordId":  31341,
                       "ProviderName":  "Microsoft-Windows-Sysmon",
                       "RuleName":  "-",
                       "UtcTime":  "2026-06-08 01:31:17.884",
                       "ProcessGuid":  "{f9ed62ee-1b65-6a26-590d-000000009c00}",
                       "ProcessId":  "20012",
                       "Image":  "C:\\Program Files\\Git\\mingw64\\bin\\git.exe",
                       "User":  "DESKTOP-KCP6DQD\\nueva"
                   },
                   {
                       "EventID":  5,
                       "TimeCreated":  "2026-06-07T21:31:15.4393079-04:00",
                       "Computer":  "DESKTOP-KCP6DQD",
                       "Channel":  "Microsoft-Windows-Sysmon/Operational",
                       "RecordId":  31340,
                       "ProviderName":  "Microsoft-Windows-Sysmon",
                       "RuleName":  "-",
                       "UtcTime":  "2026-06-08 01:31:15.438",
                       "ProcessGuid":  "{f9ed62ee-1b5f-6a26-4e0d-000000009c00}",
                       "ProcessId":  "11928",
                       "Image":  "C:\\Users\\nueva\\AppData\\Roaming\\Zoom\\bin\\Zoom.exe",
                       "User":  "DESKTOP-KCP6DQD\\nueva"
                   },
                   {
                       "EventID":  5,
                       "TimeCreated":  "2026-06-07T21:31:15.0719087-04:00",
                       "Computer":  "DESKTOP-KCP6DQD",
                       "Channel":  "Microsoft-Windows-Sysmon/Operational",
                       "RecordId":  31339,
                       "ProviderName":  "Microsoft-Windows-Sysmon",
                       "RuleName":  "-",
                       "UtcTime":  "2026-06-08 01:31:15.058",
                       "ProcessGuid":  "{f9ed62ee-1b5f-6a26-510d-000000009c00}",
                       "ProcessId":  "7628",
                       "Image":  "C:\\Program Files (x86)\\Google\\GoogleUpdater\\150.0.7863.0\\updater.exe",
                       "User":  "NT AUTHORITY\\SYSTEM"
                   },
                   {
                       "EventID":  5,
                       "TimeCreated":  "2026-06-07T21:31:15.0675937-04:00",
                       "Computer":  "DESKTOP-KCP6DQD",
                       "Channel":  "Microsoft-Windows-Sysmon/Operational",
                       "RecordId":  31338,
                       "ProviderName":  "Microsoft-Windows-Sysmon",
                       "RuleName":  "-",
                       "UtcTime":  "2026-06-08 01:31:15.058",
                       "ProcessGuid":  "{f9ed62ee-1b5f-6a26-4f0d-000000009c00}",
                       "ProcessId":  "10916",
                       "Image":  "C:\\Program Files (x86)\\Google\\GoogleUpdater\\150.0.7863.0\\updater.exe",
                       "User":  "NT AUTHORITY\\SYSTEM"
                   },
                   {
                       "EventID":  5,
                       "TimeCreated":  "2026-06-07T21:31:12.1305584-04:00",
                       "Computer":  "DESKTOP-KCP6DQD",
                       "Channel":  "Microsoft-Windows-Sysmon/Operational",
                       "RecordId":  31337,
                       "ProviderName":  "Microsoft-Windows-Sysmon",
                       "RuleName":  "-",
                       "UtcTime":  "2026-06-08 01:31:12.125",
                       "ProcessGuid":  "{f9ed62ee-1b5f-6a26-500d-000000009c00}",
                       "ProcessId":  "12608",
                       "Image":  "C:\\Program Files (x86)\\BraveSoftware\\Update\\BraveUpdate.exe",
                       "User":  "NT AUTHORITY\\SYSTEM"
                   },
                   {
                       "EventID":  5,
                       "TimeCreated":  "2026-06-07T21:31:02.9072128-04:00",
                       "Computer":  "DESKTOP-KCP6DQD",
                       "Channel":  "Microsoft-Windows-Sysmon/Operational",
                       "RecordId":  31336,
                       "ProviderName":  "Microsoft-Windows-Sysmon",
                       "RuleName":  "-",
                       "UtcTime":  "2026-06-08 01:31:02.905",
                       "ProcessGuid":  "{f9ed62ee-1b37-6a26-4a0d-000000009c00}",
                       "ProcessId":  "10828",
                       "Image":  "C:\\Program Files (x86)\\Intel\\Intel(R) Extreme Tuning Utility\\XtuService.exe",
                       "User":  "NT AUTHORITY\\SYSTEM"
                   },
                   {
                       "EventID":  5,
                       "TimeCreated":  "2026-06-07T21:31:01.7089500-04:00",
                       "Computer":  "DESKTOP-KCP6DQD",
                       "Channel":  "Microsoft-Windows-Sysmon/Operational",
                       "RecordId":  31335,
                       "ProviderName":  "Microsoft-Windows-Sysmon",
                       "RuleName":  "-",
                       "UtcTime":  "2026-06-08 01:31:01.703",
                       "ProcessGuid":  "{f9ed62ee-1b55-6a26-4d0d-000000009c00}",
                       "ProcessId":  "13028",
                       "Image":  "C:\\Windows\\SystemApps\\MicrosoftWindows.Client.CBS_cw5n1h2txyewy\\SoftLandingTask\\SoftLandingTask.exe",
                       "User":  "DESKTOP-KCP6DQD\\nueva"
                   },
                   {
                       "EventID":  5,
                       "TimeCreated":  "2026-06-07T21:30:40.7934919-04:00",
                       "Computer":  "DESKTOP-KCP6DQD",
                       "Channel":  "Microsoft-Windows-Sysmon/Operational",
                       "RecordId":  31334,
                       "ProviderName":  "Microsoft-Windows-Sysmon",
                       "RuleName":  "-",
                       "UtcTime":  "2026-06-08 01:30:40.792",
                       "ProcessGuid":  "{f9ed62ee-1b21-6a26-490d-000000009c00}",
                       "ProcessId":  "5016",
                       "Image":  "C:\\Program Files (x86)\\Intel\\Intel(R) Extreme Tuning Utility\\XtuService.exe",
                       "User":  "NT AUTHORITY\\SYSTEM"
                   },
                   {
                       "EventID":  5,
                       "TimeCreated":  "2026-06-07T21:30:18.5547742-04:00",
                       "Computer":  "DESKTOP-KCP6DQD",
                       "Channel":  "Microsoft-Windows-Sysmon/Operational",
                       "RecordId":  31333,
                       "ProviderName":  "Microsoft-Windows-Sysmon",
                       "RuleName":  "-",
                       "UtcTime":  "2026-06-08 01:30:18.553",
                       "ProcessGuid":  "{f9ed62ee-1b0b-6a26-460d-000000009c00}",
                       "ProcessId":  "7664",
                       "Image":  "C:\\Program Files (x86)\\Intel\\Intel(R) Extreme Tuning Utility\\XtuService.exe",
                       "User":  "NT AUTHORITY\\SYSTEM"
                   },
                   {
                       "EventID":  5,
                       "TimeCreated":  "2026-06-07T21:30:06.5266818-04:00",
                       "Computer":  "DESKTOP-KCP6DQD",
                       "Channel":  "Microsoft-Windows-Sysmon/Operational",
                       "RecordId":  31332,
                       "ProviderName":  "Microsoft-Windows-Sysmon",
                       "RuleName":  "-",
                       "UtcTime":  "2026-06-08 01:30:06.519",
                       "ProcessGuid":  "{f9ed62ee-1b1e-6a26-470d-000000009c00}",
                       "ProcessId":  "10696",
                       "Image":  "C:\\Windows\\System32\\WindowsPowerShell\\v1.0\\powershell.exe",
                       "User":  "DESKTOP-KCP6DQD\\nueva"
                   },
                   {
                       "EventID":  5,
                       "TimeCreated":  "2026-06-07T21:29:56.4506064-04:00",
                       "Computer":  "DESKTOP-KCP6DQD",
                       "Channel":  "Microsoft-Windows-Sysmon/Operational",
                       "RecordId":  31331,
                       "ProviderName":  "Microsoft-Windows-Sysmon",
                       "RuleName":  "-",
                       "UtcTime":  "2026-06-08 01:29:56.449",
                       "ProcessGuid":  "{f9ed62ee-1af5-6a26-450d-000000009c00}",
                       "ProcessId":  "8816",
                       "Image":  "C:\\Program Files (x86)\\Intel\\Intel(R) Extreme Tuning Utility\\XtuService.exe",
                       "User":  "NT AUTHORITY\\SYSTEM"
                   },
                   {
                       "EventID":  5,
                       "TimeCreated":  "2026-06-07T21:29:33.9658349-04:00",
                       "Computer":  "DESKTOP-KCP6DQD",
                       "Channel":  "Microsoft-Windows-Sysmon/Operational",
                       "RecordId":  31330,
                       "ProviderName":  "Microsoft-Windows-Sysmon",
                       "RuleName":  "-",
                       "UtcTime":  "2026-06-08 01:29:33.965",
                       "ProcessGuid":  "{f9ed62ee-1ade-6a26-3e0d-000000009c00}",
                       "ProcessId":  "18416",
                       "Image":  "C:\\Program Files (x86)\\Intel\\Intel(R) Extreme Tuning Utility\\XtuService.exe",
                       "User":  "NT AUTHORITY\\SYSTEM"
                   },
                   {
                       "EventID":  5,
                       "TimeCreated":  "2026-06-07T21:29:11.7923375-04:00",
                       "Computer":  "DESKTOP-KCP6DQD",
                       "Channel":  "Microsoft-Windows-Sysmon/Operational",
                       "RecordId":  31329,
                       "ProviderName":  "Microsoft-Windows-Sysmon",
                       "RuleName":  "-",
                       "UtcTime":  "2026-06-08 01:29:11.791",
                       "ProcessGuid":  "{f9ed62ee-1ac8-6a26-3b0d-000000009c00}",
                       "ProcessId":  "20988",
                       "Image":  "C:\\Program Files (x86)\\Intel\\Intel(R) Extreme Tuning Utility\\XtuService.exe",
                       "User":  "NT AUTHORITY\\SYSTEM"
                   },
                   {
                       "EventID":  5,
                       "TimeCreated":  "2026-06-07T21:29:09.4895297-04:00",
                       "Computer":  "DESKTOP-KCP6DQD",
                       "Channel":  "Microsoft-Windows-Sysmon/Operational",
                       "RecordId":  31328,
                       "ProviderName":  "Microsoft-Windows-Sysmon",
                       "RuleName":  "-",
                       "UtcTime":  "2026-06-08 01:29:09.485",
                       "ProcessGuid":  "{f9ed62ee-1ae1-6a26-3f0d-000000009c00}",
                       "ProcessId":  "2196",
                       "Image":  "C:\\Program Files\\WindowsApps\\Microsoft.ScreenSketch_11.2602.49.0_x64__8wekyb3d8bbwe\\SnippingTool\\SnippingTool.exe",
                       "User":  "DESKTOP-KCP6DQD\\nueva"
                   },
                   {
                       "EventID":  5,
                       "TimeCreated":  "2026-06-07T21:28:49.5521509-04:00",
                       "Computer":  "DESKTOP-KCP6DQD",
                       "Channel":  "Microsoft-Windows-Sysmon/Operational",
                       "RecordId":  31327,
                       "ProviderName":  "Microsoft-Windows-Sysmon",
                       "RuleName":  "-",
                       "UtcTime":  "2026-06-08 01:28:49.551",
                       "ProcessGuid":  "{f9ed62ee-1ab2-6a26-370d-000000009c00}",
                       "ProcessId":  "3792",
                       "Image":  "C:\\Program Files (x86)\\Intel\\Intel(R) Extreme Tuning Utility\\XtuService.exe",
                       "User":  "NT AUTHORITY\\SYSTEM"
                   },
                   {
                       "EventID":  5,
                       "TimeCreated":  "2026-06-07T21:28:27.3350564-04:00",
                       "Computer":  "DESKTOP-KCP6DQD",
                       "Channel":  "Microsoft-Windows-Sysmon/Operational",
                       "RecordId":  31326,
                       "ProviderName":  "Microsoft-Windows-Sysmon",
                       "RuleName":  "-",
                       "UtcTime":  "2026-06-08 01:28:27.333",
                       "ProcessGuid":  "{f9ed62ee-1a9c-6a26-330d-000000009c00}",
                       "ProcessId":  "8612",
                       "Image":  "C:\\Program Files (x86)\\Intel\\Intel(R) Extreme Tuning Utility\\XtuService.exe",
                       "User":  "NT AUTHORITY\\SYSTEM"
                   },
                   {
                       "EventID":  5,
                       "TimeCreated":  "2026-06-07T21:28:23.0519306-04:00",
                       "Computer":  "DESKTOP-KCP6DQD",
                       "Channel":  "Microsoft-Windows-Sysmon/Operational",
                       "RecordId":  31325,
                       "ProviderName":  "Microsoft-Windows-Sysmon",
                       "RuleName":  "-",
                       "UtcTime":  "2026-06-08 01:28:23.048",
                       "ProcessGuid":  "{f9ed62ee-1ab6-6a26-380d-000000009c00}",
                       "ProcessId":  "22172",
                       "Image":  "C:\\Program Files\\Google\\Chrome\\Application\\PlatformExperienceHelper\\platform_experience_helper.exe",
                       "User":  "DESKTOP-KCP6DQD\\nueva"
                   },
                   {
                       "EventID":  5,
                       "TimeCreated":  "2026-06-07T21:28:15.9898786-04:00",
                       "Computer":  "DESKTOP-KCP6DQD",
                       "Channel":  "Microsoft-Windows-Sysmon/Operational",
                       "RecordId":  31324,
                       "ProviderName":  "Microsoft-Windows-Sysmon",
                       "RuleName":  "-",
                       "UtcTime":  "2026-06-08 01:28:15.985",
                       "ProcessGuid":  "{f9ed62ee-1aaf-6a26-350d-000000009c00}",
                       "ProcessId":  "21580",
                       "Image":  "C:\\Users\\nueva\\AppData\\Local\\Wondershare\\Wondershare NativePush\\WsToastNotification.exe",
                       "User":  "DESKTOP-KCP6DQD\\nueva"
                   },
                   {
                       "EventID":  5,
                       "TimeCreated":  "2026-06-07T21:28:05.1133971-04:00",
                       "Computer":  "DESKTOP-KCP6DQD",
                       "Channel":  "Microsoft-Windows-Sysmon/Operational",
                       "RecordId":  31323,
                       "ProviderName":  "Microsoft-Windows-Sysmon",
                       "RuleName":  "-",
                       "UtcTime":  "2026-06-08 01:28:05.110",
                       "ProcessGuid":  "{f9ed62ee-1a86-6a26-2e0d-000000009c00}",
                       "ProcessId":  "10260",
                       "Image":  "C:\\Program Files (x86)\\Intel\\Intel(R) Extreme Tuning Utility\\XtuService.exe",
                       "User":  "NT AUTHORITY\\SYSTEM"
                   },
                   {
                       "EventID":  5,
                       "TimeCreated":  "2026-06-07T21:27:59.2765509-04:00",
                       "Computer":  "DESKTOP-KCP6DQD",
                       "Channel":  "Microsoft-Windows-Sysmon/Operational",
                       "RecordId":  31322,
                       "ProviderName":  "Microsoft-Windows-Sysmon",
                       "RuleName":  "-",
                       "UtcTime":  "2026-06-08 01:27:59.276",
                       "ProcessGuid":  "{f9ed62ee-1a9f-6a26-340d-000000009c00}",
                       "ProcessId":  "12800",
                       "Image":  "C:\\Windows\\System32\\DriverStore\\FileRepository\\asussci2.inf_amd64_3eb06da3aad59dcc\\ASUSSoftwareManager\\AsusUpdateChecker.exe",
                       "User":  "NT AUTHORITY\\SYSTEM"
                   },
                   {
                       "EventID":  5,
                       "TimeCreated":  "2026-06-07T21:27:55.7500863-04:00",
                       "Computer":  "DESKTOP-KCP6DQD",
                       "Channel":  "Microsoft-Windows-Sysmon/Operational",
                       "RecordId":  31321,
                       "ProviderName":  "Microsoft-Windows-Sysmon",
                       "RuleName":  "-",
                       "UtcTime":  "2026-06-08 01:27:55.745",
                       "ProcessGuid":  "{f9ed62ee-1a50-6a26-280d-000000009c00}",
                       "ProcessId":  "20144",
                       "Image":  "C:\\Windows\\System32\\SearchProtocolHost.exe",
                       "User":  "NT AUTHORITY\\SYSTEM"
                   },
                   {
                       "EventID":  5,
                       "TimeCreated":  "2026-06-07T21:27:46.2097214-04:00",
                       "Computer":  "DESKTOP-KCP6DQD",
                       "Channel":  "Microsoft-Windows-Sysmon/Operational",
                       "RecordId":  31320,
                       "ProviderName":  "Microsoft-Windows-Sysmon",
                       "RuleName":  "-",
                       "UtcTime":  "2026-06-08 01:27:46.209",
                       "ProcessGuid":  "{f9ed62ee-1a50-6a26-290d-000000009c00}",
                       "ProcessId":  "14080",
                       "Image":  "C:\\Windows\\System32\\SearchFilterHost.exe",
                       "User":  "NT AUTHORITY\\SYSTEM"
                   },
                   {
                       "EventID":  5,
                       "TimeCreated":  "2026-06-07T21:27:46.2027534-04:00",
                       "Computer":  "DESKTOP-KCP6DQD",
                       "Channel":  "Microsoft-Windows-Sysmon/Operational",
                       "RecordId":  31319,
                       "ProviderName":  "Microsoft-Windows-Sysmon",
                       "RuleName":  "-",
                       "UtcTime":  "2026-06-08 01:27:46.200",
                       "ProcessGuid":  "{f9ed62ee-1a50-6a26-2a0d-000000009c00}",
                       "ProcessId":  "15352",
                       "Image":  "C:\\Windows\\System32\\SearchFilterHost.exe",
                       "User":  "NT AUTHORITY\\SYSTEM"
                   },
                   {
                       "EventID":  5,
                       "TimeCreated":  "2026-06-07T21:27:42.8175695-04:00",
                       "Computer":  "DESKTOP-KCP6DQD",
                       "Channel":  "Microsoft-Windows-Sysmon/Operational",
                       "RecordId":  31318,
                       "ProviderName":  "Microsoft-Windows-Sysmon",
                       "RuleName":  "-",
                       "UtcTime":  "2026-06-08 01:27:42.815",
                       "ProcessGuid":  "{f9ed62ee-1a6f-6a26-2d0d-000000009c00}",
                       "ProcessId":  "22100",
                       "Image":  "C:\\Program Files (x86)\\Intel\\Intel(R) Extreme Tuning Utility\\XtuService.exe",
                       "User":  "NT AUTHORITY\\SYSTEM"
                   },
                   {
                       "EventID":  5,
                       "TimeCreated":  "2026-06-07T21:27:20.4163154-04:00",
                       "Computer":  "DESKTOP-KCP6DQD",
                       "Channel":  "Microsoft-Windows-Sysmon/Operational",
                       "RecordId":  31317,
                       "ProviderName":  "Microsoft-Windows-Sysmon",
                       "RuleName":  "-",
                       "UtcTime":  "2026-06-08 01:27:20.414",
                       "ProcessGuid":  "{f9ed62ee-1a59-6a26-2c0d-000000009c00}",
                       "ProcessId":  "20976",
                       "Image":  "C:\\Program Files (x86)\\Intel\\Intel(R) Extreme Tuning Utility\\XtuService.exe",
                       "User":  "NT AUTHORITY\\SYSTEM"
                   },
                   {
                       "EventID":  5,
                       "TimeCreated":  "2026-06-07T21:26:58.1205908-04:00",
                       "Computer":  "DESKTOP-KCP6DQD",
                       "Channel":  "Microsoft-Windows-Sysmon/Operational",
                       "RecordId":  31316,
                       "ProviderName":  "Microsoft-Windows-Sysmon",
                       "RuleName":  "-",
                       "UtcTime":  "2026-06-08 01:26:58.119",
                       "ProcessGuid":  "{f9ed62ee-1a43-6a26-230d-000000009c00}",
                       "ProcessId":  "7400",
                       "Image":  "C:\\Program Files (x86)\\Intel\\Intel(R) Extreme Tuning Utility\\XtuService.exe",
                       "User":  "NT AUTHORITY\\SYSTEM"
                   },
                   {
                       "EventID":  5,
                       "TimeCreated":  "2026-06-07T21:26:39.8236214-04:00",
                       "Computer":  "DESKTOP-KCP6DQD",
                       "Channel":  "Microsoft-Windows-Sysmon/Operational",
                       "RecordId":  31315,
                       "ProviderName":  "Microsoft-Windows-Sysmon",
                       "RuleName":  "-",
                       "UtcTime":  "2026-06-08 01:26:39.820",
                       "ProcessGuid":  "{f9ed62ee-1a4b-6a26-240d-000000009c00}",
                       "ProcessId":  "2996",
                       "Image":  "C:\\Program Files\\WindowsApps\\Microsoft.ScreenSketch_11.2602.49.0_x64__8wekyb3d8bbwe\\SnippingTool\\SnippingTool.exe",
                       "User":  "DESKTOP-KCP6DQD\\nueva"
                   },
                   {
                       "EventID":  5,
                       "TimeCreated":  "2026-06-07T21:26:35.9021848-04:00",
                       "Computer":  "DESKTOP-KCP6DQD",
                       "Channel":  "Microsoft-Windows-Sysmon/Operational",
                       "RecordId":  31314,
                       "ProviderName":  "Microsoft-Windows-Sysmon",
                       "RuleName":  "-",
                       "UtcTime":  "2026-06-08 01:26:35.896",
                       "ProcessGuid":  "{f9ed62ee-1a2c-6a26-220d-000000009c00}",
                       "ProcessId":  "19852",
                       "Image":  "C:\\Program Files (x86)\\Intel\\Intel(R) Extreme Tuning Utility\\XtuService.exe",
                       "User":  "NT AUTHORITY\\SYSTEM"
                   },
                   {
                       "EventID":  5,
                       "TimeCreated":  "2026-06-07T21:26:13.7026751-04:00",
                       "Computer":  "DESKTOP-KCP6DQD",
                       "Channel":  "Microsoft-Windows-Sysmon/Operational",
                       "RecordId":  31313,
                       "ProviderName":  "Microsoft-Windows-Sysmon",
                       "RuleName":  "-",
                       "UtcTime":  "2026-06-08 01:26:13.700",
                       "ProcessGuid":  "{f9ed62ee-1a16-6a26-210d-000000009c00}",
                       "ProcessId":  "7196",
                       "Image":  "C:\\Program Files (x86)\\Intel\\Intel(R) Extreme Tuning Utility\\XtuService.exe",
                       "User":  "NT AUTHORITY\\SYSTEM"
                   },
                   {
                       "EventID":  5,
                       "TimeCreated":  "2026-06-07T21:25:51.4550345-04:00",
                       "Computer":  "DESKTOP-KCP6DQD",
                       "Channel":  "Microsoft-Windows-Sysmon/Operational",
                       "RecordId":  31312,
                       "ProviderName":  "Microsoft-Windows-Sysmon",
                       "RuleName":  "-",
                       "UtcTime":  "2026-06-08 01:25:51.452",
                       "ProcessGuid":  "{f9ed62ee-1a00-6a26-1f0d-000000009c00}",
                       "ProcessId":  "21324",
                       "Image":  "C:\\Program Files (x86)\\Intel\\Intel(R) Extreme Tuning Utility\\XtuService.exe",
                       "User":  "NT AUTHORITY\\SYSTEM"
                   },
                   {
                       "EventID":  5,
                       "TimeCreated":  "2026-06-07T21:25:51.2623069-04:00",
                       "Computer":  "DESKTOP-KCP6DQD",
                       "Channel":  "Microsoft-Windows-Sysmon/Operational",
                       "RecordId":  31311,
                       "ProviderName":  "Microsoft-Windows-Sysmon",
                       "RuleName":  "-",
                       "UtcTime":  "2026-06-08 01:25:51.260",
                       "ProcessGuid":  "{f9ed62ee-15e5-6a26-680c-000000009c00}",
                       "ProcessId":  "11592",
                       "Image":  "C:\\Windows\\System32\\audiodg.exe",
                       "User":  "NT AUTHORITY\\SERVICIO LOCAL"
                   },
                   {
                       "EventID":  5,
                       "TimeCreated":  "2026-06-07T21:25:29.0800491-04:00",
                       "Computer":  "DESKTOP-KCP6DQD",
                       "Channel":  "Microsoft-Windows-Sysmon/Operational",
                       "RecordId":  31310,
                       "ProviderName":  "Microsoft-Windows-Sysmon",
                       "RuleName":  "-",
                       "UtcTime":  "2026-06-08 01:25:29.078",
                       "ProcessGuid":  "{f9ed62ee-19ea-6a26-1b0d-000000009c00}",
                       "ProcessId":  "21872",
                       "Image":  "C:\\Program Files (x86)\\Intel\\Intel(R) Extreme Tuning Utility\\XtuService.exe",
                       "User":  "NT AUTHORITY\\SYSTEM"
                   },
