                   {
                       "EventID":  13,
                       "TimeCreated":  "2026-06-07T22:51:54.8600278-04:00",
                       "Computer":  "DESKTOP-KCP6DQD",
                       "Channel":  "Microsoft-Windows-Sysmon/Operational",
                       "RecordId":  34568,
                       "ProviderName":  "Microsoft-Windows-Sysmon",
                       "Severity":  "Low",
                       "MitreAttack":  "N/A",
                       "OwaspMapping":  "N/A",
                       "RuleName":  "Deteccion_Persistencia_Registro",
                       "UtcTime":  "2026-06-08 02:51:54.859",
                       "ProcessGuid":  "{f9ed62ee-2e4a-6a26-0714-000000009c00}",
                       "ProcessId":  "10612",
                       "Image":  "C:\\Program Files\\Git\\cmd\\git.exe",
                       "User":  "DESKTOP-KCP6DQD\\nueva",
                       "EventType":  "SetValue",
                       "TargetObject":  "HKLM\\System\\CurrentControlSet\\Services\\bam\\State\\UserSettings\\S-1-5-21-158180708-2764993437-2666828097-1001\\\\Device\\HarddiskVolume4\\Windows\\System32\\conhost.exe",
                       "Details":  "Binary Data"
                   },
                   {
                       "EventID":  13,
                       "TimeCreated":  "2026-06-07T22:51:54.7163847-04:00",
                       "Computer":  "DESKTOP-KCP6DQD",
                       "Channel":  "Microsoft-Windows-Sysmon/Operational",
                       "RecordId":  34567,
                       "ProviderName":  "Microsoft-Windows-Sysmon",
                       "Severity":  "Low",
                       "MitreAttack":  "N/A",
                       "OwaspMapping":  "N/A",
                       "RuleName":  "Deteccion_Persistencia_Registro",
                       "UtcTime":  "2026-06-08 02:51:54.713",
                       "ProcessGuid":  "{f9ed62ee-2e4a-6a26-0514-000000009c00}",
                       "ProcessId":  "18448",
                       "Image":  "C:\\WINDOWS\\system32\\conhost.exe",
                       "User":  "DESKTOP-KCP6DQD\\nueva",
                       "EventType":  "SetValue",
                       "TargetObject":  "HKLM\\System\\CurrentControlSet\\Services\\bam\\State\\UserSettings\\S-1-5-21-158180708-2764993437-2666828097-1001\\\\Device\\HarddiskVolume4\\Windows\\System32\\conhost.exe",
                       "Details":  "Binary Data"
                   },
                   {
                       "EventID":  13,
                       "TimeCreated":  "2026-06-07T22:51:54.6247109-04:00",
                       "Computer":  "DESKTOP-KCP6DQD",
                       "Channel":  "Microsoft-Windows-Sysmon/Operational",
                       "RecordId":  34566,
                       "ProviderName":  "Microsoft-Windows-Sysmon",
                       "Severity":  "Low",
                       "MitreAttack":  "N/A",
                       "OwaspMapping":  "N/A",
                       "RuleName":  "Deteccion_Persistencia_Registro",
                       "UtcTime":  "2026-06-08 02:51:54.623",
                       "ProcessGuid":  "{f9ed62ee-2e4a-6a26-0414-000000009c00}",
                       "ProcessId":  "17492",
                       "Image":  "C:\\Program Files\\Git\\cmd\\git.exe",
                       "User":  "DESKTOP-KCP6DQD\\nueva",
                       "EventType":  "SetValue",
                       "TargetObject":  "HKLM\\System\\CurrentControlSet\\Services\\bam\\State\\UserSettings\\S-1-5-21-158180708-2764993437-2666828097-1001\\\\Device\\HarddiskVolume4\\Windows\\System32\\conhost.exe",
                       "Details":  "Binary Data"
                   },
                   {
                       "EventID":  13,
                       "TimeCreated":  "2026-06-07T22:51:54.6156714-04:00",
                       "Computer":  "DESKTOP-KCP6DQD",
                       "Channel":  "Microsoft-Windows-Sysmon/Operational",
                       "RecordId":  34565,
                       "ProviderName":  "Microsoft-Windows-Sysmon",
                       "Severity":  "Low",
                       "MitreAttack":  "N/A",
                       "OwaspMapping":  "N/A",
                       "RuleName":  "Deteccion_Persistencia_Registro",
                       "UtcTime":  "2026-06-08 02:51:54.614",
                       "ProcessGuid":  "{f9ed62ee-2e4a-6a26-0114-000000009c00}",
                       "ProcessId":  "20184",
                       "Image":  "C:\\WINDOWS\\system32\\conhost.exe",
                       "User":  "DESKTOP-KCP6DQD\\nueva",
                       "EventType":  "SetValue",
                       "TargetObject":  "HKLM\\System\\CurrentControlSet\\Services\\bam\\State\\UserSettings\\S-1-5-21-158180708-2764993437-2666828097-1001\\\\Device\\HarddiskVolume4\\Windows\\System32\\conhost.exe",
                       "Details":  "Binary Data"
                   },
                   {
                       "EventID":  13,
                       "TimeCreated":  "2026-06-07T22:51:54.5547132-04:00",
                       "Computer":  "DESKTOP-KCP6DQD",
                       "Channel":  "Microsoft-Windows-Sysmon/Operational",
                       "RecordId":  34564,
                       "ProviderName":  "Microsoft-Windows-Sysmon",
                       "Severity":  "Low",
                       "MitreAttack":  "N/A",
                       "OwaspMapping":  "N/A",
                       "RuleName":  "Deteccion_Persistencia_Registro",
                       "UtcTime":  "2026-06-08 02:51:54.554",
                       "ProcessGuid":  "{f9ed62ee-2e4a-6a26-fb13-000000009c00}",
                       "ProcessId":  "8908",
                       "Image":  "C:\\WINDOWS\\system32\\conhost.exe",
                       "User":  "DESKTOP-KCP6DQD\\nueva",
                       "EventType":  "SetValue",
                       "TargetObject":  "HKLM\\System\\CurrentControlSet\\Services\\bam\\State\\UserSettings\\S-1-5-21-158180708-2764993437-2666828097-1001\\\\Device\\HarddiskVolume4\\Windows\\System32\\conhost.exe",
                       "Details":  "Binary Data"
                   },
                   {
                       "EventID":  13,
                       "TimeCreated":  "2026-06-07T22:51:54.5504952-04:00",
                       "Computer":  "DESKTOP-KCP6DQD",
                       "Channel":  "Microsoft-Windows-Sysmon/Operational",
                       "RecordId":  34563,
                       "ProviderName":  "Microsoft-Windows-Sysmon",
                       "Severity":  "Low",
                       "MitreAttack":  "N/A",
                       "OwaspMapping":  "N/A",
                       "RuleName":  "Deteccion_Persistencia_Registro",
                       "UtcTime":  "2026-06-08 02:51:54.550",
                       "ProcessGuid":  "{f9ed62ee-2e4a-6a26-fd13-000000009c00}",
                       "ProcessId":  "21448",
                       "Image":  "C:\\WINDOWS\\system32\\conhost.exe",
                       "User":  "DESKTOP-KCP6DQD\\nueva",
                       "EventType":  "SetValue",
                       "TargetObject":  "HKLM\\System\\CurrentControlSet\\Services\\bam\\State\\UserSettings\\S-1-5-21-158180708-2764993437-2666828097-1001\\\\Device\\HarddiskVolume4\\Windows\\System32\\conhost.exe",
                       "Details":  "Binary Data"
                   },
                   {
                       "EventID":  1,
                       "TimeCreated":  "2026-06-07T22:51:54.5300402-04:00",
                       "Computer":  "DESKTOP-KCP6DQD",
                       "Channel":  "Microsoft-Windows-Sysmon/Operational",
                       "RecordId":  34562,
                       "ProviderName":  "Microsoft-Windows-Sysmon",
                       "Severity":  "Low",
                       "MitreAttack":  "N/A",
                       "OwaspMapping":  "N/A",
                       "RuleName":  "Deteccion_Procesos_Alertas",
                       "UtcTime":  "2026-06-08 02:51:54.528",
                       "ProcessGuid":  "{f9ed62ee-2e4a-6a26-0214-000000009c00}",
                       "ProcessId":  "11964",
                       "Image":  "C:\\Windows\\System32\\WindowsPowerShell\\v1.0\\powershell.exe",
                       "CommandLine":  "C:\\WINDOWS\\System32\\WindowsPowerShell\\v1.0\\powershell.exe -noexit -command \"try { . \\\"c:\\Users\\nueva\\AppData\\Local\\Programs\\Antigravity IDE\\resources\\app\\out\\vs\\workbench\\contrib\\terminal\\common\\scripts\\shellIntegration.ps1\\\" } catch {}\"",
                       "CurrentDirectory":  "C:\\Asignacion-Sysmon\\",
                       "User":  "DESKTOP-KCP6DQD\\nueva",
                       "LogonGuid":  "{f9ed62ee-f06b-6a25-bee7-100000000000}",
                       "LogonId":  "0x10e7be",
                       "TerminalSessionId":  "1",
                       "IntegrityLevel":  "Medium",
                       "Hashes":  "MD5=A97E6573B97B44C96122BFA543A82EA1,SHA256=0FF6F2C94BC7E2833A5F7E16DE1622E5DBA70396F31C7D5F56381870317E8C46",
                       "ParentProcessGuid":  "{f9ed62ee-2e42-6a26-b713-000000009c00}",
                       "ParentProcessId":  "21976",
                       "ParentImage":  "C:\\Users\\nueva\\AppData\\Local\\Programs\\Antigravity IDE\\Antigravity IDE.exe",
                       "ParentCommandLine":  "\"C:\\Users\\nueva\\AppData\\Local\\Programs\\Antigravity IDE\\Antigravity IDE.exe\" --type=utility --utility-sub-type=node.mojom.NodeService --lang=en-US --service-sandbox-type=none --video-capture-use-gpu-memory-buffer --user-data-dir=\"C:\\Users\\nueva\\AppData\\Roaming\\Antigravity IDE\" --standard-schemes=vscode-webview,vscode-file --enable-sandbox --secure-schemes=vscode-webview,vscode-file --cors-schemes=vscode-webview,vscode-file --fetch-schemes=vscode-webview,vscode-file --service-worker-schemes=vscode-webview --code-cache-schemes=vscode-webview,vscode-file --field-trial-handle=1772,i,11625417683374244121,4475000140403807933,262144 --enable-features=DocumentPolicyIncludeJSCallStacksInCrashReports,EarlyEstablishGpuChannel,EnableTransparentHwndEnlargement,EstablishGpuChannelAsync,PdfUseShowSaveFilePicker --disable-features=CalculateNativeWinOcclusion,LocalNetworkAccessChecks,ScreenAIOCREnabled,SpareRendererForSitePerProcess,TraceSiteInstanceGetProcessCreation --variations-seed-version --trace-process-track-uuid=3190708996619331833 --mojo-platform-channel-handle=5072 /prefetch:14",
                       "ParentUser":  "DESKTOP-KCP6DQD\\nueva"
                   },
                   {
                       "EventID":  13,
                       "TimeCreated":  "2026-06-07T22:51:54.5291680-04:00",
                       "Computer":  "DESKTOP-KCP6DQD",
                       "Channel":  "Microsoft-Windows-Sysmon/Operational",
                       "RecordId":  34561,
                       "ProviderName":  "Microsoft-Windows-Sysmon",
                       "Severity":  "Low",
                       "MitreAttack":  "N/A",
                       "OwaspMapping":  "N/A",
                       "RuleName":  "Deteccion_Persistencia_Registro",
                       "UtcTime":  "2026-06-08 02:51:54.528",
                       "ProcessGuid":  "{f9ed62ee-2e42-6a26-b713-000000009c00}",
                       "ProcessId":  "21976",
                       "Image":  "C:\\Users\\nueva\\AppData\\Local\\Programs\\Antigravity IDE\\Antigravity IDE.exe",
                       "User":  "DESKTOP-KCP6DQD\\nueva",
                       "EventType":  "SetValue",
                       "TargetObject":  "HKLM\\System\\CurrentControlSet\\Services\\bam\\State\\UserSettings\\S-1-5-21-158180708-2764993437-2666828097-1001\\\\Device\\HarddiskVolume4\\Windows\\System32\\WindowsPowerShell\\v1.0\\powershell.exe",
                       "Details":  "Binary Data"
                   },
                   {
                       "EventID":  13,
                       "TimeCreated":  "2026-06-07T22:51:54.5231246-04:00",
                       "Computer":  "DESKTOP-KCP6DQD",
                       "Channel":  "Microsoft-Windows-Sysmon/Operational",
                       "RecordId":  34560,
                       "ProviderName":  "Microsoft-Windows-Sysmon",
                       "Severity":  "Low",
                       "MitreAttack":  "N/A",
                       "OwaspMapping":  "N/A",
                       "RuleName":  "Deteccion_Persistencia_Registro",
                       "UtcTime":  "2026-06-08 02:51:54.522",
                       "ProcessGuid":  "{f9ed62ee-2e4a-6a26-0014-000000009c00}",
                       "ProcessId":  "19824",
                       "Image":  "C:\\Program Files\\Git\\cmd\\git.exe",
                       "User":  "DESKTOP-KCP6DQD\\nueva",
                       "EventType":  "SetValue",
                       "TargetObject":  "HKLM\\System\\CurrentControlSet\\Services\\bam\\State\\UserSettings\\S-1-5-21-158180708-2764993437-2666828097-1001\\\\Device\\HarddiskVolume4\\Windows\\System32\\conhost.exe",
                       "Details":  "Binary Data"
                   },
                   {
                       "EventID":  13,
                       "TimeCreated":  "2026-06-07T22:51:54.5115472-04:00",
                       "Computer":  "DESKTOP-KCP6DQD",
                       "Channel":  "Microsoft-Windows-Sysmon/Operational",
                       "RecordId":  34559,
                       "ProviderName":  "Microsoft-Windows-Sysmon",
                       "Severity":  "Low",
                       "MitreAttack":  "N/A",
                       "OwaspMapping":  "N/A",
                       "RuleName":  "Deteccion_Persistencia_Registro",
                       "UtcTime":  "2026-06-08 02:51:54.510",
                       "ProcessGuid":  "{f9ed62ee-2e4a-6a26-f613-000000009c00}",
                       "ProcessId":  "17516",
                       "Image":  "C:\\WINDOWS\\system32\\conhost.exe",
                       "User":  "DESKTOP-KCP6DQD\\nueva",
                       "EventType":  "SetValue",
                       "TargetObject":  "HKLM\\System\\CurrentControlSet\\Services\\bam\\State\\UserSettings\\S-1-5-21-158180708-2764993437-2666828097-1001\\\\Device\\HarddiskVolume4\\Windows\\System32\\conhost.exe",
                       "Details":  "Binary Data"
                   },
                   {
                       "EventID":  13,
                       "TimeCreated":  "2026-06-07T22:51:54.5093027-04:00",
                       "Computer":  "DESKTOP-KCP6DQD",
                       "Channel":  "Microsoft-Windows-Sysmon/Operational",
                       "RecordId":  34558,
                       "ProviderName":  "Microsoft-Windows-Sysmon",
                       "Severity":  "Low",
                       "MitreAttack":  "N/A",
                       "OwaspMapping":  "N/A",
                       "RuleName":  "Deteccion_Persistencia_Registro",
                       "UtcTime":  "2026-06-08 02:51:54.503",
                       "ProcessGuid":  "{f9ed62ee-2e4a-6a26-f713-000000009c00}",
                       "ProcessId":  "3408",
                       "Image":  "C:\\WINDOWS\\system32\\conhost.exe",
                       "User":  "DESKTOP-KCP6DQD\\nueva",
                       "EventType":  "SetValue",
                       "TargetObject":  "HKLM\\System\\CurrentControlSet\\Services\\bam\\State\\UserSettings\\S-1-5-21-158180708-2764993437-2666828097-1001\\\\Device\\HarddiskVolume4\\Windows\\System32\\conhost.exe",
                       "Details":  "Binary Data"
                   },
                   {
                       "EventID":  13,
                       "TimeCreated":  "2026-06-07T22:51:54.4744300-04:00",
                       "Computer":  "DESKTOP-KCP6DQD",
                       "Channel":  "Microsoft-Windows-Sysmon/Operational",
                       "RecordId":  34557,
                       "ProviderName":  "Microsoft-Windows-Sysmon",
                       "Severity":  "Low",
                       "MitreAttack":  "N/A",
                       "OwaspMapping":  "N/A",
                       "RuleName":  "Deteccion_Persistencia_Registro",
                       "UtcTime":  "2026-06-08 02:51:54.474",
                       "ProcessGuid":  "{f9ed62ee-2e4a-6a26-fa13-000000009c00}",
                       "ProcessId":  "20732",
                       "Image":  "C:\\Program Files\\Git\\cmd\\git.exe",
                       "User":  "DESKTOP-KCP6DQD\\nueva",
                       "EventType":  "SetValue",
                       "TargetObject":  "HKLM\\System\\CurrentControlSet\\Services\\bam\\State\\UserSettings\\S-1-5-21-158180708-2764993437-2666828097-1001\\\\Device\\HarddiskVolume4\\Windows\\System32\\conhost.exe",
                       "Details":  "Binary Data"
                   },
                   {
                       "EventID":  13,
                       "TimeCreated":  "2026-06-07T22:51:54.4712596-04:00",
                       "Computer":  "DESKTOP-KCP6DQD",
                       "Channel":  "Microsoft-Windows-Sysmon/Operational",
                       "RecordId":  34556,
                       "ProviderName":  "Microsoft-Windows-Sysmon",
                       "Severity":  "Low",
                       "MitreAttack":  "N/A",
                       "OwaspMapping":  "N/A",
                       "RuleName":  "Deteccion_Persistencia_Registro",
                       "UtcTime":  "2026-06-08 02:51:54.468",
                       "ProcessGuid":  "{f9ed62ee-2e4a-6a26-e913-000000009c00}",
                       "ProcessId":  "11764",
                       "Image":  "C:\\WINDOWS\\system32\\conhost.exe",
                       "User":  "DESKTOP-KCP6DQD\\nueva",
                       "EventType":  "SetValue",
                       "TargetObject":  "HKLM\\System\\CurrentControlSet\\Services\\bam\\State\\UserSettings\\S-1-5-21-158180708-2764993437-2666828097-1001\\\\Device\\HarddiskVolume4\\Windows\\System32\\conhost.exe",
                       "Details":  "Binary Data"
                   },
                   {
                       "EventID":  13,
                       "TimeCreated":  "2026-06-07T22:51:54.4677347-04:00",
                       "Computer":  "DESKTOP-KCP6DQD",
                       "Channel":  "Microsoft-Windows-Sysmon/Operational",
                       "RecordId":  34555,
                       "ProviderName":  "Microsoft-Windows-Sysmon",
                       "Severity":  "Low",
                       "MitreAttack":  "N/A",
                       "OwaspMapping":  "N/A",
                       "RuleName":  "Deteccion_Persistencia_Registro",
                       "UtcTime":  "2026-06-08 02:51:54.464",
                       "ProcessGuid":  "{f9ed62ee-2e4a-6a26-f813-000000009c00}",
                       "ProcessId":  "20692",
                       "Image":  "C:\\Program Files\\Git\\cmd\\git.exe",
                       "User":  "DESKTOP-KCP6DQD\\nueva",
                       "EventType":  "SetValue",
                       "TargetObject":  "HKLM\\System\\CurrentControlSet\\Services\\bam\\State\\UserSettings\\S-1-5-21-158180708-2764993437-2666828097-1001\\\\Device\\HarddiskVolume4\\Windows\\System32\\conhost.exe",
                       "Details":  "Binary Data"
                   },
                   {
                       "EventID":  13,
                       "TimeCreated":  "2026-06-07T22:51:54.4634722-04:00",
                       "Computer":  "DESKTOP-KCP6DQD",
                       "Channel":  "Microsoft-Windows-Sysmon/Operational",
                       "RecordId":  34554,
                       "ProviderName":  "Microsoft-Windows-Sysmon",
                       "Severity":  "Low",
                       "MitreAttack":  "N/A",
                       "OwaspMapping":  "N/A",
                       "RuleName":  "Deteccion_Persistencia_Registro",
                       "UtcTime":  "2026-06-08 02:51:54.462",
                       "ProcessGuid":  "{f9ed62ee-2e4a-6a26-e613-000000009c00}",
                       "ProcessId":  "10420",
                       "Image":  "C:\\WINDOWS\\system32\\cmd.exe",
                       "User":  "DESKTOP-KCP6DQD\\nueva",
                       "EventType":  "SetValue",
                       "TargetObject":  "HKLM\\System\\CurrentControlSet\\Services\\bam\\State\\UserSettings\\S-1-5-21-158180708-2764993437-2666828097-1001\\\\Device\\HarddiskVolume4\\Windows\\System32\\cmd.exe",
                       "Details":  "Binary Data"
                   },
                   {
                       "EventID":  5,
                       "TimeCreated":  "2026-06-07T22:51:54.4631419-04:00",
                       "Computer":  "DESKTOP-KCP6DQD",
                       "Channel":  "Microsoft-Windows-Sysmon/Operational",
                       "RecordId":  34553,
                       "ProviderName":  "Microsoft-Windows-Sysmon",
                       "Severity":  "Low",
                       "MitreAttack":  "N/A",
                       "OwaspMapping":  "N/A",
                       "RuleName":  "Deteccion_Cierre_Procesos",
                       "UtcTime":  "2026-06-08 02:51:54.462",
                       "ProcessGuid":  "{f9ed62ee-2e4a-6a26-e613-000000009c00}",
                       "ProcessId":  "10420",
                       "Image":  "C:\\Windows\\System32\\cmd.exe",
                       "User":  "DESKTOP-KCP6DQD\\nueva"
                   },
                   {
                       "EventID":  13,
                       "TimeCreated":  "2026-06-07T22:51:54.4558029-04:00",
                       "Computer":  "DESKTOP-KCP6DQD",
                       "Channel":  "Microsoft-Windows-Sysmon/Operational",
                       "RecordId":  34552,
                       "ProviderName":  "Microsoft-Windows-Sysmon",
                       "Severity":  "Low",
                       "MitreAttack":  "N/A",
                       "OwaspMapping":  "N/A",
                       "RuleName":  "Deteccion_Persistencia_Registro",
                       "UtcTime":  "2026-06-08 02:51:54.455",
                       "ProcessGuid":  "{f9ed62ee-2e4a-6a26-ed13-000000009c00}",
                       "ProcessId":  "2148",
                       "Image":  "C:\\WINDOWS\\system32\\conhost.exe",
                       "User":  "DESKTOP-KCP6DQD\\nueva",
                       "EventType":  "SetValue",
                       "TargetObject":  "HKLM\\System\\CurrentControlSet\\Services\\bam\\State\\UserSettings\\S-1-5-21-158180708-2764993437-2666828097-1001\\\\Device\\HarddiskVolume4\\Windows\\System32\\conhost.exe",
                       "Details":  "Binary Data"
                   },
                   {
                       "EventID":  13,
                       "TimeCreated":  "2026-06-07T22:51:54.4370561-04:00",
                       "Computer":  "DESKTOP-KCP6DQD",
                       "Channel":  "Microsoft-Windows-Sysmon/Operational",
                       "RecordId":  34551,
                       "ProviderName":  "Microsoft-Windows-Sysmon",
                       "Severity":  "Low",
                       "MitreAttack":  "N/A",
                       "OwaspMapping":  "N/A",
                       "RuleName":  "Deteccion_Persistencia_Registro",
                       "UtcTime":  "2026-06-08 02:51:54.436",
                       "ProcessGuid":  "{f9ed62ee-2e4a-6a26-eb13-000000009c00}",
                       "ProcessId":  "11820",
                       "Image":  "C:\\WINDOWS\\system32\\conhost.exe",
                       "User":  "DESKTOP-KCP6DQD\\nueva",
                       "EventType":  "SetValue",
                       "TargetObject":  "HKLM\\System\\CurrentControlSet\\Services\\bam\\State\\UserSettings\\S-1-5-21-158180708-2764993437-2666828097-1001\\\\Device\\HarddiskVolume4\\Windows\\System32\\conhost.exe",
                       "Details":  "Binary Data"
                   },
                   {
                       "EventID":  13,
                       "TimeCreated":  "2026-06-07T22:51:54.4281000-04:00",
                       "Computer":  "DESKTOP-KCP6DQD",
                       "Channel":  "Microsoft-Windows-Sysmon/Operational",
                       "RecordId":  34550,
                       "ProviderName":  "Microsoft-Windows-Sysmon",
                       "Severity":  "Low",
                       "MitreAttack":  "N/A",
                       "OwaspMapping":  "N/A",
                       "RuleName":  "Deteccion_Persistencia_Registro",
                       "UtcTime":  "2026-06-08 02:51:54.427",
                       "ProcessGuid":  "{f9ed62ee-2e4a-6a26-f513-000000009c00}",
                       "ProcessId":  "6792",
                       "Image":  "C:\\Program Files\\Git\\cmd\\git.exe",
                       "User":  "DESKTOP-KCP6DQD\\nueva",
                       "EventType":  "SetValue",
                       "TargetObject":  "HKLM\\System\\CurrentControlSet\\Services\\bam\\State\\UserSettings\\S-1-5-21-158180708-2764993437-2666828097-1001\\\\Device\\HarddiskVolume4\\Windows\\System32\\conhost.exe",
                       "Details":  "Binary Data"
                   },
                   {
                       "EventID":  13,
                       "TimeCreated":  "2026-06-07T22:51:54.4246029-04:00",
                       "Computer":  "DESKTOP-KCP6DQD",
                       "Channel":  "Microsoft-Windows-Sysmon/Operational",
                       "RecordId":  34549,
                       "ProviderName":  "Microsoft-Windows-Sysmon",
                       "Severity":  "Low",
                       "MitreAttack":  "N/A",
                       "OwaspMapping":  "N/A",
                       "RuleName":  "Deteccion_Persistencia_Registro",
                       "UtcTime":  "2026-06-08 02:51:54.424",
                       "ProcessGuid":  "{f9ed62ee-2e4a-6a26-f413-000000009c00}",
                       "ProcessId":  "12184",
                       "Image":  "C:\\Program Files\\Git\\cmd\\git.exe",
                       "User":  "DESKTOP-KCP6DQD\\nueva",
                       "EventType":  "SetValue",
                       "TargetObject":  "HKLM\\System\\CurrentControlSet\\Services\\bam\\State\\UserSettings\\S-1-5-21-158180708-2764993437-2666828097-1001\\\\Device\\HarddiskVolume4\\Windows\\System32\\conhost.exe",
                       "Details":  "Binary Data"
                   },
                   {
                       "EventID":  13,
                       "TimeCreated":  "2026-06-07T22:51:54.4142707-04:00",
                       "Computer":  "DESKTOP-KCP6DQD",
                       "Channel":  "Microsoft-Windows-Sysmon/Operational",
                       "RecordId":  34548,
                       "ProviderName":  "Microsoft-Windows-Sysmon",
                       "Severity":  "Low",
                       "MitreAttack":  "N/A",
                       "OwaspMapping":  "N/A",
                       "RuleName":  "Deteccion_Persistencia_Registro",
                       "UtcTime":  "2026-06-08 02:51:54.413",
                       "ProcessGuid":  "{f9ed62ee-2e4a-6a26-e813-000000009c00}",
                       "ProcessId":  "11444",
                       "Image":  "C:\\WINDOWS\\system32\\conhost.exe",
                       "User":  "DESKTOP-KCP6DQD\\nueva",
                       "EventType":  "SetValue",
                       "TargetObject":  "HKLM\\System\\CurrentControlSet\\Services\\bam\\State\\UserSettings\\S-1-5-21-158180708-2764993437-2666828097-1001\\\\Device\\HarddiskVolume4\\Windows\\System32\\conhost.exe",
                       "Details":  "Binary Data"
                   },
                   {
                       "EventID":  13,
                       "TimeCreated":  "2026-06-07T22:51:54.4022915-04:00",
                       "Computer":  "DESKTOP-KCP6DQD",
                       "Channel":  "Microsoft-Windows-Sysmon/Operational",
                       "RecordId":  34547,
                       "ProviderName":  "Microsoft-Windows-Sysmon",
                       "Severity":  "Low",
                       "MitreAttack":  "N/A",
                       "OwaspMapping":  "N/A",
                       "RuleName":  "Deteccion_Persistencia_Registro",
                       "UtcTime":  "2026-06-08 02:51:54.401",
                       "ProcessGuid":  "{f9ed62ee-2e42-6a26-b713-000000009c00}",
                       "ProcessId":  "21976",
                       "Image":  "C:\\Users\\nueva\\AppData\\Local\\Programs\\Antigravity IDE\\Antigravity IDE.exe",
                       "User":  "DESKTOP-KCP6DQD\\nueva",
                       "EventType":  "SetValue",
                       "TargetObject":  "HKLM\\System\\CurrentControlSet\\Services\\bam\\State\\UserSettings\\S-1-5-21-158180708-2764993437-2666828097-1001\\\\Device\\HarddiskVolume4\\Windows\\System32\\conhost.exe",
                       "Details":  "Binary Data"
                   },
                   {
                       "EventID":  13,
                       "TimeCreated":  "2026-06-07T22:51:54.3564170-04:00",
                       "Computer":  "DESKTOP-KCP6DQD",
                       "Channel":  "Microsoft-Windows-Sysmon/Operational",
                       "RecordId":  34546,
                       "ProviderName":  "Microsoft-Windows-Sysmon",
                       "Severity":  "Low",
                       "MitreAttack":  "N/A",
                       "OwaspMapping":  "N/A",
                       "RuleName":  "Deteccion_Persistencia_Registro",
                       "UtcTime":  "2026-06-08 02:51:54.355",
                       "ProcessGuid":  "{f9ed62ee-2e4a-6a26-ec13-000000009c00}",
                       "ProcessId":  "3052",
                       "Image":  "C:\\Program Files\\Git\\cmd\\git.exe",
                       "User":  "DESKTOP-KCP6DQD\\nueva",
                       "EventType":  "SetValue",
                       "TargetObject":  "HKLM\\System\\CurrentControlSet\\Services\\bam\\State\\UserSettings\\S-1-5-21-158180708-2764993437-2666828097-1001\\\\Device\\HarddiskVolume4\\Windows\\System32\\conhost.exe",
                       "Details":  "Binary Data"
                   },
                   {
                       "EventID":  13,
                       "TimeCreated":  "2026-06-07T22:51:54.3479644-04:00",
                       "Computer":  "DESKTOP-KCP6DQD",
                       "Channel":  "Microsoft-Windows-Sysmon/Operational",
                       "RecordId":  34545,
                       "ProviderName":  "Microsoft-Windows-Sysmon",
                       "Severity":  "Low",
                       "MitreAttack":  "N/A",
                       "OwaspMapping":  "N/A",
                       "RuleName":  "Deteccion_Persistencia_Registro",
                       "UtcTime":  "2026-06-08 02:51:54.347",
                       "ProcessGuid":  "{f9ed62ee-2e4a-6a26-ea13-000000009c00}",
                       "ProcessId":  "22228",
                       "Image":  "C:\\Program Files\\Git\\cmd\\git.exe",
                       "User":  "DESKTOP-KCP6DQD\\nueva",
                       "EventType":  "SetValue",
                       "TargetObject":  "HKLM\\System\\CurrentControlSet\\Services\\bam\\State\\UserSettings\\S-1-5-21-158180708-2764993437-2666828097-1001\\\\Device\\HarddiskVolume4\\Windows\\System32\\conhost.exe",
                       "Details":  "Binary Data"
                   },
                   {
                       "EventID":  13,
                       "TimeCreated":  "2026-06-07T22:51:54.3300018-04:00",
                       "Computer":  "DESKTOP-KCP6DQD",
                       "Channel":  "Microsoft-Windows-Sysmon/Operational",
                       "RecordId":  34544,
                       "ProviderName":  "Microsoft-Windows-Sysmon",
                       "Severity":  "Low",
                       "MitreAttack":  "N/A",
                       "OwaspMapping":  "N/A",
                       "RuleName":  "Deteccion_Persistencia_Registro",
                       "UtcTime":  "2026-06-08 02:51:54.329",
                       "ProcessGuid":  "{f9ed62ee-2e4a-6a26-e613-000000009c00}",
                       "ProcessId":  "10420",
                       "Image":  "C:\\WINDOWS\\system32\\cmd.exe",
                       "User":  "DESKTOP-KCP6DQD\\nueva",
                       "EventType":  "SetValue",
                       "TargetObject":  "HKLM\\System\\CurrentControlSet\\Services\\bam\\State\\UserSettings\\S-1-5-21-158180708-2764993437-2666828097-1001\\\\Device\\HarddiskVolume4\\Windows\\System32\\conhost.exe",
                       "Details":  "Binary Data"
                   },
                   {
                       "EventID":  13,
                       "TimeCreated":  "2026-06-07T22:51:54.3179298-04:00",
                       "Computer":  "DESKTOP-KCP6DQD",
                       "Channel":  "Microsoft-Windows-Sysmon/Operational",
                       "RecordId":  34543,
                       "ProviderName":  "Microsoft-Windows-Sysmon",
                       "Severity":  "Low",
                       "MitreAttack":  "N/A",
                       "OwaspMapping":  "N/A",
                       "RuleName":  "Deteccion_Persistencia_Registro",
                       "UtcTime":  "2026-06-08 02:51:54.317",
                       "ProcessGuid":  "{f9ed62ee-2e4a-6a26-e713-000000009c00}",
                       "ProcessId":  "2528",
                       "Image":  "C:\\Program Files\\Git\\cmd\\git.exe",
                       "User":  "DESKTOP-KCP6DQD\\nueva",
                       "EventType":  "SetValue",
                       "TargetObject":  "HKLM\\System\\CurrentControlSet\\Services\\bam\\State\\UserSettings\\S-1-5-21-158180708-2764993437-2666828097-1001\\\\Device\\HarddiskVolume4\\Windows\\System32\\conhost.exe",
                       "Details":  "Binary Data"
                   },
                   {
                       "EventID":  1,
                       "TimeCreated":  "2026-06-07T22:51:54.3040319-04:00",
                       "Computer":  "DESKTOP-KCP6DQD",
                       "Channel":  "Microsoft-Windows-Sysmon/Operational",
                       "RecordId":  34542,
                       "ProviderName":  "Microsoft-Windows-Sysmon",
                       "Severity":  "Low",
                       "MitreAttack":  "N/A",
                       "OwaspMapping":  "N/A",
                       "RuleName":  "Deteccion_Procesos_Alertas",
                       "UtcTime":  "2026-06-08 02:51:54.302",
                       "ProcessGuid":  "{f9ed62ee-2e4a-6a26-e613-000000009c00}",
                       "ProcessId":  "10420",
                       "Image":  "C:\\Windows\\System32\\cmd.exe",
                       "CommandLine":  "C:\\WINDOWS\\system32\\cmd.exe /d /s /c \"wsl.exe -l -q\"",
                       "CurrentDirectory":  "C:\\Users\\nueva\\AppData\\Local\\Programs\\Antigravity IDE\\",
                       "User":  "DESKTOP-KCP6DQD\\nueva",
                       "LogonGuid":  "{f9ed62ee-f06b-6a25-bee7-100000000000}",
                       "LogonId":  "0x10e7be",
                       "TerminalSessionId":  "1",
                       "IntegrityLevel":  "Medium",
                       "Hashes":  "MD5=77F0062F490BCC7023763A422E561945,SHA256=14CC8AB1DCF0D9F19E8FB82DEB547CF8C462C56A0E43F7ADDC02641AB3C81651",
                       "ParentProcessGuid":  "{f9ed62ee-2e39-6a26-a613-000000009c00}",
                       "ParentProcessId":  "8236",
                       "ParentImage":  "C:\\Users\\nueva\\AppData\\Local\\Programs\\Antigravity IDE\\Antigravity IDE.exe",
                       "ParentCommandLine":  "\"C:\\Users\\nueva\\AppData\\Local\\Programs\\Antigravity IDE\\Antigravity IDE.exe\" ",
                       "ParentUser":  "DESKTOP-KCP6DQD\\nueva"
                   },
                   {
                       "EventID":  13,
                       "TimeCreated":  "2026-06-07T22:51:54.3030034-04:00",
                       "Computer":  "DESKTOP-KCP6DQD",
                       "Channel":  "Microsoft-Windows-Sysmon/Operational",
                       "RecordId":  34541,
                       "ProviderName":  "Microsoft-Windows-Sysmon",
                       "Severity":  "Low",
                       "MitreAttack":  "N/A",
                       "OwaspMapping":  "N/A",
                       "RuleName":  "Deteccion_Persistencia_Registro",
                       "UtcTime":  "2026-06-08 02:51:54.302",
                       "ProcessGuid":  "{f9ed62ee-2e39-6a26-a613-000000009c00}",
                       "ProcessId":  "8236",
                       "Image":  "C:\\Users\\nueva\\AppData\\Local\\Programs\\Antigravity IDE\\Antigravity IDE.exe",
                       "User":  "DESKTOP-KCP6DQD\\nueva",
                       "EventType":  "SetValue",
                       "TargetObject":  "HKLM\\System\\CurrentControlSet\\Services\\bam\\State\\UserSettings\\S-1-5-21-158180708-2764993437-2666828097-1001\\\\Device\\HarddiskVolume4\\Windows\\System32\\cmd.exe",
                       "Details":  "Binary Data"
                   },
                   {
                       "EventID":  12,
                       "TimeCreated":  "2026-06-07T22:51:54.2671697-04:00",
                       "Computer":  "DESKTOP-KCP6DQD",
                       "Channel":  "Microsoft-Windows-Sysmon/Operational",
                       "RecordId":  34540,
                       "ProviderName":  "Microsoft-Windows-Sysmon",
                       "Severity":  "Low",
                       "MitreAttack":  "N/A",
                       "OwaspMapping":  "N/A",
                       "RuleName":  "Deteccion_Persistencia_Registro",
                       "UtcTime":  "2026-06-08 02:51:54.264",
                       "ProcessGuid":  "{f9ed62ee-2e42-6a26-bb13-000000009c00}",
                       "ProcessId":  "22460",
                       "Image":  "C:\\Users\\nueva\\AppData\\Local\\Programs\\Antigravity IDE\\Antigravity IDE.exe",
                       "User":  "DESKTOP-KCP6DQD\\nueva",
                       "EventType":  "CreateKey",
                       "TargetObject":  "HKLM\\System\\CurrentControlSet\\Services\\Tcpip\\Parameters"
                   },
                   {
                       "EventID":  13,
                       "TimeCreated":  "2026-06-07T22:51:54.0533311-04:00",
                       "Computer":  "DESKTOP-KCP6DQD",
                       "Channel":  "Microsoft-Windows-Sysmon/Operational",
                       "RecordId":  34539,
                       "ProviderName":  "Microsoft-Windows-Sysmon",
                       "Severity":  "Low",
                       "MitreAttack":  "N/A",
                       "OwaspMapping":  "N/A",
                       "RuleName":  "Deteccion_Persistencia_Registro",
                       "UtcTime":  "2026-06-08 02:51:54.049",
                       "ProcessGuid":  "{f9ed62ee-2e49-6a26-e013-000000009c00}",
                       "ProcessId":  "18736",
                       "Image":  "C:\\WINDOWS\\system32\\conhost.exe",
                       "User":  "DESKTOP-KCP6DQD\\nueva",
                       "EventType":  "SetValue",
                       "TargetObject":  "HKLM\\System\\CurrentControlSet\\Services\\bam\\State\\UserSettings\\S-1-5-21-158180708-2764993437-2666828097-1001\\\\Device\\HarddiskVolume4\\Windows\\System32\\conhost.exe",
                       "Details":  "Binary Data"
                   },
                   {
                       "EventID":  13,
                       "TimeCreated":  "2026-06-07T22:51:54.0470683-04:00",
                       "Computer":  "DESKTOP-KCP6DQD",
                       "Channel":  "Microsoft-Windows-Sysmon/Operational",
                       "RecordId":  34538,
                       "ProviderName":  "Microsoft-Windows-Sysmon",
                       "Severity":  "Low",
                       "MitreAttack":  "N/A",
                       "OwaspMapping":  "N/A",
                       "RuleName":  "Deteccion_Persistencia_Registro",
                       "UtcTime":  "2026-06-08 02:51:54.046",
                       "ProcessGuid":  "{f9ed62ee-2e49-6a26-e213-000000009c00}",
                       "ProcessId":  "20932",
                       "Image":  "C:\\WINDOWS\\system32\\conhost.exe",
                       "User":  "DESKTOP-KCP6DQD\\nueva",
                       "EventType":  "SetValue",
                       "TargetObject":  "HKLM\\System\\CurrentControlSet\\Services\\bam\\State\\UserSettings\\S-1-5-21-158180708-2764993437-2666828097-1001\\\\Device\\HarddiskVolume4\\Windows\\System32\\conhost.exe",
                       "Details":  "Binary Data"
                   },
                   {
                       "EventID":  13,
                       "TimeCreated":  "2026-06-07T22:51:54.0258607-04:00",
                       "Computer":  "DESKTOP-KCP6DQD",
                       "Channel":  "Microsoft-Windows-Sysmon/Operational",
                       "RecordId":  34537,
                       "ProviderName":  "Microsoft-Windows-Sysmon",
                       "Severity":  "Low",
                       "MitreAttack":  "N/A",
                       "OwaspMapping":  "N/A",
                       "RuleName":  "Deteccion_Persistencia_Registro",
                       "UtcTime":  "2026-06-08 02:51:54.023",
                       "ProcessGuid":  "{f9ed62ee-2e49-6a26-de13-000000009c00}",
                       "ProcessId":  "12840",
                       "Image":  "C:\\WINDOWS\\system32\\conhost.exe",
                       "User":  "DESKTOP-KCP6DQD\\nueva",
                       "EventType":  "SetValue",
                       "TargetObject":  "HKLM\\System\\CurrentControlSet\\Services\\bam\\State\\UserSettings\\S-1-5-21-158180708-2764993437-2666828097-1001\\\\Device\\HarddiskVolume4\\Windows\\System32\\conhost.exe",
                       "Details":  "Binary Data"
                   },
                   {
                       "EventID":  13,
                       "TimeCreated":  "2026-06-07T22:51:53.9581402-04:00",
                       "Computer":  "DESKTOP-KCP6DQD",
                       "Channel":  "Microsoft-Windows-Sysmon/Operational",
                       "RecordId":  34536,
                       "ProviderName":  "Microsoft-Windows-Sysmon",
                       "Severity":  "Low",
                       "MitreAttack":  "N/A",
                       "OwaspMapping":  "N/A",
                       "RuleName":  "Deteccion_Persistencia_Registro",
                       "UtcTime":  "2026-06-08 02:51:53.956",
                       "ProcessGuid":  "{f9ed62ee-2e49-6a26-e113-000000009c00}",
                       "ProcessId":  "11036",
                       "Image":  "C:\\Program Files\\Git\\cmd\\git.exe",
                       "User":  "DESKTOP-KCP6DQD\\nueva",
                       "EventType":  "SetValue",
                       "TargetObject":  "HKLM\\System\\CurrentControlSet\\Services\\bam\\State\\UserSettings\\S-1-5-21-158180708-2764993437-2666828097-1001\\\\Device\\HarddiskVolume4\\Windows\\System32\\conhost.exe",
                       "Details":  "Binary Data"
                   },
                   {
                       "EventID":  13,
                       "TimeCreated":  "2026-06-07T22:51:53.9484544-04:00",
                       "Computer":  "DESKTOP-KCP6DQD",
                       "Channel":  "Microsoft-Windows-Sysmon/Operational",
                       "RecordId":  34535,
                       "ProviderName":  "Microsoft-Windows-Sysmon",
                       "Severity":  "Low",
                       "MitreAttack":  "N/A",
                       "OwaspMapping":  "N/A",
                       "RuleName":  "Deteccion_Persistencia_Registro",
                       "UtcTime":  "2026-06-08 02:51:53.947",
                       "ProcessGuid":  "{f9ed62ee-2e49-6a26-df13-000000009c00}",
                       "ProcessId":  "11900",
                       "Image":  "C:\\Program Files\\Git\\cmd\\git.exe",
                       "User":  "DESKTOP-KCP6DQD\\nueva",
                       "EventType":  "SetValue",
                       "TargetObject":  "HKLM\\System\\CurrentControlSet\\Services\\bam\\State\\UserSettings\\S-1-5-21-158180708-2764993437-2666828097-1001\\\\Device\\HarddiskVolume4\\Windows\\System32\\conhost.exe",
                       "Details":  "Binary Data"
                   },
                   {
                       "EventID":  13,
                       "TimeCreated":  "2026-06-07T22:51:53.9347535-04:00",
                       "Computer":  "DESKTOP-KCP6DQD",
                       "Channel":  "Microsoft-Windows-Sysmon/Operational",
                       "RecordId":  34534,
                       "ProviderName":  "Microsoft-Windows-Sysmon",
                       "Severity":  "Low",
                       "MitreAttack":  "N/A",
                       "OwaspMapping":  "N/A",
                       "RuleName":  "Deteccion_Persistencia_Registro",
                       "UtcTime":  "2026-06-08 02:51:53.934",
                       "ProcessGuid":  "{f9ed62ee-2e49-6a26-dd13-000000009c00}",
                       "ProcessId":  "11832",
                       "Image":  "C:\\Program Files\\Git\\cmd\\git.exe",
                       "User":  "DESKTOP-KCP6DQD\\nueva",
                       "EventType":  "SetValue",
                       "TargetObject":  "HKLM\\System\\CurrentControlSet\\Services\\bam\\State\\UserSettings\\S-1-5-21-158180708-2764993437-2666828097-1001\\\\Device\\HarddiskVolume4\\Windows\\System32\\conhost.exe",
                       "Details":  "Binary Data"
                   },
                   {
                       "EventID":  13,
                       "TimeCreated":  "2026-06-07T22:51:53.7052068-04:00",
                       "Computer":  "DESKTOP-KCP6DQD",
                       "Channel":  "Microsoft-Windows-Sysmon/Operational",
                       "RecordId":  34533,
                       "ProviderName":  "Microsoft-Windows-Sysmon",
                       "Severity":  "Low",
                       "MitreAttack":  "N/A",
                       "OwaspMapping":  "N/A",
                       "RuleName":  "Deteccion_Persistencia_Registro",
                       "UtcTime":  "2026-06-08 02:51:53.704",
                       "ProcessGuid":  "{f9ed62ee-2e49-6a26-d913-000000009c00}",
                       "ProcessId":  "19960",
                       "Image":  "C:\\WINDOWS\\system32\\conhost.exe",
                       "User":  "DESKTOP-KCP6DQD\\nueva",
                       "EventType":  "SetValue",
                       "TargetObject":  "HKLM\\System\\CurrentControlSet\\Services\\bam\\State\\UserSettings\\S-1-5-21-158180708-2764993437-2666828097-1001\\\\Device\\HarddiskVolume4\\Windows\\System32\\conhost.exe",
                       "Details":  "Binary Data"
                   },
                   {
                       "EventID":  13,
                       "TimeCreated":  "2026-06-07T22:51:53.6821334-04:00",
                       "Computer":  "DESKTOP-KCP6DQD",
                       "Channel":  "Microsoft-Windows-Sysmon/Operational",
                       "RecordId":  34532,
                       "ProviderName":  "Microsoft-Windows-Sysmon",
                       "Severity":  "Low",
                       "MitreAttack":  "N/A",
                       "OwaspMapping":  "N/A",
                       "RuleName":  "Deteccion_Persistencia_Registro",
                       "UtcTime":  "2026-06-08 02:51:53.681",
                       "ProcessGuid":  "{f9ed62ee-2e49-6a26-d713-000000009c00}",
                       "ProcessId":  "20336",
                       "Image":  "C:\\WINDOWS\\system32\\conhost.exe",
                       "User":  "DESKTOP-KCP6DQD\\nueva",
                       "EventType":  "SetValue",
                       "TargetObject":  "HKLM\\System\\CurrentControlSet\\Services\\bam\\State\\UserSettings\\S-1-5-21-158180708-2764993437-2666828097-1001\\\\Device\\HarddiskVolume4\\Windows\\System32\\conhost.exe",
                       "Details":  "Binary Data"
                   },
                   {
                       "EventID":  13,
                       "TimeCreated":  "2026-06-07T22:51:53.6784520-04:00",
                       "Computer":  "DESKTOP-KCP6DQD",
                       "Channel":  "Microsoft-Windows-Sysmon/Operational",
                       "RecordId":  34531,
                       "ProviderName":  "Microsoft-Windows-Sysmon",
                       "Severity":  "Low",
                       "MitreAttack":  "N/A",
                       "OwaspMapping":  "N/A",
                       "RuleName":  "Deteccion_Persistencia_Registro",
                       "UtcTime":  "2026-06-08 02:51:53.677",
                       "ProcessGuid":  "{f9ed62ee-2e49-6a26-d613-000000009c00}",
                       "ProcessId":  "10520",
                       "Image":  "C:\\WINDOWS\\system32\\conhost.exe",
                       "User":  "DESKTOP-KCP6DQD\\nueva",
                       "EventType":  "SetValue",
                       "TargetObject":  "HKLM\\System\\CurrentControlSet\\Services\\bam\\State\\UserSettings\\S-1-5-21-158180708-2764993437-2666828097-1001\\\\Device\\HarddiskVolume4\\Windows\\System32\\conhost.exe",
                       "Details":  "Binary Data"
                   },
