                   {
                       "EventID":  12,
                       "TimeCreated":  "2026-06-07T23:11:51.7167994-04:00",
                       "Computer":  "DESKTOP-KCP6DQD",
                       "Channel":  "Microsoft-Windows-Sysmon/Operational",
                       "RecordId":  35544,
                       "ProviderName":  "Microsoft-Windows-Sysmon",
                       "Severity":  "Low",
                       "MitreAttack":  "N/A",
                       "OwaspMapping":  "N/A",
                       "RuleName":  "Deteccion_Persistencia_Registro",
                       "UtcTime":  "2026-06-08 03:11:51.714",
                       "ProcessGuid":  "{f9ed62ee-32f5-6a26-2517-000000009c00}",
                       "ProcessId":  "18196",
                       "Image":  "C:\\WINDOWS\\system32\\taskhostw.exe",
                       "User":  "NT AUTHORITY\\SYSTEM",
                       "EventType":  "CreateKey",
                       "TargetObject":  "HKLM\\System\\CurrentControlSet\\Services\\Tcpip\\Parameters"
                   },
                   {
                       "EventID":  12,
                       "TimeCreated":  "2026-06-07T23:11:51.7166420-04:00",
                       "Computer":  "DESKTOP-KCP6DQD",
                       "Channel":  "Microsoft-Windows-Sysmon/Operational",
                       "RecordId":  35543,
                       "ProviderName":  "Microsoft-Windows-Sysmon",
                       "Severity":  "Low",
                       "MitreAttack":  "N/A",
                       "OwaspMapping":  "N/A",
                       "RuleName":  "Deteccion_Persistencia_Registro",
                       "UtcTime":  "2026-06-08 03:11:51.714",
                       "ProcessGuid":  "{f9ed62ee-32f5-6a26-2517-000000009c00}",
                       "ProcessId":  "18196",
                       "Image":  "C:\\WINDOWS\\system32\\taskhostw.exe",
                       "User":  "NT AUTHORITY\\SYSTEM",
                       "EventType":  "CreateKey",
                       "TargetObject":  "HKLM\\System\\CurrentControlSet\\Services\\Tcpip\\Parameters"
                   },
                   {
                       "EventID":  12,
                       "TimeCreated":  "2026-06-07T23:11:51.7165899-04:00",
                       "Computer":  "DESKTOP-KCP6DQD",
                       "Channel":  "Microsoft-Windows-Sysmon/Operational",
                       "RecordId":  35542,
                       "ProviderName":  "Microsoft-Windows-Sysmon",
                       "Severity":  "Low",
                       "MitreAttack":  "N/A",
                       "OwaspMapping":  "N/A",
                       "RuleName":  "Deteccion_Persistencia_Registro",
                       "UtcTime":  "2026-06-08 03:11:51.714",
                       "ProcessGuid":  "{f9ed62ee-32f5-6a26-2517-000000009c00}",
                       "ProcessId":  "18196",
                       "Image":  "C:\\WINDOWS\\system32\\taskhostw.exe",
                       "User":  "NT AUTHORITY\\SYSTEM",
                       "EventType":  "CreateKey",
                       "TargetObject":  "HKLM\\System\\CurrentControlSet\\Services\\Tcpip\\Parameters"
                   },
                   {
                       "EventID":  12,
                       "TimeCreated":  "2026-06-07T23:11:51.7165333-04:00",
                       "Computer":  "DESKTOP-KCP6DQD",
                       "Channel":  "Microsoft-Windows-Sysmon/Operational",
                       "RecordId":  35541,
                       "ProviderName":  "Microsoft-Windows-Sysmon",
                       "Severity":  "Low",
                       "MitreAttack":  "N/A",
                       "OwaspMapping":  "N/A",
                       "RuleName":  "Deteccion_Persistencia_Registro",
                       "UtcTime":  "2026-06-08 03:11:51.714",
                       "ProcessGuid":  "{f9ed62ee-32f5-6a26-2517-000000009c00}",
                       "ProcessId":  "18196",
                       "Image":  "C:\\WINDOWS\\system32\\taskhostw.exe",
                       "User":  "NT AUTHORITY\\SYSTEM",
                       "EventType":  "CreateKey",
                       "TargetObject":  "HKLM\\System\\CurrentControlSet\\Services\\Tcpip\\Parameters"
                   },
                   {
                       "EventID":  12,
                       "TimeCreated":  "2026-06-07T23:11:46.0781717-04:00",
                       "Computer":  "DESKTOP-KCP6DQD",
                       "Channel":  "Microsoft-Windows-Sysmon/Operational",
                       "RecordId":  35540,
                       "ProviderName":  "Microsoft-Windows-Sysmon",
                       "Severity":  "High",
                       "MitreAttack":  "T1547.001",
                       "OwaspMapping":  "A08:2021-Software and Data Integrity Failures",
                       "RuleName":  "Persistence via Run/RunOnce Registry Keys",
                       "UtcTime":  "2026-06-08 03:11:46.077",
                       "ProcessGuid":  "{f9ed62ee-f06c-6a25-4401-000000009c00}",
                       "ProcessId":  "11680",
                       "Image":  "C:\\WINDOWS\\system32\\sihost.exe",
                       "User":  "DESKTOP-KCP6DQD\\nueva",
                       "EventType":  "CreateKey",
                       "TargetObject":  "HKLM\\SOFTWARE\\WOW6432Node\\Microsoft\\Windows\\CurrentVersion\\Run"
                   },
                   {
                       "EventID":  13,
                       "TimeCreated":  "2026-06-07T23:11:42.5375858-04:00",
                       "Computer":  "DESKTOP-KCP6DQD",
                       "Channel":  "Microsoft-Windows-Sysmon/Operational",
                       "RecordId":  35539,
                       "ProviderName":  "Microsoft-Windows-Sysmon",
                       "Severity":  "Low",
                       "MitreAttack":  "N/A",
                       "OwaspMapping":  "N/A",
                       "RuleName":  "Deteccion_Persistencia_Registro",
                       "UtcTime":  "2026-06-08 03:11:42.537",
                       "ProcessGuid":  "{f9ed62ee-f0b0-6a25-e701-000000009c00}",
                       "ProcessId":  "18792",
                       "Image":  "C:\\Program Files\\Google\\Chrome\\Application\\chrome.exe",
                       "User":  "DESKTOP-KCP6DQD\\nueva",
                       "EventType":  "SetValue",
                       "TargetObject":  "HKLM\\System\\CurrentControlSet\\Services\\bam\\State\\UserSettings\\S-1-5-21-158180708-2764993437-2666828097-1001\\\\Device\\HarddiskVolume4\\Program Files\\Google\\Chrome\\Application\\chrome.exe",
                       "Details":  "Binary Data"
                   },
                   {
                       "EventID":  13,
                       "TimeCreated":  "2026-06-07T23:11:41.3675678-04:00",
                       "Computer":  "DESKTOP-KCP6DQD",
                       "Channel":  "Microsoft-Windows-Sysmon/Operational",
                       "RecordId":  35538,
                       "ProviderName":  "Microsoft-Windows-Sysmon",
                       "Severity":  "Low",
                       "MitreAttack":  "N/A",
                       "OwaspMapping":  "N/A",
                       "RuleName":  "Deteccion_Persistencia_Registro",
                       "UtcTime":  "2026-06-08 03:11:41.365",
                       "ProcessGuid":  "{f9ed62ee-3282-6a26-f316-000000009c00}",
                       "ProcessId":  "21668",
                       "Image":  "C:\\Program Files\\Google\\Chrome\\Application\\chrome.exe",
                       "User":  "DESKTOP-KCP6DQD\\nueva",
                       "EventType":  "SetValue",
                       "TargetObject":  "HKLM\\System\\CurrentControlSet\\Services\\bam\\State\\UserSettings\\S-1-5-21-158180708-2764993437-2666828097-1001\\\\Device\\HarddiskVolume4\\Program Files\\Google\\Chrome\\Application\\chrome.exe",
                       "Details":  "Binary Data"
                   },
                   {
                       "EventID":  12,
                       "TimeCreated":  "2026-06-07T23:11:41.2306569-04:00",
                       "Computer":  "DESKTOP-KCP6DQD",
                       "Channel":  "Microsoft-Windows-Sysmon/Operational",
                       "RecordId":  35537,
                       "ProviderName":  "Microsoft-Windows-Sysmon",
                       "Severity":  "Low",
                       "MitreAttack":  "N/A",
                       "OwaspMapping":  "N/A",
                       "RuleName":  "Deteccion_Persistencia_Registro",
                       "UtcTime":  "2026-06-08 03:11:41.230",
                       "ProcessGuid":  "{f9ed62ee-f03f-6a25-2f00-000000009c00}",
                       "ProcessId":  "2780",
                       "Image":  "C:\\WINDOWS\\system32\\svchost.exe",
                       "User":  "NT AUTHORITY\\Servicio de red",
                       "EventType":  "CreateKey",
                       "TargetObject":  "HKLM\\System\\CurrentControlSet\\Services\\Tcpip\\Parameters"
                   },
                   {
                       "EventID":  13,
                       "TimeCreated":  "2026-06-07T23:11:37.3774687-04:00",
                       "Computer":  "DESKTOP-KCP6DQD",
                       "Channel":  "Microsoft-Windows-Sysmon/Operational",
                       "RecordId":  35536,
                       "ProviderName":  "Microsoft-Windows-Sysmon",
                       "Severity":  "Low",
                       "MitreAttack":  "N/A",
                       "OwaspMapping":  "N/A",
                       "RuleName":  "Deteccion_Persistencia_Registro",
                       "UtcTime":  "2026-06-08 03:11:37.376",
                       "ProcessGuid":  "{f9ed62ee-32e9-6a26-2017-000000009c00}",
                       "ProcessId":  "20052",
                       "Image":  "C:\\WINDOWS\\system32\\conhost.exe",
                       "User":  "DESKTOP-KCP6DQD\\nueva",
                       "EventType":  "SetValue",
                       "TargetObject":  "HKLM\\System\\CurrentControlSet\\Services\\bam\\State\\UserSettings\\S-1-5-21-158180708-2764993437-2666828097-1001\\\\Device\\HarddiskVolume4\\Windows\\System32\\conhost.exe",
                       "Details":  "Binary Data"
                   },
                   {
                       "EventID":  13,
                       "TimeCreated":  "2026-06-07T23:11:37.3330350-04:00",
                       "Computer":  "DESKTOP-KCP6DQD",
                       "Channel":  "Microsoft-Windows-Sysmon/Operational",
                       "RecordId":  35535,
                       "ProviderName":  "Microsoft-Windows-Sysmon",
                       "Severity":  "Low",
                       "MitreAttack":  "N/A",
                       "OwaspMapping":  "N/A",
                       "RuleName":  "Deteccion_Persistencia_Registro",
                       "UtcTime":  "2026-06-08 03:11:37.330",
                       "ProcessGuid":  "{f9ed62ee-32e9-6a26-2117-000000009c00}",
                       "ProcessId":  "8904",
                       "Image":  "C:\\WINDOWS\\system32\\conhost.exe",
                       "User":  "DESKTOP-KCP6DQD\\nueva",
                       "EventType":  "SetValue",
                       "TargetObject":  "HKLM\\System\\CurrentControlSet\\Services\\bam\\State\\UserSettings\\S-1-5-21-158180708-2764993437-2666828097-1001\\\\Device\\HarddiskVolume4\\Windows\\System32\\conhost.exe",
                       "Details":  "Binary Data"
                   },
                   {
                       "EventID":  13,
                       "TimeCreated":  "2026-06-07T23:11:37.2679922-04:00",
                       "Computer":  "DESKTOP-KCP6DQD",
                       "Channel":  "Microsoft-Windows-Sysmon/Operational",
                       "RecordId":  35534,
                       "ProviderName":  "Microsoft-Windows-Sysmon",
                       "Severity":  "Low",
                       "MitreAttack":  "N/A",
                       "OwaspMapping":  "N/A",
                       "RuleName":  "Deteccion_Persistencia_Registro",
                       "UtcTime":  "2026-06-08 03:11:37.260",
                       "ProcessGuid":  "{f9ed62ee-32e9-6a26-1f17-000000009c00}",
                       "ProcessId":  "11912",
                       "Image":  "C:\\Program Files\\Git\\cmd\\git.exe",
                       "User":  "DESKTOP-KCP6DQD\\nueva",
                       "EventType":  "SetValue",
                       "TargetObject":  "HKLM\\System\\CurrentControlSet\\Services\\bam\\State\\UserSettings\\S-1-5-21-158180708-2764993437-2666828097-1001\\\\Device\\HarddiskVolume4\\Windows\\System32\\conhost.exe",
                       "Details":  "Binary Data"
                   },
                   {
                       "EventID":  13,
                       "TimeCreated":  "2026-06-07T23:11:37.2638908-04:00",
                       "Computer":  "DESKTOP-KCP6DQD",
                       "Channel":  "Microsoft-Windows-Sysmon/Operational",
                       "RecordId":  35533,
                       "ProviderName":  "Microsoft-Windows-Sysmon",
                       "Severity":  "Low",
                       "MitreAttack":  "N/A",
                       "OwaspMapping":  "N/A",
                       "RuleName":  "Deteccion_Persistencia_Registro",
                       "UtcTime":  "2026-06-08 03:11:37.260",
                       "ProcessGuid":  "{f9ed62ee-32e9-6a26-1e17-000000009c00}",
                       "ProcessId":  "12348",
                       "Image":  "C:\\Program Files\\Git\\cmd\\git.exe",
                       "User":  "DESKTOP-KCP6DQD\\nueva",
                       "EventType":  "SetValue",
                       "TargetObject":  "HKLM\\System\\CurrentControlSet\\Services\\bam\\State\\UserSettings\\S-1-5-21-158180708-2764993437-2666828097-1001\\\\Device\\HarddiskVolume4\\Windows\\System32\\conhost.exe",
                       "Details":  "Binary Data"
                   },
                   {
                       "EventID":  13,
                       "TimeCreated":  "2026-06-07T23:11:37.2539120-04:00",
                       "Computer":  "DESKTOP-KCP6DQD",
                       "Channel":  "Microsoft-Windows-Sysmon/Operational",
                       "RecordId":  35532,
                       "ProviderName":  "Microsoft-Windows-Sysmon",
                       "Severity":  "Low",
                       "MitreAttack":  "N/A",
                       "OwaspMapping":  "N/A",
                       "RuleName":  "Deteccion_Persistencia_Registro",
                       "UtcTime":  "2026-06-08 03:11:37.253",
                       "ProcessGuid":  "{f9ed62ee-32e9-6a26-1b17-000000009c00}",
                       "ProcessId":  "14012",
                       "Image":  "C:\\WINDOWS\\system32\\conhost.exe",
                       "User":  "DESKTOP-KCP6DQD\\nueva",
                       "EventType":  "SetValue",
                       "TargetObject":  "HKLM\\System\\CurrentControlSet\\Services\\bam\\State\\UserSettings\\S-1-5-21-158180708-2764993437-2666828097-1001\\\\Device\\HarddiskVolume4\\Windows\\System32\\conhost.exe",
                       "Details":  "Binary Data"
                   },
                   {
                       "EventID":  13,
                       "TimeCreated":  "2026-06-07T23:11:37.2487283-04:00",
                       "Computer":  "DESKTOP-KCP6DQD",
                       "Channel":  "Microsoft-Windows-Sysmon/Operational",
                       "RecordId":  35531,
                       "ProviderName":  "Microsoft-Windows-Sysmon",
                       "Severity":  "Low",
                       "MitreAttack":  "N/A",
                       "OwaspMapping":  "N/A",
                       "RuleName":  "Deteccion_Persistencia_Registro",
                       "UtcTime":  "2026-06-08 03:11:37.248",
                       "ProcessGuid":  "{f9ed62ee-32e9-6a26-1a17-000000009c00}",
                       "ProcessId":  "7468",
                       "Image":  "C:\\WINDOWS\\system32\\conhost.exe",
                       "User":  "DESKTOP-KCP6DQD\\nueva",
                       "EventType":  "SetValue",
                       "TargetObject":  "HKLM\\System\\CurrentControlSet\\Services\\bam\\State\\UserSettings\\S-1-5-21-158180708-2764993437-2666828097-1001\\\\Device\\HarddiskVolume4\\Windows\\System32\\conhost.exe",
                       "Details":  "Binary Data"
                   },
                   {
                       "EventID":  13,
                       "TimeCreated":  "2026-06-07T23:11:37.1893679-04:00",
                       "Computer":  "DESKTOP-KCP6DQD",
                       "Channel":  "Microsoft-Windows-Sysmon/Operational",
                       "RecordId":  35530,
                       "ProviderName":  "Microsoft-Windows-Sysmon",
                       "Severity":  "Low",
                       "MitreAttack":  "N/A",
                       "OwaspMapping":  "N/A",
                       "RuleName":  "Deteccion_Persistencia_Registro",
                       "UtcTime":  "2026-06-08 03:11:37.188",
                       "ProcessGuid":  "{f9ed62ee-32e9-6a26-1917-000000009c00}",
                       "ProcessId":  "22100",
                       "Image":  "C:\\Program Files\\Git\\cmd\\git.exe",
                       "User":  "DESKTOP-KCP6DQD\\nueva",
                       "EventType":  "SetValue",
                       "TargetObject":  "HKLM\\System\\CurrentControlSet\\Services\\bam\\State\\UserSettings\\S-1-5-21-158180708-2764993437-2666828097-1001\\\\Device\\HarddiskVolume4\\Windows\\System32\\conhost.exe",
                       "Details":  "Binary Data"
                   },
                   {
                       "EventID":  13,
                       "TimeCreated":  "2026-06-07T23:11:37.1853035-04:00",
                       "Computer":  "DESKTOP-KCP6DQD",
                       "Channel":  "Microsoft-Windows-Sysmon/Operational",
                       "RecordId":  35529,
                       "ProviderName":  "Microsoft-Windows-Sysmon",
                       "Severity":  "Low",
                       "MitreAttack":  "N/A",
                       "OwaspMapping":  "N/A",
                       "RuleName":  "Deteccion_Persistencia_Registro",
                       "UtcTime":  "2026-06-08 03:11:37.184",
                       "ProcessGuid":  "{f9ed62ee-32e9-6a26-1817-000000009c00}",
                       "ProcessId":  "4716",
                       "Image":  "C:\\Program Files\\Git\\cmd\\git.exe",
                       "User":  "DESKTOP-KCP6DQD\\nueva",
                       "EventType":  "SetValue",
                       "TargetObject":  "HKLM\\System\\CurrentControlSet\\Services\\bam\\State\\UserSettings\\S-1-5-21-158180708-2764993437-2666828097-1001\\\\Device\\HarddiskVolume4\\Windows\\System32\\conhost.exe",
                       "Details":  "Binary Data"
                   },
                   {
                       "EventID":  12,
                       "TimeCreated":  "2026-06-07T23:11:36.0712818-04:00",
                       "Computer":  "DESKTOP-KCP6DQD",
                       "Channel":  "Microsoft-Windows-Sysmon/Operational",
                       "RecordId":  35528,
                       "ProviderName":  "Microsoft-Windows-Sysmon",
                       "Severity":  "High",
                       "MitreAttack":  "T1547.001",
                       "OwaspMapping":  "A08:2021-Software and Data Integrity Failures",
                       "RuleName":  "Persistence via Run/RunOnce Registry Keys",
                       "UtcTime":  "2026-06-08 03:11:36.070",
                       "ProcessGuid":  "{f9ed62ee-f06c-6a25-4401-000000009c00}",
                       "ProcessId":  "11680",
                       "Image":  "C:\\WINDOWS\\system32\\sihost.exe",
                       "User":  "DESKTOP-KCP6DQD\\nueva",
                       "EventType":  "CreateKey",
                       "TargetObject":  "HKLM\\SOFTWARE\\WOW6432Node\\Microsoft\\Windows\\CurrentVersion\\Run"
                   },
                   {
                       "EventID":  12,
                       "TimeCreated":  "2026-06-07T23:11:26.0536567-04:00",
                       "Computer":  "DESKTOP-KCP6DQD",
                       "Channel":  "Microsoft-Windows-Sysmon/Operational",
                       "RecordId":  35527,
                       "ProviderName":  "Microsoft-Windows-Sysmon",
                       "Severity":  "High",
                       "MitreAttack":  "T1547.001",
                       "OwaspMapping":  "A08:2021-Software and Data Integrity Failures",
                       "RuleName":  "Persistence via Run/RunOnce Registry Keys",
                       "UtcTime":  "2026-06-08 03:11:26.053",
                       "ProcessGuid":  "{f9ed62ee-f06c-6a25-4401-000000009c00}",
                       "ProcessId":  "11680",
                       "Image":  "C:\\WINDOWS\\system32\\sihost.exe",
                       "User":  "DESKTOP-KCP6DQD\\nueva",
                       "EventType":  "CreateKey",
                       "TargetObject":  "HKLM\\SOFTWARE\\WOW6432Node\\Microsoft\\Windows\\CurrentVersion\\Run"
                   },
                   {
                       "EventID":  12,
                       "TimeCreated":  "2026-06-07T23:11:16.0451834-04:00",
                       "Computer":  "DESKTOP-KCP6DQD",
                       "Channel":  "Microsoft-Windows-Sysmon/Operational",
                       "RecordId":  35526,
                       "ProviderName":  "Microsoft-Windows-Sysmon",
                       "Severity":  "High",
                       "MitreAttack":  "T1547.001",
                       "OwaspMapping":  "A08:2021-Software and Data Integrity Failures",
                       "RuleName":  "Persistence via Run/RunOnce Registry Keys",
                       "UtcTime":  "2026-06-08 03:11:16.044",
                       "ProcessGuid":  "{f9ed62ee-f06c-6a25-4401-000000009c00}",
                       "ProcessId":  "11680",
                       "Image":  "C:\\WINDOWS\\system32\\sihost.exe",
                       "User":  "DESKTOP-KCP6DQD\\nueva",
                       "EventType":  "CreateKey",
                       "TargetObject":  "HKLM\\SOFTWARE\\WOW6432Node\\Microsoft\\Windows\\CurrentVersion\\Run"
                   },
                   {
                       "EventID":  13,
                       "TimeCreated":  "2026-06-07T23:11:11.3615486-04:00",
                       "Computer":  "DESKTOP-KCP6DQD",
                       "Channel":  "Microsoft-Windows-Sysmon/Operational",
                       "RecordId":  35525,
                       "ProviderName":  "Microsoft-Windows-Sysmon",
                       "Severity":  "Low",
                       "MitreAttack":  "N/A",
                       "OwaspMapping":  "N/A",
                       "RuleName":  "Deteccion_Persistencia_Registro",
                       "UtcTime":  "2026-06-08 03:11:11.360",
                       "ProcessGuid":  "{f9ed62ee-f0b0-6a25-e701-000000009c00}",
                       "ProcessId":  "18792",
                       "Image":  "C:\\Program Files\\Google\\Chrome\\Application\\chrome.exe",
                       "User":  "DESKTOP-KCP6DQD\\nueva",
                       "EventType":  "SetValue",
                       "TargetObject":  "HKLM\\System\\CurrentControlSet\\Services\\bam\\State\\UserSettings\\S-1-5-21-158180708-2764993437-2666828097-1001\\\\Device\\HarddiskVolume4\\Program Files\\Google\\Chrome\\Application\\chrome.exe",
                       "Details":  "Binary Data"
                   },
                   {
                       "EventID":  13,
                       "TimeCreated":  "2026-06-07T23:11:11.1945865-04:00",
                       "Computer":  "DESKTOP-KCP6DQD",
                       "Channel":  "Microsoft-Windows-Sysmon/Operational",
                       "RecordId":  35524,
                       "ProviderName":  "Microsoft-Windows-Sysmon",
                       "Severity":  "Low",
                       "MitreAttack":  "N/A",
                       "OwaspMapping":  "N/A",
                       "RuleName":  "Deteccion_Persistencia_Registro",
                       "UtcTime":  "2026-06-08 03:11:11.193",
                       "ProcessGuid":  "{f9ed62ee-3286-6a26-f616-000000009c00}",
                       "ProcessId":  "8052",
                       "Image":  "C:\\Program Files\\Google\\Chrome\\Application\\chrome.exe",
                       "User":  "DESKTOP-KCP6DQD\\nueva",
                       "EventType":  "SetValue",
                       "TargetObject":  "HKLM\\System\\CurrentControlSet\\Services\\bam\\State\\UserSettings\\S-1-5-21-158180708-2764993437-2666828097-1001\\\\Device\\HarddiskVolume4\\Program Files\\Google\\Chrome\\Application\\chrome.exe",
                       "Details":  "Binary Data"
                   },
                   {
                       "EventID":  12,
                       "TimeCreated":  "2026-06-07T23:11:06.0329473-04:00",
                       "Computer":  "DESKTOP-KCP6DQD",
                       "Channel":  "Microsoft-Windows-Sysmon/Operational",
                       "RecordId":  35523,
                       "ProviderName":  "Microsoft-Windows-Sysmon",
                       "Severity":  "High",
                       "MitreAttack":  "T1547.001",
                       "OwaspMapping":  "A08:2021-Software and Data Integrity Failures",
                       "RuleName":  "Persistence via Run/RunOnce Registry Keys",
                       "UtcTime":  "2026-06-08 03:11:06.031",
                       "ProcessGuid":  "{f9ed62ee-f06c-6a25-4401-000000009c00}",
                       "ProcessId":  "11680",
                       "Image":  "C:\\WINDOWS\\system32\\sihost.exe",
                       "User":  "DESKTOP-KCP6DQD\\nueva",
                       "EventType":  "CreateKey",
                       "TargetObject":  "HKLM\\SOFTWARE\\WOW6432Node\\Microsoft\\Windows\\CurrentVersion\\Run"
                   },
                   {
                       "EventID":  13,
                       "TimeCreated":  "2026-06-07T23:11:04.3769152-04:00",
                       "Computer":  "DESKTOP-KCP6DQD",
                       "Channel":  "Microsoft-Windows-Sysmon/Operational",
                       "RecordId":  35522,
                       "ProviderName":  "Microsoft-Windows-Sysmon",
                       "Severity":  "Low",
                       "MitreAttack":  "N/A",
                       "OwaspMapping":  "N/A",
                       "RuleName":  "Deteccion_Persistencia_Registro",
                       "UtcTime":  "2026-06-08 03:11:04.375",
                       "ProcessGuid":  "{f9ed62ee-32aa-6a26-0717-000000009c00}",
                       "ProcessId":  "21108",
                       "Image":  "C:\\Program Files\\Google\\Chrome\\Application\\chrome.exe",
                       "User":  "DESKTOP-KCP6DQD\\nueva",
                       "EventType":  "SetValue",
                       "TargetObject":  "HKLM\\System\\CurrentControlSet\\Services\\bam\\State\\UserSettings\\S-1-5-21-158180708-2764993437-2666828097-1001\\\\Device\\HarddiskVolume4\\Program Files\\Google\\Chrome\\Application\\chrome.exe",
                       "Details":  "Binary Data"
                   },
                   {
                       "EventID":  12,
                       "TimeCreated":  "2026-06-07T23:10:56.0257214-04:00",
                       "Computer":  "DESKTOP-KCP6DQD",
                       "Channel":  "Microsoft-Windows-Sysmon/Operational",
                       "RecordId":  35521,
                       "ProviderName":  "Microsoft-Windows-Sysmon",
                       "Severity":  "High",
                       "MitreAttack":  "T1547.001",
                       "OwaspMapping":  "A08:2021-Software and Data Integrity Failures",
                       "RuleName":  "Persistence via Run/RunOnce Registry Keys",
                       "UtcTime":  "2026-06-08 03:10:56.024",
                       "ProcessGuid":  "{f9ed62ee-f06c-6a25-4401-000000009c00}",
                       "ProcessId":  "11680",
                       "Image":  "C:\\WINDOWS\\system32\\sihost.exe",
                       "User":  "DESKTOP-KCP6DQD\\nueva",
                       "EventType":  "CreateKey",
                       "TargetObject":  "HKLM\\SOFTWARE\\WOW6432Node\\Microsoft\\Windows\\CurrentVersion\\Run"
                   },
                   {
                       "EventID":  12,
                       "TimeCreated":  "2026-06-07T23:10:51.7316230-04:00",
                       "Computer":  "DESKTOP-KCP6DQD",
                       "Channel":  "Microsoft-Windows-Sysmon/Operational",
                       "RecordId":  35520,
                       "ProviderName":  "Microsoft-Windows-Sysmon",
                       "Severity":  "Low",
                       "MitreAttack":  "N/A",
                       "OwaspMapping":  "N/A",
                       "RuleName":  "Deteccion_Persistencia_Registro",
                       "UtcTime":  "2026-06-08 03:10:51.727",
                       "ProcessGuid":  "{f9ed62ee-f03f-6a25-2f00-000000009c00}",
                       "ProcessId":  "2780",
                       "Image":  "C:\\WINDOWS\\system32\\svchost.exe",
                       "User":  "NT AUTHORITY\\Servicio de red",
                       "EventType":  "CreateKey",
                       "TargetObject":  "HKLM\\System\\CurrentControlSet\\Services\\Tcpip\\Parameters"
                   },
                   {
                       "EventID":  12,
                       "TimeCreated":  "2026-06-07T23:10:46.0157704-04:00",
                       "Computer":  "DESKTOP-KCP6DQD",
                       "Channel":  "Microsoft-Windows-Sysmon/Operational",
                       "RecordId":  35519,
                       "ProviderName":  "Microsoft-Windows-Sysmon",
                       "Severity":  "High",
                       "MitreAttack":  "T1547.001",
                       "OwaspMapping":  "A08:2021-Software and Data Integrity Failures",
                       "RuleName":  "Persistence via Run/RunOnce Registry Keys",
                       "UtcTime":  "2026-06-08 03:10:46.014",
                       "ProcessGuid":  "{f9ed62ee-f06c-6a25-4401-000000009c00}",
                       "ProcessId":  "11680",
                       "Image":  "C:\\WINDOWS\\system32\\sihost.exe",
                       "User":  "DESKTOP-KCP6DQD\\nueva",
                       "EventType":  "CreateKey",
                       "TargetObject":  "HKLM\\SOFTWARE\\WOW6432Node\\Microsoft\\Windows\\CurrentVersion\\Run"
                   },
                   {
                       "EventID":  12,
                       "TimeCreated":  "2026-06-07T23:10:36.0032853-04:00",
                       "Computer":  "DESKTOP-KCP6DQD",
                       "Channel":  "Microsoft-Windows-Sysmon/Operational",
                       "RecordId":  35518,
                       "ProviderName":  "Microsoft-Windows-Sysmon",
                       "Severity":  "High",
                       "MitreAttack":  "T1547.001",
                       "OwaspMapping":  "A08:2021-Software and Data Integrity Failures",
                       "RuleName":  "Persistence via Run/RunOnce Registry Keys",
                       "UtcTime":  "2026-06-08 03:10:36.002",
                       "ProcessGuid":  "{f9ed62ee-f06c-6a25-4401-000000009c00}",
                       "ProcessId":  "11680",
                       "Image":  "C:\\WINDOWS\\system32\\sihost.exe",
                       "User":  "DESKTOP-KCP6DQD\\nueva",
                       "EventType":  "CreateKey",
                       "TargetObject":  "HKLM\\SOFTWARE\\WOW6432Node\\Microsoft\\Windows\\CurrentVersion\\Run"
                   },
                   {
                       "EventID":  13,
                       "TimeCreated":  "2026-06-07T23:10:35.4812143-04:00",
                       "Computer":  "DESKTOP-KCP6DQD",
                       "Channel":  "Microsoft-Windows-Sysmon/Operational",
                       "RecordId":  35517,
                       "ProviderName":  "Microsoft-Windows-Sysmon",
                       "Severity":  "Low",
                       "MitreAttack":  "N/A",
                       "OwaspMapping":  "N/A",
                       "RuleName":  "Deteccion_Persistencia_Registro",
                       "UtcTime":  "2026-06-08 03:10:35.480",
                       "ProcessGuid":  "{f9ed62ee-32ab-6a26-1017-000000009c00}",
                       "ProcessId":  "4008",
                       "Image":  "C:\\WINDOWS\\system32\\conhost.exe",
                       "User":  "DESKTOP-KCP6DQD\\nueva",
                       "EventType":  "SetValue",
                       "TargetObject":  "HKLM\\System\\CurrentControlSet\\Services\\bam\\State\\UserSettings\\S-1-5-21-158180708-2764993437-2666828097-1001\\\\Device\\HarddiskVolume4\\Windows\\System32\\conhost.exe",
                       "Details":  "Binary Data"
                   },
                   {
                       "EventID":  13,
                       "TimeCreated":  "2026-06-07T23:10:35.4589434-04:00",
                       "Computer":  "DESKTOP-KCP6DQD",
                       "Channel":  "Microsoft-Windows-Sysmon/Operational",
                       "RecordId":  35516,
                       "ProviderName":  "Microsoft-Windows-Sysmon",
                       "Severity":  "Low",
                       "MitreAttack":  "N/A",
                       "OwaspMapping":  "N/A",
                       "RuleName":  "Deteccion_Persistencia_Registro",
                       "UtcTime":  "2026-06-08 03:10:35.458",
                       "ProcessGuid":  "{f9ed62ee-32ab-6a26-1117-000000009c00}",
                       "ProcessId":  "21544",
                       "Image":  "C:\\WINDOWS\\system32\\conhost.exe",
                       "User":  "DESKTOP-KCP6DQD\\nueva",
                       "EventType":  "SetValue",
                       "TargetObject":  "HKLM\\System\\CurrentControlSet\\Services\\bam\\State\\UserSettings\\S-1-5-21-158180708-2764993437-2666828097-1001\\\\Device\\HarddiskVolume4\\Windows\\System32\\conhost.exe",
                       "Details":  "Binary Data"
                   },
                   {
                       "EventID":  13,
                       "TimeCreated":  "2026-06-07T23:10:35.3994806-04:00",
                       "Computer":  "DESKTOP-KCP6DQD",
                       "Channel":  "Microsoft-Windows-Sysmon/Operational",
                       "RecordId":  35515,
                       "ProviderName":  "Microsoft-Windows-Sysmon",
                       "Severity":  "Low",
                       "MitreAttack":  "N/A",
                       "OwaspMapping":  "N/A",
                       "RuleName":  "Deteccion_Persistencia_Registro",
                       "UtcTime":  "2026-06-08 03:10:35.399",
                       "ProcessGuid":  "{f9ed62ee-32ab-6a26-0f17-000000009c00}",
                       "ProcessId":  "10548",
                       "Image":  "C:\\Program Files\\Git\\cmd\\git.exe",
                       "User":  "DESKTOP-KCP6DQD\\nueva",
                       "EventType":  "SetValue",
                       "TargetObject":  "HKLM\\System\\CurrentControlSet\\Services\\bam\\State\\UserSettings\\S-1-5-21-158180708-2764993437-2666828097-1001\\\\Device\\HarddiskVolume4\\Windows\\System32\\conhost.exe",
                       "Details":  "Binary Data"
                   },
                   {
                       "EventID":  13,
                       "TimeCreated":  "2026-06-07T23:10:35.3953363-04:00",
                       "Computer":  "DESKTOP-KCP6DQD",
                       "Channel":  "Microsoft-Windows-Sysmon/Operational",
                       "RecordId":  35514,
                       "ProviderName":  "Microsoft-Windows-Sysmon",
                       "Severity":  "Low",
                       "MitreAttack":  "N/A",
                       "OwaspMapping":  "N/A",
                       "RuleName":  "Deteccion_Persistencia_Registro",
                       "UtcTime":  "2026-06-08 03:10:35.394",
                       "ProcessGuid":  "{f9ed62ee-32ab-6a26-0e17-000000009c00}",
                       "ProcessId":  "192",
                       "Image":  "C:\\Program Files\\Git\\cmd\\git.exe",
                       "User":  "DESKTOP-KCP6DQD\\nueva",
                       "EventType":  "SetValue",
                       "TargetObject":  "HKLM\\System\\CurrentControlSet\\Services\\bam\\State\\UserSettings\\S-1-5-21-158180708-2764993437-2666828097-1001\\\\Device\\HarddiskVolume4\\Windows\\System32\\conhost.exe",
                       "Details":  "Binary Data"
                   },
                   {
                       "EventID":  13,
                       "TimeCreated":  "2026-06-07T23:10:35.3872104-04:00",
                       "Computer":  "DESKTOP-KCP6DQD",
                       "Channel":  "Microsoft-Windows-Sysmon/Operational",
                       "RecordId":  35513,
                       "ProviderName":  "Microsoft-Windows-Sysmon",
                       "Severity":  "Low",
                       "MitreAttack":  "N/A",
                       "OwaspMapping":  "N/A",
                       "RuleName":  "Deteccion_Persistencia_Registro",
                       "UtcTime":  "2026-06-08 03:10:35.386",
                       "ProcessGuid":  "{f9ed62ee-32ab-6a26-0a17-000000009c00}",
                       "ProcessId":  "22324",
                       "Image":  "C:\\WINDOWS\\system32\\conhost.exe",
                       "User":  "DESKTOP-KCP6DQD\\nueva",
                       "EventType":  "SetValue",
                       "TargetObject":  "HKLM\\System\\CurrentControlSet\\Services\\bam\\State\\UserSettings\\S-1-5-21-158180708-2764993437-2666828097-1001\\\\Device\\HarddiskVolume4\\Windows\\System32\\conhost.exe",
                       "Details":  "Binary Data"
                   },
                   {
                       "EventID":  13,
                       "TimeCreated":  "2026-06-07T23:10:35.3827638-04:00",
                       "Computer":  "DESKTOP-KCP6DQD",
                       "Channel":  "Microsoft-Windows-Sysmon/Operational",
                       "RecordId":  35512,
                       "ProviderName":  "Microsoft-Windows-Sysmon",
                       "Severity":  "Low",
                       "MitreAttack":  "N/A",
                       "OwaspMapping":  "N/A",
                       "RuleName":  "Deteccion_Persistencia_Registro",
                       "UtcTime":  "2026-06-08 03:10:35.381",
                       "ProcessGuid":  "{f9ed62ee-32ab-6a26-0b17-000000009c00}",
                       "ProcessId":  "12456",
                       "Image":  "C:\\WINDOWS\\system32\\conhost.exe",
                       "User":  "DESKTOP-KCP6DQD\\nueva",
                       "EventType":  "SetValue",
                       "TargetObject":  "HKLM\\System\\CurrentControlSet\\Services\\bam\\State\\UserSettings\\S-1-5-21-158180708-2764993437-2666828097-1001\\\\Device\\HarddiskVolume4\\Windows\\System32\\conhost.exe",
                       "Details":  "Binary Data"
                   },
                   {
                       "EventID":  13,
                       "TimeCreated":  "2026-06-07T23:10:35.3203554-04:00",
                       "Computer":  "DESKTOP-KCP6DQD",
                       "Channel":  "Microsoft-Windows-Sysmon/Operational",
                       "RecordId":  35511,
                       "ProviderName":  "Microsoft-Windows-Sysmon",
                       "Severity":  "Low",
                       "MitreAttack":  "N/A",
                       "OwaspMapping":  "N/A",
                       "RuleName":  "Deteccion_Persistencia_Registro",
                       "UtcTime":  "2026-06-08 03:10:35.319",
                       "ProcessGuid":  "{f9ed62ee-32ab-6a26-0817-000000009c00}",
                       "ProcessId":  "8904",
                       "Image":  "C:\\Program Files\\Git\\cmd\\git.exe",
                       "User":  "DESKTOP-KCP6DQD\\nueva",
                       "EventType":  "SetValue",
                       "TargetObject":  "HKLM\\System\\CurrentControlSet\\Services\\bam\\State\\UserSettings\\S-1-5-21-158180708-2764993437-2666828097-1001\\\\Device\\HarddiskVolume4\\Windows\\System32\\conhost.exe",
                       "Details":  "Binary Data"
                   },
                   {
                       "EventID":  13,
                       "TimeCreated":  "2026-06-07T23:10:35.3163970-04:00",
                       "Computer":  "DESKTOP-KCP6DQD",
                       "Channel":  "Microsoft-Windows-Sysmon/Operational",
                       "RecordId":  35510,
                       "ProviderName":  "Microsoft-Windows-Sysmon",
                       "Severity":  "Low",
                       "MitreAttack":  "N/A",
                       "OwaspMapping":  "N/A",
                       "RuleName":  "Deteccion_Persistencia_Registro",
                       "UtcTime":  "2026-06-08 03:10:35.313",
                       "ProcessGuid":  "{f9ed62ee-32ab-6a26-0917-000000009c00}",
                       "ProcessId":  "13328",
                       "Image":  "C:\\Program Files\\Git\\cmd\\git.exe",
                       "User":  "DESKTOP-KCP6DQD\\nueva",
                       "EventType":  "SetValue",
                       "TargetObject":  "HKLM\\System\\CurrentControlSet\\Services\\bam\\State\\UserSettings\\S-1-5-21-158180708-2764993437-2666828097-1001\\\\Device\\HarddiskVolume4\\Windows\\System32\\conhost.exe",
                       "Details":  "Binary Data"
                   },
                   {
                       "EventID":  13,
                       "TimeCreated":  "2026-06-07T23:10:34.2085599-04:00",
                       "Computer":  "DESKTOP-KCP6DQD",
                       "Channel":  "Microsoft-Windows-Sysmon/Operational",
                       "RecordId":  35509,
                       "ProviderName":  "Microsoft-Windows-Sysmon",
                       "Severity":  "Low",
                       "MitreAttack":  "N/A",
                       "OwaspMapping":  "N/A",
                       "RuleName":  "Deteccion_Persistencia_Registro",
                       "UtcTime":  "2026-06-08 03:10:34.207",
                       "ProcessGuid":  "{f9ed62ee-f0b0-6a25-e701-000000009c00}",
                       "ProcessId":  "18792",
                       "Image":  "C:\\Program Files\\Google\\Chrome\\Application\\chrome.exe",
                       "User":  "DESKTOP-KCP6DQD\\nueva",
                       "EventType":  "SetValue",
                       "TargetObject":  "HKLM\\System\\CurrentControlSet\\Services\\bam\\State\\UserSettings\\S-1-5-21-158180708-2764993437-2666828097-1001\\\\Device\\HarddiskVolume4\\Program Files\\Google\\Chrome\\Application\\chrome.exe",
                       "Details":  "Binary Data"
                   },
                   {
                       "EventID":  13,
                       "TimeCreated":  "2026-06-07T23:10:27.2822761-04:00",
                       "Computer":  "DESKTOP-KCP6DQD",
                       "Channel":  "Microsoft-Windows-Sysmon/Operational",
                       "RecordId":  35508,
                       "ProviderName":  "Microsoft-Windows-Sysmon",
                       "Severity":  "Low",
                       "MitreAttack":  "N/A",
                       "OwaspMapping":  "N/A",
                       "RuleName":  "Deteccion_Persistencia_Registro",
                       "UtcTime":  "2026-06-08 03:10:27.281",
                       "ProcessGuid":  "{f9ed62ee-3270-6a26-e216-000000009c00}",
                       "ProcessId":  "22512",
                       "Image":  "C:\\Program Files\\Google\\Chrome\\Application\\chrome.exe",
                       "User":  "DESKTOP-KCP6DQD\\nueva",
                       "EventType":  "SetValue",
                       "TargetObject":  "HKLM\\System\\CurrentControlSet\\Services\\bam\\State\\UserSettings\\S-1-5-21-158180708-2764993437-2666828097-1001\\\\Device\\HarddiskVolume4\\Program Files\\Google\\Chrome\\Application\\chrome.exe",
                       "Details":  "Binary Data"
                   },
                   {
                       "EventID":  12,
                       "TimeCreated":  "2026-06-07T23:10:26.0002634-04:00",
                       "Computer":  "DESKTOP-KCP6DQD",
                       "Channel":  "Microsoft-Windows-Sysmon/Operational",
                       "RecordId":  35507,
                       "ProviderName":  "Microsoft-Windows-Sysmon",
                       "Severity":  "High",
                       "MitreAttack":  "T1547.001",
                       "OwaspMapping":  "A08:2021-Software and Data Integrity Failures",
                       "RuleName":  "Persistence via Run/RunOnce Registry Keys",
                       "UtcTime":  "2026-06-08 03:10:25.999",
                       "ProcessGuid":  "{f9ed62ee-f06c-6a25-4401-000000009c00}",
                       "ProcessId":  "11680",
                       "Image":  "C:\\WINDOWS\\system32\\sihost.exe",
                       "User":  "DESKTOP-KCP6DQD\\nueva",
                       "EventType":  "CreateKey",
                       "TargetObject":  "HKLM\\SOFTWARE\\WOW6432Node\\Microsoft\\Windows\\CurrentVersion\\Run"
                   },
                   {
                       "EventID":  12,
                       "TimeCreated":  "2026-06-07T23:10:15.9966276-04:00",
                       "Computer":  "DESKTOP-KCP6DQD",
                       "Channel":  "Microsoft-Windows-Sysmon/Operational",
                       "RecordId":  35506,
                       "ProviderName":  "Microsoft-Windows-Sysmon",
                       "Severity":  "High",
                       "MitreAttack":  "T1547.001",
                       "OwaspMapping":  "A08:2021-Software and Data Integrity Failures",
                       "RuleName":  "Persistence via Run/RunOnce Registry Keys",
                       "UtcTime":  "2026-06-08 03:10:15.996",
                       "ProcessGuid":  "{f9ed62ee-f06c-6a25-4401-000000009c00}",
                       "ProcessId":  "11680",
                       "Image":  "C:\\WINDOWS\\system32\\sihost.exe",
                       "User":  "DESKTOP-KCP6DQD\\nueva",
                       "EventType":  "CreateKey",
                       "TargetObject":  "HKLM\\SOFTWARE\\WOW6432Node\\Microsoft\\Windows\\CurrentVersion\\Run"
                   },
                   {
                       "EventID":  12,
                       "TimeCreated":  "2026-06-07T23:10:10.2813027-04:00",
                       "Computer":  "DESKTOP-KCP6DQD",
                       "Channel":  "Microsoft-Windows-Sysmon/Operational",
                       "RecordId":  35505,
                       "ProviderName":  "Microsoft-Windows-Sysmon",
                       "Severity":  "Low",
                       "MitreAttack":  "N/A",
                       "OwaspMapping":  "N/A",
                       "RuleName":  "Deteccion_Persistencia_Registro",
                       "UtcTime":  "2026-06-08 03:10:10.280",
                       "ProcessGuid":  "{f9ed62ee-f03f-6a25-2f00-000000009c00}",
                       "ProcessId":  "2780",
                       "Image":  "C:\\WINDOWS\\system32\\svchost.exe",
                       "User":  "NT AUTHORITY\\Servicio de red",
                       "EventType":  "CreateKey",
                       "TargetObject":  "HKLM\\System\\CurrentControlSet\\Services\\Tcpip\\Parameters"
                   },
                   {
                       "EventID":  12,
                       "TimeCreated":  "2026-06-07T23:10:05.9843621-04:00",
                       "Computer":  "DESKTOP-KCP6DQD",
                       "Channel":  "Microsoft-Windows-Sysmon/Operational",
                       "RecordId":  35504,
                       "ProviderName":  "Microsoft-Windows-Sysmon",
                       "Severity":  "High",
                       "MitreAttack":  "T1547.001",
                       "OwaspMapping":  "A08:2021-Software and Data Integrity Failures",
                       "RuleName":  "Persistence via Run/RunOnce Registry Keys",
                       "UtcTime":  "2026-06-08 03:10:05.984",
                       "ProcessGuid":  "{f9ed62ee-f06c-6a25-4401-000000009c00}",
                       "ProcessId":  "11680",
                       "Image":  "C:\\WINDOWS\\system32\\sihost.exe",
                       "User":  "DESKTOP-KCP6DQD\\nueva",
                       "EventType":  "CreateKey",
                       "TargetObject":  "HKLM\\SOFTWARE\\WOW6432Node\\Microsoft\\Windows\\CurrentVersion\\Run"
                   },
