                   {
                       "EventID":  13,
                       "TimeCreated":  "2026-06-07T22:56:57.4127055-04:00",
                       "Computer":  "DESKTOP-KCP6DQD",
                       "Channel":  "Microsoft-Windows-Sysmon/Operational",
                       "RecordId":  34855,
                       "ProviderName":  "Microsoft-Windows-Sysmon",
                       "Severity":  "Low",
                       "MitreAttack":  "N/A",
                       "OwaspMapping":  "N/A",
                       "RuleName":  "Deteccion_Persistencia_Registro",
                       "UtcTime":  "2026-06-08 02:56:57.412",
                       "ProcessGuid":  "{f9ed62ee-2f79-6a26-dc14-000000009c00}",
                       "ProcessId":  "3068",
                       "Image":  "C:\\Program Files\\Git\\cmd\\git.exe",
                       "User":  "DESKTOP-KCP6DQD\\nueva",
                       "EventType":  "SetValue",
                       "TargetObject":  "HKLM\\System\\CurrentControlSet\\Services\\bam\\State\\UserSettings\\S-1-5-21-158180708-2764993437-2666828097-1001\\\\Device\\HarddiskVolume4\\Windows\\System32\\conhost.exe",
                       "Details":  "Binary Data"
                   },
                   {
                       "EventID":  13,
                       "TimeCreated":  "2026-06-07T22:56:57.4082413-04:00",
                       "Computer":  "DESKTOP-KCP6DQD",
                       "Channel":  "Microsoft-Windows-Sysmon/Operational",
                       "RecordId":  34854,
                       "ProviderName":  "Microsoft-Windows-Sysmon",
                       "Severity":  "Low",
                       "MitreAttack":  "N/A",
                       "OwaspMapping":  "N/A",
                       "RuleName":  "Deteccion_Persistencia_Registro",
                       "UtcTime":  "2026-06-08 02:56:57.406",
                       "ProcessGuid":  "{f9ed62ee-2f79-6a26-dd14-000000009c00}",
                       "ProcessId":  "7500",
                       "Image":  "C:\\Program Files\\Git\\cmd\\git.exe",
                       "User":  "DESKTOP-KCP6DQD\\nueva",
                       "EventType":  "SetValue",
                       "TargetObject":  "HKLM\\System\\CurrentControlSet\\Services\\bam\\State\\UserSettings\\S-1-5-21-158180708-2764993437-2666828097-1001\\\\Device\\HarddiskVolume4\\Windows\\System32\\conhost.exe",
                       "Details":  "Binary Data"
                   },
                   {
                       "EventID":  12,
                       "TimeCreated":  "2026-06-07T22:56:55.2773906-04:00",
                       "Computer":  "DESKTOP-KCP6DQD",
                       "Channel":  "Microsoft-Windows-Sysmon/Operational",
                       "RecordId":  34853,
                       "ProviderName":  "Microsoft-Windows-Sysmon",
                       "Severity":  "High",
                       "MitreAttack":  "T1547.001",
                       "OwaspMapping":  "A08:2021-Software and Data Integrity Failures",
                       "RuleName":  "Persistence via Run/RunOnce Registry Keys",
                       "UtcTime":  "2026-06-08 02:56:55.276",
                       "ProcessGuid":  "{f9ed62ee-f06c-6a25-4401-000000009c00}",
                       "ProcessId":  "11680",
                       "Image":  "C:\\WINDOWS\\system32\\sihost.exe",
                       "User":  "DESKTOP-KCP6DQD\\nueva",
                       "EventType":  "CreateKey",
                       "TargetObject":  "HKLM\\SOFTWARE\\WOW6432Node\\Microsoft\\Windows\\CurrentVersion\\Run"
                   },
                   {
                       "EventID":  13,
                       "TimeCreated":  "2026-06-07T22:56:52.3666560-04:00",
                       "Computer":  "DESKTOP-KCP6DQD",
                       "Channel":  "Microsoft-Windows-Sysmon/Operational",
                       "RecordId":  34852,
                       "ProviderName":  "Microsoft-Windows-Sysmon",
                       "Severity":  "Low",
                       "MitreAttack":  "N/A",
                       "OwaspMapping":  "N/A",
                       "RuleName":  "Deteccion_Persistencia_Registro",
                       "UtcTime":  "2026-06-08 02:56:52.364",
                       "ProcessGuid":  "{f9ed62ee-2f74-6a26-d814-000000009c00}",
                       "ProcessId":  "4444",
                       "Image":  "C:\\WINDOWS\\system32\\conhost.exe",
                       "User":  "DESKTOP-KCP6DQD\\nueva",
                       "EventType":  "SetValue",
                       "TargetObject":  "HKLM\\System\\CurrentControlSet\\Services\\bam\\State\\UserSettings\\S-1-5-21-158180708-2764993437-2666828097-1001\\\\Device\\HarddiskVolume4\\Windows\\System32\\conhost.exe",
                       "Details":  "Binary Data"
                   },
                   {
                       "EventID":  13,
                       "TimeCreated":  "2026-06-07T22:56:52.3269110-04:00",
                       "Computer":  "DESKTOP-KCP6DQD",
                       "Channel":  "Microsoft-Windows-Sysmon/Operational",
                       "RecordId":  34851,
                       "ProviderName":  "Microsoft-Windows-Sysmon",
                       "Severity":  "Low",
                       "MitreAttack":  "N/A",
                       "OwaspMapping":  "N/A",
                       "RuleName":  "Deteccion_Persistencia_Registro",
                       "UtcTime":  "2026-06-08 02:56:52.326",
                       "ProcessGuid":  "{f9ed62ee-2f74-6a26-d914-000000009c00}",
                       "ProcessId":  "20844",
                       "Image":  "C:\\WINDOWS\\system32\\conhost.exe",
                       "User":  "DESKTOP-KCP6DQD\\nueva",
                       "EventType":  "SetValue",
                       "TargetObject":  "HKLM\\System\\CurrentControlSet\\Services\\bam\\State\\UserSettings\\S-1-5-21-158180708-2764993437-2666828097-1001\\\\Device\\HarddiskVolume4\\Windows\\System32\\conhost.exe",
                       "Details":  "Binary Data"
                   },
                   {
                       "EventID":  13,
                       "TimeCreated":  "2026-06-07T22:56:52.2360635-04:00",
                       "Computer":  "DESKTOP-KCP6DQD",
                       "Channel":  "Microsoft-Windows-Sysmon/Operational",
                       "RecordId":  34850,
                       "ProviderName":  "Microsoft-Windows-Sysmon",
                       "Severity":  "Low",
                       "MitreAttack":  "N/A",
                       "OwaspMapping":  "N/A",
                       "RuleName":  "Deteccion_Persistencia_Registro",
                       "UtcTime":  "2026-06-08 02:56:52.235",
                       "ProcessGuid":  "{f9ed62ee-2f74-6a26-d714-000000009c00}",
                       "ProcessId":  "21396",
                       "Image":  "C:\\Program Files\\Git\\cmd\\git.exe",
                       "User":  "DESKTOP-KCP6DQD\\nueva",
                       "EventType":  "SetValue",
                       "TargetObject":  "HKLM\\System\\CurrentControlSet\\Services\\bam\\State\\UserSettings\\S-1-5-21-158180708-2764993437-2666828097-1001\\\\Device\\HarddiskVolume4\\Windows\\System32\\conhost.exe",
                       "Details":  "Binary Data"
                   },
                   {
                       "EventID":  13,
                       "TimeCreated":  "2026-06-07T22:56:52.2326179-04:00",
                       "Computer":  "DESKTOP-KCP6DQD",
                       "Channel":  "Microsoft-Windows-Sysmon/Operational",
                       "RecordId":  34849,
                       "ProviderName":  "Microsoft-Windows-Sysmon",
                       "Severity":  "Low",
                       "MitreAttack":  "N/A",
                       "OwaspMapping":  "N/A",
                       "RuleName":  "Deteccion_Persistencia_Registro",
                       "UtcTime":  "2026-06-08 02:56:52.232",
                       "ProcessGuid":  "{f9ed62ee-2f74-6a26-d614-000000009c00}",
                       "ProcessId":  "16656",
                       "Image":  "C:\\Program Files\\Git\\cmd\\git.exe",
                       "User":  "DESKTOP-KCP6DQD\\nueva",
                       "EventType":  "SetValue",
                       "TargetObject":  "HKLM\\System\\CurrentControlSet\\Services\\bam\\State\\UserSettings\\S-1-5-21-158180708-2764993437-2666828097-1001\\\\Device\\HarddiskVolume4\\Windows\\System32\\conhost.exe",
                       "Details":  "Binary Data"
                   },
                   {
                       "EventID":  13,
                       "TimeCreated":  "2026-06-07T22:56:52.2194708-04:00",
                       "Computer":  "DESKTOP-KCP6DQD",
                       "Channel":  "Microsoft-Windows-Sysmon/Operational",
                       "RecordId":  34848,
                       "ProviderName":  "Microsoft-Windows-Sysmon",
                       "Severity":  "Low",
                       "MitreAttack":  "N/A",
                       "OwaspMapping":  "N/A",
                       "RuleName":  "Deteccion_Persistencia_Registro",
                       "UtcTime":  "2026-06-08 02:56:52.219",
                       "ProcessGuid":  "{f9ed62ee-2f74-6a26-d314-000000009c00}",
                       "ProcessId":  "4468",
                       "Image":  "C:\\WINDOWS\\system32\\conhost.exe",
                       "User":  "DESKTOP-KCP6DQD\\nueva",
                       "EventType":  "SetValue",
                       "TargetObject":  "HKLM\\System\\CurrentControlSet\\Services\\bam\\State\\UserSettings\\S-1-5-21-158180708-2764993437-2666828097-1001\\\\Device\\HarddiskVolume4\\Windows\\System32\\conhost.exe",
                       "Details":  "Binary Data"
                   },
                   {
                       "EventID":  13,
                       "TimeCreated":  "2026-06-07T22:56:52.2147752-04:00",
                       "Computer":  "DESKTOP-KCP6DQD",
                       "Channel":  "Microsoft-Windows-Sysmon/Operational",
                       "RecordId":  34847,
                       "ProviderName":  "Microsoft-Windows-Sysmon",
                       "Severity":  "Low",
                       "MitreAttack":  "N/A",
                       "OwaspMapping":  "N/A",
                       "RuleName":  "Deteccion_Persistencia_Registro",
                       "UtcTime":  "2026-06-08 02:56:52.212",
                       "ProcessGuid":  "{f9ed62ee-2f74-6a26-d214-000000009c00}",
                       "ProcessId":  "12880",
                       "Image":  "C:\\WINDOWS\\system32\\conhost.exe",
                       "User":  "DESKTOP-KCP6DQD\\nueva",
                       "EventType":  "SetValue",
                       "TargetObject":  "HKLM\\System\\CurrentControlSet\\Services\\bam\\State\\UserSettings\\S-1-5-21-158180708-2764993437-2666828097-1001\\\\Device\\HarddiskVolume4\\Windows\\System32\\conhost.exe",
                       "Details":  "Binary Data"
                   },
                   {
                       "EventID":  13,
                       "TimeCreated":  "2026-06-07T22:56:52.1246450-04:00",
                       "Computer":  "DESKTOP-KCP6DQD",
                       "Channel":  "Microsoft-Windows-Sysmon/Operational",
                       "RecordId":  34846,
                       "ProviderName":  "Microsoft-Windows-Sysmon",
                       "Severity":  "Low",
                       "MitreAttack":  "N/A",
                       "OwaspMapping":  "N/A",
                       "RuleName":  "Deteccion_Persistencia_Registro",
                       "UtcTime":  "2026-06-08 02:56:52.123",
                       "ProcessGuid":  "{f9ed62ee-2f74-6a26-d114-000000009c00}",
                       "ProcessId":  "19588",
                       "Image":  "C:\\Program Files\\Git\\cmd\\git.exe",
                       "User":  "DESKTOP-KCP6DQD\\nueva",
                       "EventType":  "SetValue",
                       "TargetObject":  "HKLM\\System\\CurrentControlSet\\Services\\bam\\State\\UserSettings\\S-1-5-21-158180708-2764993437-2666828097-1001\\\\Device\\HarddiskVolume4\\Windows\\System32\\conhost.exe",
                       "Details":  "Binary Data"
                   },
                   {
                       "EventID":  13,
                       "TimeCreated":  "2026-06-07T22:56:52.1214688-04:00",
                       "Computer":  "DESKTOP-KCP6DQD",
                       "Channel":  "Microsoft-Windows-Sysmon/Operational",
                       "RecordId":  34845,
                       "ProviderName":  "Microsoft-Windows-Sysmon",
                       "Severity":  "Low",
                       "MitreAttack":  "N/A",
                       "OwaspMapping":  "N/A",
                       "RuleName":  "Deteccion_Persistencia_Registro",
                       "UtcTime":  "2026-06-08 02:56:52.116",
                       "ProcessGuid":  "{f9ed62ee-2f74-6a26-d014-000000009c00}",
                       "ProcessId":  "17516",
                       "Image":  "C:\\Program Files\\Git\\cmd\\git.exe",
                       "User":  "DESKTOP-KCP6DQD\\nueva",
                       "EventType":  "SetValue",
                       "TargetObject":  "HKLM\\System\\CurrentControlSet\\Services\\bam\\State\\UserSettings\\S-1-5-21-158180708-2764993437-2666828097-1001\\\\Device\\HarddiskVolume4\\Windows\\System32\\conhost.exe",
                       "Details":  "Binary Data"
                   },
                   {
                       "EventID":  13,
                       "TimeCreated":  "2026-06-07T22:56:51.7443497-04:00",
                       "Computer":  "DESKTOP-KCP6DQD",
                       "Channel":  "Microsoft-Windows-Sysmon/Operational",
                       "RecordId":  34844,
                       "ProviderName":  "Microsoft-Windows-Sysmon",
                       "Severity":  "Low",
                       "MitreAttack":  "N/A",
                       "OwaspMapping":  "N/A",
                       "RuleName":  "Deteccion_Persistencia_Registro",
                       "UtcTime":  "2026-06-08 02:56:51.743",
                       "ProcessGuid":  "{f9ed62ee-2f37-6a26-9d14-000000009c00}",
                       "ProcessId":  "16992",
                       "Image":  "C:\\WINDOWS\\system32\\backgroundTaskHost.exe",
                       "User":  "DESKTOP-KCP6DQD\\nueva",
                       "EventType":  "SetValue",
                       "TargetObject":  "HKLM\\System\\CurrentControlSet\\Services\\bam\\State\\UserSettings\\S-1-5-21-158180708-2764993437-2666828097-1001\\MicrosoftWindows.Client.CBS_cw5n1h2txyewy",
                       "Details":  "Binary Data"
                   },
                   {
                       "EventID":  13,
                       "TimeCreated":  "2026-06-07T22:56:46.5556711-04:00",
                       "Computer":  "DESKTOP-KCP6DQD",
                       "Channel":  "Microsoft-Windows-Sysmon/Operational",
                       "RecordId":  34843,
                       "ProviderName":  "Microsoft-Windows-Sysmon",
                       "Severity":  "Low",
                       "MitreAttack":  "N/A",
                       "OwaspMapping":  "N/A",
                       "RuleName":  "Deteccion_Persistencia_Registro",
                       "UtcTime":  "2026-06-08 02:56:46.551",
                       "ProcessGuid":  "{f9ed62ee-2f6e-6a26-cc14-000000009c00}",
                       "ProcessId":  "21516",
                       "Image":  "C:\\WINDOWS\\system32\\conhost.exe",
                       "User":  "DESKTOP-KCP6DQD\\nueva",
                       "EventType":  "SetValue",
                       "TargetObject":  "HKLM\\System\\CurrentControlSet\\Services\\bam\\State\\UserSettings\\S-1-5-21-158180708-2764993437-2666828097-1001\\\\Device\\HarddiskVolume4\\Windows\\System32\\conhost.exe",
                       "Details":  "Binary Data"
                   },
                   {
                       "EventID":  13,
                       "TimeCreated":  "2026-06-07T22:56:46.5122460-04:00",
                       "Computer":  "DESKTOP-KCP6DQD",
                       "Channel":  "Microsoft-Windows-Sysmon/Operational",
                       "RecordId":  34842,
                       "ProviderName":  "Microsoft-Windows-Sysmon",
                       "Severity":  "Low",
                       "MitreAttack":  "N/A",
                       "OwaspMapping":  "N/A",
                       "RuleName":  "Deteccion_Persistencia_Registro",
                       "UtcTime":  "2026-06-08 02:56:46.511",
                       "ProcessGuid":  "{f9ed62ee-2f6e-6a26-cd14-000000009c00}",
                       "ProcessId":  "5924",
                       "Image":  "C:\\WINDOWS\\system32\\conhost.exe",
                       "User":  "DESKTOP-KCP6DQD\\nueva",
                       "EventType":  "SetValue",
                       "TargetObject":  "HKLM\\System\\CurrentControlSet\\Services\\bam\\State\\UserSettings\\S-1-5-21-158180708-2764993437-2666828097-1001\\\\Device\\HarddiskVolume4\\Windows\\System32\\conhost.exe",
                       "Details":  "Binary Data"
                   },
                   {
                       "EventID":  13,
                       "TimeCreated":  "2026-06-07T22:56:46.4204159-04:00",
                       "Computer":  "DESKTOP-KCP6DQD",
                       "Channel":  "Microsoft-Windows-Sysmon/Operational",
                       "RecordId":  34841,
                       "ProviderName":  "Microsoft-Windows-Sysmon",
                       "Severity":  "Low",
                       "MitreAttack":  "N/A",
                       "OwaspMapping":  "N/A",
                       "RuleName":  "Deteccion_Persistencia_Registro",
                       "UtcTime":  "2026-06-08 02:56:46.419",
                       "ProcessGuid":  "{f9ed62ee-2f6e-6a26-cb14-000000009c00}",
                       "ProcessId":  "5980",
                       "Image":  "C:\\Program Files\\Git\\cmd\\git.exe",
                       "User":  "DESKTOP-KCP6DQD\\nueva",
                       "EventType":  "SetValue",
                       "TargetObject":  "HKLM\\System\\CurrentControlSet\\Services\\bam\\State\\UserSettings\\S-1-5-21-158180708-2764993437-2666828097-1001\\\\Device\\HarddiskVolume4\\Windows\\System32\\conhost.exe",
                       "Details":  "Binary Data"
                   },
                   {
                       "EventID":  13,
                       "TimeCreated":  "2026-06-07T22:56:46.4135174-04:00",
                       "Computer":  "DESKTOP-KCP6DQD",
                       "Channel":  "Microsoft-Windows-Sysmon/Operational",
                       "RecordId":  34840,
                       "ProviderName":  "Microsoft-Windows-Sysmon",
                       "Severity":  "Low",
                       "MitreAttack":  "N/A",
                       "OwaspMapping":  "N/A",
                       "RuleName":  "Deteccion_Persistencia_Registro",
                       "UtcTime":  "2026-06-08 02:56:46.412",
                       "ProcessGuid":  "{f9ed62ee-2f6e-6a26-ca14-000000009c00}",
                       "ProcessId":  "22424",
                       "Image":  "C:\\Program Files\\Git\\cmd\\git.exe",
                       "User":  "DESKTOP-KCP6DQD\\nueva",
                       "EventType":  "SetValue",
                       "TargetObject":  "HKLM\\System\\CurrentControlSet\\Services\\bam\\State\\UserSettings\\S-1-5-21-158180708-2764993437-2666828097-1001\\\\Device\\HarddiskVolume4\\Windows\\System32\\conhost.exe",
                       "Details":  "Binary Data"
                   },
                   {
                       "EventID":  13,
                       "TimeCreated":  "2026-06-07T22:56:46.4010351-04:00",
                       "Computer":  "DESKTOP-KCP6DQD",
                       "Channel":  "Microsoft-Windows-Sysmon/Operational",
                       "RecordId":  34839,
                       "ProviderName":  "Microsoft-Windows-Sysmon",
                       "Severity":  "Low",
                       "MitreAttack":  "N/A",
                       "OwaspMapping":  "N/A",
                       "RuleName":  "Deteccion_Persistencia_Registro",
                       "UtcTime":  "2026-06-08 02:56:46.400",
                       "ProcessGuid":  "{f9ed62ee-2f6e-6a26-c714-000000009c00}",
                       "ProcessId":  "21552",
                       "Image":  "C:\\WINDOWS\\system32\\conhost.exe",
                       "User":  "DESKTOP-KCP6DQD\\nueva",
                       "EventType":  "SetValue",
                       "TargetObject":  "HKLM\\System\\CurrentControlSet\\Services\\bam\\State\\UserSettings\\S-1-5-21-158180708-2764993437-2666828097-1001\\\\Device\\HarddiskVolume4\\Windows\\System32\\conhost.exe",
                       "Details":  "Binary Data"
                   },
                   {
                       "EventID":  13,
                       "TimeCreated":  "2026-06-07T22:56:46.3975847-04:00",
                       "Computer":  "DESKTOP-KCP6DQD",
                       "Channel":  "Microsoft-Windows-Sysmon/Operational",
                       "RecordId":  34838,
                       "ProviderName":  "Microsoft-Windows-Sysmon",
                       "Severity":  "Low",
                       "MitreAttack":  "N/A",
                       "OwaspMapping":  "N/A",
                       "RuleName":  "Deteccion_Persistencia_Registro",
                       "UtcTime":  "2026-06-08 02:56:46.395",
                       "ProcessGuid":  "{f9ed62ee-2f6e-6a26-c614-000000009c00}",
                       "ProcessId":  "18788",
                       "Image":  "C:\\WINDOWS\\system32\\conhost.exe",
                       "User":  "DESKTOP-KCP6DQD\\nueva",
                       "EventType":  "SetValue",
                       "TargetObject":  "HKLM\\System\\CurrentControlSet\\Services\\bam\\State\\UserSettings\\S-1-5-21-158180708-2764993437-2666828097-1001\\\\Device\\HarddiskVolume4\\Windows\\System32\\conhost.exe",
                       "Details":  "Binary Data"
                   },
                   {
                       "EventID":  13,
                       "TimeCreated":  "2026-06-07T22:56:46.2345032-04:00",
                       "Computer":  "DESKTOP-KCP6DQD",
                       "Channel":  "Microsoft-Windows-Sysmon/Operational",
                       "RecordId":  34837,
                       "ProviderName":  "Microsoft-Windows-Sysmon",
                       "Severity":  "Low",
                       "MitreAttack":  "N/A",
                       "OwaspMapping":  "N/A",
                       "RuleName":  "Deteccion_Persistencia_Registro",
                       "UtcTime":  "2026-06-08 02:56:46.234",
                       "ProcessGuid":  "{f9ed62ee-2f6e-6a26-c514-000000009c00}",
                       "ProcessId":  "12316",
                       "Image":  "C:\\Program Files\\Git\\cmd\\git.exe",
                       "User":  "DESKTOP-KCP6DQD\\nueva",
                       "EventType":  "SetValue",
                       "TargetObject":  "HKLM\\System\\CurrentControlSet\\Services\\bam\\State\\UserSettings\\S-1-5-21-158180708-2764993437-2666828097-1001\\\\Device\\HarddiskVolume4\\Windows\\System32\\conhost.exe",
                       "Details":  "Binary Data"
                   },
                   {
                       "EventID":  13,
                       "TimeCreated":  "2026-06-07T22:56:46.2262948-04:00",
                       "Computer":  "DESKTOP-KCP6DQD",
                       "Channel":  "Microsoft-Windows-Sysmon/Operational",
                       "RecordId":  34836,
                       "ProviderName":  "Microsoft-Windows-Sysmon",
                       "Severity":  "Low",
                       "MitreAttack":  "N/A",
                       "OwaspMapping":  "N/A",
                       "RuleName":  "Deteccion_Persistencia_Registro",
                       "UtcTime":  "2026-06-08 02:56:46.225",
                       "ProcessGuid":  "{f9ed62ee-2f6e-6a26-c414-000000009c00}",
                       "ProcessId":  "5076",
                       "Image":  "C:\\Program Files\\Git\\cmd\\git.exe",
                       "User":  "DESKTOP-KCP6DQD\\nueva",
                       "EventType":  "SetValue",
                       "TargetObject":  "HKLM\\System\\CurrentControlSet\\Services\\bam\\State\\UserSettings\\S-1-5-21-158180708-2764993437-2666828097-1001\\\\Device\\HarddiskVolume4\\Windows\\System32\\conhost.exe",
                       "Details":  "Binary Data"
                   },
                   {
                       "EventID":  13,
                       "TimeCreated":  "2026-06-07T22:56:46.0769029-04:00",
                       "Computer":  "DESKTOP-KCP6DQD",
                       "Channel":  "Microsoft-Windows-Sysmon/Operational",
                       "RecordId":  34835,
                       "ProviderName":  "Microsoft-Windows-Sysmon",
                       "Severity":  "Low",
                       "MitreAttack":  "N/A",
                       "OwaspMapping":  "N/A",
                       "RuleName":  "Deteccion_Persistencia_Registro",
                       "UtcTime":  "2026-06-08 02:56:46.075",
                       "ProcessGuid":  "{f9ed62ee-2f4f-6a26-bf14-000000009c00}",
                       "ProcessId":  "3408",
                       "Image":  "C:\\Program Files\\Google\\Chrome\\Application\\chrome.exe",
                       "User":  "DESKTOP-KCP6DQD\\nueva",
                       "EventType":  "SetValue",
                       "TargetObject":  "HKLM\\System\\CurrentControlSet\\Services\\bam\\State\\UserSettings\\S-1-5-21-158180708-2764993437-2666828097-1001\\\\Device\\HarddiskVolume4\\Program Files\\Google\\Chrome\\Application\\chrome.exe",
                       "Details":  "Binary Data"
                   },
                   {
                       "EventID":  12,
                       "TimeCreated":  "2026-06-07T22:56:45.2803677-04:00",
                       "Computer":  "DESKTOP-KCP6DQD",
                       "Channel":  "Microsoft-Windows-Sysmon/Operational",
                       "RecordId":  34834,
                       "ProviderName":  "Microsoft-Windows-Sysmon",
                       "Severity":  "High",
                       "MitreAttack":  "T1547.001",
                       "OwaspMapping":  "A08:2021-Software and Data Integrity Failures",
                       "RuleName":  "Persistence via Run/RunOnce Registry Keys",
                       "UtcTime":  "2026-06-08 02:56:45.269",
                       "ProcessGuid":  "{f9ed62ee-f06c-6a25-4401-000000009c00}",
                       "ProcessId":  "11680",
                       "Image":  "C:\\WINDOWS\\system32\\sihost.exe",
                       "User":  "DESKTOP-KCP6DQD\\nueva",
                       "EventType":  "CreateKey",
                       "TargetObject":  "HKLM\\SOFTWARE\\WOW6432Node\\Microsoft\\Windows\\CurrentVersion\\Run"
                   },
                   {
                       "EventID":  13,
                       "TimeCreated":  "2026-06-07T22:56:43.7374202-04:00",
                       "Computer":  "DESKTOP-KCP6DQD",
                       "Channel":  "Microsoft-Windows-Sysmon/Operational",
                       "RecordId":  34833,
                       "ProviderName":  "Microsoft-Windows-Sysmon",
                       "Severity":  "Low",
                       "MitreAttack":  "N/A",
                       "OwaspMapping":  "N/A",
                       "RuleName":  "Deteccion_Persistencia_Registro",
                       "UtcTime":  "2026-06-08 02:56:43.730",
                       "ProcessGuid":  "{f9ed62ee-2f6b-6a26-c214-000000009c00}",
                       "ProcessId":  "16624",
                       "Image":  "C:\\WINDOWS\\system32\\conhost.exe",
                       "User":  "DESKTOP-KCP6DQD\\nueva",
                       "EventType":  "SetValue",
                       "TargetObject":  "HKLM\\System\\CurrentControlSet\\Services\\bam\\State\\UserSettings\\S-1-5-21-158180708-2764993437-2666828097-1001\\\\Device\\HarddiskVolume4\\Windows\\System32\\conhost.exe",
                       "Details":  "Binary Data"
                   },
                   {
                       "EventID":  13,
                       "TimeCreated":  "2026-06-07T22:56:43.6750521-04:00",
                       "Computer":  "DESKTOP-KCP6DQD",
                       "Channel":  "Microsoft-Windows-Sysmon/Operational",
                       "RecordId":  34832,
                       "ProviderName":  "Microsoft-Windows-Sysmon",
                       "Severity":  "Low",
                       "MitreAttack":  "N/A",
                       "OwaspMapping":  "N/A",
                       "RuleName":  "Deteccion_Persistencia_Registro",
                       "UtcTime":  "2026-06-08 02:56:43.664",
                       "ProcessGuid":  "{f9ed62ee-2f6b-6a26-c114-000000009c00}",
                       "ProcessId":  "19532",
                       "Image":  "C:\\Program Files\\Git\\cmd\\git.exe",
                       "User":  "DESKTOP-KCP6DQD\\nueva",
                       "EventType":  "SetValue",
                       "TargetObject":  "HKLM\\System\\CurrentControlSet\\Services\\bam\\State\\UserSettings\\S-1-5-21-158180708-2764993437-2666828097-1001\\\\Device\\HarddiskVolume4\\Windows\\System32\\conhost.exe",
                       "Details":  "Binary Data"
                   },
                   {
                       "EventID":  12,
                       "TimeCreated":  "2026-06-07T22:56:41.2179496-04:00",
                       "Computer":  "DESKTOP-KCP6DQD",
                       "Channel":  "Microsoft-Windows-Sysmon/Operational",
                       "RecordId":  34831,
                       "ProviderName":  "Microsoft-Windows-Sysmon",
                       "Severity":  "Low",
                       "MitreAttack":  "N/A",
                       "OwaspMapping":  "N/A",
                       "RuleName":  "Deteccion_Persistencia_Registro",
                       "UtcTime":  "2026-06-08 02:56:41.212",
                       "ProcessGuid":  "{f9ed62ee-f03f-6a25-2f00-000000009c00}",
                       "ProcessId":  "2780",
                       "Image":  "C:\\WINDOWS\\system32\\svchost.exe",
                       "User":  "NT AUTHORITY\\Servicio de red",
                       "EventType":  "CreateKey",
                       "TargetObject":  "HKLM\\System\\CurrentControlSet\\Services\\Tcpip\\Parameters"
                   },
                   {
                       "EventID":  13,
                       "TimeCreated":  "2026-06-07T22:56:37.6721087-04:00",
                       "Computer":  "DESKTOP-KCP6DQD",
                       "Channel":  "Microsoft-Windows-Sysmon/Operational",
                       "RecordId":  34830,
                       "ProviderName":  "Microsoft-Windows-Sysmon",
                       "Severity":  "Low",
                       "MitreAttack":  "N/A",
                       "OwaspMapping":  "N/A",
                       "RuleName":  "Deteccion_Persistencia_Registro",
                       "UtcTime":  "2026-06-08 02:56:37.671",
                       "ProcessGuid":  "{f9ed62ee-2f47-6a26-b914-000000009c00}",
                       "ProcessId":  "21780",
                       "Image":  "C:\\Program Files (x86)\\Microsoft\\EdgeWebView\\Application\\148.0.3967.96\\msedgewebview2.exe",
                       "User":  "DESKTOP-KCP6DQD\\nueva",
                       "EventType":  "SetValue",
                       "TargetObject":  "HKLM\\System\\CurrentControlSet\\Services\\bam\\State\\UserSettings\\S-1-5-21-158180708-2764993437-2666828097-1001\\5319275A.WhatsAppDesktop_cv1g1gvanyjgm",
                       "Details":  "Binary Data"
                   },
                   {
                       "EventID":  12,
                       "TimeCreated":  "2026-06-07T22:56:35.2587737-04:00",
                       "Computer":  "DESKTOP-KCP6DQD",
                       "Channel":  "Microsoft-Windows-Sysmon/Operational",
                       "RecordId":  34829,
                       "ProviderName":  "Microsoft-Windows-Sysmon",
                       "Severity":  "High",
                       "MitreAttack":  "T1547.001",
                       "OwaspMapping":  "A08:2021-Software and Data Integrity Failures",
                       "RuleName":  "Persistence via Run/RunOnce Registry Keys",
                       "UtcTime":  "2026-06-08 02:56:35.252",
                       "ProcessGuid":  "{f9ed62ee-f06c-6a25-4401-000000009c00}",
                       "ProcessId":  "11680",
                       "Image":  "C:\\WINDOWS\\system32\\sihost.exe",
                       "User":  "DESKTOP-KCP6DQD\\nueva",
                       "EventType":  "CreateKey",
                       "TargetObject":  "HKLM\\SOFTWARE\\WOW6432Node\\Microsoft\\Windows\\CurrentVersion\\Run"
                   },
                   {
                       "EventID":  13,
                       "TimeCreated":  "2026-06-07T22:56:30.1206999-04:00",
                       "Computer":  "DESKTOP-KCP6DQD",
                       "Channel":  "Microsoft-Windows-Sysmon/Operational",
                       "RecordId":  34828,
                       "ProviderName":  "Microsoft-Windows-Sysmon",
                       "Severity":  "Low",
                       "MitreAttack":  "N/A",
                       "OwaspMapping":  "N/A",
                       "RuleName":  "Deteccion_Persistencia_Registro",
                       "UtcTime":  "2026-06-08 02:56:30.119",
                       "ProcessGuid":  "{f9ed62ee-2f3f-6a26-a314-000000009c00}",
                       "ProcessId":  "10844",
                       "Image":  "C:\\Program Files\\Google\\Chrome\\Application\\chrome.exe",
                       "User":  "DESKTOP-KCP6DQD\\nueva",
                       "EventType":  "SetValue",
                       "TargetObject":  "HKLM\\System\\CurrentControlSet\\Services\\bam\\State\\UserSettings\\S-1-5-21-158180708-2764993437-2666828097-1001\\\\Device\\HarddiskVolume4\\Program Files\\Google\\Chrome\\Application\\chrome.exe",
                       "Details":  "Binary Data"
                   },
                   {
                       "EventID":  12,
                       "TimeCreated":  "2026-06-07T22:56:25.2406114-04:00",
                       "Computer":  "DESKTOP-KCP6DQD",
                       "Channel":  "Microsoft-Windows-Sysmon/Operational",
                       "RecordId":  34827,
                       "ProviderName":  "Microsoft-Windows-Sysmon",
                       "Severity":  "High",
                       "MitreAttack":  "T1547.001",
                       "OwaspMapping":  "A08:2021-Software and Data Integrity Failures",
                       "RuleName":  "Persistence via Run/RunOnce Registry Keys",
                       "UtcTime":  "2026-06-08 02:56:25.240",
                       "ProcessGuid":  "{f9ed62ee-f06c-6a25-4401-000000009c00}",
                       "ProcessId":  "11680",
                       "Image":  "C:\\WINDOWS\\system32\\sihost.exe",
                       "User":  "DESKTOP-KCP6DQD\\nueva",
                       "EventType":  "CreateKey",
                       "TargetObject":  "HKLM\\SOFTWARE\\WOW6432Node\\Microsoft\\Windows\\CurrentVersion\\Run"
                   },
                   {
                       "EventID":  12,
                       "TimeCreated":  "2026-06-07T22:56:24.3676109-04:00",
                       "Computer":  "DESKTOP-KCP6DQD",
                       "Channel":  "Microsoft-Windows-Sysmon/Operational",
                       "RecordId":  34826,
                       "ProviderName":  "Microsoft-Windows-Sysmon",
                       "Severity":  "Low",
                       "MitreAttack":  "N/A",
                       "OwaspMapping":  "N/A",
                       "RuleName":  "Deteccion_Persistencia_Registro",
                       "UtcTime":  "2026-06-08 02:56:24.366",
                       "ProcessGuid":  "{f9ed62ee-f03f-6a25-2f00-000000009c00}",
                       "ProcessId":  "2780",
                       "Image":  "C:\\WINDOWS\\system32\\svchost.exe",
                       "User":  "NT AUTHORITY\\Servicio de red",
                       "EventType":  "CreateKey",
                       "TargetObject":  "HKLM\\System\\CurrentControlSet\\Services\\Tcpip\\Parameters"
                   },
                   {
                       "EventID":  12,
                       "TimeCreated":  "2026-06-07T22:56:24.3666016-04:00",
                       "Computer":  "DESKTOP-KCP6DQD",
                       "Channel":  "Microsoft-Windows-Sysmon/Operational",
                       "RecordId":  34825,
                       "ProviderName":  "Microsoft-Windows-Sysmon",
                       "Severity":  "Low",
                       "MitreAttack":  "N/A",
                       "OwaspMapping":  "N/A",
                       "RuleName":  "Deteccion_Persistencia_Registro",
                       "UtcTime":  "2026-06-08 02:56:24.365",
                       "ProcessGuid":  "{f9ed62ee-2f4c-6a26-bc14-000000009c00}",
                       "ProcessId":  "12184",
                       "Image":  "C:\\nvm4w\\nodejs\\node.exe",
                       "User":  "DESKTOP-KCP6DQD\\nueva",
                       "EventType":  "CreateKey",
                       "TargetObject":  "HKLM\\System\\CurrentControlSet\\Services\\Tcpip\\Parameters"
                   },
                   {
                       "EventID":  12,
                       "TimeCreated":  "2026-06-07T22:56:24.3665260-04:00",
                       "Computer":  "DESKTOP-KCP6DQD",
                       "Channel":  "Microsoft-Windows-Sysmon/Operational",
                       "RecordId":  34824,
                       "ProviderName":  "Microsoft-Windows-Sysmon",
                       "Severity":  "Low",
                       "MitreAttack":  "N/A",
                       "OwaspMapping":  "N/A",
                       "RuleName":  "Deteccion_Persistencia_Registro",
                       "UtcTime":  "2026-06-08 02:56:24.365",
                       "ProcessGuid":  "{f9ed62ee-2f4c-6a26-bc14-000000009c00}",
                       "ProcessId":  "12184",
                       "Image":  "C:\\nvm4w\\nodejs\\node.exe",
                       "User":  "DESKTOP-KCP6DQD\\nueva",
                       "EventType":  "CreateKey",
                       "TargetObject":  "HKLM\\System\\CurrentControlSet\\Services\\Tcpip\\Parameters"
                   },
                   {
                       "EventID":  12,
                       "TimeCreated":  "2026-06-07T22:56:24.3663314-04:00",
                       "Computer":  "DESKTOP-KCP6DQD",
                       "Channel":  "Microsoft-Windows-Sysmon/Operational",
                       "RecordId":  34823,
                       "ProviderName":  "Microsoft-Windows-Sysmon",
                       "Severity":  "Low",
                       "MitreAttack":  "N/A",
                       "OwaspMapping":  "N/A",
                       "RuleName":  "Deteccion_Persistencia_Registro",
                       "UtcTime":  "2026-06-08 02:56:24.365",
                       "ProcessGuid":  "{f9ed62ee-2f4c-6a26-bc14-000000009c00}",
                       "ProcessId":  "12184",
                       "Image":  "C:\\nvm4w\\nodejs\\node.exe",
                       "User":  "DESKTOP-KCP6DQD\\nueva",
                       "EventType":  "CreateKey",
                       "TargetObject":  "HKLM\\System\\CurrentControlSet\\Services\\Tcpip\\Parameters"
                   },
                   {
                       "EventID":  12,
                       "TimeCreated":  "2026-06-07T22:56:24.3662452-04:00",
                       "Computer":  "DESKTOP-KCP6DQD",
                       "Channel":  "Microsoft-Windows-Sysmon/Operational",
                       "RecordId":  34822,
                       "ProviderName":  "Microsoft-Windows-Sysmon",
                       "Severity":  "Low",
                       "MitreAttack":  "N/A",
                       "OwaspMapping":  "N/A",
                       "RuleName":  "Deteccion_Persistencia_Registro",
                       "UtcTime":  "2026-06-08 02:56:24.365",
                       "ProcessGuid":  "{f9ed62ee-2f4c-6a26-bc14-000000009c00}",
                       "ProcessId":  "12184",
                       "Image":  "C:\\nvm4w\\nodejs\\node.exe",
                       "User":  "DESKTOP-KCP6DQD\\nueva",
                       "EventType":  "CreateKey",
                       "TargetObject":  "HKLM\\System\\CurrentControlSet\\Services\\Tcpip\\Parameters"
                   },
                   {
                       "EventID":  12,
                       "TimeCreated":  "2026-06-07T22:56:17.2207959-04:00",
                       "Computer":  "DESKTOP-KCP6DQD",
                       "Channel":  "Microsoft-Windows-Sysmon/Operational",
                       "RecordId":  34821,
                       "ProviderName":  "Microsoft-Windows-Sysmon",
                       "Severity":  "Low",
                       "MitreAttack":  "N/A",
                       "OwaspMapping":  "N/A",
                       "RuleName":  "Deteccion_Persistencia_Registro",
                       "UtcTime":  "2026-06-08 02:56:17.216",
                       "ProcessGuid":  "{f9ed62ee-2f4c-6a26-bc14-000000009c00}",
                       "ProcessId":  "12184",
                       "Image":  "C:\\nvm4w\\nodejs\\node.exe",
                       "User":  "DESKTOP-KCP6DQD\\nueva",
                       "EventType":  "CreateKey",
                       "TargetObject":  "HKLM\\System\\CurrentControlSet\\Services\\Tcpip\\Parameters"
                   },
                   {
                       "EventID":  12,
                       "TimeCreated":  "2026-06-07T22:56:17.2192149-04:00",
                       "Computer":  "DESKTOP-KCP6DQD",
                       "Channel":  "Microsoft-Windows-Sysmon/Operational",
                       "RecordId":  34820,
                       "ProviderName":  "Microsoft-Windows-Sysmon",
                       "Severity":  "Low",
                       "MitreAttack":  "N/A",
                       "OwaspMapping":  "N/A",
                       "RuleName":  "Deteccion_Persistencia_Registro",
                       "UtcTime":  "2026-06-08 02:56:17.216",
                       "ProcessGuid":  "{f9ed62ee-2f4c-6a26-bc14-000000009c00}",
                       "ProcessId":  "12184",
                       "Image":  "C:\\nvm4w\\nodejs\\node.exe",
                       "User":  "DESKTOP-KCP6DQD\\nueva",
                       "EventType":  "CreateKey",
                       "TargetObject":  "HKLM\\System\\CurrentControlSet\\Services\\Tcpip\\Parameters"
                   },
                   {
                       "EventID":  12,
                       "TimeCreated":  "2026-06-07T22:56:17.2191005-04:00",
                       "Computer":  "DESKTOP-KCP6DQD",
                       "Channel":  "Microsoft-Windows-Sysmon/Operational",
                       "RecordId":  34819,
                       "ProviderName":  "Microsoft-Windows-Sysmon",
                       "Severity":  "Low",
                       "MitreAttack":  "N/A",
                       "OwaspMapping":  "N/A",
                       "RuleName":  "Deteccion_Persistencia_Registro",
                       "UtcTime":  "2026-06-08 02:56:17.216",
                       "ProcessGuid":  "{f9ed62ee-2f4c-6a26-bc14-000000009c00}",
                       "ProcessId":  "12184",
                       "Image":  "C:\\nvm4w\\nodejs\\node.exe",
                       "User":  "DESKTOP-KCP6DQD\\nueva",
                       "EventType":  "CreateKey",
                       "TargetObject":  "HKLM\\System\\CurrentControlSet\\Services\\Tcpip\\Parameters"
                   },
                   {
                       "EventID":  12,
                       "TimeCreated":  "2026-06-07T22:56:17.2190768-04:00",
                       "Computer":  "DESKTOP-KCP6DQD",
                       "Channel":  "Microsoft-Windows-Sysmon/Operational",
                       "RecordId":  34818,
                       "ProviderName":  "Microsoft-Windows-Sysmon",
                       "Severity":  "Low",
                       "MitreAttack":  "N/A",
                       "OwaspMapping":  "N/A",
                       "RuleName":  "Deteccion_Persistencia_Registro",
                       "UtcTime":  "2026-06-08 02:56:17.216",
                       "ProcessGuid":  "{f9ed62ee-2f4c-6a26-bc14-000000009c00}",
                       "ProcessId":  "12184",
                       "Image":  "C:\\nvm4w\\nodejs\\node.exe",
                       "User":  "DESKTOP-KCP6DQD\\nueva",
                       "EventType":  "CreateKey",
                       "TargetObject":  "HKLM\\System\\CurrentControlSet\\Services\\Tcpip\\Parameters"
                   },
                   {
                       "EventID":  13,
                       "TimeCreated":  "2026-06-07T22:56:15.6735180-04:00",
                       "Computer":  "DESKTOP-KCP6DQD",
                       "Channel":  "Microsoft-Windows-Sysmon/Operational",
                       "RecordId":  34817,
                       "ProviderName":  "Microsoft-Windows-Sysmon",
                       "Severity":  "Low",
                       "MitreAttack":  "N/A",
                       "OwaspMapping":  "N/A",
                       "RuleName":  "Deteccion_Persistencia_Registro",
                       "UtcTime":  "2026-06-08 02:56:15.672",
                       "ProcessGuid":  "{f9ed62ee-f0b0-6a25-e701-000000009c00}",
                       "ProcessId":  "18792",
                       "Image":  "C:\\Program Files\\Google\\Chrome\\Application\\chrome.exe",
                       "User":  "DESKTOP-KCP6DQD\\nueva",
                       "EventType":  "SetValue",
                       "TargetObject":  "HKLM\\System\\CurrentControlSet\\Services\\bam\\State\\UserSettings\\S-1-5-21-158180708-2764993437-2666828097-1001\\\\Device\\HarddiskVolume4\\Program Files\\Google\\Chrome\\Application\\chrome.exe",
                       "Details":  "Binary Data"
                   },
                   {
                       "EventID":  12,
                       "TimeCreated":  "2026-06-07T22:56:15.2335648-04:00",
                       "Computer":  "DESKTOP-KCP6DQD",
                       "Channel":  "Microsoft-Windows-Sysmon/Operational",
                       "RecordId":  34816,
                       "ProviderName":  "Microsoft-Windows-Sysmon",
                       "Severity":  "High",
                       "MitreAttack":  "T1547.001",
                       "OwaspMapping":  "A08:2021-Software and Data Integrity Failures",
                       "RuleName":  "Persistence via Run/RunOnce Registry Keys",
                       "UtcTime":  "2026-06-08 02:56:15.233",
                       "ProcessGuid":  "{f9ed62ee-f06c-6a25-4401-000000009c00}",
                       "ProcessId":  "11680",
                       "Image":  "C:\\WINDOWS\\system32\\sihost.exe",
                       "User":  "DESKTOP-KCP6DQD\\nueva",
                       "EventType":  "CreateKey",
                       "TargetObject":  "HKLM\\SOFTWARE\\WOW6432Node\\Microsoft\\Windows\\CurrentVersion\\Run"
                   },
                   {
                       "EventID":  13,
                       "TimeCreated":  "2026-06-07T22:56:14.1217125-04:00",
                       "Computer":  "DESKTOP-KCP6DQD",
                       "Channel":  "Microsoft-Windows-Sysmon/Operational",
                       "RecordId":  34815,
                       "ProviderName":  "Microsoft-Windows-Sysmon",
                       "Severity":  "Low",
                       "MitreAttack":  "N/A",
                       "OwaspMapping":  "N/A",
                       "RuleName":  "Deteccion_Persistencia_Registro",
                       "UtcTime":  "2026-06-08 02:56:14.119",
                       "ProcessGuid":  "{f9ed62ee-f0b0-6a25-e701-000000009c00}",
                       "ProcessId":  "18792",
                       "Image":  "C:\\Program Files\\Google\\Chrome\\Application\\chrome.exe",
                       "User":  "DESKTOP-KCP6DQD\\nueva",
                       "EventType":  "SetValue",
                       "TargetObject":  "HKLM\\System\\CurrentControlSet\\Services\\bam\\State\\UserSettings\\S-1-5-21-158180708-2764993437-2666828097-1001\\\\Device\\HarddiskVolume4\\Program Files\\Google\\Chrome\\Application\\chrome.exe",
                       "Details":  "Binary Data"
                   },
