                   {
                       "EventID":  13,
                       "TimeCreated":  "2026-06-07T22:51:53.5964664-04:00",
                       "Computer":  "DESKTOP-KCP6DQD",
                       "Channel":  "Microsoft-Windows-Sysmon/Operational",
                       "RecordId":  34530,
                       "ProviderName":  "Microsoft-Windows-Sysmon",
                       "Severity":  "Low",
                       "MitreAttack":  "N/A",
                       "OwaspMapping":  "N/A",
                       "RuleName":  "Deteccion_Persistencia_Registro",
                       "UtcTime":  "2026-06-08 02:51:53.595",
                       "ProcessGuid":  "{f9ed62ee-2e49-6a26-d813-000000009c00}",
                       "ProcessId":  "16896",
                       "Image":  "C:\\Program Files\\Git\\cmd\\git.exe",
                       "User":  "DESKTOP-KCP6DQD\\nueva",
                       "EventType":  "SetValue",
                       "TargetObject":  "HKLM\\System\\CurrentControlSet\\Services\\bam\\State\\UserSettings\\S-1-5-21-158180708-2764993437-2666828097-1001\\\\Device\\HarddiskVolume4\\Windows\\System32\\conhost.exe",
                       "Details":  "Binary Data"
                   },
                   {
                       "EventID":  13,
                       "TimeCreated":  "2026-06-07T22:51:53.5853347-04:00",
                       "Computer":  "DESKTOP-KCP6DQD",
                       "Channel":  "Microsoft-Windows-Sysmon/Operational",
                       "RecordId":  34529,
                       "ProviderName":  "Microsoft-Windows-Sysmon",
                       "Severity":  "Low",
                       "MitreAttack":  "N/A",
                       "OwaspMapping":  "N/A",
                       "RuleName":  "Deteccion_Persistencia_Registro",
                       "UtcTime":  "2026-06-08 02:51:53.585",
                       "ProcessGuid":  "{f9ed62ee-2e49-6a26-d513-000000009c00}",
                       "ProcessId":  "4448",
                       "Image":  "C:\\Program Files\\Git\\cmd\\git.exe",
                       "User":  "DESKTOP-KCP6DQD\\nueva",
                       "EventType":  "SetValue",
                       "TargetObject":  "HKLM\\System\\CurrentControlSet\\Services\\bam\\State\\UserSettings\\S-1-5-21-158180708-2764993437-2666828097-1001\\\\Device\\HarddiskVolume4\\Windows\\System32\\conhost.exe",
                       "Details":  "Binary Data"
                   },
                   {
                       "EventID":  13,
                       "TimeCreated":  "2026-06-07T22:51:53.5808850-04:00",
                       "Computer":  "DESKTOP-KCP6DQD",
                       "Channel":  "Microsoft-Windows-Sysmon/Operational",
                       "RecordId":  34528,
                       "ProviderName":  "Microsoft-Windows-Sysmon",
                       "Severity":  "Low",
                       "MitreAttack":  "N/A",
                       "OwaspMapping":  "N/A",
                       "RuleName":  "Deteccion_Persistencia_Registro",
                       "UtcTime":  "2026-06-08 02:51:53.579",
                       "ProcessGuid":  "{f9ed62ee-2e49-6a26-d413-000000009c00}",
                       "ProcessId":  "13016",
                       "Image":  "C:\\Program Files\\Git\\cmd\\git.exe",
                       "User":  "DESKTOP-KCP6DQD\\nueva",
                       "EventType":  "SetValue",
                       "TargetObject":  "HKLM\\System\\CurrentControlSet\\Services\\bam\\State\\UserSettings\\S-1-5-21-158180708-2764993437-2666828097-1001\\\\Device\\HarddiskVolume4\\Windows\\System32\\conhost.exe",
                       "Details":  "Binary Data"
                   },
                   {
                       "EventID":  13,
                       "TimeCreated":  "2026-06-07T22:51:53.5512459-04:00",
                       "Computer":  "DESKTOP-KCP6DQD",
                       "Channel":  "Microsoft-Windows-Sysmon/Operational",
                       "RecordId":  34527,
                       "ProviderName":  "Microsoft-Windows-Sysmon",
                       "Severity":  "Low",
                       "MitreAttack":  "N/A",
                       "OwaspMapping":  "N/A",
                       "RuleName":  "Deteccion_Persistencia_Registro",
                       "UtcTime":  "2026-06-08 02:51:53.550",
                       "ProcessGuid":  "{f9ed62ee-2e49-6a26-d113-000000009c00}",
                       "ProcessId":  "9268",
                       "Image":  "C:\\WINDOWS\\system32\\conhost.exe",
                       "User":  "DESKTOP-KCP6DQD\\nueva",
                       "EventType":  "SetValue",
                       "TargetObject":  "HKLM\\System\\CurrentControlSet\\Services\\bam\\State\\UserSettings\\S-1-5-21-158180708-2764993437-2666828097-1001\\\\Device\\HarddiskVolume4\\Windows\\System32\\conhost.exe",
                       "Details":  "Binary Data"
                   },
                   {
                       "EventID":  13,
                       "TimeCreated":  "2026-06-07T22:51:53.4574600-04:00",
                       "Computer":  "DESKTOP-KCP6DQD",
                       "Channel":  "Microsoft-Windows-Sysmon/Operational",
                       "RecordId":  34526,
                       "ProviderName":  "Microsoft-Windows-Sysmon",
                       "Severity":  "Low",
                       "MitreAttack":  "N/A",
                       "OwaspMapping":  "N/A",
                       "RuleName":  "Deteccion_Persistencia_Registro",
                       "UtcTime":  "2026-06-08 02:51:53.454",
                       "ProcessGuid":  "{f9ed62ee-2e49-6a26-d013-000000009c00}",
                       "ProcessId":  "4780",
                       "Image":  "C:\\Program Files\\Git\\cmd\\git.exe",
                       "User":  "DESKTOP-KCP6DQD\\nueva",
                       "EventType":  "SetValue",
                       "TargetObject":  "HKLM\\System\\CurrentControlSet\\Services\\bam\\State\\UserSettings\\S-1-5-21-158180708-2764993437-2666828097-1001\\\\Device\\HarddiskVolume4\\Windows\\System32\\conhost.exe",
                       "Details":  "Binary Data"
                   },
                   {
                       "EventID":  13,
                       "TimeCreated":  "2026-06-07T22:51:53.4483199-04:00",
                       "Computer":  "DESKTOP-KCP6DQD",
                       "Channel":  "Microsoft-Windows-Sysmon/Operational",
                       "RecordId":  34525,
                       "ProviderName":  "Microsoft-Windows-Sysmon",
                       "Severity":  "Low",
                       "MitreAttack":  "N/A",
                       "OwaspMapping":  "N/A",
                       "RuleName":  "Deteccion_Persistencia_Registro",
                       "UtcTime":  "2026-06-08 02:51:53.444",
                       "ProcessGuid":  "{f9ed62ee-2e49-6a26-ce13-000000009c00}",
                       "ProcessId":  "20460",
                       "Image":  "C:\\WINDOWS\\system32\\conhost.exe",
                       "User":  "DESKTOP-KCP6DQD\\nueva",
                       "EventType":  "SetValue",
                       "TargetObject":  "HKLM\\System\\CurrentControlSet\\Services\\bam\\State\\UserSettings\\S-1-5-21-158180708-2764993437-2666828097-1001\\\\Device\\HarddiskVolume4\\Windows\\System32\\conhost.exe",
                       "Details":  "Binary Data"
                   },
                   {
                       "EventID":  13,
                       "TimeCreated":  "2026-06-07T22:51:53.3865744-04:00",
                       "Computer":  "DESKTOP-KCP6DQD",
                       "Channel":  "Microsoft-Windows-Sysmon/Operational",
                       "RecordId":  34524,
                       "ProviderName":  "Microsoft-Windows-Sysmon",
                       "Severity":  "Low",
                       "MitreAttack":  "N/A",
                       "OwaspMapping":  "N/A",
                       "RuleName":  "Deteccion_Persistencia_Registro",
                       "UtcTime":  "2026-06-08 02:51:53.385",
                       "ProcessGuid":  "{f9ed62ee-2e49-6a26-cd13-000000009c00}",
                       "ProcessId":  "2536",
                       "Image":  "C:\\Program Files\\Git\\cmd\\git.exe",
                       "User":  "DESKTOP-KCP6DQD\\nueva",
                       "EventType":  "SetValue",
                       "TargetObject":  "HKLM\\System\\CurrentControlSet\\Services\\bam\\State\\UserSettings\\S-1-5-21-158180708-2764993437-2666828097-1001\\\\Device\\HarddiskVolume4\\Windows\\System32\\conhost.exe",
                       "Details":  "Binary Data"
                   },
                   {
                       "EventID":  13,
                       "TimeCreated":  "2026-06-07T22:51:53.3233492-04:00",
                       "Computer":  "DESKTOP-KCP6DQD",
                       "Channel":  "Microsoft-Windows-Sysmon/Operational",
                       "RecordId":  34523,
                       "ProviderName":  "Microsoft-Windows-Sysmon",
                       "Severity":  "Low",
                       "MitreAttack":  "N/A",
                       "OwaspMapping":  "N/A",
                       "RuleName":  "Deteccion_Persistencia_Registro",
                       "UtcTime":  "2026-06-08 02:51:53.322",
                       "ProcessGuid":  "{f9ed62ee-2e49-6a26-cb13-000000009c00}",
                       "ProcessId":  "7604",
                       "Image":  "C:\\WINDOWS\\system32\\conhost.exe",
                       "User":  "DESKTOP-KCP6DQD\\nueva",
                       "EventType":  "SetValue",
                       "TargetObject":  "HKLM\\System\\CurrentControlSet\\Services\\bam\\State\\UserSettings\\S-1-5-21-158180708-2764993437-2666828097-1001\\\\Device\\HarddiskVolume4\\Windows\\System32\\conhost.exe",
                       "Details":  "Binary Data"
                   },
                   {
                       "EventID":  13,
                       "TimeCreated":  "2026-06-07T22:51:53.2332461-04:00",
                       "Computer":  "DESKTOP-KCP6DQD",
                       "Channel":  "Microsoft-Windows-Sysmon/Operational",
                       "RecordId":  34522,
                       "ProviderName":  "Microsoft-Windows-Sysmon",
                       "Severity":  "Low",
                       "MitreAttack":  "N/A",
                       "OwaspMapping":  "N/A",
                       "RuleName":  "Deteccion_Persistencia_Registro",
                       "UtcTime":  "2026-06-08 02:51:53.232",
                       "ProcessGuid":  "{f9ed62ee-2e49-6a26-ca13-000000009c00}",
                       "ProcessId":  "2384",
                       "Image":  "C:\\Program Files\\Git\\cmd\\git.exe",
                       "User":  "DESKTOP-KCP6DQD\\nueva",
                       "EventType":  "SetValue",
                       "TargetObject":  "HKLM\\System\\CurrentControlSet\\Services\\bam\\State\\UserSettings\\S-1-5-21-158180708-2764993437-2666828097-1001\\\\Device\\HarddiskVolume4\\Windows\\System32\\conhost.exe",
                       "Details":  "Binary Data"
                   },
                   {
                       "EventID":  13,
                       "TimeCreated":  "2026-06-07T22:51:53.0919783-04:00",
                       "Computer":  "DESKTOP-KCP6DQD",
                       "Channel":  "Microsoft-Windows-Sysmon/Operational",
                       "RecordId":  34521,
                       "ProviderName":  "Microsoft-Windows-Sysmon",
                       "Severity":  "Low",
                       "MitreAttack":  "N/A",
                       "OwaspMapping":  "N/A",
                       "RuleName":  "Deteccion_Persistencia_Registro",
                       "UtcTime":  "2026-06-08 02:51:53.089",
                       "ProcessGuid":  "{f9ed62ee-2e49-6a26-c913-000000009c00}",
                       "ProcessId":  "21076",
                       "Image":  "C:\\WINDOWS\\system32\\conhost.exe",
                       "User":  "DESKTOP-KCP6DQD\\nueva",
                       "EventType":  "SetValue",
                       "TargetObject":  "HKLM\\System\\CurrentControlSet\\Services\\bam\\State\\UserSettings\\S-1-5-21-158180708-2764993437-2666828097-1001\\\\Device\\HarddiskVolume4\\Windows\\System32\\conhost.exe",
                       "Details":  "Binary Data"
                   },
                   {
                       "EventID":  13,
                       "TimeCreated":  "2026-06-07T22:51:53.0524482-04:00",
                       "Computer":  "DESKTOP-KCP6DQD",
                       "Channel":  "Microsoft-Windows-Sysmon/Operational",
                       "RecordId":  34520,
                       "ProviderName":  "Microsoft-Windows-Sysmon",
                       "Severity":  "Low",
                       "MitreAttack":  "N/A",
                       "OwaspMapping":  "N/A",
                       "RuleName":  "Deteccion_Persistencia_Registro",
                       "UtcTime":  "2026-06-08 02:51:53.052",
                       "ProcessGuid":  "{f9ed62ee-2e49-6a26-c813-000000009c00}",
                       "ProcessId":  "20596",
                       "Image":  "c:\\Users\\nueva\\AppData\\Local\\Programs\\Antigravity IDE\\resources\\app\\node_modules\\@vscode\\ripgrep\\bin\\rg.exe",
                       "User":  "DESKTOP-KCP6DQD\\nueva",
                       "EventType":  "SetValue",
                       "TargetObject":  "HKLM\\System\\CurrentControlSet\\Services\\bam\\State\\UserSettings\\S-1-5-21-158180708-2764993437-2666828097-1001\\\\Device\\HarddiskVolume4\\Windows\\System32\\conhost.exe",
                       "Details":  "Binary Data"
                   },
                   {
                       "EventID":  12,
                       "TimeCreated":  "2026-06-07T22:51:53.0290094-04:00",
                       "Computer":  "DESKTOP-KCP6DQD",
                       "Channel":  "Microsoft-Windows-Sysmon/Operational",
                       "RecordId":  34519,
                       "ProviderName":  "Microsoft-Windows-Sysmon",
                       "Severity":  "Low",
                       "MitreAttack":  "N/A",
                       "OwaspMapping":  "N/A",
                       "RuleName":  "Deteccion_Persistencia_Registro",
                       "UtcTime":  "2026-06-08 02:51:53.027",
                       "ProcessGuid":  "{f9ed62ee-2e3f-6a26-b113-000000009c00}",
                       "ProcessId":  "21396",
                       "Image":  "C:\\nvm4w\\nodejs\\node.exe",
                       "User":  "DESKTOP-KCP6DQD\\nueva",
                       "EventType":  "CreateKey",
                       "TargetObject":  "HKLM\\System\\CurrentControlSet\\Services\\Tcpip\\Parameters"
                   },
                   {
                       "EventID":  12,
                       "TimeCreated":  "2026-06-07T22:51:53.0269624-04:00",
                       "Computer":  "DESKTOP-KCP6DQD",
                       "Channel":  "Microsoft-Windows-Sysmon/Operational",
                       "RecordId":  34518,
                       "ProviderName":  "Microsoft-Windows-Sysmon",
                       "Severity":  "Low",
                       "MitreAttack":  "N/A",
                       "OwaspMapping":  "N/A",
                       "RuleName":  "Deteccion_Persistencia_Registro",
                       "UtcTime":  "2026-06-08 02:51:53.024",
                       "ProcessGuid":  "{f9ed62ee-2e3f-6a26-b113-000000009c00}",
                       "ProcessId":  "21396",
                       "Image":  "C:\\nvm4w\\nodejs\\node.exe",
                       "User":  "DESKTOP-KCP6DQD\\nueva",
                       "EventType":  "CreateKey",
                       "TargetObject":  "HKLM\\System\\CurrentControlSet\\Services\\Tcpip\\Parameters"
                   },
                   {
                       "EventID":  12,
                       "TimeCreated":  "2026-06-07T22:51:53.0269241-04:00",
                       "Computer":  "DESKTOP-KCP6DQD",
                       "Channel":  "Microsoft-Windows-Sysmon/Operational",
                       "RecordId":  34517,
                       "ProviderName":  "Microsoft-Windows-Sysmon",
                       "Severity":  "Low",
                       "MitreAttack":  "N/A",
                       "OwaspMapping":  "N/A",
                       "RuleName":  "Deteccion_Persistencia_Registro",
                       "UtcTime":  "2026-06-08 02:51:53.024",
                       "ProcessGuid":  "{f9ed62ee-2e3f-6a26-b113-000000009c00}",
                       "ProcessId":  "21396",
                       "Image":  "C:\\nvm4w\\nodejs\\node.exe",
                       "User":  "DESKTOP-KCP6DQD\\nueva",
                       "EventType":  "CreateKey",
                       "TargetObject":  "HKLM\\System\\CurrentControlSet\\Services\\Tcpip\\Parameters"
                   },
                   {
                       "EventID":  12,
                       "TimeCreated":  "2026-06-07T22:51:53.0267002-04:00",
                       "Computer":  "DESKTOP-KCP6DQD",
                       "Channel":  "Microsoft-Windows-Sysmon/Operational",
                       "RecordId":  34516,
                       "ProviderName":  "Microsoft-Windows-Sysmon",
                       "Severity":  "Low",
                       "MitreAttack":  "N/A",
                       "OwaspMapping":  "N/A",
                       "RuleName":  "Deteccion_Persistencia_Registro",
                       "UtcTime":  "2026-06-08 02:51:53.024",
                       "ProcessGuid":  "{f9ed62ee-2e3f-6a26-b113-000000009c00}",
                       "ProcessId":  "21396",
                       "Image":  "C:\\nvm4w\\nodejs\\node.exe",
                       "User":  "DESKTOP-KCP6DQD\\nueva",
                       "EventType":  "CreateKey",
                       "TargetObject":  "HKLM\\System\\CurrentControlSet\\Services\\Tcpip\\Parameters"
                   },
                   {
                       "EventID":  12,
                       "TimeCreated":  "2026-06-07T22:51:52.4029596-04:00",
                       "Computer":  "DESKTOP-KCP6DQD",
                       "Channel":  "Microsoft-Windows-Sysmon/Operational",
                       "RecordId":  34515,
                       "ProviderName":  "Microsoft-Windows-Sysmon",
                       "Severity":  "Low",
                       "MitreAttack":  "N/A",
                       "OwaspMapping":  "N/A",
                       "RuleName":  "Deteccion_Persistencia_Registro",
                       "UtcTime":  "2026-06-08 02:51:52.401",
                       "ProcessGuid":  "{f9ed62ee-f03f-6a25-2f00-000000009c00}",
                       "ProcessId":  "2780",
                       "Image":  "C:\\WINDOWS\\system32\\svchost.exe",
                       "User":  "NT AUTHORITY\\Servicio de red",
                       "EventType":  "CreateKey",
                       "TargetObject":  "HKLM\\System\\CurrentControlSet\\Services\\Tcpip\\Parameters"
                   },
                   {
                       "EventID":  12,
                       "TimeCreated":  "2026-06-07T22:51:49.6408247-04:00",
                       "Computer":  "DESKTOP-KCP6DQD",
                       "Channel":  "Microsoft-Windows-Sysmon/Operational",
                       "RecordId":  34514,
                       "ProviderName":  "Microsoft-Windows-Sysmon",
                       "Severity":  "Low",
                       "MitreAttack":  "N/A",
                       "OwaspMapping":  "N/A",
                       "RuleName":  "Deteccion_Persistencia_Registro",
                       "UtcTime":  "2026-06-08 02:51:49.640",
                       "ProcessGuid":  "{f9ed62ee-2e42-6a26-bb13-000000009c00}",
                       "ProcessId":  "22460",
                       "Image":  "C:\\Users\\nueva\\AppData\\Local\\Programs\\Antigravity IDE\\Antigravity IDE.exe",
                       "User":  "DESKTOP-KCP6DQD\\nueva",
                       "EventType":  "CreateKey",
                       "TargetObject":  "HKLM\\System\\CurrentControlSet\\Services\\Tcpip\\Parameters"
                   },
                   {
                       "EventID":  12,
                       "TimeCreated":  "2026-06-07T22:51:49.6397698-04:00",
                       "Computer":  "DESKTOP-KCP6DQD",
                       "Channel":  "Microsoft-Windows-Sysmon/Operational",
                       "RecordId":  34513,
                       "ProviderName":  "Microsoft-Windows-Sysmon",
                       "Severity":  "Low",
                       "MitreAttack":  "N/A",
                       "OwaspMapping":  "N/A",
                       "RuleName":  "Deteccion_Persistencia_Registro",
                       "UtcTime":  "2026-06-08 02:51:49.633",
                       "ProcessGuid":  "{f9ed62ee-2e42-6a26-bb13-000000009c00}",
                       "ProcessId":  "22460",
                       "Image":  "C:\\Users\\nueva\\AppData\\Local\\Programs\\Antigravity IDE\\Antigravity IDE.exe",
                       "User":  "DESKTOP-KCP6DQD\\nueva",
                       "EventType":  "CreateKey",
                       "TargetObject":  "HKLM\\System\\CurrentControlSet\\Services\\Tcpip\\Parameters"
                   },
                   {
                       "EventID":  12,
                       "TimeCreated":  "2026-06-07T22:51:49.6396871-04:00",
                       "Computer":  "DESKTOP-KCP6DQD",
                       "Channel":  "Microsoft-Windows-Sysmon/Operational",
                       "RecordId":  34512,
                       "ProviderName":  "Microsoft-Windows-Sysmon",
                       "Severity":  "Low",
                       "MitreAttack":  "N/A",
                       "OwaspMapping":  "N/A",
                       "RuleName":  "Deteccion_Persistencia_Registro",
                       "UtcTime":  "2026-06-08 02:51:49.633",
                       "ProcessGuid":  "{f9ed62ee-2e42-6a26-bb13-000000009c00}",
                       "ProcessId":  "22460",
                       "Image":  "C:\\Users\\nueva\\AppData\\Local\\Programs\\Antigravity IDE\\Antigravity IDE.exe",
                       "User":  "DESKTOP-KCP6DQD\\nueva",
                       "EventType":  "CreateKey",
                       "TargetObject":  "HKLM\\System\\CurrentControlSet\\Services\\Tcpip\\Parameters"
                   },
                   {
                       "EventID":  12,
                       "TimeCreated":  "2026-06-07T22:51:49.6396222-04:00",
                       "Computer":  "DESKTOP-KCP6DQD",
                       "Channel":  "Microsoft-Windows-Sysmon/Operational",
                       "RecordId":  34511,
                       "ProviderName":  "Microsoft-Windows-Sysmon",
                       "Severity":  "Low",
                       "MitreAttack":  "N/A",
                       "OwaspMapping":  "N/A",
                       "RuleName":  "Deteccion_Persistencia_Registro",
                       "UtcTime":  "2026-06-08 02:51:49.633",
                       "ProcessGuid":  "{f9ed62ee-2e42-6a26-bb13-000000009c00}",
                       "ProcessId":  "22460",
                       "Image":  "C:\\Users\\nueva\\AppData\\Local\\Programs\\Antigravity IDE\\Antigravity IDE.exe",
                       "User":  "DESKTOP-KCP6DQD\\nueva",
                       "EventType":  "CreateKey",
                       "TargetObject":  "HKLM\\System\\CurrentControlSet\\Services\\Tcpip\\Parameters"
                   },
                   {
                       "EventID":  1,
                       "TimeCreated":  "2026-06-07T22:51:48.7524779-04:00",
                       "Computer":  "DESKTOP-KCP6DQD",
                       "Channel":  "Microsoft-Windows-Sysmon/Operational",
                       "RecordId":  34510,
                       "ProviderName":  "Microsoft-Windows-Sysmon",
                       "Severity":  "Low",
                       "MitreAttack":  "N/A",
                       "OwaspMapping":  "N/A",
                       "RuleName":  "Deteccion_Procesos_Alertas",
                       "UtcTime":  "2026-06-08 02:51:48.746",
                       "ProcessGuid":  "{f9ed62ee-2e44-6a26-c513-000000009c00}",
                       "ProcessId":  "14780",
                       "Image":  "C:\\Windows\\System32\\cmd.exe",
                       "CommandLine":  "C:\\WINDOWS\\System32\\cmd.exe",
                       "CurrentDirectory":  "C:\\Asignacion-Sysmon\\",
                       "User":  "DESKTOP-KCP6DQD\\nueva",
                       "LogonGuid":  "{f9ed62ee-f06b-6a25-bee7-100000000000}",
                       "LogonId":  "0x10e7be",
                       "TerminalSessionId":  "1",
                       "IntegrityLevel":  "Medium",
                       "Hashes":  "MD5=77F0062F490BCC7023763A422E561945,SHA256=14CC8AB1DCF0D9F19E8FB82DEB547CF8C462C56A0E43F7ADDC02641AB3C81651",
                       "ParentProcessGuid":  "{f9ed62ee-2e42-6a26-b713-000000009c00}",
                       "ParentProcessId":  "21976",
                       "ParentImage":  "C:\\Users\\nueva\\AppData\\Local\\Programs\\Antigravity IDE\\Antigravity IDE.exe",
                       "ParentCommandLine":  "\"C:\\Users\\nueva\\AppData\\Local\\Programs\\Antigravity IDE\\Antigravity IDE.exe\" --type=utility --utility-sub-type=node.mojom.NodeService --lang=en-US --service-sandbox-type=none --video-capture-use-gpu-memory-buffer --user-data-dir=\"C:\\Users\\nueva\\AppData\\Roaming\\Antigravity IDE\" --standard-schemes=vscode-webview,vscode-file --enable-sandbox --secure-schemes=vscode-webview,vscode-file --cors-schemes=vscode-webview,vscode-file --fetch-schemes=vscode-webview,vscode-file --service-worker-schemes=vscode-webview --code-cache-schemes=vscode-webview,vscode-file --field-trial-handle=1772,i,11625417683374244121,4475000140403807933,262144 --enable-features=DocumentPolicyIncludeJSCallStacksInCrashReports,EarlyEstablishGpuChannel,EnableTransparentHwndEnlargement,EstablishGpuChannelAsync,PdfUseShowSaveFilePicker --disable-features=CalculateNativeWinOcclusion,LocalNetworkAccessChecks,ScreenAIOCREnabled,SpareRendererForSitePerProcess,TraceSiteInstanceGetProcessCreation --variations-seed-version --trace-process-track-uuid=3190708996619331833 --mojo-platform-channel-handle=5072 /prefetch:14",
                       "ParentUser":  "DESKTOP-KCP6DQD\\nueva"
                   },
                   {
                       "EventID":  13,
                       "TimeCreated":  "2026-06-07T22:51:48.7516006-04:00",
                       "Computer":  "DESKTOP-KCP6DQD",
                       "Channel":  "Microsoft-Windows-Sysmon/Operational",
                       "RecordId":  34509,
                       "ProviderName":  "Microsoft-Windows-Sysmon",
                       "Severity":  "Low",
                       "MitreAttack":  "N/A",
                       "OwaspMapping":  "N/A",
                       "RuleName":  "Deteccion_Persistencia_Registro",
                       "UtcTime":  "2026-06-08 02:51:48.751",
                       "ProcessGuid":  "{f9ed62ee-2e42-6a26-b713-000000009c00}",
                       "ProcessId":  "21976",
                       "Image":  "C:\\Users\\nueva\\AppData\\Local\\Programs\\Antigravity IDE\\Antigravity IDE.exe",
                       "User":  "DESKTOP-KCP6DQD\\nueva",
                       "EventType":  "SetValue",
                       "TargetObject":  "HKLM\\System\\CurrentControlSet\\Services\\bam\\State\\UserSettings\\S-1-5-21-158180708-2764993437-2666828097-1001\\\\Device\\HarddiskVolume4\\Windows\\System32\\cmd.exe",
                       "Details":  "Binary Data"
                   },
                   {
                       "EventID":  13,
                       "TimeCreated":  "2026-06-07T22:51:48.6360944-04:00",
                       "Computer":  "DESKTOP-KCP6DQD",
                       "Channel":  "Microsoft-Windows-Sysmon/Operational",
                       "RecordId":  34508,
                       "ProviderName":  "Microsoft-Windows-Sysmon",
                       "Severity":  "Low",
                       "MitreAttack":  "N/A",
                       "OwaspMapping":  "N/A",
                       "RuleName":  "Deteccion_Persistencia_Registro",
                       "UtcTime":  "2026-06-08 02:51:48.635",
                       "ProcessGuid":  "{f9ed62ee-2e42-6a26-b713-000000009c00}",
                       "ProcessId":  "21976",
                       "Image":  "C:\\Users\\nueva\\AppData\\Local\\Programs\\Antigravity IDE\\Antigravity IDE.exe",
                       "User":  "DESKTOP-KCP6DQD\\nueva",
                       "EventType":  "SetValue",
                       "TargetObject":  "HKLM\\System\\CurrentControlSet\\Services\\bam\\State\\UserSettings\\S-1-5-21-158180708-2764993437-2666828097-1001\\\\Device\\HarddiskVolume4\\Windows\\System32\\conhost.exe",
                       "Details":  "Binary Data"
                   },
                   {
                       "EventID":  1,
                       "TimeCreated":  "2026-06-07T22:51:48.6143391-04:00",
                       "Computer":  "DESKTOP-KCP6DQD",
                       "Channel":  "Microsoft-Windows-Sysmon/Operational",
                       "RecordId":  34507,
                       "ProviderName":  "Microsoft-Windows-Sysmon",
                       "Severity":  "Low",
                       "MitreAttack":  "N/A",
                       "OwaspMapping":  "N/A",
                       "RuleName":  "Deteccion_Procesos_Alertas",
                       "UtcTime":  "2026-06-08 02:51:48.595",
                       "ProcessGuid":  "{f9ed62ee-2e44-6a26-c313-000000009c00}",
                       "ProcessId":  "4460",
                       "Image":  "C:\\Windows\\System32\\WindowsPowerShell\\v1.0\\powershell.exe",
                       "CommandLine":  "C:\\WINDOWS\\System32\\WindowsPowerShell\\v1.0\\powershell.exe -noexit -command \"try { . \\\"c:\\Users\\nueva\\AppData\\Local\\Programs\\Antigravity IDE\\resources\\app\\out\\vs\\workbench\\contrib\\terminal\\common\\scripts\\shellIntegration.ps1\\\" } catch {}\"",
                       "CurrentDirectory":  "C:\\Asignacion-Sysmon\\",
                       "User":  "DESKTOP-KCP6DQD\\nueva",
                       "LogonGuid":  "{f9ed62ee-f06b-6a25-bee7-100000000000}",
                       "LogonId":  "0x10e7be",
                       "TerminalSessionId":  "1",
                       "IntegrityLevel":  "Medium",
                       "Hashes":  "MD5=A97E6573B97B44C96122BFA543A82EA1,SHA256=0FF6F2C94BC7E2833A5F7E16DE1622E5DBA70396F31C7D5F56381870317E8C46",
                       "ParentProcessGuid":  "{f9ed62ee-2e42-6a26-b713-000000009c00}",
                       "ParentProcessId":  "21976",
                       "ParentImage":  "C:\\Users\\nueva\\AppData\\Local\\Programs\\Antigravity IDE\\Antigravity IDE.exe",
                       "ParentCommandLine":  "\"C:\\Users\\nueva\\AppData\\Local\\Programs\\Antigravity IDE\\Antigravity IDE.exe\" --type=utility --utility-sub-type=node.mojom.NodeService --lang=en-US --service-sandbox-type=none --video-capture-use-gpu-memory-buffer --user-data-dir=\"C:\\Users\\nueva\\AppData\\Roaming\\Antigravity IDE\" --standard-schemes=vscode-webview,vscode-file --enable-sandbox --secure-schemes=vscode-webview,vscode-file --cors-schemes=vscode-webview,vscode-file --fetch-schemes=vscode-webview,vscode-file --service-worker-schemes=vscode-webview --code-cache-schemes=vscode-webview,vscode-file --field-trial-handle=1772,i,11625417683374244121,4475000140403807933,262144 --enable-features=DocumentPolicyIncludeJSCallStacksInCrashReports,EarlyEstablishGpuChannel,EnableTransparentHwndEnlargement,EstablishGpuChannelAsync,PdfUseShowSaveFilePicker --disable-features=CalculateNativeWinOcclusion,LocalNetworkAccessChecks,ScreenAIOCREnabled,SpareRendererForSitePerProcess,TraceSiteInstanceGetProcessCreation --variations-seed-version --trace-process-track-uuid=3190708996619331833 --mojo-platform-channel-handle=5072 /prefetch:14",
                       "ParentUser":  "DESKTOP-KCP6DQD\\nueva"
                   },
                   {
                       "EventID":  13,
                       "TimeCreated":  "2026-06-07T22:51:48.6132961-04:00",
                       "Computer":  "DESKTOP-KCP6DQD",
                       "Channel":  "Microsoft-Windows-Sysmon/Operational",
                       "RecordId":  34506,
                       "ProviderName":  "Microsoft-Windows-Sysmon",
                       "Severity":  "Low",
                       "MitreAttack":  "N/A",
                       "OwaspMapping":  "N/A",
                       "RuleName":  "Deteccion_Persistencia_Registro",
                       "UtcTime":  "2026-06-08 02:51:48.612",
                       "ProcessGuid":  "{f9ed62ee-2e42-6a26-b713-000000009c00}",
                       "ProcessId":  "21976",
                       "Image":  "C:\\Users\\nueva\\AppData\\Local\\Programs\\Antigravity IDE\\Antigravity IDE.exe",
                       "User":  "DESKTOP-KCP6DQD\\nueva",
                       "EventType":  "SetValue",
                       "TargetObject":  "HKLM\\System\\CurrentControlSet\\Services\\bam\\State\\UserSettings\\S-1-5-21-158180708-2764993437-2666828097-1001\\\\Device\\HarddiskVolume4\\Windows\\System32\\WindowsPowerShell\\v1.0\\powershell.exe",
                       "Details":  "Binary Data"
                   },
                   {
                       "EventID":  13,
                       "TimeCreated":  "2026-06-07T22:51:48.4400169-04:00",
                       "Computer":  "DESKTOP-KCP6DQD",
                       "Channel":  "Microsoft-Windows-Sysmon/Operational",
                       "RecordId":  34505,
                       "ProviderName":  "Microsoft-Windows-Sysmon",
                       "Severity":  "Low",
                       "MitreAttack":  "N/A",
                       "OwaspMapping":  "N/A",
                       "RuleName":  "Deteccion_Persistencia_Registro",
                       "UtcTime":  "2026-06-08 02:51:48.438",
                       "ProcessGuid":  "{f9ed62ee-2e42-6a26-b713-000000009c00}",
                       "ProcessId":  "21976",
                       "Image":  "C:\\Users\\nueva\\AppData\\Local\\Programs\\Antigravity IDE\\Antigravity IDE.exe",
                       "User":  "DESKTOP-KCP6DQD\\nueva",
                       "EventType":  "SetValue",
                       "TargetObject":  "HKLM\\System\\CurrentControlSet\\Services\\bam\\State\\UserSettings\\S-1-5-21-158180708-2764993437-2666828097-1001\\\\Device\\HarddiskVolume4\\Windows\\System32\\conhost.exe",
                       "Details":  "Binary Data"
                   },
                   {
                       "EventID":  13,
                       "TimeCreated":  "2026-06-07T22:51:48.0318870-04:00",
                       "Computer":  "DESKTOP-KCP6DQD",
                       "Channel":  "Microsoft-Windows-Sysmon/Operational",
                       "RecordId":  34504,
                       "ProviderName":  "Microsoft-Windows-Sysmon",
                       "Severity":  "Low",
                       "MitreAttack":  "N/A",
                       "OwaspMapping":  "N/A",
                       "RuleName":  "Deteccion_Persistencia_Registro",
                       "UtcTime":  "2026-06-08 02:51:48.031",
                       "ProcessGuid":  "{f9ed62ee-2e43-6a26-bf13-000000009c00}",
                       "ProcessId":  "15244",
                       "Image":  "C:\\WINDOWS\\system32\\conhost.exe",
                       "User":  "DESKTOP-KCP6DQD\\nueva",
                       "EventType":  "SetValue",
                       "TargetObject":  "HKLM\\System\\CurrentControlSet\\Services\\bam\\State\\UserSettings\\S-1-5-21-158180708-2764993437-2666828097-1001\\\\Device\\HarddiskVolume4\\Windows\\System32\\conhost.exe",
                       "Details":  "Binary Data"
                   },
                   {
                       "EventID":  13,
                       "TimeCreated":  "2026-06-07T22:51:48.0278781-04:00",
                       "Computer":  "DESKTOP-KCP6DQD",
                       "Channel":  "Microsoft-Windows-Sysmon/Operational",
                       "RecordId":  34503,
                       "ProviderName":  "Microsoft-Windows-Sysmon",
                       "Severity":  "Low",
                       "MitreAttack":  "N/A",
                       "OwaspMapping":  "N/A",
                       "RuleName":  "Deteccion_Persistencia_Registro",
                       "UtcTime":  "2026-06-08 02:51:48.027",
                       "ProcessGuid":  "{f9ed62ee-2e43-6a26-be13-000000009c00}",
                       "ProcessId":  "20796",
                       "Image":  "C:\\WINDOWS\\system32\\cmd.exe",
                       "User":  "DESKTOP-KCP6DQD\\nueva",
                       "EventType":  "SetValue",
                       "TargetObject":  "HKLM\\System\\CurrentControlSet\\Services\\bam\\State\\UserSettings\\S-1-5-21-158180708-2764993437-2666828097-1001\\\\Device\\HarddiskVolume4\\Windows\\System32\\cmd.exe",
                       "Details":  "Binary Data"
                   },
                   {
                       "EventID":  5,
                       "TimeCreated":  "2026-06-07T22:51:48.0276606-04:00",
                       "Computer":  "DESKTOP-KCP6DQD",
                       "Channel":  "Microsoft-Windows-Sysmon/Operational",
                       "RecordId":  34502,
                       "ProviderName":  "Microsoft-Windows-Sysmon",
                       "Severity":  "Low",
                       "MitreAttack":  "N/A",
                       "OwaspMapping":  "N/A",
                       "RuleName":  "Deteccion_Cierre_Procesos",
                       "UtcTime":  "2026-06-08 02:51:48.027",
                       "ProcessGuid":  "{f9ed62ee-2e43-6a26-be13-000000009c00}",
                       "ProcessId":  "20796",
                       "Image":  "C:\\Windows\\System32\\cmd.exe",
                       "User":  "DESKTOP-KCP6DQD\\nueva"
                   },
                   {
                       "EventID":  13,
                       "TimeCreated":  "2026-06-07T22:51:47.9091044-04:00",
                       "Computer":  "DESKTOP-KCP6DQD",
                       "Channel":  "Microsoft-Windows-Sysmon/Operational",
                       "RecordId":  34501,
                       "ProviderName":  "Microsoft-Windows-Sysmon",
                       "Severity":  "Low",
                       "MitreAttack":  "N/A",
                       "OwaspMapping":  "N/A",
                       "RuleName":  "Deteccion_Persistencia_Registro",
                       "UtcTime":  "2026-06-08 02:51:47.908",
                       "ProcessGuid":  "{f9ed62ee-2e43-6a26-be13-000000009c00}",
                       "ProcessId":  "20796",
                       "Image":  "C:\\WINDOWS\\system32\\cmd.exe",
                       "User":  "DESKTOP-KCP6DQD\\nueva",
                       "EventType":  "SetValue",
                       "TargetObject":  "HKLM\\System\\CurrentControlSet\\Services\\bam\\State\\UserSettings\\S-1-5-21-158180708-2764993437-2666828097-1001\\\\Device\\HarddiskVolume4\\Windows\\System32\\conhost.exe",
                       "Details":  "Binary Data"
                   },
                   {
                       "EventID":  1,
                       "TimeCreated":  "2026-06-07T22:51:47.8993442-04:00",
                       "Computer":  "DESKTOP-KCP6DQD",
                       "Channel":  "Microsoft-Windows-Sysmon/Operational",
                       "RecordId":  34500,
                       "ProviderName":  "Microsoft-Windows-Sysmon",
                       "Severity":  "Low",
                       "MitreAttack":  "N/A",
                       "OwaspMapping":  "N/A",
                       "RuleName":  "Deteccion_Procesos_Alertas",
                       "UtcTime":  "2026-06-08 02:51:47.895",
                       "ProcessGuid":  "{f9ed62ee-2e43-6a26-be13-000000009c00}",
                       "ProcessId":  "20796",
                       "Image":  "C:\\Windows\\System32\\cmd.exe",
                       "CommandLine":  "C:\\WINDOWS\\system32\\cmd.exe /d /s /c \"wsl.exe -l -q\"",
                       "CurrentDirectory":  "C:\\Users\\nueva\\AppData\\Local\\Programs\\Antigravity IDE\\",
                       "User":  "DESKTOP-KCP6DQD\\nueva",
                       "LogonGuid":  "{f9ed62ee-f06b-6a25-bee7-100000000000}",
                       "LogonId":  "0x10e7be",
                       "TerminalSessionId":  "1",
                       "IntegrityLevel":  "Medium",
                       "Hashes":  "MD5=77F0062F490BCC7023763A422E561945,SHA256=14CC8AB1DCF0D9F19E8FB82DEB547CF8C462C56A0E43F7ADDC02641AB3C81651",
                       "ParentProcessGuid":  "{f9ed62ee-2e39-6a26-a613-000000009c00}",
                       "ParentProcessId":  "8236",
                       "ParentImage":  "C:\\Users\\nueva\\AppData\\Local\\Programs\\Antigravity IDE\\Antigravity IDE.exe",
                       "ParentCommandLine":  "\"C:\\Users\\nueva\\AppData\\Local\\Programs\\Antigravity IDE\\Antigravity IDE.exe\" ",
                       "ParentUser":  "DESKTOP-KCP6DQD\\nueva"
                   },
                   {
                       "EventID":  13,
                       "TimeCreated":  "2026-06-07T22:51:47.8982269-04:00",
                       "Computer":  "DESKTOP-KCP6DQD",
                       "Channel":  "Microsoft-Windows-Sysmon/Operational",
                       "RecordId":  34499,
                       "ProviderName":  "Microsoft-Windows-Sysmon",
                       "Severity":  "Low",
                       "MitreAttack":  "N/A",
                       "OwaspMapping":  "N/A",
                       "RuleName":  "Deteccion_Persistencia_Registro",
                       "UtcTime":  "2026-06-08 02:51:47.896",
                       "ProcessGuid":  "{f9ed62ee-2e39-6a26-a613-000000009c00}",
                       "ProcessId":  "8236",
                       "Image":  "C:\\Users\\nueva\\AppData\\Local\\Programs\\Antigravity IDE\\Antigravity IDE.exe",
                       "User":  "DESKTOP-KCP6DQD\\nueva",
                       "EventType":  "SetValue",
                       "TargetObject":  "HKLM\\System\\CurrentControlSet\\Services\\bam\\State\\UserSettings\\S-1-5-21-158180708-2764993437-2666828097-1001\\\\Device\\HarddiskVolume4\\Windows\\System32\\cmd.exe",
                       "Details":  "Binary Data"
                   },
                   {
                       "EventID":  12,
                       "TimeCreated":  "2026-06-07T22:51:47.1995232-04:00",
                       "Computer":  "DESKTOP-KCP6DQD",
                       "Channel":  "Microsoft-Windows-Sysmon/Operational",
                       "RecordId":  34498,
                       "ProviderName":  "Microsoft-Windows-Sysmon",
                       "Severity":  "Low",
                       "MitreAttack":  "N/A",
                       "OwaspMapping":  "N/A",
                       "RuleName":  "Deteccion_Persistencia_Registro",
                       "UtcTime":  "2026-06-08 02:51:47.198",
                       "ProcessGuid":  "{f9ed62ee-2e42-6a26-b513-000000009c00}",
                       "ProcessId":  "1584",
                       "Image":  "C:\\Users\\nueva\\AppData\\Local\\Programs\\Antigravity IDE\\Antigravity IDE.exe",
                       "User":  "DESKTOP-KCP6DQD\\nueva",
                       "EventType":  "CreateKey",
                       "TargetObject":  "HKLM\\System\\CurrentControlSet\\Services\\Tcpip\\Parameters"
                   },
                   {
                       "EventID":  12,
                       "TimeCreated":  "2026-06-07T22:51:47.1980567-04:00",
                       "Computer":  "DESKTOP-KCP6DQD",
                       "Channel":  "Microsoft-Windows-Sysmon/Operational",
                       "RecordId":  34497,
                       "ProviderName":  "Microsoft-Windows-Sysmon",
                       "Severity":  "Low",
                       "MitreAttack":  "N/A",
                       "OwaspMapping":  "N/A",
                       "RuleName":  "Deteccion_Persistencia_Registro",
                       "UtcTime":  "2026-06-08 02:51:47.197",
                       "ProcessGuid":  "{f9ed62ee-2e42-6a26-b513-000000009c00}",
                       "ProcessId":  "1584",
                       "Image":  "C:\\Users\\nueva\\AppData\\Local\\Programs\\Antigravity IDE\\Antigravity IDE.exe",
                       "User":  "DESKTOP-KCP6DQD\\nueva",
                       "EventType":  "CreateKey",
                       "TargetObject":  "HKLM\\System\\CurrentControlSet\\Services\\Tcpip\\Parameters"
                   },
                   {
                       "EventID":  12,
                       "TimeCreated":  "2026-06-07T22:51:47.1979302-04:00",
                       "Computer":  "DESKTOP-KCP6DQD",
                       "Channel":  "Microsoft-Windows-Sysmon/Operational",
                       "RecordId":  34496,
                       "ProviderName":  "Microsoft-Windows-Sysmon",
                       "Severity":  "Low",
                       "MitreAttack":  "N/A",
                       "OwaspMapping":  "N/A",
                       "RuleName":  "Deteccion_Persistencia_Registro",
                       "UtcTime":  "2026-06-08 02:51:47.197",
                       "ProcessGuid":  "{f9ed62ee-2e42-6a26-b513-000000009c00}",
                       "ProcessId":  "1584",
                       "Image":  "C:\\Users\\nueva\\AppData\\Local\\Programs\\Antigravity IDE\\Antigravity IDE.exe",
                       "User":  "DESKTOP-KCP6DQD\\nueva",
                       "EventType":  "CreateKey",
                       "TargetObject":  "HKLM\\System\\CurrentControlSet\\Services\\Tcpip\\Parameters"
                   },
                   {
                       "EventID":  12,
                       "TimeCreated":  "2026-06-07T22:51:47.1978110-04:00",
                       "Computer":  "DESKTOP-KCP6DQD",
                       "Channel":  "Microsoft-Windows-Sysmon/Operational",
                       "RecordId":  34495,
                       "ProviderName":  "Microsoft-Windows-Sysmon",
                       "Severity":  "Low",
                       "MitreAttack":  "N/A",
                       "OwaspMapping":  "N/A",
                       "RuleName":  "Deteccion_Persistencia_Registro",
                       "UtcTime":  "2026-06-08 02:51:47.197",
                       "ProcessGuid":  "{f9ed62ee-2e42-6a26-b513-000000009c00}",
                       "ProcessId":  "1584",
                       "Image":  "C:\\Users\\nueva\\AppData\\Local\\Programs\\Antigravity IDE\\Antigravity IDE.exe",
                       "User":  "DESKTOP-KCP6DQD\\nueva",
                       "EventType":  "CreateKey",
                       "TargetObject":  "HKLM\\System\\CurrentControlSet\\Services\\Tcpip\\Parameters"
                   },
                   {
                       "EventID":  13,
                       "TimeCreated":  "2026-06-07T22:51:46.7651050-04:00",
                       "Computer":  "DESKTOP-KCP6DQD",
                       "Channel":  "Microsoft-Windows-Sysmon/Operational",
                       "RecordId":  34494,
                       "ProviderName":  "Microsoft-Windows-Sysmon",
                       "Severity":  "Low",
                       "MitreAttack":  "N/A",
                       "OwaspMapping":  "N/A",
                       "RuleName":  "Deteccion_Persistencia_Registro",
                       "UtcTime":  "2026-06-08 02:51:46.764",
                       "ProcessGuid":  "{f9ed62ee-2e42-6a26-b913-000000009c00}",
                       "ProcessId":  "20588",
                       "Image":  "C:\\WINDOWS\\system32\\conhost.exe",
                       "User":  "DESKTOP-KCP6DQD\\nueva",
                       "EventType":  "SetValue",
                       "TargetObject":  "HKLM\\System\\CurrentControlSet\\Services\\bam\\State\\UserSettings\\S-1-5-21-158180708-2764993437-2666828097-1001\\\\Device\\HarddiskVolume4\\Windows\\System32\\conhost.exe",
                       "Details":  "Binary Data"
                   },
                   {
                       "EventID":  13,
                       "TimeCreated":  "2026-06-07T22:51:46.7612070-04:00",
                       "Computer":  "DESKTOP-KCP6DQD",
                       "Channel":  "Microsoft-Windows-Sysmon/Operational",
                       "RecordId":  34493,
                       "ProviderName":  "Microsoft-Windows-Sysmon",
                       "Severity":  "Low",
                       "MitreAttack":  "N/A",
                       "OwaspMapping":  "N/A",
                       "RuleName":  "Deteccion_Persistencia_Registro",
                       "UtcTime":  "2026-06-08 02:51:46.759",
                       "ProcessGuid":  "{f9ed62ee-2e42-6a26-b813-000000009c00}",
                       "ProcessId":  "10824",
                       "Image":  "C:\\WINDOWS\\system32\\cmd.exe",
                       "User":  "DESKTOP-KCP6DQD\\nueva",
                       "EventType":  "SetValue",
                       "TargetObject":  "HKLM\\System\\CurrentControlSet\\Services\\bam\\State\\UserSettings\\S-1-5-21-158180708-2764993437-2666828097-1001\\\\Device\\HarddiskVolume4\\Windows\\System32\\cmd.exe",
                       "Details":  "Binary Data"
                   },
