                   {
                       "EventID":  13,
                       "TimeCreated":  "2026-06-07T23:08:16.3173106-04:00",
                       "Computer":  "DESKTOP-KCP6DQD",
                       "Channel":  "Microsoft-Windows-Sysmon/Operational",
                       "RecordId":  35379,
                       "ProviderName":  "Microsoft-Windows-Sysmon",
                       "Severity":  "Low",
                       "MitreAttack":  "N/A",
                       "OwaspMapping":  "N/A",
                       "RuleName":  "Deteccion_Persistencia_Registro",
                       "UtcTime":  "2026-06-08 03:08:16.316",
                       "ProcessGuid":  "{f9ed62ee-3220-6a26-ab16-000000009c00}",
                       "ProcessId":  "2920",
                       "Image":  "C:\\WINDOWS\\system32\\conhost.exe",
                       "User":  "DESKTOP-KCP6DQD\\nueva",
                       "EventType":  "SetValue",
                       "TargetObject":  "HKLM\\System\\CurrentControlSet\\Services\\bam\\State\\UserSettings\\S-1-5-21-158180708-2764993437-2666828097-1001\\\\Device\\HarddiskVolume4\\Windows\\System32\\conhost.exe",
                       "Details":  "Binary Data"
                   },
                   {
                       "EventID":  13,
                       "TimeCreated":  "2026-06-07T23:08:16.2433570-04:00",
                       "Computer":  "DESKTOP-KCP6DQD",
                       "Channel":  "Microsoft-Windows-Sysmon/Operational",
                       "RecordId":  35378,
                       "ProviderName":  "Microsoft-Windows-Sysmon",
                       "Severity":  "Low",
                       "MitreAttack":  "N/A",
                       "OwaspMapping":  "N/A",
                       "RuleName":  "Deteccion_Persistencia_Registro",
                       "UtcTime":  "2026-06-08 03:08:16.242",
                       "ProcessGuid":  "{f9ed62ee-3220-6a26-aa16-000000009c00}",
                       "ProcessId":  "4628",
                       "Image":  "C:\\Program Files\\Git\\cmd\\git.exe",
                       "User":  "DESKTOP-KCP6DQD\\nueva",
                       "EventType":  "SetValue",
                       "TargetObject":  "HKLM\\System\\CurrentControlSet\\Services\\bam\\State\\UserSettings\\S-1-5-21-158180708-2764993437-2666828097-1001\\\\Device\\HarddiskVolume4\\Windows\\System32\\conhost.exe",
                       "Details":  "Binary Data"
                   },
                   {
                       "EventID":  13,
                       "TimeCreated":  "2026-06-07T23:08:16.2396674-04:00",
                       "Computer":  "DESKTOP-KCP6DQD",
                       "Channel":  "Microsoft-Windows-Sysmon/Operational",
                       "RecordId":  35377,
                       "ProviderName":  "Microsoft-Windows-Sysmon",
                       "Severity":  "Low",
                       "MitreAttack":  "N/A",
                       "OwaspMapping":  "N/A",
                       "RuleName":  "Deteccion_Persistencia_Registro",
                       "UtcTime":  "2026-06-08 03:08:16.239",
                       "ProcessGuid":  "{f9ed62ee-3220-6a26-a916-000000009c00}",
                       "ProcessId":  "14824",
                       "Image":  "C:\\Program Files\\Git\\cmd\\git.exe",
                       "User":  "DESKTOP-KCP6DQD\\nueva",
                       "EventType":  "SetValue",
                       "TargetObject":  "HKLM\\System\\CurrentControlSet\\Services\\bam\\State\\UserSettings\\S-1-5-21-158180708-2764993437-2666828097-1001\\\\Device\\HarddiskVolume4\\Windows\\System32\\conhost.exe",
                       "Details":  "Binary Data"
                   },
                   {
                       "EventID":  12,
                       "TimeCreated":  "2026-06-07T23:08:15.8897388-04:00",
                       "Computer":  "DESKTOP-KCP6DQD",
                       "Channel":  "Microsoft-Windows-Sysmon/Operational",
                       "RecordId":  35376,
                       "ProviderName":  "Microsoft-Windows-Sysmon",
                       "Severity":  "High",
                       "MitreAttack":  "T1547.001",
                       "OwaspMapping":  "A08:2021-Software and Data Integrity Failures",
                       "RuleName":  "Persistence via Run/RunOnce Registry Keys",
                       "UtcTime":  "2026-06-08 03:08:15.889",
                       "ProcessGuid":  "{f9ed62ee-f06c-6a25-4401-000000009c00}",
                       "ProcessId":  "11680",
                       "Image":  "C:\\WINDOWS\\system32\\sihost.exe",
                       "User":  "DESKTOP-KCP6DQD\\nueva",
                       "EventType":  "CreateKey",
                       "TargetObject":  "HKLM\\SOFTWARE\\WOW6432Node\\Microsoft\\Windows\\CurrentVersion\\Run"
                   },
                   {
                       "EventID":  13,
                       "TimeCreated":  "2026-06-07T23:08:13.6978709-04:00",
                       "Computer":  "DESKTOP-KCP6DQD",
                       "Channel":  "Microsoft-Windows-Sysmon/Operational",
                       "RecordId":  35375,
                       "ProviderName":  "Microsoft-Windows-Sysmon",
                       "Severity":  "Low",
                       "MitreAttack":  "N/A",
                       "OwaspMapping":  "N/A",
                       "RuleName":  "Deteccion_Persistencia_Registro",
                       "UtcTime":  "2026-06-08 03:08:13.695",
                       "ProcessGuid":  "{f9ed62ee-f0b0-6a25-e701-000000009c00}",
                       "ProcessId":  "18792",
                       "Image":  "C:\\Program Files\\Google\\Chrome\\Application\\chrome.exe",
                       "User":  "DESKTOP-KCP6DQD\\nueva",
                       "EventType":  "SetValue",
                       "TargetObject":  "HKLM\\System\\CurrentControlSet\\Services\\bam\\State\\UserSettings\\S-1-5-21-158180708-2764993437-2666828097-1001\\\\Device\\HarddiskVolume4\\Program Files\\Google\\Chrome\\Application\\chrome.exe",
                       "Details":  "Binary Data"
                   },
                   {
                       "EventID":  13,
                       "TimeCreated":  "2026-06-07T23:08:11.1779713-04:00",
                       "Computer":  "DESKTOP-KCP6DQD",
                       "Channel":  "Microsoft-Windows-Sysmon/Operational",
                       "RecordId":  35374,
                       "ProviderName":  "Microsoft-Windows-Sysmon",
                       "Severity":  "Low",
                       "MitreAttack":  "N/A",
                       "OwaspMapping":  "N/A",
                       "RuleName":  "Deteccion_Persistencia_Registro",
                       "UtcTime":  "2026-06-08 03:08:11.177",
                       "ProcessGuid":  "{f9ed62ee-321b-6a26-a416-000000009c00}",
                       "ProcessId":  "12360",
                       "Image":  "C:\\WINDOWS\\system32\\conhost.exe",
                       "User":  "DESKTOP-KCP6DQD\\nueva",
                       "EventType":  "SetValue",
                       "TargetObject":  "HKLM\\System\\CurrentControlSet\\Services\\bam\\State\\UserSettings\\S-1-5-21-158180708-2764993437-2666828097-1001\\\\Device\\HarddiskVolume4\\Windows\\System32\\conhost.exe",
                       "Details":  "Binary Data"
                   },
                   {
                       "EventID":  13,
                       "TimeCreated":  "2026-06-07T23:08:11.1544048-04:00",
                       "Computer":  "DESKTOP-KCP6DQD",
                       "Channel":  "Microsoft-Windows-Sysmon/Operational",
                       "RecordId":  35373,
                       "ProviderName":  "Microsoft-Windows-Sysmon",
                       "Severity":  "Low",
                       "MitreAttack":  "N/A",
                       "OwaspMapping":  "N/A",
                       "RuleName":  "Deteccion_Persistencia_Registro",
                       "UtcTime":  "2026-06-08 03:08:11.154",
                       "ProcessGuid":  "{f9ed62ee-321b-6a26-a516-000000009c00}",
                       "ProcessId":  "14580",
                       "Image":  "C:\\WINDOWS\\system32\\conhost.exe",
                       "User":  "DESKTOP-KCP6DQD\\nueva",
                       "EventType":  "SetValue",
                       "TargetObject":  "HKLM\\System\\CurrentControlSet\\Services\\bam\\State\\UserSettings\\S-1-5-21-158180708-2764993437-2666828097-1001\\\\Device\\HarddiskVolume4\\Windows\\System32\\conhost.exe",
                       "Details":  "Binary Data"
                   },
                   {
                       "EventID":  13,
                       "TimeCreated":  "2026-06-07T23:08:11.0894164-04:00",
                       "Computer":  "DESKTOP-KCP6DQD",
                       "Channel":  "Microsoft-Windows-Sysmon/Operational",
                       "RecordId":  35372,
                       "ProviderName":  "Microsoft-Windows-Sysmon",
                       "Severity":  "Low",
                       "MitreAttack":  "N/A",
                       "OwaspMapping":  "N/A",
                       "RuleName":  "Deteccion_Persistencia_Registro",
                       "UtcTime":  "2026-06-08 03:08:11.089",
                       "ProcessGuid":  "{f9ed62ee-321b-6a26-a316-000000009c00}",
                       "ProcessId":  "17528",
                       "Image":  "C:\\Program Files\\Git\\cmd\\git.exe",
                       "User":  "DESKTOP-KCP6DQD\\nueva",
                       "EventType":  "SetValue",
                       "TargetObject":  "HKLM\\System\\CurrentControlSet\\Services\\bam\\State\\UserSettings\\S-1-5-21-158180708-2764993437-2666828097-1001\\\\Device\\HarddiskVolume4\\Windows\\System32\\conhost.exe",
                       "Details":  "Binary Data"
                   },
                   {
                       "EventID":  13,
                       "TimeCreated":  "2026-06-07T23:08:11.0826467-04:00",
                       "Computer":  "DESKTOP-KCP6DQD",
                       "Channel":  "Microsoft-Windows-Sysmon/Operational",
                       "RecordId":  35371,
                       "ProviderName":  "Microsoft-Windows-Sysmon",
                       "Severity":  "Low",
                       "MitreAttack":  "N/A",
                       "OwaspMapping":  "N/A",
                       "RuleName":  "Deteccion_Persistencia_Registro",
                       "UtcTime":  "2026-06-08 03:08:11.081",
                       "ProcessGuid":  "{f9ed62ee-321b-6a26-a216-000000009c00}",
                       "ProcessId":  "17516",
                       "Image":  "C:\\Program Files\\Git\\cmd\\git.exe",
                       "User":  "DESKTOP-KCP6DQD\\nueva",
                       "EventType":  "SetValue",
                       "TargetObject":  "HKLM\\System\\CurrentControlSet\\Services\\bam\\State\\UserSettings\\S-1-5-21-158180708-2764993437-2666828097-1001\\\\Device\\HarddiskVolume4\\Windows\\System32\\conhost.exe",
                       "Details":  "Binary Data"
                   },
                   {
                       "EventID":  13,
                       "TimeCreated":  "2026-06-07T23:08:11.0693477-04:00",
                       "Computer":  "DESKTOP-KCP6DQD",
                       "Channel":  "Microsoft-Windows-Sysmon/Operational",
                       "RecordId":  35370,
                       "ProviderName":  "Microsoft-Windows-Sysmon",
                       "Severity":  "Low",
                       "MitreAttack":  "N/A",
                       "OwaspMapping":  "N/A",
                       "RuleName":  "Deteccion_Persistencia_Registro",
                       "UtcTime":  "2026-06-08 03:08:11.068",
                       "ProcessGuid":  "{f9ed62ee-321a-6a26-9f16-000000009c00}",
                       "ProcessId":  "10252",
                       "Image":  "C:\\WINDOWS\\system32\\conhost.exe",
                       "User":  "DESKTOP-KCP6DQD\\nueva",
                       "EventType":  "SetValue",
                       "TargetObject":  "HKLM\\System\\CurrentControlSet\\Services\\bam\\State\\UserSettings\\S-1-5-21-158180708-2764993437-2666828097-1001\\\\Device\\HarddiskVolume4\\Windows\\System32\\conhost.exe",
                       "Details":  "Binary Data"
                   },
                   {
                       "EventID":  13,
                       "TimeCreated":  "2026-06-07T23:08:11.0674403-04:00",
                       "Computer":  "DESKTOP-KCP6DQD",
                       "Channel":  "Microsoft-Windows-Sysmon/Operational",
                       "RecordId":  35369,
                       "ProviderName":  "Microsoft-Windows-Sysmon",
                       "Severity":  "Low",
                       "MitreAttack":  "N/A",
                       "OwaspMapping":  "N/A",
                       "RuleName":  "Deteccion_Persistencia_Registro",
                       "UtcTime":  "2026-06-08 03:08:11.066",
                       "ProcessGuid":  "{f9ed62ee-321a-6a26-9e16-000000009c00}",
                       "ProcessId":  "15148",
                       "Image":  "C:\\WINDOWS\\system32\\conhost.exe",
                       "User":  "DESKTOP-KCP6DQD\\nueva",
                       "EventType":  "SetValue",
                       "TargetObject":  "HKLM\\System\\CurrentControlSet\\Services\\bam\\State\\UserSettings\\S-1-5-21-158180708-2764993437-2666828097-1001\\\\Device\\HarddiskVolume4\\Windows\\System32\\conhost.exe",
                       "Details":  "Binary Data"
                   },
                   {
                       "EventID":  13,
                       "TimeCreated":  "2026-06-07T23:08:10.9870386-04:00",
                       "Computer":  "DESKTOP-KCP6DQD",
                       "Channel":  "Microsoft-Windows-Sysmon/Operational",
                       "RecordId":  35368,
                       "ProviderName":  "Microsoft-Windows-Sysmon",
                       "Severity":  "Low",
                       "MitreAttack":  "N/A",
                       "OwaspMapping":  "N/A",
                       "RuleName":  "Deteccion_Persistencia_Registro",
                       "UtcTime":  "2026-06-08 03:08:10.986",
                       "ProcessGuid":  "{f9ed62ee-321a-6a26-9d16-000000009c00}",
                       "ProcessId":  "11896",
                       "Image":  "C:\\Program Files\\Git\\cmd\\git.exe",
                       "User":  "DESKTOP-KCP6DQD\\nueva",
                       "EventType":  "SetValue",
                       "TargetObject":  "HKLM\\System\\CurrentControlSet\\Services\\bam\\State\\UserSettings\\S-1-5-21-158180708-2764993437-2666828097-1001\\\\Device\\HarddiskVolume4\\Windows\\System32\\conhost.exe",
                       "Details":  "Binary Data"
                   },
                   {
                       "EventID":  13,
                       "TimeCreated":  "2026-06-07T23:08:10.9842634-04:00",
                       "Computer":  "DESKTOP-KCP6DQD",
                       "Channel":  "Microsoft-Windows-Sysmon/Operational",
                       "RecordId":  35367,
                       "ProviderName":  "Microsoft-Windows-Sysmon",
                       "Severity":  "Low",
                       "MitreAttack":  "N/A",
                       "OwaspMapping":  "N/A",
                       "RuleName":  "Deteccion_Persistencia_Registro",
                       "UtcTime":  "2026-06-08 03:08:10.983",
                       "ProcessGuid":  "{f9ed62ee-321a-6a26-9c16-000000009c00}",
                       "ProcessId":  "12896",
                       "Image":  "C:\\Program Files\\Git\\cmd\\git.exe",
                       "User":  "DESKTOP-KCP6DQD\\nueva",
                       "EventType":  "SetValue",
                       "TargetObject":  "HKLM\\System\\CurrentControlSet\\Services\\bam\\State\\UserSettings\\S-1-5-21-158180708-2764993437-2666828097-1001\\\\Device\\HarddiskVolume4\\Windows\\System32\\conhost.exe",
                       "Details":  "Binary Data"
                   },
                   {
                       "EventID":  12,
                       "TimeCreated":  "2026-06-07T23:08:05.8887947-04:00",
                       "Computer":  "DESKTOP-KCP6DQD",
                       "Channel":  "Microsoft-Windows-Sysmon/Operational",
                       "RecordId":  35366,
                       "ProviderName":  "Microsoft-Windows-Sysmon",
                       "Severity":  "High",
                       "MitreAttack":  "T1547.001",
                       "OwaspMapping":  "A08:2021-Software and Data Integrity Failures",
                       "RuleName":  "Persistence via Run/RunOnce Registry Keys",
                       "UtcTime":  "2026-06-08 03:08:05.888",
                       "ProcessGuid":  "{f9ed62ee-f06c-6a25-4401-000000009c00}",
                       "ProcessId":  "11680",
                       "Image":  "C:\\WINDOWS\\system32\\sihost.exe",
                       "User":  "DESKTOP-KCP6DQD\\nueva",
                       "EventType":  "CreateKey",
                       "TargetObject":  "HKLM\\SOFTWARE\\WOW6432Node\\Microsoft\\Windows\\CurrentVersion\\Run"
                   },
                   {
                       "EventID":  13,
                       "TimeCreated":  "2026-06-07T23:08:04.3769287-04:00",
                       "Computer":  "DESKTOP-KCP6DQD",
                       "Channel":  "Microsoft-Windows-Sysmon/Operational",
                       "RecordId":  35365,
                       "ProviderName":  "Microsoft-Windows-Sysmon",
                       "Severity":  "Low",
                       "MitreAttack":  "N/A",
                       "OwaspMapping":  "N/A",
                       "RuleName":  "Deteccion_Persistencia_Registro",
                       "UtcTime":  "2026-06-08 03:08:04.376",
                       "ProcessGuid":  "{f9ed62ee-3214-6a26-9516-000000009c00}",
                       "ProcessId":  "15628",
                       "Image":  "C:\\WINDOWS\\system32\\conhost.exe",
                       "User":  "DESKTOP-KCP6DQD\\nueva",
                       "EventType":  "SetValue",
                       "TargetObject":  "HKLM\\System\\CurrentControlSet\\Services\\bam\\State\\UserSettings\\S-1-5-21-158180708-2764993437-2666828097-1001\\\\Device\\HarddiskVolume4\\Windows\\System32\\conhost.exe",
                       "Details":  "Binary Data"
                   },
                   {
                       "EventID":  13,
                       "TimeCreated":  "2026-06-07T23:08:04.3579173-04:00",
                       "Computer":  "DESKTOP-KCP6DQD",
                       "Channel":  "Microsoft-Windows-Sysmon/Operational",
                       "RecordId":  35364,
                       "ProviderName":  "Microsoft-Windows-Sysmon",
                       "Severity":  "Low",
                       "MitreAttack":  "N/A",
                       "OwaspMapping":  "N/A",
                       "RuleName":  "Deteccion_Persistencia_Registro",
                       "UtcTime":  "2026-06-08 03:08:04.357",
                       "ProcessGuid":  "{f9ed62ee-3214-6a26-9716-000000009c00}",
                       "ProcessId":  "380",
                       "Image":  "C:\\WINDOWS\\system32\\conhost.exe",
                       "User":  "DESKTOP-KCP6DQD\\nueva",
                       "EventType":  "SetValue",
                       "TargetObject":  "HKLM\\System\\CurrentControlSet\\Services\\bam\\State\\UserSettings\\S-1-5-21-158180708-2764993437-2666828097-1001\\\\Device\\HarddiskVolume4\\Windows\\System32\\conhost.exe",
                       "Details":  "Binary Data"
                   },
                   {
                       "EventID":  13,
                       "TimeCreated":  "2026-06-07T23:08:04.2975048-04:00",
                       "Computer":  "DESKTOP-KCP6DQD",
                       "Channel":  "Microsoft-Windows-Sysmon/Operational",
                       "RecordId":  35363,
                       "ProviderName":  "Microsoft-Windows-Sysmon",
                       "Severity":  "Low",
                       "MitreAttack":  "N/A",
                       "OwaspMapping":  "N/A",
                       "RuleName":  "Deteccion_Persistencia_Registro",
                       "UtcTime":  "2026-06-08 03:08:04.296",
                       "ProcessGuid":  "{f9ed62ee-3214-6a26-9616-000000009c00}",
                       "ProcessId":  "18800",
                       "Image":  "C:\\Program Files\\Git\\cmd\\git.exe",
                       "User":  "DESKTOP-KCP6DQD\\nueva",
                       "EventType":  "SetValue",
                       "TargetObject":  "HKLM\\System\\CurrentControlSet\\Services\\bam\\State\\UserSettings\\S-1-5-21-158180708-2764993437-2666828097-1001\\\\Device\\HarddiskVolume4\\Windows\\System32\\conhost.exe",
                       "Details":  "Binary Data"
                   },
                   {
                       "EventID":  13,
                       "TimeCreated":  "2026-06-07T23:08:04.2915948-04:00",
                       "Computer":  "DESKTOP-KCP6DQD",
                       "Channel":  "Microsoft-Windows-Sysmon/Operational",
                       "RecordId":  35362,
                       "ProviderName":  "Microsoft-Windows-Sysmon",
                       "Severity":  "Low",
                       "MitreAttack":  "N/A",
                       "OwaspMapping":  "N/A",
                       "RuleName":  "Deteccion_Persistencia_Registro",
                       "UtcTime":  "2026-06-08 03:08:04.291",
                       "ProcessGuid":  "{f9ed62ee-3214-6a26-9416-000000009c00}",
                       "ProcessId":  "10600",
                       "Image":  "C:\\Program Files\\Git\\cmd\\git.exe",
                       "User":  "DESKTOP-KCP6DQD\\nueva",
                       "EventType":  "SetValue",
                       "TargetObject":  "HKLM\\System\\CurrentControlSet\\Services\\bam\\State\\UserSettings\\S-1-5-21-158180708-2764993437-2666828097-1001\\\\Device\\HarddiskVolume4\\Windows\\System32\\conhost.exe",
                       "Details":  "Binary Data"
                   },
                   {
                       "EventID":  13,
                       "TimeCreated":  "2026-06-07T23:08:04.2822376-04:00",
                       "Computer":  "DESKTOP-KCP6DQD",
                       "Channel":  "Microsoft-Windows-Sysmon/Operational",
                       "RecordId":  35361,
                       "ProviderName":  "Microsoft-Windows-Sysmon",
                       "Severity":  "Low",
                       "MitreAttack":  "N/A",
                       "OwaspMapping":  "N/A",
                       "RuleName":  "Deteccion_Persistencia_Registro",
                       "UtcTime":  "2026-06-08 03:08:04.281",
                       "ProcessGuid":  "{f9ed62ee-3214-6a26-9116-000000009c00}",
                       "ProcessId":  "11500",
                       "Image":  "C:\\WINDOWS\\system32\\conhost.exe",
                       "User":  "DESKTOP-KCP6DQD\\nueva",
                       "EventType":  "SetValue",
                       "TargetObject":  "HKLM\\System\\CurrentControlSet\\Services\\bam\\State\\UserSettings\\S-1-5-21-158180708-2764993437-2666828097-1001\\\\Device\\HarddiskVolume4\\Windows\\System32\\conhost.exe",
                       "Details":  "Binary Data"
                   },
                   {
                       "EventID":  13,
                       "TimeCreated":  "2026-06-07T23:08:04.2772798-04:00",
                       "Computer":  "DESKTOP-KCP6DQD",
                       "Channel":  "Microsoft-Windows-Sysmon/Operational",
                       "RecordId":  35360,
                       "ProviderName":  "Microsoft-Windows-Sysmon",
                       "Severity":  "Low",
                       "MitreAttack":  "N/A",
                       "OwaspMapping":  "N/A",
                       "RuleName":  "Deteccion_Persistencia_Registro",
                       "UtcTime":  "2026-06-08 03:08:04.276",
                       "ProcessGuid":  "{f9ed62ee-3214-6a26-9016-000000009c00}",
                       "ProcessId":  "13188",
                       "Image":  "C:\\WINDOWS\\system32\\conhost.exe",
                       "User":  "DESKTOP-KCP6DQD\\nueva",
                       "EventType":  "SetValue",
                       "TargetObject":  "HKLM\\System\\CurrentControlSet\\Services\\bam\\State\\UserSettings\\S-1-5-21-158180708-2764993437-2666828097-1001\\\\Device\\HarddiskVolume4\\Windows\\System32\\conhost.exe",
                       "Details":  "Binary Data"
                   },
                   {
                       "EventID":  13,
                       "TimeCreated":  "2026-06-07T23:08:04.2140355-04:00",
                       "Computer":  "DESKTOP-KCP6DQD",
                       "Channel":  "Microsoft-Windows-Sysmon/Operational",
                       "RecordId":  35359,
                       "ProviderName":  "Microsoft-Windows-Sysmon",
                       "Severity":  "Low",
                       "MitreAttack":  "N/A",
                       "OwaspMapping":  "N/A",
                       "RuleName":  "Deteccion_Persistencia_Registro",
                       "UtcTime":  "2026-06-08 03:08:04.213",
                       "ProcessGuid":  "{f9ed62ee-3214-6a26-8f16-000000009c00}",
                       "ProcessId":  "14844",
                       "Image":  "C:\\Program Files\\Git\\cmd\\git.exe",
                       "User":  "DESKTOP-KCP6DQD\\nueva",
                       "EventType":  "SetValue",
                       "TargetObject":  "HKLM\\System\\CurrentControlSet\\Services\\bam\\State\\UserSettings\\S-1-5-21-158180708-2764993437-2666828097-1001\\\\Device\\HarddiskVolume4\\Windows\\System32\\conhost.exe",
                       "Details":  "Binary Data"
                   },
                   {
                       "EventID":  13,
                       "TimeCreated":  "2026-06-07T23:08:04.2102729-04:00",
                       "Computer":  "DESKTOP-KCP6DQD",
                       "Channel":  "Microsoft-Windows-Sysmon/Operational",
                       "RecordId":  35358,
                       "ProviderName":  "Microsoft-Windows-Sysmon",
                       "Severity":  "Low",
                       "MitreAttack":  "N/A",
                       "OwaspMapping":  "N/A",
                       "RuleName":  "Deteccion_Persistencia_Registro",
                       "UtcTime":  "2026-06-08 03:08:04.210",
                       "ProcessGuid":  "{f9ed62ee-3214-6a26-8e16-000000009c00}",
                       "ProcessId":  "19972",
                       "Image":  "C:\\Program Files\\Git\\cmd\\git.exe",
                       "User":  "DESKTOP-KCP6DQD\\nueva",
                       "EventType":  "SetValue",
                       "TargetObject":  "HKLM\\System\\CurrentControlSet\\Services\\bam\\State\\UserSettings\\S-1-5-21-158180708-2764993437-2666828097-1001\\\\Device\\HarddiskVolume4\\Windows\\System32\\conhost.exe",
                       "Details":  "Binary Data"
                   },
                   {
                       "EventID":  13,
                       "TimeCreated":  "2026-06-07T23:08:02.0384093-04:00",
                       "Computer":  "DESKTOP-KCP6DQD",
                       "Channel":  "Microsoft-Windows-Sysmon/Operational",
                       "RecordId":  35357,
                       "ProviderName":  "Microsoft-Windows-Sysmon",
                       "Severity":  "Low",
                       "MitreAttack":  "N/A",
                       "OwaspMapping":  "N/A",
                       "RuleName":  "Deteccion_Persistencia_Registro",
                       "UtcTime":  "2026-06-08 03:08:02.035",
                       "ProcessGuid":  "{f9ed62ee-3211-6a26-8b16-000000009c00}",
                       "ProcessId":  "3956",
                       "Image":  "C:\\WINDOWS\\system32\\conhost.exe",
                       "User":  "DESKTOP-KCP6DQD\\nueva",
                       "EventType":  "SetValue",
                       "TargetObject":  "HKLM\\System\\CurrentControlSet\\Services\\bam\\State\\UserSettings\\S-1-5-21-158180708-2764993437-2666828097-1001\\\\Device\\HarddiskVolume4\\Windows\\System32\\conhost.exe",
                       "Details":  "Binary Data"
                   },
                   {
                       "EventID":  13,
                       "TimeCreated":  "2026-06-07T23:08:02.0356955-04:00",
                       "Computer":  "DESKTOP-KCP6DQD",
                       "Channel":  "Microsoft-Windows-Sysmon/Operational",
                       "RecordId":  35356,
                       "ProviderName":  "Microsoft-Windows-Sysmon",
                       "Severity":  "Low",
                       "MitreAttack":  "N/A",
                       "OwaspMapping":  "N/A",
                       "RuleName":  "Deteccion_Persistencia_Registro",
                       "UtcTime":  "2026-06-08 03:08:02.033",
                       "ProcessGuid":  "{f9ed62ee-3211-6a26-8a16-000000009c00}",
                       "ProcessId":  "4480",
                       "Image":  "C:\\WINDOWS\\system32\\cmd.exe",
                       "User":  "DESKTOP-KCP6DQD\\nueva",
                       "EventType":  "SetValue",
                       "TargetObject":  "HKLM\\System\\CurrentControlSet\\Services\\bam\\State\\UserSettings\\S-1-5-21-158180708-2764993437-2666828097-1001\\\\Device\\HarddiskVolume4\\Windows\\System32\\cmd.exe",
                       "Details":  "Binary Data"
                   },
                   {
                       "EventID":  5,
                       "TimeCreated":  "2026-06-07T23:08:02.0354680-04:00",
                       "Computer":  "DESKTOP-KCP6DQD",
                       "Channel":  "Microsoft-Windows-Sysmon/Operational",
                       "RecordId":  35355,
                       "ProviderName":  "Microsoft-Windows-Sysmon",
                       "Severity":  "Low",
                       "MitreAttack":  "N/A",
                       "OwaspMapping":  "N/A",
                       "RuleName":  "Deteccion_Cierre_Procesos",
                       "UtcTime":  "2026-06-08 03:08:02.033",
                       "ProcessGuid":  "{f9ed62ee-3211-6a26-8a16-000000009c00}",
                       "ProcessId":  "4480",
                       "Image":  "C:\\Windows\\System32\\cmd.exe",
                       "User":  "DESKTOP-KCP6DQD\\nueva"
                   },
                   {
                       "EventID":  13,
                       "TimeCreated":  "2026-06-07T23:08:01.9611741-04:00",
                       "Computer":  "DESKTOP-KCP6DQD",
                       "Channel":  "Microsoft-Windows-Sysmon/Operational",
                       "RecordId":  35354,
                       "ProviderName":  "Microsoft-Windows-Sysmon",
                       "Severity":  "Low",
                       "MitreAttack":  "N/A",
                       "OwaspMapping":  "N/A",
                       "RuleName":  "Deteccion_Persistencia_Registro",
                       "UtcTime":  "2026-06-08 03:08:01.959",
                       "ProcessGuid":  "{f9ed62ee-3211-6a26-8a16-000000009c00}",
                       "ProcessId":  "4480",
                       "Image":  "C:\\WINDOWS\\system32\\cmd.exe",
                       "User":  "DESKTOP-KCP6DQD\\nueva",
                       "EventType":  "SetValue",
                       "TargetObject":  "HKLM\\System\\CurrentControlSet\\Services\\bam\\State\\UserSettings\\S-1-5-21-158180708-2764993437-2666828097-1001\\\\Device\\HarddiskVolume4\\Windows\\System32\\conhost.exe",
                       "Details":  "Binary Data"
                   },
                   {
                       "EventID":  1,
                       "TimeCreated":  "2026-06-07T23:08:01.9551258-04:00",
                       "Computer":  "DESKTOP-KCP6DQD",
                       "Channel":  "Microsoft-Windows-Sysmon/Operational",
                       "RecordId":  35353,
                       "ProviderName":  "Microsoft-Windows-Sysmon",
                       "Severity":  "Low",
                       "MitreAttack":  "N/A",
                       "OwaspMapping":  "N/A",
                       "RuleName":  "Deteccion_Procesos_Alertas",
                       "UtcTime":  "2026-06-08 03:08:01.947",
                       "ProcessGuid":  "{f9ed62ee-3211-6a26-8a16-000000009c00}",
                       "ProcessId":  "4480",
                       "Image":  "C:\\Windows\\System32\\cmd.exe",
                       "CommandLine":  "C:\\WINDOWS\\system32\\cmd.exe /d /s /c \"git config --local --get remote.origin.url\"",
                       "CurrentDirectory":  "c:\\Asignacion-Sysmon\\tarea-parte2\\frontend\\",
                       "User":  "DESKTOP-KCP6DQD\\nueva",
                       "LogonGuid":  "{f9ed62ee-f06b-6a25-bee7-100000000000}",
                       "LogonId":  "0x10e7be",
                       "TerminalSessionId":  "1",
                       "IntegrityLevel":  "Medium",
                       "Hashes":  "MD5=77F0062F490BCC7023763A422E561945,SHA256=14CC8AB1DCF0D9F19E8FB82DEB547CF8C462C56A0E43F7ADDC02641AB3C81651",
                       "ParentProcessGuid":  "{f9ed62ee-320e-6a26-8816-000000009c00}",
                       "ParentProcessId":  "6804",
                       "ParentImage":  "C:\\Users\\nueva\\AppData\\Local\\nvm\\v22.11.0\\node.exe",
                       "ParentCommandLine":  "C:\\nvm4w\\nodejs\\node.exe c:\\Asignacion-Sysmon\\tarea-parte2\\frontend\\node_modules\\next\\dist\\server\\lib\\start-server.js",
                       "ParentUser":  "DESKTOP-KCP6DQD\\nueva"
                   },
                   {
                       "EventID":  13,
                       "TimeCreated":  "2026-06-07T23:08:01.9543249-04:00",
                       "Computer":  "DESKTOP-KCP6DQD",
                       "Channel":  "Microsoft-Windows-Sysmon/Operational",
                       "RecordId":  35352,
                       "ProviderName":  "Microsoft-Windows-Sysmon",
                       "Severity":  "Low",
                       "MitreAttack":  "N/A",
                       "OwaspMapping":  "N/A",
                       "RuleName":  "Deteccion_Persistencia_Registro",
                       "UtcTime":  "2026-06-08 03:08:01.943",
                       "ProcessGuid":  "{f9ed62ee-320e-6a26-8816-000000009c00}",
                       "ProcessId":  "6804",
                       "Image":  "C:\\nvm4w\\nodejs\\node.exe",
                       "User":  "DESKTOP-KCP6DQD\\nueva",
                       "EventType":  "SetValue",
                       "TargetObject":  "HKLM\\System\\CurrentControlSet\\Services\\bam\\State\\UserSettings\\S-1-5-21-158180708-2764993437-2666828097-1001\\\\Device\\HarddiskVolume4\\Windows\\System32\\cmd.exe",
                       "Details":  "Binary Data"
                   },
                   {
                       "EventID":  12,
                       "TimeCreated":  "2026-06-07T23:08:00.3198925-04:00",
                       "Computer":  "DESKTOP-KCP6DQD",
                       "Channel":  "Microsoft-Windows-Sysmon/Operational",
                       "RecordId":  35351,
                       "ProviderName":  "Microsoft-Windows-Sysmon",
                       "Severity":  "Low",
                       "MitreAttack":  "N/A",
                       "OwaspMapping":  "N/A",
                       "RuleName":  "Deteccion_Persistencia_Registro",
                       "UtcTime":  "2026-06-08 03:08:00.318",
                       "ProcessGuid":  "{f9ed62ee-f03f-6a25-2f00-000000009c00}",
                       "ProcessId":  "2780",
                       "Image":  "C:\\WINDOWS\\system32\\svchost.exe",
                       "User":  "NT AUTHORITY\\Servicio de red",
                       "EventType":  "CreateKey",
                       "TargetObject":  "HKLM\\System\\CurrentControlSet\\Services\\Tcpip\\Parameters"
                   },
                   {
                       "EventID":  12,
                       "TimeCreated":  "2026-06-07T23:08:00.3190530-04:00",
                       "Computer":  "DESKTOP-KCP6DQD",
                       "Channel":  "Microsoft-Windows-Sysmon/Operational",
                       "RecordId":  35350,
                       "ProviderName":  "Microsoft-Windows-Sysmon",
                       "Severity":  "Low",
                       "MitreAttack":  "N/A",
                       "OwaspMapping":  "N/A",
                       "RuleName":  "Deteccion_Persistencia_Registro",
                       "UtcTime":  "2026-06-08 03:08:00.318",
                       "ProcessGuid":  "{f9ed62ee-320e-6a26-8816-000000009c00}",
                       "ProcessId":  "6804",
                       "Image":  "C:\\nvm4w\\nodejs\\node.exe",
                       "User":  "DESKTOP-KCP6DQD\\nueva",
                       "EventType":  "CreateKey",
                       "TargetObject":  "HKLM\\System\\CurrentControlSet\\Services\\Tcpip\\Parameters"
                   },
                   {
                       "EventID":  12,
                       "TimeCreated":  "2026-06-07T23:08:00.3189688-04:00",
                       "Computer":  "DESKTOP-KCP6DQD",
                       "Channel":  "Microsoft-Windows-Sysmon/Operational",
                       "RecordId":  35349,
                       "ProviderName":  "Microsoft-Windows-Sysmon",
                       "Severity":  "Low",
                       "MitreAttack":  "N/A",
                       "OwaspMapping":  "N/A",
                       "RuleName":  "Deteccion_Persistencia_Registro",
                       "UtcTime":  "2026-06-08 03:08:00.318",
                       "ProcessGuid":  "{f9ed62ee-320e-6a26-8816-000000009c00}",
                       "ProcessId":  "6804",
                       "Image":  "C:\\nvm4w\\nodejs\\node.exe",
                       "User":  "DESKTOP-KCP6DQD\\nueva",
                       "EventType":  "CreateKey",
                       "TargetObject":  "HKLM\\System\\CurrentControlSet\\Services\\Tcpip\\Parameters"
                   },
                   {
                       "EventID":  12,
                       "TimeCreated":  "2026-06-07T23:08:00.3188830-04:00",
                       "Computer":  "DESKTOP-KCP6DQD",
                       "Channel":  "Microsoft-Windows-Sysmon/Operational",
                       "RecordId":  35348,
                       "ProviderName":  "Microsoft-Windows-Sysmon",
                       "Severity":  "Low",
                       "MitreAttack":  "N/A",
                       "OwaspMapping":  "N/A",
                       "RuleName":  "Deteccion_Persistencia_Registro",
                       "UtcTime":  "2026-06-08 03:08:00.318",
                       "ProcessGuid":  "{f9ed62ee-320e-6a26-8816-000000009c00}",
                       "ProcessId":  "6804",
                       "Image":  "C:\\nvm4w\\nodejs\\node.exe",
                       "User":  "DESKTOP-KCP6DQD\\nueva",
                       "EventType":  "CreateKey",
                       "TargetObject":  "HKLM\\System\\CurrentControlSet\\Services\\Tcpip\\Parameters"
                   },
                   {
                       "EventID":  12,
                       "TimeCreated":  "2026-06-07T23:08:00.3188331-04:00",
                       "Computer":  "DESKTOP-KCP6DQD",
                       "Channel":  "Microsoft-Windows-Sysmon/Operational",
                       "RecordId":  35347,
                       "ProviderName":  "Microsoft-Windows-Sysmon",
                       "Severity":  "Low",
                       "MitreAttack":  "N/A",
                       "OwaspMapping":  "N/A",
                       "RuleName":  "Deteccion_Persistencia_Registro",
                       "UtcTime":  "2026-06-08 03:08:00.318",
                       "ProcessGuid":  "{f9ed62ee-320e-6a26-8816-000000009c00}",
                       "ProcessId":  "6804",
                       "Image":  "C:\\nvm4w\\nodejs\\node.exe",
                       "User":  "DESKTOP-KCP6DQD\\nueva",
                       "EventType":  "CreateKey",
                       "TargetObject":  "HKLM\\System\\CurrentControlSet\\Services\\Tcpip\\Parameters"
                   },
                   {
                       "EventID":  12,
                       "TimeCreated":  "2026-06-07T23:07:59.9870347-04:00",
                       "Computer":  "DESKTOP-KCP6DQD",
                       "Channel":  "Microsoft-Windows-Sysmon/Operational",
                       "RecordId":  35346,
                       "ProviderName":  "Microsoft-Windows-Sysmon",
                       "Severity":  "Low",
                       "MitreAttack":  "N/A",
                       "OwaspMapping":  "N/A",
                       "RuleName":  "Deteccion_Persistencia_Registro",
                       "UtcTime":  "2026-06-08 03:07:59.981",
                       "ProcessGuid":  "{f9ed62ee-320e-6a26-8816-000000009c00}",
                       "ProcessId":  "6804",
                       "Image":  "C:\\nvm4w\\nodejs\\node.exe",
                       "User":  "DESKTOP-KCP6DQD\\nueva",
                       "EventType":  "CreateKey",
                       "TargetObject":  "HKLM\\System\\CurrentControlSet\\Services\\Tcpip\\Parameters"
                   },
                   {
                       "EventID":  12,
                       "TimeCreated":  "2026-06-07T23:07:59.9856103-04:00",
                       "Computer":  "DESKTOP-KCP6DQD",
                       "Channel":  "Microsoft-Windows-Sysmon/Operational",
                       "RecordId":  35345,
                       "ProviderName":  "Microsoft-Windows-Sysmon",
                       "Severity":  "Low",
                       "MitreAttack":  "N/A",
                       "OwaspMapping":  "N/A",
                       "RuleName":  "Deteccion_Persistencia_Registro",
                       "UtcTime":  "2026-06-08 03:07:59.981",
                       "ProcessGuid":  "{f9ed62ee-320e-6a26-8816-000000009c00}",
                       "ProcessId":  "6804",
                       "Image":  "C:\\nvm4w\\nodejs\\node.exe",
                       "User":  "DESKTOP-KCP6DQD\\nueva",
                       "EventType":  "CreateKey",
                       "TargetObject":  "HKLM\\System\\CurrentControlSet\\Services\\Tcpip\\Parameters"
                   },
                   {
                       "EventID":  12,
                       "TimeCreated":  "2026-06-07T23:07:59.9854880-04:00",
                       "Computer":  "DESKTOP-KCP6DQD",
                       "Channel":  "Microsoft-Windows-Sysmon/Operational",
                       "RecordId":  35344,
                       "ProviderName":  "Microsoft-Windows-Sysmon",
                       "Severity":  "Low",
                       "MitreAttack":  "N/A",
                       "OwaspMapping":  "N/A",
                       "RuleName":  "Deteccion_Persistencia_Registro",
                       "UtcTime":  "2026-06-08 03:07:59.981",
                       "ProcessGuid":  "{f9ed62ee-320e-6a26-8816-000000009c00}",
                       "ProcessId":  "6804",
                       "Image":  "C:\\nvm4w\\nodejs\\node.exe",
                       "User":  "DESKTOP-KCP6DQD\\nueva",
                       "EventType":  "CreateKey",
                       "TargetObject":  "HKLM\\System\\CurrentControlSet\\Services\\Tcpip\\Parameters"
                   },
                   {
                       "EventID":  12,
                       "TimeCreated":  "2026-06-07T23:07:59.9854429-04:00",
                       "Computer":  "DESKTOP-KCP6DQD",
                       "Channel":  "Microsoft-Windows-Sysmon/Operational",
                       "RecordId":  35343,
                       "ProviderName":  "Microsoft-Windows-Sysmon",
                       "Severity":  "Low",
                       "MitreAttack":  "N/A",
                       "OwaspMapping":  "N/A",
                       "RuleName":  "Deteccion_Persistencia_Registro",
                       "UtcTime":  "2026-06-08 03:07:59.981",
                       "ProcessGuid":  "{f9ed62ee-320e-6a26-8816-000000009c00}",
                       "ProcessId":  "6804",
                       "Image":  "C:\\nvm4w\\nodejs\\node.exe",
                       "User":  "DESKTOP-KCP6DQD\\nueva",
                       "EventType":  "CreateKey",
                       "TargetObject":  "HKLM\\System\\CurrentControlSet\\Services\\Tcpip\\Parameters"
                   },
                   {
                       "EventID":  13,
                       "TimeCreated":  "2026-06-07T23:07:59.1231845-04:00",
                       "Computer":  "DESKTOP-KCP6DQD",
                       "Channel":  "Microsoft-Windows-Sysmon/Operational",
                       "RecordId":  35342,
                       "ProviderName":  "Microsoft-Windows-Sysmon",
                       "Severity":  "Low",
                       "MitreAttack":  "N/A",
                       "OwaspMapping":  "N/A",
                       "RuleName":  "Deteccion_Persistencia_Registro",
                       "UtcTime":  "2026-06-08 03:07:59.109",
                       "ProcessGuid":  "{f9ed62ee-f0b0-6a25-e701-000000009c00}",
                       "ProcessId":  "18792",
                       "Image":  "C:\\Program Files\\Google\\Chrome\\Application\\chrome.exe",
                       "User":  "DESKTOP-KCP6DQD\\nueva",
                       "EventType":  "SetValue",
                       "TargetObject":  "HKLM\\System\\CurrentControlSet\\Services\\bam\\State\\UserSettings\\S-1-5-21-158180708-2764993437-2666828097-1001\\\\Device\\HarddiskVolume4\\Program Files\\Google\\Chrome\\Application\\chrome.exe",
                       "Details":  "Binary Data"
                   },
                   {
                       "EventID":  1,
                       "TimeCreated":  "2026-06-07T23:07:58.4962556-04:00",
                       "Computer":  "DESKTOP-KCP6DQD",
                       "Channel":  "Microsoft-Windows-Sysmon/Operational",
                       "RecordId":  35341,
                       "ProviderName":  "Microsoft-Windows-Sysmon",
                       "Severity":  "Low",
                       "MitreAttack":  "N/A",
                       "OwaspMapping":  "N/A",
                       "RuleName":  "Deteccion_Procesos_Alertas",
                       "UtcTime":  "2026-06-08 03:07:58.489",
                       "ProcessGuid":  "{f9ed62ee-320e-6a26-8616-000000009c00}",
                       "ProcessId":  "18412",
                       "Image":  "C:\\Windows\\System32\\cmd.exe",
                       "CommandLine":  "C:\\WINDOWS\\system32\\cmd.exe /d /s /c next dev",
                       "CurrentDirectory":  "c:\\Asignacion-Sysmon\\tarea-parte2\\frontend\\",
                       "User":  "DESKTOP-KCP6DQD\\nueva",
                       "LogonGuid":  "{f9ed62ee-f06b-6a25-bee7-100000000000}",
                       "LogonId":  "0x10e7be",
                       "TerminalSessionId":  "1",
                       "IntegrityLevel":  "Medium",
                       "Hashes":  "MD5=77F0062F490BCC7023763A422E561945,SHA256=14CC8AB1DCF0D9F19E8FB82DEB547CF8C462C56A0E43F7ADDC02641AB3C81651",
                       "ParentProcessGuid":  "{f9ed62ee-320e-6a26-8516-000000009c00}",
                       "ParentProcessId":  "2516",
                       "ParentImage":  "C:\\Users\\nueva\\AppData\\Local\\nvm\\v22.11.0\\node.exe",
                       "ParentCommandLine":  "\"C:\\nvm4w\\nodejs\\\\node.exe\"  \"C:\\nvm4w\\nodejs\\node_modules\\npm\\bin\\npm-cli.js\" run dev",
                       "ParentUser":  "DESKTOP-KCP6DQD\\nueva"
                   },
                   {
                       "EventID":  13,
                       "TimeCreated":  "2026-06-07T23:07:58.4950346-04:00",
                       "Computer":  "DESKTOP-KCP6DQD",
                       "Channel":  "Microsoft-Windows-Sysmon/Operational",
                       "RecordId":  35340,
                       "ProviderName":  "Microsoft-Windows-Sysmon",
                       "Severity":  "Low",
                       "MitreAttack":  "N/A",
                       "OwaspMapping":  "N/A",
                       "RuleName":  "Deteccion_Persistencia_Registro",
                       "UtcTime":  "2026-06-08 03:07:58.494",
                       "ProcessGuid":  "{f9ed62ee-320e-6a26-8516-000000009c00}",
                       "ProcessId":  "2516",
                       "Image":  "C:\\nvm4w\\nodejs\\node.exe",
                       "User":  "DESKTOP-KCP6DQD\\nueva",
                       "EventType":  "SetValue",
                       "TargetObject":  "HKLM\\System\\CurrentControlSet\\Services\\bam\\State\\UserSettings\\S-1-5-21-158180708-2764993437-2666828097-1001\\\\Device\\HarddiskVolume4\\Windows\\System32\\cmd.exe",
                       "Details":  "Binary Data"
                   },
